#
# A fatal error has been detected by the Java Runtime Environment:
#
#  SIGSEGV (0xb) at pc=0x00007fea0c5384a6, pid=22213, tid=22449
#
# JRE version: OpenJDK Runtime Environment (11.0+24) (build 11+24-Ubuntu-118.04)
# Java VM: OpenJDK 64-Bit Server VM (11+24-Ubuntu-118.04, mixed mode, sharing, tiered, compressed oops, g1 gc, linux-amd64)
# Problematic frame:
# C  [librocksdbjni9581981371471837709.so+0x2d44a6]  rocksdb_get_helper(JNIEnv_*, rocksdb::DB*, rocksdb::ReadOptions const&, rocksdb::ColumnFamilyHandle*, _jbyteArray*, int, int)+0x2d6
#
# Core dump will be written. Default location: Core dumps may be processed with "/usr/share/apport/apport %p %s %c %d %P" (or dumping to /home/lap11852/Desktop/LetChat/core.22213)
#
# If you would like to submit a bug report, please visit:
#   http://bugreport.java.com/bugreport/crash.jsp
# The crash happened outside the Java Virtual Machine in native code.
# See problematic frame for where to report the bug.
#

---------------  S U M M A R Y ------------

Command Line: -javaagent:/home/lap11852/Downloads/ideaIC-2018.2.1/idea-IC-182.3911.36/lib/idea_rt.jar=43473:/home/lap11852/Downloads/ideaIC-2018.2.1/idea-IC-182.3911.36/bin -Dfile.encoding=UTF-8 server.NettyServer

Host: Intel(R) Core(TM) i5-8250U CPU @ 1.60GHz, 8 cores, 15G, Ubuntu 18.04.1 LTS
Time: Tue Sep 11 11:14:23 2018 +07 elapsed time: 66 seconds (0d 0h 1m 6s)

---------------  T H R E A D  ---------------

Current thread (0x00007fe9d000e800):  JavaThread "nioEventLoopGroup-3-2" [_thread_in_native, id=22449, stack(0x00007fea0c163000,0x00007fea0c264000)]

Stack: [0x00007fea0c163000,0x00007fea0c264000],  sp=0x00007fea0c261750,  free space=1017k
Native frames: (J=compiled Java code, A=aot compiled Java code, j=interpreted, Vv=VM code, C=native code)
C  [librocksdbjni9581981371471837709.so+0x2d44a6]  rocksdb_get_helper(JNIEnv_*, rocksdb::DB*, rocksdb::ReadOptions const&, rocksdb::ColumnFamilyHandle*, _jbyteArray*, int, int)+0x2d6
C  [librocksdbjni9581981371471837709.so+0x2d4684]  Java_org_rocksdb_RocksDB_get__J_3BII+0x54
j  org.rocksdb.RocksDB.get(J[BII)[B+0
j  org.rocksdb.RocksDB.get([B)[B+9
j  Storage.RocksDBStorage.contains(Ljava/lang/String;)Z+12
j  server.ServerHandler.processLogin(Lletchat/proto/LetChatProtos$Request;Lio/netty/channel/ChannelHandlerContext;)V+42
j  server.ServerHandler.channelRead0(Lio/netty/channel/ChannelHandlerContext;Lletchat/proto/LetChatProtos$Request;)V+123
j  server.ServerHandler.channelRead0(Lio/netty/channel/ChannelHandlerContext;Ljava/lang/Object;)V+6
j  io.netty.channel.SimpleChannelInboundHandler.channelRead(Lio/netty/channel/ChannelHandlerContext;Ljava/lang/Object;)V+17
j  io.netty.channel.AbstractChannelHandlerContext.invokeChannelRead(Ljava/lang/Object;)V+16
j  io.netty.channel.AbstractChannelHandlerContext.invokeChannelRead(Lio/netty/channel/AbstractChannelHandlerContext;Ljava/lang/Object;)V+31
j  io.netty.channel.AbstractChannelHandlerContext.fireChannelRead(Ljava/lang/Object;)Lio/netty/channel/ChannelHandlerContext;+5
j  io.netty.handler.codec.MessageToMessageDecoder.channelRead(Lio/netty/channel/ChannelHandlerContext;Ljava/lang/Object;)V+75
j  io.netty.channel.AbstractChannelHandlerContext.invokeChannelRead(Ljava/lang/Object;)V+16
j  io.netty.channel.AbstractChannelHandlerContext.invokeChannelRead(Lio/netty/channel/AbstractChannelHandlerContext;Ljava/lang/Object;)V+31
j  io.netty.channel.AbstractChannelHandlerContext.fireChannelRead(Ljava/lang/Object;)Lio/netty/channel/ChannelHandlerContext;+5
j  io.netty.handler.codec.MessageToMessageDecoder.channelRead(Lio/netty/channel/ChannelHandlerContext;Ljava/lang/Object;)V+75
j  io.netty.channel.AbstractChannelHandlerContext.invokeChannelRead(Ljava/lang/Object;)V+16
j  io.netty.channel.AbstractChannelHandlerContext.invokeChannelRead(Lio/netty/channel/AbstractChannelHandlerContext;Ljava/lang/Object;)V+31
j  io.netty.channel.AbstractChannelHandlerContext.fireChannelRead(Ljava/lang/Object;)Lio/netty/channel/ChannelHandlerContext;+5
j  io.netty.handler.codec.ByteToMessageDecoder.fireChannelRead(Lio/netty/channel/ChannelHandlerContext;Lio/netty/handler/codec/CodecOutputList;I)V+13
j  io.netty.handler.codec.ByteToMessageDecoder.channelRead(Lio/netty/channel/ChannelHandlerContext;Ljava/lang/Object;)V+175
j  io.netty.channel.AbstractChannelHandlerContext.invokeChannelRead(Ljava/lang/Object;)V+16
j  io.netty.channel.AbstractChannelHandlerContext.invokeChannelRead(Lio/netty/channel/AbstractChannelHandlerContext;Ljava/lang/Object;)V+31
j  io.netty.channel.AbstractChannelHandlerContext.fireChannelRead(Ljava/lang/Object;)Lio/netty/channel/ChannelHandlerContext;+5
j  io.netty.channel.DefaultChannelPipeline$HeadContext.channelRead(Lio/netty/channel/ChannelHandlerContext;Ljava/lang/Object;)V+2
j  io.netty.channel.AbstractChannelHandlerContext.invokeChannelRead(Ljava/lang/Object;)V+16
j  io.netty.channel.AbstractChannelHandlerContext.invokeChannelRead(Lio/netty/channel/AbstractChannelHandlerContext;Ljava/lang/Object;)V+31
j  io.netty.channel.DefaultChannelPipeline.fireChannelRead(Ljava/lang/Object;)Lio/netty/channel/ChannelPipeline;+5
j  io.netty.channel.nio.AbstractNioByteChannel$NioByteUnsafe.read()V+159
j  io.netty.channel.nio.NioEventLoop.processSelectedKey(Ljava/nio/channels/SelectionKey;Lio/netty/channel/nio/AbstractNioChannel;)V+119
j  io.netty.channel.nio.NioEventLoop.processSelectedKeysPlain(Ljava/util/Set;)V+54
j  io.netty.channel.nio.NioEventLoop.processSelectedKeys()V+22
j  io.netty.channel.nio.NioEventLoop.run()V+126
j  io.netty.util.concurrent.SingleThreadEventExecutor$5.run()V+44
j  io.netty.util.concurrent.FastThreadLocalRunnable.run()V+4
j  java.lang.Thread.run()V+11 java.base@11
v  ~StubRoutines::call_stub
V  [libjvm.so+0x86e0e9]
V  [libjvm.so+0x86c23d]
V  [libjvm.so+0x9141fc]
V  [libjvm.so+0xdb54a3]
V  [libjvm.so+0xdb5785]
V  [libjvm.so+0xbf9910]

Java frames: (J=compiled Java code, j=interpreted, Vv=VM code)
j  org.rocksdb.RocksDB.get(J[BII)[B+0
j  org.rocksdb.RocksDB.get([B)[B+9
j  Storage.RocksDBStorage.contains(Ljava/lang/String;)Z+12
j  server.ServerHandler.processLogin(Lletchat/proto/LetChatProtos$Request;Lio/netty/channel/ChannelHandlerContext;)V+42
j  server.ServerHandler.channelRead0(Lio/netty/channel/ChannelHandlerContext;Lletchat/proto/LetChatProtos$Request;)V+123
j  server.ServerHandler.channelRead0(Lio/netty/channel/ChannelHandlerContext;Ljava/lang/Object;)V+6
j  io.netty.channel.SimpleChannelInboundHandler.channelRead(Lio/netty/channel/ChannelHandlerContext;Ljava/lang/Object;)V+17
j  io.netty.channel.AbstractChannelHandlerContext.invokeChannelRead(Ljava/lang/Object;)V+16
j  io.netty.channel.AbstractChannelHandlerContext.invokeChannelRead(Lio/netty/channel/AbstractChannelHandlerContext;Ljava/lang/Object;)V+31
j  io.netty.channel.AbstractChannelHandlerContext.fireChannelRead(Ljava/lang/Object;)Lio/netty/channel/ChannelHandlerContext;+5
j  io.netty.handler.codec.MessageToMessageDecoder.channelRead(Lio/netty/channel/ChannelHandlerContext;Ljava/lang/Object;)V+75
j  io.netty.channel.AbstractChannelHandlerContext.invokeChannelRead(Ljava/lang/Object;)V+16
j  io.netty.channel.AbstractChannelHandlerContext.invokeChannelRead(Lio/netty/channel/AbstractChannelHandlerContext;Ljava/lang/Object;)V+31
j  io.netty.channel.AbstractChannelHandlerContext.fireChannelRead(Ljava/lang/Object;)Lio/netty/channel/ChannelHandlerContext;+5
j  io.netty.handler.codec.MessageToMessageDecoder.channelRead(Lio/netty/channel/ChannelHandlerContext;Ljava/lang/Object;)V+75
j  io.netty.channel.AbstractChannelHandlerContext.invokeChannelRead(Ljava/lang/Object;)V+16
j  io.netty.channel.AbstractChannelHandlerContext.invokeChannelRead(Lio/netty/channel/AbstractChannelHandlerContext;Ljava/lang/Object;)V+31
j  io.netty.channel.AbstractChannelHandlerContext.fireChannelRead(Ljava/lang/Object;)Lio/netty/channel/ChannelHandlerContext;+5
j  io.netty.handler.codec.ByteToMessageDecoder.fireChannelRead(Lio/netty/channel/ChannelHandlerContext;Lio/netty/handler/codec/CodecOutputList;I)V+13
j  io.netty.handler.codec.ByteToMessageDecoder.channelRead(Lio/netty/channel/ChannelHandlerContext;Ljava/lang/Object;)V+175
j  io.netty.channel.AbstractChannelHandlerContext.invokeChannelRead(Ljava/lang/Object;)V+16
j  io.netty.channel.AbstractChannelHandlerContext.invokeChannelRead(Lio/netty/channel/AbstractChannelHandlerContext;Ljava/lang/Object;)V+31
j  io.netty.channel.AbstractChannelHandlerContext.fireChannelRead(Ljava/lang/Object;)Lio/netty/channel/ChannelHandlerContext;+5
j  io.netty.channel.DefaultChannelPipeline$HeadContext.channelRead(Lio/netty/channel/ChannelHandlerContext;Ljava/lang/Object;)V+2
j  io.netty.channel.AbstractChannelHandlerContext.invokeChannelRead(Ljava/lang/Object;)V+16
j  io.netty.channel.AbstractChannelHandlerContext.invokeChannelRead(Lio/netty/channel/AbstractChannelHandlerContext;Ljava/lang/Object;)V+31
j  io.netty.channel.DefaultChannelPipeline.fireChannelRead(Ljava/lang/Object;)Lio/netty/channel/ChannelPipeline;+5
j  io.netty.channel.nio.AbstractNioByteChannel$NioByteUnsafe.read()V+159
j  io.netty.channel.nio.NioEventLoop.processSelectedKey(Ljava/nio/channels/SelectionKey;Lio/netty/channel/nio/AbstractNioChannel;)V+119
j  io.netty.channel.nio.NioEventLoop.processSelectedKeysPlain(Ljava/util/Set;)V+54
j  io.netty.channel.nio.NioEventLoop.processSelectedKeys()V+22
j  io.netty.channel.nio.NioEventLoop.run()V+126
j  io.netty.util.concurrent.SingleThreadEventExecutor$5.run()V+44
j  io.netty.util.concurrent.FastThreadLocalRunnable.run()V+4
j  java.lang.Thread.run()V+11 java.base@11
v  ~StubRoutines::call_stub

siginfo: si_signo: 11 (SIGSEGV), si_code: 128 (SI_KERNEL), si_addr: 0x0000000000000000

Register to memory mapping:

RAX=0x00007fe9e0438390 points into unknown readable memory
RBX=0x00007fe9d000eb40 points into unknown readable memory
RCX=0x00007fea0c2617b0 is pointing into the stack for thread: 0x00007fe9d000e800
RDX=0x00007fea0c261840 is pointing into the stack for thread: 0x00007fe9d000e800
RSP=0x00007fea0c261750 is pointing into the stack for thread: 0x00007fe9d000e800
RBP=0x00007fea0c261820 is pointing into the stack for thread: 0x00007fe9d000e800
RSI=0x00007fe9e0434c30 points into unknown readable memory
RDI=0x00007fea0c2617e0 is pointing into the stack for thread: 0x00007fe9d000e800
R8 =0x00007fea0c261780 is pointing into the stack for thread: 0x00007fe9d000e800
R9 =0x0 is NULL
R10=0x00007fe9b80008d0 points into unknown readable memory
R11=0x0 is NULL
R12=0x00007fe9b8000f30 points into unknown readable memory
R13=0x00007fe9e0434c30 points into unknown readable memory
R14=0x00007fea0c2617e0 is pointing into the stack for thread: 0x00007fe9d000e800
R15=0x00007fea0c261780 is pointing into the stack for thread: 0x00007fe9d000e800


Registers:
RAX=0x00007fe9e0438390, RBX=0x00007fe9d000eb40, RCX=0x00007fea0c2617b0, RDX=0x00007fea0c261840
RSP=0x00007fea0c261750, RBP=0x00007fea0c261820, RSI=0x00007fe9e0434c30, RDI=0x00007fea0c2617e0
R8 =0x00007fea0c261780, R9 =0x0000000000000000, R10=0x00007fe9b80008d0, R11=0x0000000000000000
R12=0x00007fe9b8000f30, R13=0x00007fe9e0434c30, R14=0x00007fea0c2617e0, R15=0x00007fea0c261780
RIP=0x00007fea0c5384a6, EFLAGS=0x0000000000010246, CSGSFS=0x002b000000000033, ERR=0x0000000000000000
  TRAPNO=0x000000000000000d

Top of Stack: (sp=0x00007fea0c261750)
0x00007fea0c261750:   00007fea0c261750 00007fea0c261840
0x00007fea0c261760:   00007fea0c261988 000000000029fc60
0x00007fea0c261770:   0000000000000000 00000007bfe22c38
0x00007fea0c261780:   00007fea40df4d78 0000000000000000 

Instructions: (pc=0x00007fea0c5384a6)
0x00007fea0c538486:   8d 60 ff ff ff 4c 8d 75 c0 48 8b 95 38 ff ff ff
0x00007fea0c538496:   4c 89 ee 49 89 c8 49 89 cf 4c 89 f7 48 8d 4d 90
0x00007fea0c5384a6:   ff 90 a8 00 00 00 8b 45 c0 48 8b 7d a8 c7 45 c0
0x00007fea0c5384b6:   00 00 00 00 89 45 a0 8b 45 c4 48 85 ff c7 45 c4 


---------------  P R O C E S S  ---------------

Threads class SMR info:
_java_thread_list=0x00007fe9d0009a80, length=13, elements={
0x00007fea3c013000, 0x00007fea3c22a800, 0x00007fea3c234800, 0x00007fea3c23b000,
0x00007fea3c23d000, 0x00007fea3c23f000, 0x00007fea3c241000, 0x00007fea3c24f800,
0x00007fea3c316800, 0x00007fea3c319000, 0x00007fea3c577800, 0x00007fe9d0008800,
0x00007fe9d000e800
}

Java Threads: ( => current thread )
  0x00007fea3c013000 JavaThread "main" [_thread_blocked, id=22215, stack(0x00007fea42f52000,0x00007fea43053000)]
  0x00007fea3c22a800 JavaThread "Reference Handler" daemon [_thread_blocked, id=22227, stack(0x00007fea20019000,0x00007fea2011a000)]
  0x00007fea3c234800 JavaThread "Finalizer" daemon [_thread_blocked, id=22229, stack(0x00007fea1443f000,0x00007fea14540000)]
  0x00007fea3c23b000 JavaThread "Signal Dispatcher" daemon [_thread_blocked, id=22231, stack(0x00007fea1433e000,0x00007fea1443f000)]
  0x00007fea3c23d000 JavaThread "C2 CompilerThread0" daemon [_thread_blocked, id=22233, stack(0x00007fea1423d000,0x00007fea1433e000)]
  0x00007fea3c23f000 JavaThread "C1 CompilerThread0" daemon [_thread_blocked, id=22234, stack(0x00007fea1413c000,0x00007fea1423d000)]
  0x00007fea3c241000 JavaThread "Sweeper thread" daemon [_thread_blocked, id=22239, stack(0x00007fea1403b000,0x00007fea1413c000)]
  0x00007fea3c24f800 JavaThread "Common-Cleaner" daemon [_thread_blocked, id=22243, stack(0x00007fea0da9f000,0x00007fea0dba0000)]
  0x00007fea3c316800 JavaThread "Monitor Ctrl-Break" daemon [_thread_in_native, id=22249, stack(0x00007fea0d475000,0x00007fea0d576000)]
  0x00007fea3c319000 JavaThread "Service Thread" daemon [_thread_blocked, id=22250, stack(0x00007fea0d374000,0x00007fea0d475000)]
  0x00007fea3c577800 JavaThread "nioEventLoopGroup-2-1" [_thread_in_native, id=22253, stack(0x00007fea0cb63000,0x00007fea0cc64000)]
  0x00007fe9d0008800 JavaThread "nioEventLoopGroup-3-1" [_thread_in_native, id=22331, stack(0x00007fea0d576000,0x00007fea0d677000)]
=>0x00007fe9d000e800 JavaThread "nioEventLoopGroup-3-2" [_thread_in_native, id=22449, stack(0x00007fea0c163000,0x00007fea0c264000)]

Other Threads:
  0x00007fea3c227800 VMThread "VM Thread" [stack: 0x00007fea2011c000,0x00007fea2021c000] [id=22226]
  0x00007fea3c31a800 WatcherThread [stack: 0x00007fea0d274000,0x00007fea0d374000] [id=22251]
  0x00007fea3c029800 GCTaskThread "GC Thread#0" [stack: 0x00007fea23638000,0x00007fea23738000] [id=22218]
  0x00007fea3c086000 ConcurrentGCThread "G1 Main Marker" [stack: 0x00007fea2152c000,0x00007fea2162c000] [id=22219]
  0x00007fea3c088000 ConcurrentGCThread "G1 Conc#0" [stack: 0x00007fea2142a000,0x00007fea2152a000] [id=22220]
  0x00007fea3c184000 ConcurrentGCThread "G1 Refine#0" [stack: 0x00007fea20b20000,0x00007fea20c20000] [id=22222]
  0x00007fea3c185800 ConcurrentGCThread "G1 Young RemSet Sampling" [stack: 0x00007fea20a1e000,0x00007fea20b1e000] [id=22223]

Threads with active compile tasks:

VM state:not at safepoint (normal execution)

VM Mutex/Monitor currently owned by a thread: None

Heap address: 0x000000070a800000, size: 3928 MB, Compressed Oops mode: Zero based, Oop shift amount: 3
Narrow klass base: 0x0000000800000000, Narrow klass shift: 3
Compressed class space size: 1073741824 Address: 0x0000000840000000

Heap:
 garbage-first heap   total 253952K, used 17020K [0x000000070a800000, 0x0000000800000000)
  region size 1024K, 18 young (18432K), 0 survivors (0K)
 Metaspace       used 7619K, capacity 9011K, committed 9344K, reserved 1056768K
  class space    used 901K, capacity 1026K, committed 1152K, reserved 1048576K
Heap Regions: E=young(eden), S=young(survivor), O=old, HS=humongous(starts), HC=humongous(continues), CS=collection set, F=free, A=archive, TAMS=top-at-mark-start (previous, next)
|   0|0x000000070a800000, 0x000000070a800000, 0x000000070a900000|  0%| F|  |TAMS 0x000000070a800000, 0x000000070a800000| Untracked 
|   1|0x000000070a900000, 0x000000070a900000, 0x000000070aa00000|  0%| F|  |TAMS 0x000000070a900000, 0x000000070a900000| Untracked 
|   2|0x000000070aa00000, 0x000000070aa00000, 0x000000070ab00000|  0%| F|  |TAMS 0x000000070aa00000, 0x000000070aa00000| Untracked 
|   3|0x000000070ab00000, 0x000000070ab00000, 0x000000070ac00000|  0%| F|  |TAMS 0x000000070ab00000, 0x000000070ab00000| Untracked 
|   4|0x000000070ac00000, 0x000000070ac00000, 0x000000070ad00000|  0%| F|  |TAMS 0x000000070ac00000, 0x000000070ac00000| Untracked 
|   5|0x000000070ad00000, 0x000000070ad00000, 0x000000070ae00000|  0%| F|  |TAMS 0x000000070ad00000, 0x000000070ad00000| Untracked 
|   6|0x000000070ae00000, 0x000000070ae00000, 0x000000070af00000|  0%| F|  |TAMS 0x000000070ae00000, 0x000000070ae00000| Untracked 
|   7|0x000000070af00000, 0x000000070af00000, 0x000000070b000000|  0%| F|  |TAMS 0x000000070af00000, 0x000000070af00000| Untracked 
|   8|0x000000070b000000, 0x000000070b000000, 0x000000070b100000|  0%| F|  |TAMS 0x000000070b000000, 0x000000070b000000| Untracked 
|   9|0x000000070b100000, 0x000000070b100000, 0x000000070b200000|  0%| F|  |TAMS 0x000000070b100000, 0x000000070b100000| Untracked 
|  10|0x000000070b200000, 0x000000070b200000, 0x000000070b300000|  0%| F|  |TAMS 0x000000070b200000, 0x000000070b200000| Untracked 
|  11|0x000000070b300000, 0x000000070b300000, 0x000000070b400000|  0%| F|  |TAMS 0x000000070b300000, 0x000000070b300000| Untracked 
|  12|0x000000070b400000, 0x000000070b400000, 0x000000070b500000|  0%| F|  |TAMS 0x000000070b400000, 0x000000070b400000| Untracked 
|  13|0x000000070b500000, 0x000000070b500000, 0x000000070b600000|  0%| F|  |TAMS 0x000000070b500000, 0x000000070b500000| Untracked 
|  14|0x000000070b600000, 0x000000070b600000, 0x000000070b700000|  0%| F|  |TAMS 0x000000070b600000, 0x000000070b600000| Untracked 
|  15|0x000000070b700000, 0x000000070b700000, 0x000000070b800000|  0%| F|  |TAMS 0x000000070b700000, 0x000000070b700000| Untracked 
|  16|0x000000070b800000, 0x000000070b800000, 0x000000070b900000|  0%| F|  |TAMS 0x000000070b800000, 0x000000070b800000| Untracked 
|  17|0x000000070b900000, 0x000000070b900000, 0x000000070ba00000|  0%| F|  |TAMS 0x000000070b900000, 0x000000070b900000| Untracked 
|  18|0x000000070ba00000, 0x000000070ba00000, 0x000000070bb00000|  0%| F|  |TAMS 0x000000070ba00000, 0x000000070ba00000| Untracked 
|  19|0x000000070bb00000, 0x000000070bb00000, 0x000000070bc00000|  0%| F|  |TAMS 0x000000070bb00000, 0x000000070bb00000| Untracked 
|  20|0x000000070bc00000, 0x000000070bc00000, 0x000000070bd00000|  0%| F|  |TAMS 0x000000070bc00000, 0x000000070bc00000| Untracked 
|  21|0x000000070bd00000, 0x000000070bd00000, 0x000000070be00000|  0%| F|  |TAMS 0x000000070bd00000, 0x000000070bd00000| Untracked 
|  22|0x000000070be00000, 0x000000070be00000, 0x000000070bf00000|  0%| F|  |TAMS 0x000000070be00000, 0x000000070be00000| Untracked 
|  23|0x000000070bf00000, 0x000000070bf00000, 0x000000070c000000|  0%| F|  |TAMS 0x000000070bf00000, 0x000000070bf00000| Untracked 
|  24|0x000000070c000000, 0x000000070c000000, 0x000000070c100000|  0%| F|  |TAMS 0x000000070c000000, 0x000000070c000000| Untracked 
|  25|0x000000070c100000, 0x000000070c100000, 0x000000070c200000|  0%| F|  |TAMS 0x000000070c100000, 0x000000070c100000| Untracked 
|  26|0x000000070c200000, 0x000000070c200000, 0x000000070c300000|  0%| F|  |TAMS 0x000000070c200000, 0x000000070c200000| Untracked 
|  27|0x000000070c300000, 0x000000070c300000, 0x000000070c400000|  0%| F|  |TAMS 0x000000070c300000, 0x000000070c300000| Untracked 
|  28|0x000000070c400000, 0x000000070c400000, 0x000000070c500000|  0%| F|  |TAMS 0x000000070c400000, 0x000000070c400000| Untracked 
|  29|0x000000070c500000, 0x000000070c500000, 0x000000070c600000|  0%| F|  |TAMS 0x000000070c500000, 0x000000070c500000| Untracked 
|  30|0x000000070c600000, 0x000000070c600000, 0x000000070c700000|  0%| F|  |TAMS 0x000000070c600000, 0x000000070c600000| Untracked 
|  31|0x000000070c700000, 0x000000070c700000, 0x000000070c800000|  0%| F|  |TAMS 0x000000070c700000, 0x000000070c700000| Untracked 
|  32|0x000000070c800000, 0x000000070c800000, 0x000000070c900000|  0%| F|  |TAMS 0x000000070c800000, 0x000000070c800000| Untracked 
|  33|0x000000070c900000, 0x000000070c900000, 0x000000070ca00000|  0%| F|  |TAMS 0x000000070c900000, 0x000000070c900000| Untracked 
|  34|0x000000070ca00000, 0x000000070ca00000, 0x000000070cb00000|  0%| F|  |TAMS 0x000000070ca00000, 0x000000070ca00000| Untracked 
|  35|0x000000070cb00000, 0x000000070cb00000, 0x000000070cc00000|  0%| F|  |TAMS 0x000000070cb00000, 0x000000070cb00000| Untracked 
|  36|0x000000070cc00000, 0x000000070cc00000, 0x000000070cd00000|  0%| F|  |TAMS 0x000000070cc00000, 0x000000070cc00000| Untracked 
|  37|0x000000070cd00000, 0x000000070cd00000, 0x000000070ce00000|  0%| F|  |TAMS 0x000000070cd00000, 0x000000070cd00000| Untracked 
|  38|0x000000070ce00000, 0x000000070ce00000, 0x000000070cf00000|  0%| F|  |TAMS 0x000000070ce00000, 0x000000070ce00000| Untracked 
|  39|0x000000070cf00000, 0x000000070cf00000, 0x000000070d000000|  0%| F|  |TAMS 0x000000070cf00000, 0x000000070cf00000| Untracked 
|  40|0x000000070d000000, 0x000000070d000000, 0x000000070d100000|  0%| F|  |TAMS 0x000000070d000000, 0x000000070d000000| Untracked 
|  41|0x000000070d100000, 0x000000070d100000, 0x000000070d200000|  0%| F|  |TAMS 0x000000070d100000, 0x000000070d100000| Untracked 
|  42|0x000000070d200000, 0x000000070d200000, 0x000000070d300000|  0%| F|  |TAMS 0x000000070d200000, 0x000000070d200000| Untracked 
|  43|0x000000070d300000, 0x000000070d300000, 0x000000070d400000|  0%| F|  |TAMS 0x000000070d300000, 0x000000070d300000| Untracked 
|  44|0x000000070d400000, 0x000000070d400000, 0x000000070d500000|  0%| F|  |TAMS 0x000000070d400000, 0x000000070d400000| Untracked 
|  45|0x000000070d500000, 0x000000070d500000, 0x000000070d600000|  0%| F|  |TAMS 0x000000070d500000, 0x000000070d500000| Untracked 
|  46|0x000000070d600000, 0x000000070d600000, 0x000000070d700000|  0%| F|  |TAMS 0x000000070d600000, 0x000000070d600000| Untracked 
|  47|0x000000070d700000, 0x000000070d700000, 0x000000070d800000|  0%| F|  |TAMS 0x000000070d700000, 0x000000070d700000| Untracked 
|  48|0x000000070d800000, 0x000000070d800000, 0x000000070d900000|  0%| F|  |TAMS 0x000000070d800000, 0x000000070d800000| Untracked 
|  49|0x000000070d900000, 0x000000070d900000, 0x000000070da00000|  0%| F|  |TAMS 0x000000070d900000, 0x000000070d900000| Untracked 
|  50|0x000000070da00000, 0x000000070da00000, 0x000000070db00000|  0%| F|  |TAMS 0x000000070da00000, 0x000000070da00000| Untracked 
|  51|0x000000070db00000, 0x000000070db00000, 0x000000070dc00000|  0%| F|  |TAMS 0x000000070db00000, 0x000000070db00000| Untracked 
|  52|0x000000070dc00000, 0x000000070dc00000, 0x000000070dd00000|  0%| F|  |TAMS 0x000000070dc00000, 0x000000070dc00000| Untracked 
|  53|0x000000070dd00000, 0x000000070dd00000, 0x000000070de00000|  0%| F|  |TAMS 0x000000070dd00000, 0x000000070dd00000| Untracked 
|  54|0x000000070de00000, 0x000000070de00000, 0x000000070df00000|  0%| F|  |TAMS 0x000000070de00000, 0x000000070de00000| Untracked 
|  55|0x000000070df00000, 0x000000070df00000, 0x000000070e000000|  0%| F|  |TAMS 0x000000070df00000, 0x000000070df00000| Untracked 
|  56|0x000000070e000000, 0x000000070e000000, 0x000000070e100000|  0%| F|  |TAMS 0x000000070e000000, 0x000000070e000000| Untracked 
|  57|0x000000070e100000, 0x000000070e100000, 0x000000070e200000|  0%| F|  |TAMS 0x000000070e100000, 0x000000070e100000| Untracked 
|  58|0x000000070e200000, 0x000000070e200000, 0x000000070e300000|  0%| F|  |TAMS 0x000000070e200000, 0x000000070e200000| Untracked 
|  59|0x000000070e300000, 0x000000070e300000, 0x000000070e400000|  0%| F|  |TAMS 0x000000070e300000, 0x000000070e300000| Untracked 
|  60|0x000000070e400000, 0x000000070e400000, 0x000000070e500000|  0%| F|  |TAMS 0x000000070e400000, 0x000000070e400000| Untracked 
|  61|0x000000070e500000, 0x000000070e500000, 0x000000070e600000|  0%| F|  |TAMS 0x000000070e500000, 0x000000070e500000| Untracked 
|  62|0x000000070e600000, 0x000000070e600000, 0x000000070e700000|  0%| F|  |TAMS 0x000000070e600000, 0x000000070e600000| Untracked 
|  63|0x000000070e700000, 0x000000070e700000, 0x000000070e800000|  0%| F|  |TAMS 0x000000070e700000, 0x000000070e700000| Untracked 
|  64|0x000000070e800000, 0x000000070e800000, 0x000000070e900000|  0%| F|  |TAMS 0x000000070e800000, 0x000000070e800000| Untracked 
|  65|0x000000070e900000, 0x000000070e900000, 0x000000070ea00000|  0%| F|  |TAMS 0x000000070e900000, 0x000000070e900000| Untracked 
|  66|0x000000070ea00000, 0x000000070ea00000, 0x000000070eb00000|  0%| F|  |TAMS 0x000000070ea00000, 0x000000070ea00000| Untracked 
|  67|0x000000070eb00000, 0x000000070eb00000, 0x000000070ec00000|  0%| F|  |TAMS 0x000000070eb00000, 0x000000070eb00000| Untracked 
|  68|0x000000070ec00000, 0x000000070ec00000, 0x000000070ed00000|  0%| F|  |TAMS 0x000000070ec00000, 0x000000070ec00000| Untracked 
|  69|0x000000070ed00000, 0x000000070ed00000, 0x000000070ee00000|  0%| F|  |TAMS 0x000000070ed00000, 0x000000070ed00000| Untracked 
|  70|0x000000070ee00000, 0x000000070ee00000, 0x000000070ef00000|  0%| F|  |TAMS 0x000000070ee00000, 0x000000070ee00000| Untracked 
|  71|0x000000070ef00000, 0x000000070ef00000, 0x000000070f000000|  0%| F|  |TAMS 0x000000070ef00000, 0x000000070ef00000| Untracked 
|  72|0x000000070f000000, 0x000000070f000000, 0x000000070f100000|  0%| F|  |TAMS 0x000000070f000000, 0x000000070f000000| Untracked 
|  73|0x000000070f100000, 0x000000070f100000, 0x000000070f200000|  0%| F|  |TAMS 0x000000070f100000, 0x000000070f100000| Untracked 
|  74|0x000000070f200000, 0x000000070f200000, 0x000000070f300000|  0%| F|  |TAMS 0x000000070f200000, 0x000000070f200000| Untracked 
|  75|0x000000070f300000, 0x000000070f300000, 0x000000070f400000|  0%| F|  |TAMS 0x000000070f300000, 0x000000070f300000| Untracked 
|  76|0x000000070f400000, 0x000000070f400000, 0x000000070f500000|  0%| F|  |TAMS 0x000000070f400000, 0x000000070f400000| Untracked 
|  77|0x000000070f500000, 0x000000070f500000, 0x000000070f600000|  0%| F|  |TAMS 0x000000070f500000, 0x000000070f500000| Untracked 
|  78|0x000000070f600000, 0x000000070f600000, 0x000000070f700000|  0%| F|  |TAMS 0x000000070f600000, 0x000000070f600000| Untracked 
|  79|0x000000070f700000, 0x000000070f700000, 0x000000070f800000|  0%| F|  |TAMS 0x000000070f700000, 0x000000070f700000| Untracked 
|  80|0x000000070f800000, 0x000000070f800000, 0x000000070f900000|  0%| F|  |TAMS 0x000000070f800000, 0x000000070f800000| Untracked 
|  81|0x000000070f900000, 0x000000070f900000, 0x000000070fa00000|  0%| F|  |TAMS 0x000000070f900000, 0x000000070f900000| Untracked 
|  82|0x000000070fa00000, 0x000000070fa00000, 0x000000070fb00000|  0%| F|  |TAMS 0x000000070fa00000, 0x000000070fa00000| Untracked 
|  83|0x000000070fb00000, 0x000000070fb00000, 0x000000070fc00000|  0%| F|  |TAMS 0x000000070fb00000, 0x000000070fb00000| Untracked 
|  84|0x000000070fc00000, 0x000000070fc00000, 0x000000070fd00000|  0%| F|  |TAMS 0x000000070fc00000, 0x000000070fc00000| Untracked 
|  85|0x000000070fd00000, 0x000000070fd00000, 0x000000070fe00000|  0%| F|  |TAMS 0x000000070fd00000, 0x000000070fd00000| Untracked 
|  86|0x000000070fe00000, 0x000000070fe00000, 0x000000070ff00000|  0%| F|  |TAMS 0x000000070fe00000, 0x000000070fe00000| Untracked 
|  87|0x000000070ff00000, 0x000000070ff00000, 0x0000000710000000|  0%| F|  |TAMS 0x000000070ff00000, 0x000000070ff00000| Untracked 
|  88|0x0000000710000000, 0x0000000710000000, 0x0000000710100000|  0%| F|  |TAMS 0x0000000710000000, 0x0000000710000000| Untracked 
|  89|0x0000000710100000, 0x0000000710100000, 0x0000000710200000|  0%| F|  |TAMS 0x0000000710100000, 0x0000000710100000| Untracked 
|  90|0x0000000710200000, 0x0000000710200000, 0x0000000710300000|  0%| F|  |TAMS 0x0000000710200000, 0x0000000710200000| Untracked 
|  91|0x0000000710300000, 0x0000000710300000, 0x0000000710400000|  0%| F|  |TAMS 0x0000000710300000, 0x0000000710300000| Untracked 
|  92|0x0000000710400000, 0x0000000710400000, 0x0000000710500000|  0%| F|  |TAMS 0x0000000710400000, 0x0000000710400000| Untracked 
|  93|0x0000000710500000, 0x0000000710500000, 0x0000000710600000|  0%| F|  |TAMS 0x0000000710500000, 0x0000000710500000| Untracked 
|  94|0x0000000710600000, 0x0000000710600000, 0x0000000710700000|  0%| F|  |TAMS 0x0000000710600000, 0x0000000710600000| Untracked 
|  95|0x0000000710700000, 0x0000000710700000, 0x0000000710800000|  0%| F|  |TAMS 0x0000000710700000, 0x0000000710700000| Untracked 
|  96|0x0000000710800000, 0x0000000710800000, 0x0000000710900000|  0%| F|  |TAMS 0x0000000710800000, 0x0000000710800000| Untracked 
|  97|0x0000000710900000, 0x0000000710900000, 0x0000000710a00000|  0%| F|  |TAMS 0x0000000710900000, 0x0000000710900000| Untracked 
|  98|0x0000000710a00000, 0x0000000710a00000, 0x0000000710b00000|  0%| F|  |TAMS 0x0000000710a00000, 0x0000000710a00000| Untracked 
|  99|0x0000000710b00000, 0x0000000710b00000, 0x0000000710c00000|  0%| F|  |TAMS 0x0000000710b00000, 0x0000000710b00000| Untracked 
| 100|0x0000000710c00000, 0x0000000710c00000, 0x0000000710d00000|  0%| F|  |TAMS 0x0000000710c00000, 0x0000000710c00000| Untracked 
| 101|0x0000000710d00000, 0x0000000710d00000, 0x0000000710e00000|  0%| F|  |TAMS 0x0000000710d00000, 0x0000000710d00000| Untracked 
| 102|0x0000000710e00000, 0x0000000710e00000, 0x0000000710f00000|  0%| F|  |TAMS 0x0000000710e00000, 0x0000000710e00000| Untracked 
| 103|0x0000000710f00000, 0x0000000710f00000, 0x0000000711000000|  0%| F|  |TAMS 0x0000000710f00000, 0x0000000710f00000| Untracked 
| 104|0x0000000711000000, 0x0000000711000000, 0x0000000711100000|  0%| F|  |TAMS 0x0000000711000000, 0x0000000711000000| Untracked 
| 105|0x0000000711100000, 0x0000000711100000, 0x0000000711200000|  0%| F|  |TAMS 0x0000000711100000, 0x0000000711100000| Untracked 
| 106|0x0000000711200000, 0x0000000711200000, 0x0000000711300000|  0%| F|  |TAMS 0x0000000711200000, 0x0000000711200000| Untracked 
| 107|0x0000000711300000, 0x0000000711300000, 0x0000000711400000|  0%| F|  |TAMS 0x0000000711300000, 0x0000000711300000| Untracked 
| 108|0x0000000711400000, 0x0000000711400000, 0x0000000711500000|  0%| F|  |TAMS 0x0000000711400000, 0x0000000711400000| Untracked 
| 109|0x0000000711500000, 0x0000000711500000, 0x0000000711600000|  0%| F|  |TAMS 0x0000000711500000, 0x0000000711500000| Untracked 
| 110|0x0000000711600000, 0x0000000711600000, 0x0000000711700000|  0%| F|  |TAMS 0x0000000711600000, 0x0000000711600000| Untracked 
| 111|0x0000000711700000, 0x0000000711700000, 0x0000000711800000|  0%| F|  |TAMS 0x0000000711700000, 0x0000000711700000| Untracked 
| 112|0x0000000711800000, 0x0000000711800000, 0x0000000711900000|  0%| F|  |TAMS 0x0000000711800000, 0x0000000711800000| Untracked 
| 113|0x0000000711900000, 0x0000000711900000, 0x0000000711a00000|  0%| F|  |TAMS 0x0000000711900000, 0x0000000711900000| Untracked 
| 114|0x0000000711a00000, 0x0000000711a00000, 0x0000000711b00000|  0%| F|  |TAMS 0x0000000711a00000, 0x0000000711a00000| Untracked 
| 115|0x0000000711b00000, 0x0000000711b00000, 0x0000000711c00000|  0%| F|  |TAMS 0x0000000711b00000, 0x0000000711b00000| Untracked 
| 116|0x0000000711c00000, 0x0000000711c00000, 0x0000000711d00000|  0%| F|  |TAMS 0x0000000711c00000, 0x0000000711c00000| Untracked 
| 117|0x0000000711d00000, 0x0000000711d00000, 0x0000000711e00000|  0%| F|  |TAMS 0x0000000711d00000, 0x0000000711d00000| Untracked 
| 118|0x0000000711e00000, 0x0000000711e00000, 0x0000000711f00000|  0%| F|  |TAMS 0x0000000711e00000, 0x0000000711e00000| Untracked 
| 119|0x0000000711f00000, 0x0000000711f00000, 0x0000000712000000|  0%| F|  |TAMS 0x0000000711f00000, 0x0000000711f00000| Untracked 
| 120|0x0000000712000000, 0x0000000712000000, 0x0000000712100000|  0%| F|  |TAMS 0x0000000712000000, 0x0000000712000000| Untracked 
| 121|0x0000000712100000, 0x0000000712100000, 0x0000000712200000|  0%| F|  |TAMS 0x0000000712100000, 0x0000000712100000| Untracked 
| 122|0x0000000712200000, 0x0000000712200000, 0x0000000712300000|  0%| F|  |TAMS 0x0000000712200000, 0x0000000712200000| Untracked 
| 123|0x0000000712300000, 0x0000000712300000, 0x0000000712400000|  0%| F|  |TAMS 0x0000000712300000, 0x0000000712300000| Untracked 
| 124|0x0000000712400000, 0x0000000712400000, 0x0000000712500000|  0%| F|  |TAMS 0x0000000712400000, 0x0000000712400000| Untracked 
| 125|0x0000000712500000, 0x0000000712500000, 0x0000000712600000|  0%| F|  |TAMS 0x0000000712500000, 0x0000000712500000| Untracked 
| 126|0x0000000712600000, 0x0000000712600000, 0x0000000712700000|  0%| F|  |TAMS 0x0000000712600000, 0x0000000712600000| Untracked 
| 127|0x0000000712700000, 0x0000000712700000, 0x0000000712800000|  0%| F|  |TAMS 0x0000000712700000, 0x0000000712700000| Untracked 
| 128|0x0000000712800000, 0x0000000712800000, 0x0000000712900000|  0%| F|  |TAMS 0x0000000712800000, 0x0000000712800000| Untracked 
| 129|0x0000000712900000, 0x0000000712900000, 0x0000000712a00000|  0%| F|  |TAMS 0x0000000712900000, 0x0000000712900000| Untracked 
| 130|0x0000000712a00000, 0x0000000712a00000, 0x0000000712b00000|  0%| F|  |TAMS 0x0000000712a00000, 0x0000000712a00000| Untracked 
| 131|0x0000000712b00000, 0x0000000712b00000, 0x0000000712c00000|  0%| F|  |TAMS 0x0000000712b00000, 0x0000000712b00000| Untracked 
| 132|0x0000000712c00000, 0x0000000712c00000, 0x0000000712d00000|  0%| F|  |TAMS 0x0000000712c00000, 0x0000000712c00000| Untracked 
| 133|0x0000000712d00000, 0x0000000712d00000, 0x0000000712e00000|  0%| F|  |TAMS 0x0000000712d00000, 0x0000000712d00000| Untracked 
| 134|0x0000000712e00000, 0x0000000712e00000, 0x0000000712f00000|  0%| F|  |TAMS 0x0000000712e00000, 0x0000000712e00000| Untracked 
| 135|0x0000000712f00000, 0x0000000712f00000, 0x0000000713000000|  0%| F|  |TAMS 0x0000000712f00000, 0x0000000712f00000| Untracked 
| 136|0x0000000713000000, 0x0000000713000000, 0x0000000713100000|  0%| F|  |TAMS 0x0000000713000000, 0x0000000713000000| Untracked 
| 137|0x0000000713100000, 0x0000000713100000, 0x0000000713200000|  0%| F|  |TAMS 0x0000000713100000, 0x0000000713100000| Untracked 
| 138|0x0000000713200000, 0x0000000713200000, 0x0000000713300000|  0%| F|  |TAMS 0x0000000713200000, 0x0000000713200000| Untracked 
| 139|0x0000000713300000, 0x0000000713300000, 0x0000000713400000|  0%| F|  |TAMS 0x0000000713300000, 0x0000000713300000| Untracked 
| 140|0x0000000713400000, 0x0000000713400000, 0x0000000713500000|  0%| F|  |TAMS 0x0000000713400000, 0x0000000713400000| Untracked 
| 141|0x0000000713500000, 0x0000000713500000, 0x0000000713600000|  0%| F|  |TAMS 0x0000000713500000, 0x0000000713500000| Untracked 
| 142|0x0000000713600000, 0x0000000713600000, 0x0000000713700000|  0%| F|  |TAMS 0x0000000713600000, 0x0000000713600000| Untracked 
| 143|0x0000000713700000, 0x0000000713700000, 0x0000000713800000|  0%| F|  |TAMS 0x0000000713700000, 0x0000000713700000| Untracked 
| 144|0x0000000713800000, 0x0000000713800000, 0x0000000713900000|  0%| F|  |TAMS 0x0000000713800000, 0x0000000713800000| Untracked 
| 145|0x0000000713900000, 0x0000000713900000, 0x0000000713a00000|  0%| F|  |TAMS 0x0000000713900000, 0x0000000713900000| Untracked 
| 146|0x0000000713a00000, 0x0000000713a00000, 0x0000000713b00000|  0%| F|  |TAMS 0x0000000713a00000, 0x0000000713a00000| Untracked 
| 147|0x0000000713b00000, 0x0000000713b00000, 0x0000000713c00000|  0%| F|  |TAMS 0x0000000713b00000, 0x0000000713b00000| Untracked 
| 148|0x0000000713c00000, 0x0000000713c00000, 0x0000000713d00000|  0%| F|  |TAMS 0x0000000713c00000, 0x0000000713c00000| Untracked 
| 149|0x0000000713d00000, 0x0000000713d00000, 0x0000000713e00000|  0%| F|  |TAMS 0x0000000713d00000, 0x0000000713d00000| Untracked 
| 150|0x0000000713e00000, 0x0000000713e00000, 0x0000000713f00000|  0%| F|  |TAMS 0x0000000713e00000, 0x0000000713e00000| Untracked 
| 151|0x0000000713f00000, 0x0000000713f00000, 0x0000000714000000|  0%| F|  |TAMS 0x0000000713f00000, 0x0000000713f00000| Untracked 
| 152|0x0000000714000000, 0x0000000714000000, 0x0000000714100000|  0%| F|  |TAMS 0x0000000714000000, 0x0000000714000000| Untracked 
| 153|0x0000000714100000, 0x0000000714100000, 0x0000000714200000|  0%| F|  |TAMS 0x0000000714100000, 0x0000000714100000| Untracked 
| 154|0x0000000714200000, 0x0000000714200000, 0x0000000714300000|  0%| F|  |TAMS 0x0000000714200000, 0x0000000714200000| Untracked 
| 155|0x0000000714300000, 0x0000000714300000, 0x0000000714400000|  0%| F|  |TAMS 0x0000000714300000, 0x0000000714300000| Untracked 
| 156|0x0000000714400000, 0x0000000714400000, 0x0000000714500000|  0%| F|  |TAMS 0x0000000714400000, 0x0000000714400000| Untracked 
| 157|0x0000000714500000, 0x0000000714500000, 0x0000000714600000|  0%| F|  |TAMS 0x0000000714500000, 0x0000000714500000| Untracked 
| 158|0x0000000714600000, 0x0000000714600000, 0x0000000714700000|  0%| F|  |TAMS 0x0000000714600000, 0x0000000714600000| Untracked 
| 159|0x0000000714700000, 0x0000000714700000, 0x0000000714800000|  0%| F|  |TAMS 0x0000000714700000, 0x0000000714700000| Untracked 
| 160|0x0000000714800000, 0x0000000714800000, 0x0000000714900000|  0%| F|  |TAMS 0x0000000714800000, 0x0000000714800000| Untracked 
| 161|0x0000000714900000, 0x0000000714900000, 0x0000000714a00000|  0%| F|  |TAMS 0x0000000714900000, 0x0000000714900000| Untracked 
| 162|0x0000000714a00000, 0x0000000714a00000, 0x0000000714b00000|  0%| F|  |TAMS 0x0000000714a00000, 0x0000000714a00000| Untracked 
| 163|0x0000000714b00000, 0x0000000714b00000, 0x0000000714c00000|  0%| F|  |TAMS 0x0000000714b00000, 0x0000000714b00000| Untracked 
| 164|0x0000000714c00000, 0x0000000714c00000, 0x0000000714d00000|  0%| F|  |TAMS 0x0000000714c00000, 0x0000000714c00000| Untracked 
| 165|0x0000000714d00000, 0x0000000714d00000, 0x0000000714e00000|  0%| F|  |TAMS 0x0000000714d00000, 0x0000000714d00000| Untracked 
| 166|0x0000000714e00000, 0x0000000714e00000, 0x0000000714f00000|  0%| F|  |TAMS 0x0000000714e00000, 0x0000000714e00000| Untracked 
| 167|0x0000000714f00000, 0x0000000714f00000, 0x0000000715000000|  0%| F|  |TAMS 0x0000000714f00000, 0x0000000714f00000| Untracked 
| 168|0x0000000715000000, 0x0000000715000000, 0x0000000715100000|  0%| F|  |TAMS 0x0000000715000000, 0x0000000715000000| Untracked 
| 169|0x0000000715100000, 0x0000000715100000, 0x0000000715200000|  0%| F|  |TAMS 0x0000000715100000, 0x0000000715100000| Untracked 
| 170|0x0000000715200000, 0x0000000715200000, 0x0000000715300000|  0%| F|  |TAMS 0x0000000715200000, 0x0000000715200000| Untracked 
| 171|0x0000000715300000, 0x0000000715300000, 0x0000000715400000|  0%| F|  |TAMS 0x0000000715300000, 0x0000000715300000| Untracked 
| 172|0x0000000715400000, 0x0000000715400000, 0x0000000715500000|  0%| F|  |TAMS 0x0000000715400000, 0x0000000715400000| Untracked 
| 173|0x0000000715500000, 0x0000000715500000, 0x0000000715600000|  0%| F|  |TAMS 0x0000000715500000, 0x0000000715500000| Untracked 
| 174|0x0000000715600000, 0x0000000715600000, 0x0000000715700000|  0%| F|  |TAMS 0x0000000715600000, 0x0000000715600000| Untracked 
| 175|0x0000000715700000, 0x0000000715700000, 0x0000000715800000|  0%| F|  |TAMS 0x0000000715700000, 0x0000000715700000| Untracked 
| 176|0x0000000715800000, 0x0000000715800000, 0x0000000715900000|  0%| F|  |TAMS 0x0000000715800000, 0x0000000715800000| Untracked 
| 177|0x0000000715900000, 0x0000000715900000, 0x0000000715a00000|  0%| F|  |TAMS 0x0000000715900000, 0x0000000715900000| Untracked 
| 178|0x0000000715a00000, 0x0000000715a00000, 0x0000000715b00000|  0%| F|  |TAMS 0x0000000715a00000, 0x0000000715a00000| Untracked 
| 179|0x0000000715b00000, 0x0000000715b00000, 0x0000000715c00000|  0%| F|  |TAMS 0x0000000715b00000, 0x0000000715b00000| Untracked 
| 180|0x0000000715c00000, 0x0000000715c00000, 0x0000000715d00000|  0%| F|  |TAMS 0x0000000715c00000, 0x0000000715c00000| Untracked 
| 181|0x0000000715d00000, 0x0000000715d00000, 0x0000000715e00000|  0%| F|  |TAMS 0x0000000715d00000, 0x0000000715d00000| Untracked 
| 182|0x0000000715e00000, 0x0000000715e00000, 0x0000000715f00000|  0%| F|  |TAMS 0x0000000715e00000, 0x0000000715e00000| Untracked 
| 183|0x0000000715f00000, 0x0000000715f00000, 0x0000000716000000|  0%| F|  |TAMS 0x0000000715f00000, 0x0000000715f00000| Untracked 
| 184|0x0000000716000000, 0x0000000716000000, 0x0000000716100000|  0%| F|  |TAMS 0x0000000716000000, 0x0000000716000000| Untracked 
| 185|0x0000000716100000, 0x0000000716100000, 0x0000000716200000|  0%| F|  |TAMS 0x0000000716100000, 0x0000000716100000| Untracked 
| 186|0x0000000716200000, 0x0000000716200000, 0x0000000716300000|  0%| F|  |TAMS 0x0000000716200000, 0x0000000716200000| Untracked 
| 187|0x0000000716300000, 0x0000000716300000, 0x0000000716400000|  0%| F|  |TAMS 0x0000000716300000, 0x0000000716300000| Untracked 
| 188|0x0000000716400000, 0x0000000716400000, 0x0000000716500000|  0%| F|  |TAMS 0x0000000716400000, 0x0000000716400000| Untracked 
| 189|0x0000000716500000, 0x0000000716500000, 0x0000000716600000|  0%| F|  |TAMS 0x0000000716500000, 0x0000000716500000| Untracked 
| 190|0x0000000716600000, 0x0000000716600000, 0x0000000716700000|  0%| F|  |TAMS 0x0000000716600000, 0x0000000716600000| Untracked 
| 191|0x0000000716700000, 0x0000000716700000, 0x0000000716800000|  0%| F|  |TAMS 0x0000000716700000, 0x0000000716700000| Untracked 
| 192|0x0000000716800000, 0x0000000716800000, 0x0000000716900000|  0%| F|  |TAMS 0x0000000716800000, 0x0000000716800000| Untracked 
| 193|0x0000000716900000, 0x0000000716900000, 0x0000000716a00000|  0%| F|  |TAMS 0x0000000716900000, 0x0000000716900000| Untracked 
| 194|0x0000000716a00000, 0x0000000716a00000, 0x0000000716b00000|  0%| F|  |TAMS 0x0000000716a00000, 0x0000000716a00000| Untracked 
| 195|0x0000000716b00000, 0x0000000716b00000, 0x0000000716c00000|  0%| F|  |TAMS 0x0000000716b00000, 0x0000000716b00000| Untracked 
| 196|0x0000000716c00000, 0x0000000716c00000, 0x0000000716d00000|  0%| F|  |TAMS 0x0000000716c00000, 0x0000000716c00000| Untracked 
| 197|0x0000000716d00000, 0x0000000716d00000, 0x0000000716e00000|  0%| F|  |TAMS 0x0000000716d00000, 0x0000000716d00000| Untracked 
| 198|0x0000000716e00000, 0x0000000716e00000, 0x0000000716f00000|  0%| F|  |TAMS 0x0000000716e00000, 0x0000000716e00000| Untracked 
| 199|0x0000000716f00000, 0x0000000716f00000, 0x0000000717000000|  0%| F|  |TAMS 0x0000000716f00000, 0x0000000716f00000| Untracked 
| 200|0x0000000717000000, 0x0000000717000000, 0x0000000717100000|  0%| F|  |TAMS 0x0000000717000000, 0x0000000717000000| Untracked 
| 201|0x0000000717100000, 0x0000000717100000, 0x0000000717200000|  0%| F|  |TAMS 0x0000000717100000, 0x0000000717100000| Untracked 
| 202|0x0000000717200000, 0x0000000717200000, 0x0000000717300000|  0%| F|  |TAMS 0x0000000717200000, 0x0000000717200000| Untracked 
| 203|0x0000000717300000, 0x0000000717300000, 0x0000000717400000|  0%| F|  |TAMS 0x0000000717300000, 0x0000000717300000| Untracked 
| 204|0x0000000717400000, 0x0000000717400000, 0x0000000717500000|  0%| F|  |TAMS 0x0000000717400000, 0x0000000717400000| Untracked 
| 205|0x0000000717500000, 0x0000000717500000, 0x0000000717600000|  0%| F|  |TAMS 0x0000000717500000, 0x0000000717500000| Untracked 
| 206|0x0000000717600000, 0x0000000717600000, 0x0000000717700000|  0%| F|  |TAMS 0x0000000717600000, 0x0000000717600000| Untracked 
| 207|0x0000000717700000, 0x0000000717700000, 0x0000000717800000|  0%| F|  |TAMS 0x0000000717700000, 0x0000000717700000| Untracked 
| 208|0x0000000717800000, 0x0000000717800000, 0x0000000717900000|  0%| F|  |TAMS 0x0000000717800000, 0x0000000717800000| Untracked 
| 209|0x0000000717900000, 0x0000000717900000, 0x0000000717a00000|  0%| F|  |TAMS 0x0000000717900000, 0x0000000717900000| Untracked 
| 210|0x0000000717a00000, 0x0000000717a00000, 0x0000000717b00000|  0%| F|  |TAMS 0x0000000717a00000, 0x0000000717a00000| Untracked 
| 211|0x0000000717b00000, 0x0000000717b00000, 0x0000000717c00000|  0%| F|  |TAMS 0x0000000717b00000, 0x0000000717b00000| Untracked 
| 212|0x0000000717c00000, 0x0000000717c00000, 0x0000000717d00000|  0%| F|  |TAMS 0x0000000717c00000, 0x0000000717c00000| Untracked 
| 213|0x0000000717d00000, 0x0000000717d00000, 0x0000000717e00000|  0%| F|  |TAMS 0x0000000717d00000, 0x0000000717d00000| Untracked 
| 214|0x0000000717e00000, 0x0000000717e00000, 0x0000000717f00000|  0%| F|  |TAMS 0x0000000717e00000, 0x0000000717e00000| Untracked 
| 215|0x0000000717f00000, 0x0000000717f00000, 0x0000000718000000|  0%| F|  |TAMS 0x0000000717f00000, 0x0000000717f00000| Untracked 
| 216|0x0000000718000000, 0x0000000718000000, 0x0000000718100000|  0%| F|  |TAMS 0x0000000718000000, 0x0000000718000000| Untracked 
| 217|0x0000000718100000, 0x0000000718100000, 0x0000000718200000|  0%| F|  |TAMS 0x0000000718100000, 0x0000000718100000| Untracked 
| 218|0x0000000718200000, 0x0000000718200000, 0x0000000718300000|  0%| F|  |TAMS 0x0000000718200000, 0x0000000718200000| Untracked 
| 219|0x0000000718300000, 0x0000000718300000, 0x0000000718400000|  0%| F|  |TAMS 0x0000000718300000, 0x0000000718300000| Untracked 
| 220|0x0000000718400000, 0x0000000718400000, 0x0000000718500000|  0%| F|  |TAMS 0x0000000718400000, 0x0000000718400000| Untracked 
| 221|0x0000000718500000, 0x0000000718500000, 0x0000000718600000|  0%| F|  |TAMS 0x0000000718500000, 0x0000000718500000| Untracked 
| 222|0x0000000718600000, 0x0000000718600000, 0x0000000718700000|  0%| F|  |TAMS 0x0000000718600000, 0x0000000718600000| Untracked 
| 223|0x0000000718700000, 0x0000000718700000, 0x0000000718800000|  0%| F|  |TAMS 0x0000000718700000, 0x0000000718700000| Untracked 
| 224|0x0000000718800000, 0x0000000718800000, 0x0000000718900000|  0%| F|  |TAMS 0x0000000718800000, 0x0000000718800000| Untracked 
| 225|0x0000000718900000, 0x0000000718900000, 0x0000000718a00000|  0%| F|  |TAMS 0x0000000718900000, 0x0000000718900000| Untracked 
| 226|0x0000000718a00000, 0x0000000718a00000, 0x0000000718b00000|  0%| F|  |TAMS 0x0000000718a00000, 0x0000000718a00000| Untracked 
| 227|0x0000000718b00000, 0x0000000718b00000, 0x0000000718c00000|  0%| F|  |TAMS 0x0000000718b00000, 0x0000000718b00000| Untracked 
| 228|0x0000000718c00000, 0x0000000718c7b640, 0x0000000718d00000| 48%| E|  |TAMS 0x0000000718c00000, 0x0000000718c00000| Complete 
| 229|0x0000000718d00000, 0x0000000718e00000, 0x0000000718e00000|100%| E|CS|TAMS 0x0000000718d00000, 0x0000000718d00000| Complete 
| 230|0x0000000718e00000, 0x0000000718f00000, 0x0000000718f00000|100%| E|CS|TAMS 0x0000000718e00000, 0x0000000718e00000| Complete 
| 231|0x0000000718f00000, 0x0000000719000000, 0x0000000719000000|100%| E|CS|TAMS 0x0000000718f00000, 0x0000000718f00000| Complete 
| 232|0x0000000719000000, 0x0000000719100000, 0x0000000719100000|100%| E|CS|TAMS 0x0000000719000000, 0x0000000719000000| Complete 
| 233|0x0000000719100000, 0x0000000719200000, 0x0000000719200000|100%| E|CS|TAMS 0x0000000719100000, 0x0000000719100000| Complete 
| 234|0x0000000719200000, 0x0000000719300000, 0x0000000719300000|100%| E|CS|TAMS 0x0000000719200000, 0x0000000719200000| Complete 
| 235|0x0000000719300000, 0x0000000719400000, 0x0000000719400000|100%| E|CS|TAMS 0x0000000719300000, 0x0000000719300000| Complete 
| 236|0x0000000719400000, 0x0000000719500000, 0x0000000719500000|100%| E|CS|TAMS 0x0000000719400000, 0x0000000719400000| Complete 
| 237|0x0000000719500000, 0x0000000719600000, 0x0000000719600000|100%| E|  |TAMS 0x0000000719500000, 0x0000000719500000| Complete 
| 238|0x0000000719600000, 0x0000000719700000, 0x0000000719700000|100%| E|CS|TAMS 0x0000000719600000, 0x0000000719600000| Complete 
| 239|0x0000000719700000, 0x0000000719800000, 0x0000000719800000|100%| E|CS|TAMS 0x0000000719700000, 0x0000000719700000| Complete 
| 240|0x0000000719800000, 0x0000000719900000, 0x0000000719900000|100%| E|CS|TAMS 0x0000000719800000, 0x0000000719800000| Complete 
| 241|0x0000000719900000, 0x0000000719a00000, 0x0000000719a00000|100%| E|CS|TAMS 0x0000000719900000, 0x0000000719900000| Complete 
| 242|0x0000000719a00000, 0x0000000719b00000, 0x0000000719b00000|100%| E|CS|TAMS 0x0000000719a00000, 0x0000000719a00000| Complete 
| 243|0x0000000719b00000, 0x0000000719c00000, 0x0000000719c00000|100%| E|CS|TAMS 0x0000000719b00000, 0x0000000719b00000| Complete 
| 244|0x0000000719c00000, 0x0000000719d00000, 0x0000000719d00000|100%| E|CS|TAMS 0x0000000719c00000, 0x0000000719c00000| Complete 
| 245|0x0000000719d00000, 0x0000000719e00000, 0x0000000719e00000|100%| E|CS|TAMS 0x0000000719d00000, 0x0000000719d00000| Complete 
|2902|0x00000007bfe00000, 0x00000007bfe35000, 0x00000007bff00000| 20%|OA|  |TAMS 0x00000007bfe00000, 0x00000007bfe00000| Untracked 
|2903|0x00000007bff00000, 0x00000007bff6a000, 0x00000007c0000000| 41%|CA|  |TAMS 0x00000007bff00000, 0x00000007bff00000| Untracked 

Card table byte_map: [0x00007fea21ed6000,0x00007fea22682000] _byte_map_base: 0x00007fea1e682000

Marking Bits (Prev, Next): (CMBitMap*) 0x00007fea3c075c48, (CMBitMap*) 0x00007fea3c075c80
 Prev Bits: [0x00007fea182a0000, 0x00007fea1c000000)
 Next Bits: [0x00007fea14540000, 0x00007fea182a0000)

Polling page: 0x00007fea4306f000

Metaspace:

Usage:
  Non-class:      7,80 MB capacity,     6,56 MB ( 84%) used,     1,22 MB ( 16%) free+waste,    14,00 KB ( <1%) overhead. 
      Class:      1,00 MB capacity,   901,45 KB ( 88%) used,   117,55 KB ( 11%) free+waste,     7,00 KB ( <1%) overhead. 
       Both:      8,80 MB capacity,     7,44 MB ( 85%) used,     1,34 MB ( 15%) free+waste,    21,00 KB ( <1%) overhead. 

Virtual space:
  Non-class space:        8,00 MB reserved,       8,00 MB (100%) committed 
      Class space:        1,00 GB reserved,       1,12 MB ( <1%) committed 
             Both:        1,01 GB reserved,       9,12 MB ( <1%) committed 

Chunk freelists:
   Non-Class:  3,88 KB
       Class:  3,75 KB
        Both:  7,62 KB

CodeHeap 'non-profiled nmethods': size=120032Kb used=250Kb max_used=250Kb free=119781Kb
 bounds [0x00007fea2b3d6000, 0x00007fea2b646000, 0x00007fea3290e000]
CodeHeap 'profiled nmethods': size=120028Kb used=1551Kb max_used=1551Kb free=118476Kb
 bounds [0x00007fea23e9f000, 0x00007fea2410f000, 0x00007fea2b3d6000]
CodeHeap 'non-nmethods': size=5700Kb used=1104Kb max_used=1118Kb free=4595Kb
 bounds [0x00007fea2390e000, 0x00007fea23b7e000, 0x00007fea23e9f000]
 total_blobs=1438 nmethods=851 adapters=337
 compilation: enabled
              stopped_count=0, restarted_count=0
 full_count=0

Compilation events (10 events):
Event: 58,396 Thread 0x00007fea3c23f000  847       3       java.nio.channels.spi.AbstractSelector::isOpen (8 bytes)
Event: 58,396 Thread 0x00007fea3c23f000 nmethod 847 0x00007fea2401f290 code [0x00007fea2401f440, 0x00007fea2401f690]
Event: 58,396 Thread 0x00007fea3c23f000  848       3       io.netty.util.concurrent.SingleThreadEventExecutor::pollTaskFrom (22 bytes)
Event: 58,397 Thread 0x00007fea3c23f000 nmethod 848 0x00007fea2401f790 code [0x00007fea2401f960, 0x00007fea2401fd48]
Event: 59,397 Thread 0x00007fea3c23f000  849   !   3       sun.nio.ch.SelectorImpl::processDeregisterQueue (181 bytes)
Event: 59,398 Thread 0x00007fea3c23f000 nmethod 849 0x00007fea2401fe90 code [0x00007fea24020180, 0x00007fea240216a8]
Event: 60,398 Thread 0x00007fea3c23f000  850       3       java.nio.channels.spi.AbstractInterruptibleChannel::blockedOn (10 bytes)
Event: 60,398 Thread 0x00007fea3c23f000 nmethod 850 0x00007fea24021d90 code [0x00007fea24021f80, 0x00007fea24022490]
Event: 60,398 Thread 0x00007fea3c23f000  851       3       java.lang.System$2::blockedOn (5 bytes)
Event: 60,398 Thread 0x00007fea3c23f000 nmethod 851 0x00007fea24022690 code [0x00007fea24022860, 0x00007fea24022c90]

GC Heap History (0 events):
No events

Deoptimization events (7 events):
Event: 4,815 Thread 0x00007fe9d0008800 Uncommon trap: reason=unstable_if action=reinterpret pc=0x00007fea2b3fa640 method=java.lang.StringLatin1.indexOf([BI[BII)I @ 91 c2
Event: 4,819 Thread 0x00007fe9d0008800 Uncommon trap: reason=unstable_if action=reinterpret pc=0x00007fea2b40397c method=java.lang.String.startsWith(Ljava/lang/String;I)Z @ 1 c2
Event: 4,823 Thread 0x00007fe9d0008800 Uncommon trap: reason=class_check action=maybe_recompile pc=0x00007fea2b3e3954 method=java.util.HashMap.putVal(ILjava/lang/Object;Ljava/lang/Object;ZZ)Ljava/lang/Object; @ 253 c2
Event: 4,823 Thread 0x00007fe9d0008800 Uncommon trap: reason=class_check action=maybe_recompile pc=0x00007fea2b3e3954 method=java.util.HashMap.putVal(ILjava/lang/Object;Ljava/lang/Object;ZZ)Ljava/lang/Object; @ 253 c2
Event: 4,823 Thread 0x00007fe9d0008800 Uncommon trap: reason=class_check action=maybe_recompile pc=0x00007fea2b3e3954 method=java.util.HashMap.putVal(ILjava/lang/Object;Ljava/lang/Object;ZZ)Ljava/lang/Object; @ 253 c2
Event: 4,823 Thread 0x00007fe9d0008800 Uncommon trap: reason=class_check action=maybe_recompile pc=0x00007fea2b3e3954 method=java.util.HashMap.putVal(ILjava/lang/Object;Ljava/lang/Object;ZZ)Ljava/lang/Object; @ 253 c2
Event: 4,827 Thread 0x00007fe9d0008800 Uncommon trap: reason=unstable_if action=reinterpret pc=0x00007fea2b3f666c method=java.lang.StringLatin1.indexOf([BI[BII)I @ 91 c2

Classes redefined (0 events):
No events

Internal exceptions (5 events):
Event: 0,162 Thread 0x00007fea3c013000 Exception <a 'java/lang/NoClassDefFoundError'{0x0000000719bb7410}: org/slf4j/LoggerFactory> (0x0000000719bb7410) thrown at [/build/openjdk-11-NtPrSn/openjdk-11-11~24/src/hotspot/share/classfile/systemDictionary.cpp, line 220]
Event: 0,163 Thread 0x00007fea3c013000 Exception <a 'java/lang/NoClassDefFoundError'{0x0000000719bc5618}: org/apache/log4j/Priority> (0x0000000719bc5618) thrown at [/build/openjdk-11-NtPrSn/openjdk-11-11~24/src/hotspot/share/classfile/systemDictionary.cpp, line 220]
Event: 0,164 Thread 0x00007fea3c013000 Exception <a 'java/lang/NoClassDefFoundError'{0x0000000719bcd650}: org/apache/logging/log4j/spi/ExtendedLoggerWrapper> (0x0000000719bcd650) thrown at [/build/openjdk-11-NtPrSn/openjdk-11-11~24/src/hotspot/share/classfile/systemDictionary.cpp, line 220]
Event: 0,254 Thread 0x00007fea3c013000 Exception <a 'java/lang/NoSuchMethodError'{0x00000007198026c0}: java.lang.invoke.DirectMethodHandle$Holder.invokeSpecialIFC(Ljava/lang/Object;Ljava/lang/Object;I)I> (0x00000007198026c0) thrown at [/build/openjdk-11-NtPrSn/openjdk-11-11~24/src/hotspot/shar
Event: 0,275 Thread 0x00007fea3c013000 Exception <a 'java/lang/NoSuchMethodError'{0x0000000719865d88}: java.lang.invoke.DirectMethodHandle$Holder.invokeStaticInit(Ljava/lang/Object;Ljava/lang/Object;Ljava/lang/Object;)Ljava/lang/Object;> (0x0000000719865d88) thrown at [/build/openjdk-11-NtPrSn

Events (10 events):
Event: 52,390 Executing VM operation: RevokeBias
Event: 52,391 Executing VM operation: RevokeBias done
Event: 52,391 Executing VM operation: RevokeBias
Event: 52,391 Executing VM operation: RevokeBias done
Event: 52,391 Executing VM operation: RevokeBias
Event: 52,391 Executing VM operation: RevokeBias done
Event: 52,391 Executing VM operation: RevokeBias
Event: 52,391 Executing VM operation: RevokeBias done
Event: 52,391 Executing VM operation: RevokeBias
Event: 52,391 Executing VM operation: RevokeBias done


Dynamic libraries:
70a800000-719e00000 rw-p 00000000 00:00 0 
719e00000-7bfe00000 ---p 00000000 00:00 0 
7bfe00000-7bfe35000 rw-p 01129000 103:01 466468                          /usr/lib/jvm/java-11-openjdk-amd64/lib/server/classes.jsa
7bfe35000-7bff00000 rw-p 00000000 00:00 0 
7bff00000-7bff6a000 rw-p 010bf000 103:01 466468                          /usr/lib/jvm/java-11-openjdk-amd64/lib/server/classes.jsa
7bff6a000-7c0000000 rw-p 00000000 00:00 0 
7c0000000-800000000 ---p 00000000 00:00 0 
800000000-800002000 rwxp 00001000 103:01 466468                          /usr/lib/jvm/java-11-openjdk-amd64/lib/server/classes.jsa
800002000-8003c1000 rw-p 00003000 103:01 466468                          /usr/lib/jvm/java-11-openjdk-amd64/lib/server/classes.jsa
8003c1000-800aa3000 r--p 003c2000 103:01 466468                          /usr/lib/jvm/java-11-openjdk-amd64/lib/server/classes.jsa
800aa3000-800aa4000 rw-p 00aa4000 103:01 466468                          /usr/lib/jvm/java-11-openjdk-amd64/lib/server/classes.jsa
800aa4000-8010be000 r--p 00aa5000 103:01 466468                          /usr/lib/jvm/java-11-openjdk-amd64/lib/server/classes.jsa
840000000-840120000 rw-p 00000000 00:00 0 
840120000-880000000 ---p 00000000 00:00 0 
563b05744000-563b05745000 r-xp 00000000 103:01 222475                    /usr/lib/jvm/java-11-openjdk-amd64/bin/java
563b05945000-563b05946000 r--p 00001000 103:01 222475                    /usr/lib/jvm/java-11-openjdk-amd64/bin/java
563b05946000-563b05947000 rw-p 00002000 103:01 222475                    /usr/lib/jvm/java-11-openjdk-amd64/bin/java
563b06c5d000-563b06c7e000 rw-p 00000000 00:00 0                          [heap]
7fe9b1ffc000-7fe9b1ffd000 ---p 00000000 00:00 0 
7fe9b1ffd000-7fe9b27fd000 rw-p 00000000 00:00 0 
7fe9b27fd000-7fe9b27fe000 ---p 00000000 00:00 0 
7fe9b27fe000-7fe9b2ffe000 rw-p 00000000 00:00 0 
7fe9b2ffe000-7fe9b2fff000 ---p 00000000 00:00 0 
7fe9b2fff000-7fe9b37ff000 rw-p 00000000 00:00 0 
7fe9b37ff000-7fe9b3800000 ---p 00000000 00:00 0 
7fe9b3800000-7fe9b4000000 rw-p 00000000 00:00 0 
7fe9b4000000-7fe9b4021000 rw-p 00000000 00:00 0 
7fe9b4021000-7fe9b8000000 ---p 00000000 00:00 0 
7fe9b8000000-7fe9b8021000 rw-p 00000000 00:00 0 
7fe9b8021000-7fe9bc000000 ---p 00000000 00:00 0 
7fe9bc000000-7fe9bc021000 rw-p 00000000 00:00 0 
7fe9bc021000-7fe9c0000000 ---p 00000000 00:00 0 
7fe9c4000000-7fe9c4021000 rw-p 00000000 00:00 0 
7fe9c4021000-7fe9c8000000 ---p 00000000 00:00 0 
7fe9c8ffc000-7fe9caffe000 rw-p 00000000 00:00 0 
7fe9caffe000-7fe9cafff000 ---p 00000000 00:00 0 
7fe9cafff000-7fe9cb7ff000 rw-p 00000000 00:00 0 
7fe9cb7ff000-7fe9cb800000 ---p 00000000 00:00 0 
7fe9cb800000-7fe9cc000000 rw-p 00000000 00:00 0 
7fe9cc000000-7fe9cc021000 rw-p 00000000 00:00 0 
7fe9cc021000-7fe9d0000000 ---p 00000000 00:00 0 
7fe9d0000000-7fe9d0021000 rw-p 00000000 00:00 0 
7fe9d0021000-7fe9d4000000 ---p 00000000 00:00 0 
7fe9d4000000-7fe9d4021000 rw-p 00000000 00:00 0 
7fe9d4021000-7fe9d8000000 ---p 00000000 00:00 0 
7fe9d8000000-7fe9d8021000 rw-p 00000000 00:00 0 
7fe9d8021000-7fe9dc000000 ---p 00000000 00:00 0 
7fe9dc000000-7fe9dc021000 rw-p 00000000 00:00 0 
7fe9dc021000-7fe9e0000000 ---p 00000000 00:00 0 
7fe9e0000000-7fe9e048c000 rw-p 00000000 00:00 0 
7fe9e048c000-7fe9e4000000 ---p 00000000 00:00 0 
7fe9e4000000-7fe9e431e000 rw-p 00000000 00:00 0 
7fe9e431e000-7fe9e8000000 ---p 00000000 00:00 0 
7fe9e8000000-7fe9e8021000 rw-p 00000000 00:00 0 
7fe9e8021000-7fe9ec000000 ---p 00000000 00:00 0 
7fe9ec000000-7fe9ec021000 rw-p 00000000 00:00 0 
7fe9ec021000-7fe9f0000000 ---p 00000000 00:00 0 
7fe9f0000000-7fe9f0288000 rw-p 00000000 00:00 0 
7fe9f0288000-7fe9f4000000 ---p 00000000 00:00 0 
7fe9f4000000-7fe9f4021000 rw-p 00000000 00:00 0 
7fe9f4021000-7fe9f8000000 ---p 00000000 00:00 0 
7fe9f8000000-7fe9f8021000 rw-p 00000000 00:00 0 
7fe9f8021000-7fe9fc000000 ---p 00000000 00:00 0 
7fe9fc000000-7fe9fc021000 rw-p 00000000 00:00 0 
7fe9fc021000-7fea00000000 ---p 00000000 00:00 0 
7fea00000000-7fea00021000 rw-p 00000000 00:00 0 
7fea00021000-7fea04000000 ---p 00000000 00:00 0 
7fea04000000-7fea04021000 rw-p 00000000 00:00 0 
7fea04021000-7fea08000000 ---p 00000000 00:00 0 
7fea08000000-7fea08021000 rw-p 00000000 00:00 0 
7fea08021000-7fea0c000000 ---p 00000000 00:00 0 
7fea0c163000-7fea0c167000 ---p 00000000 00:00 0 
7fea0c167000-7fea0c264000 rw-p 00000000 00:00 0 
7fea0c264000-7fea0c93f000 r-xp 00000000 103:01 5767714                   /tmp/librocksdbjni9581981371471837709.so
7fea0c93f000-7fea0cb3f000 ---p 006db000 103:01 5767714                   /tmp/librocksdbjni9581981371471837709.so
7fea0cb3f000-7fea0cb5b000 rw-p 006db000 103:01 5767714                   /tmp/librocksdbjni9581981371471837709.so
7fea0cb5b000-7fea0cb63000 rw-p 00000000 00:00 0 
7fea0cb63000-7fea0cb67000 ---p 00000000 00:00 0 
7fea0cb67000-7fea0cc64000 rw-p 00000000 00:00 0 
7fea0cc64000-7fea0cc69000 r-xp 00000000 103:01 470772                    /usr/lib/jvm/java-11-openjdk-amd64/lib/libmanagement_ext.so
7fea0cc69000-7fea0ce68000 ---p 00005000 103:01 470772                    /usr/lib/jvm/java-11-openjdk-amd64/lib/libmanagement_ext.so
7fea0ce68000-7fea0ce69000 r--p 00004000 103:01 470772                    /usr/lib/jvm/java-11-openjdk-amd64/lib/libmanagement_ext.so
7fea0ce69000-7fea0ce6a000 rw-p 00005000 103:01 470772                    /usr/lib/jvm/java-11-openjdk-amd64/lib/libmanagement_ext.so
7fea0ce6a000-7fea0ce6e000 r-xp 00000000 103:01 470769                    /usr/lib/jvm/java-11-openjdk-amd64/lib/libmanagement.so
7fea0ce6e000-7fea0d06d000 ---p 00004000 103:01 470769                    /usr/lib/jvm/java-11-openjdk-amd64/lib/libmanagement.so
7fea0d06d000-7fea0d06e000 r--p 00003000 103:01 470769                    /usr/lib/jvm/java-11-openjdk-amd64/lib/libmanagement.so
7fea0d06e000-7fea0d06f000 rw-p 00004000 103:01 470769                    /usr/lib/jvm/java-11-openjdk-amd64/lib/libmanagement.so
7fea0d06f000-7fea0d071000 r-xp 00000000 103:01 470750                    /usr/lib/jvm/java-11-openjdk-amd64/lib/libextnet.so
7fea0d071000-7fea0d270000 ---p 00002000 103:01 470750                    /usr/lib/jvm/java-11-openjdk-amd64/lib/libextnet.so
7fea0d270000-7fea0d271000 r--p 00001000 103:01 470750                    /usr/lib/jvm/java-11-openjdk-amd64/lib/libextnet.so
7fea0d271000-7fea0d272000 rw-p 00002000 103:01 470750                    /usr/lib/jvm/java-11-openjdk-amd64/lib/libextnet.so
7fea0d272000-7fea0d273000 ---p 00000000 00:00 0 
7fea0d273000-7fea0d374000 rw-p 00000000 00:00 0 
7fea0d374000-7fea0d378000 ---p 00000000 00:00 0 
7fea0d378000-7fea0d475000 rw-p 00000000 00:00 0 
7fea0d475000-7fea0d479000 ---p 00000000 00:00 0 
7fea0d479000-7fea0d576000 rw-p 00000000 00:00 0 
7fea0d576000-7fea0d57a000 ---p 00000000 00:00 0 
7fea0d57a000-7fea0d677000 rw-p 00000000 00:00 0 
7fea0d677000-7fea0d68d000 r-xp 00000000 103:01 470774                    /usr/lib/jvm/java-11-openjdk-amd64/lib/libnet.so
7fea0d68d000-7fea0d88c000 ---p 00016000 103:01 470774                    /usr/lib/jvm/java-11-openjdk-amd64/lib/libnet.so
7fea0d88c000-7fea0d88d000 r--p 00015000 103:01 470774                    /usr/lib/jvm/java-11-openjdk-amd64/lib/libnet.so
7fea0d88d000-7fea0d88e000 rw-p 00016000 103:01 470774                    /usr/lib/jvm/java-11-openjdk-amd64/lib/libnet.so
7fea0d88e000-7fea0d89e000 r-xp 00000000 103:01 470775                    /usr/lib/jvm/java-11-openjdk-amd64/lib/libnio.so
7fea0d89e000-7fea0da9d000 ---p 00010000 103:01 470775                    /usr/lib/jvm/java-11-openjdk-amd64/lib/libnio.so
7fea0da9d000-7fea0da9e000 r--p 0000f000 103:01 470775                    /usr/lib/jvm/java-11-openjdk-amd64/lib/libnio.so
7fea0da9e000-7fea0da9f000 rw-p 00010000 103:01 470775                    /usr/lib/jvm/java-11-openjdk-amd64/lib/libnio.so
7fea0da9f000-7fea0daa3000 ---p 00000000 00:00 0 
7fea0daa3000-7fea0dba0000 rw-p 00000000 00:00 0 
7fea0dba0000-7fea0e000000 r--p 00000000 103:01 200546                    /usr/lib/locale/locale-archive
7fea0e000000-7fea10000000 rw-p 00000000 00:00 0 
7fea10000000-7fea10021000 rw-p 00000000 00:00 0 
7fea10021000-7fea14000000 ---p 00000000 00:00 0 
7fea1403b000-7fea1403f000 ---p 00000000 00:00 0 
7fea1403f000-7fea1413c000 rw-p 00000000 00:00 0 
7fea1413c000-7fea14140000 ---p 00000000 00:00 0 
7fea14140000-7fea1423d000 rw-p 00000000 00:00 0 
7fea1423d000-7fea14241000 ---p 00000000 00:00 0 
7fea14241000-7fea1433e000 rw-p 00000000 00:00 0 
7fea1433e000-7fea14342000 ---p 00000000 00:00 0 
7fea14342000-7fea1443f000 rw-p 00000000 00:00 0 
7fea1443f000-7fea14443000 ---p 00000000 00:00 0 
7fea14443000-7fea14918000 rw-p 00000000 00:00 0 
7fea14918000-7fea17298000 ---p 00000000 00:00 0 
7fea17298000-7fea172a0000 rw-p 00000000 00:00 0 
7fea172a0000-7fea182a0000 ---p 00000000 00:00 0 
7fea182a0000-7fea18678000 rw-p 00000000 00:00 0 
7fea18678000-7fea1aff8000 ---p 00000000 00:00 0 
7fea1aff8000-7fea1b000000 rw-p 00000000 00:00 0 
7fea1b000000-7fea1c000000 ---p 00000000 00:00 0 
7fea1c000000-7fea1c021000 rw-p 00000000 00:00 0 
7fea1c021000-7fea20000000 ---p 00000000 00:00 0 
7fea20019000-7fea2001d000 ---p 00000000 00:00 0 
7fea2001d000-7fea2011a000 rw-p 00000000 00:00 0 
7fea2011a000-7fea2011b000 ---p 00000000 00:00 0 
7fea2011b000-7fea20a1c000 rw-p 00000000 00:00 0 
7fea20a1c000-7fea20a1d000 ---p 00000000 00:00 0 
7fea20a1d000-7fea20b1e000 rw-p 00000000 00:00 0 
7fea20b1e000-7fea20b1f000 ---p 00000000 00:00 0 
7fea20b1f000-7fea21428000 rw-p 00000000 00:00 0 
7fea21428000-7fea21429000 ---p 00000000 00:00 0 
7fea21429000-7fea2152a000 rw-p 00000000 00:00 0 
7fea2152a000-7fea2152b000 ---p 00000000 00:00 0 
7fea2152b000-7fea217a5000 rw-p 00000000 00:00 0 
7fea217a5000-7fea21cd5000 ---p 00000000 00:00 0 
7fea21cd5000-7fea21cd6000 rw-p 00000000 00:00 0 
7fea21cd6000-7fea21ed6000 ---p 00000000 00:00 0 
7fea21ed6000-7fea21f51000 rw-p 00000000 00:00 0 
7fea21f51000-7fea22481000 ---p 00000000 00:00 0 
7fea22481000-7fea22482000 rw-p 00000000 00:00 0 
7fea22482000-7fea22682000 ---p 00000000 00:00 0 
7fea22682000-7fea226fd000 rw-p 00000000 00:00 0 
7fea226fd000-7fea22c2d000 ---p 00000000 00:00 0 
7fea22c2d000-7fea22c2e000 rw-p 00000000 00:00 0 
7fea22c2e000-7fea22e2e000 ---p 00000000 00:00 0 
7fea22e2e000-7fea23636000 rw-p 00000000 00:00 0 
7fea23636000-7fea23637000 ---p 00000000 00:00 0 
7fea23637000-7fea2373d000 rw-p 00000000 00:00 0 
7fea2373d000-7fea23823000 ---p 00000000 00:00 0 
7fea23823000-7fea23828000 rw-p 00000000 00:00 0 
7fea23828000-7fea2390e000 ---p 00000000 00:00 0 
7fea2390e000-7fea23b7e000 rwxp 00000000 00:00 0 
7fea23b7e000-7fea23e9f000 ---p 00000000 00:00 0 
7fea23e9f000-7fea2410f000 rwxp 00000000 00:00 0 
7fea2410f000-7fea2b3d6000 ---p 00000000 00:00 0 
7fea2b3d6000-7fea2b646000 rwxp 00000000 00:00 0 
7fea2b646000-7fea3290e000 ---p 00000000 00:00 0 
7fea3290e000-7fea3af78000 r--s 00000000 103:01 470784                    /usr/lib/jvm/java-11-openjdk-amd64/lib/modules
7fea3af78000-7fea3af7d000 r-xp 00000000 103:01 470765                    /usr/lib/jvm/java-11-openjdk-amd64/lib/libjimage.so
7fea3af7d000-7fea3b17c000 ---p 00005000 103:01 470765                    /usr/lib/jvm/java-11-openjdk-amd64/lib/libjimage.so
7fea3b17c000-7fea3b17d000 r--p 00004000 103:01 470765                    /usr/lib/jvm/java-11-openjdk-amd64/lib/libjimage.so
7fea3b17d000-7fea3b17e000 rw-p 00005000 103:01 470765                    /usr/lib/jvm/java-11-openjdk-amd64/lib/libjimage.so
7fea3b17e000-7fea3b185000 r-xp 00000000 103:01 470783                    /usr/lib/jvm/java-11-openjdk-amd64/lib/libzip.so
7fea3b185000-7fea3b384000 ---p 00007000 103:01 470783                    /usr/lib/jvm/java-11-openjdk-amd64/lib/libzip.so
7fea3b384000-7fea3b385000 r--p 00006000 103:01 470783                    /usr/lib/jvm/java-11-openjdk-amd64/lib/libzip.so
7fea3b385000-7fea3b386000 rw-p 00007000 103:01 470783                    /usr/lib/jvm/java-11-openjdk-amd64/lib/libzip.so
7fea3b386000-7fea3b391000 r-xp 00000000 103:01 299919                    /lib/x86_64-linux-gnu/libnss_files-2.27.so
7fea3b391000-7fea3b590000 ---p 0000b000 103:01 299919                    /lib/x86_64-linux-gnu/libnss_files-2.27.so
7fea3b590000-7fea3b591000 r--p 0000a000 103:01 299919                    /lib/x86_64-linux-gnu/libnss_files-2.27.so
7fea3b591000-7fea3b592000 rw-p 0000b000 103:01 299919                    /lib/x86_64-linux-gnu/libnss_files-2.27.so
7fea3b592000-7fea3b598000 rw-p 00000000 00:00 0 
7fea3b598000-7fea3b5af000 r-xp 00000000 103:01 299916                    /lib/x86_64-linux-gnu/libnsl-2.27.so
7fea3b5af000-7fea3b7ae000 ---p 00017000 103:01 299916                    /lib/x86_64-linux-gnu/libnsl-2.27.so
7fea3b7ae000-7fea3b7af000 r--p 00016000 103:01 299916                    /lib/x86_64-linux-gnu/libnsl-2.27.so
7fea3b7af000-7fea3b7b0000 rw-p 00017000 103:01 299916                    /lib/x86_64-linux-gnu/libnsl-2.27.so
7fea3b7b0000-7fea3b7b2000 rw-p 00000000 00:00 0 
7fea3b7b2000-7fea3b7bd000 r-xp 00000000 103:01 299921                    /lib/x86_64-linux-gnu/libnss_nis-2.27.so
7fea3b7bd000-7fea3b9bc000 ---p 0000b000 103:01 299921                    /lib/x86_64-linux-gnu/libnss_nis-2.27.so
7fea3b9bc000-7fea3b9bd000 r--p 0000a000 103:01 299921                    /lib/x86_64-linux-gnu/libnss_nis-2.27.so
7fea3b9bd000-7fea3b9be000 rw-p 0000b000 103:01 299921                    /lib/x86_64-linux-gnu/libnss_nis-2.27.so
7fea3b9be000-7fea3b9c6000 r-xp 00000000 103:01 299917                    /lib/x86_64-linux-gnu/libnss_compat-2.27.so
7fea3b9c6000-7fea3bbc6000 ---p 00008000 103:01 299917                    /lib/x86_64-linux-gnu/libnss_compat-2.27.so
7fea3bbc6000-7fea3bbc7000 r--p 00008000 103:01 299917                    /lib/x86_64-linux-gnu/libnss_compat-2.27.so
7fea3bbc7000-7fea3bbc8000 rw-p 00009000 103:01 299917                    /lib/x86_64-linux-gnu/libnss_compat-2.27.so
7fea3bbc8000-7fea3bbd2000 r-xp 00000000 103:01 470753                    /usr/lib/jvm/java-11-openjdk-amd64/lib/libinstrument.so
7fea3bbd2000-7fea3bdd1000 ---p 0000a000 103:01 470753                    /usr/lib/jvm/java-11-openjdk-amd64/lib/libinstrument.so
7fea3bdd1000-7fea3bdd2000 r--p 00009000 103:01 470753                    /usr/lib/jvm/java-11-openjdk-amd64/lib/libinstrument.so
7fea3bdd2000-7fea3bdd3000 rw-p 0000a000 103:01 470753                    /usr/lib/jvm/java-11-openjdk-amd64/lib/libinstrument.so
7fea3bdd3000-7fea3bdfe000 r-xp 00000000 103:01 470761                    /usr/lib/jvm/java-11-openjdk-amd64/lib/libjava.so
7fea3bdfe000-7fea3bffd000 ---p 0002b000 103:01 470761                    /usr/lib/jvm/java-11-openjdk-amd64/lib/libjava.so
7fea3bffd000-7fea3bffe000 r--p 0002a000 103:01 470761                    /usr/lib/jvm/java-11-openjdk-amd64/lib/libjava.so
7fea3bffe000-7fea3c000000 rw-p 0002b000 103:01 470761                    /usr/lib/jvm/java-11-openjdk-amd64/lib/libjava.so
7fea3c000000-7fea3c57c000 rw-p 00000000 00:00 0 
7fea3c57c000-7fea40000000 ---p 00000000 00:00 0 
7fea4009b000-7fea400a8000 r-xp 00000000 103:01 470782                    /usr/lib/jvm/java-11-openjdk-amd64/lib/libverify.so
7fea400a8000-7fea402a7000 ---p 0000d000 103:01 470782                    /usr/lib/jvm/java-11-openjdk-amd64/lib/libverify.so
7fea402a7000-7fea402a9000 r--p 0000c000 103:01 470782                    /usr/lib/jvm/java-11-openjdk-amd64/lib/libverify.so
7fea402a9000-7fea402aa000 rw-p 0000e000 103:01 470782                    /usr/lib/jvm/java-11-openjdk-amd64/lib/libverify.so
7fea402aa000-7fea402b1000 r-xp 00000000 103:01 299926                    /lib/x86_64-linux-gnu/librt-2.27.so
7fea402b1000-7fea404b0000 ---p 00007000 103:01 299926                    /lib/x86_64-linux-gnu/librt-2.27.so
7fea404b0000-7fea404b1000 r--p 00006000 103:01 299926                    /lib/x86_64-linux-gnu/librt-2.27.so
7fea404b1000-7fea404b2000 rw-p 00007000 103:01 299926                    /lib/x86_64-linux-gnu/librt-2.27.so
7fea404b2000-7fea404c9000 r-xp 00000000 103:01 299962                    /lib/x86_64-linux-gnu/libgcc_s.so.1
7fea404c9000-7fea406c8000 ---p 00017000 103:01 299962                    /lib/x86_64-linux-gnu/libgcc_s.so.1
7fea406c8000-7fea406c9000 r--p 00016000 103:01 299962                    /lib/x86_64-linux-gnu/libgcc_s.so.1
7fea406c9000-7fea406ca000 rw-p 00017000 103:01 299962                    /lib/x86_64-linux-gnu/libgcc_s.so.1
7fea406ca000-7fea40867000 r-xp 00000000 103:01 299913                    /lib/x86_64-linux-gnu/libm-2.27.so
7fea40867000-7fea40a66000 ---p 0019d000 103:01 299913                    /lib/x86_64-linux-gnu/libm-2.27.so
7fea40a66000-7fea40a67000 r--p 0019c000 103:01 299913                    /lib/x86_64-linux-gnu/libm-2.27.so
7fea40a67000-7fea40a68000 rw-p 0019d000 103:01 299913                    /lib/x86_64-linux-gnu/libm-2.27.so
7fea40a68000-7fea40be6000 r-xp 00000000 103:01 204775                    /usr/lib/x86_64-linux-gnu/libstdc++.so.6.0.25
7fea40be6000-7fea40de6000 ---p 0017e000 103:01 204775                    /usr/lib/x86_64-linux-gnu/libstdc++.so.6.0.25
7fea40de6000-7fea40df0000 r--p 0017e000 103:01 204775                    /usr/lib/x86_64-linux-gnu/libstdc++.so.6.0.25
7fea40df0000-7fea40df2000 rw-p 00188000 103:01 204775                    /usr/lib/x86_64-linux-gnu/libstdc++.so.6.0.25
7fea40df2000-7fea40df6000 rw-p 00000000 00:00 0 
7fea40df6000-7fea41eb8000 r-xp 00000000 103:01 470788                    /usr/lib/jvm/java-11-openjdk-amd64/lib/server/libjvm.so
7fea41eb8000-7fea420b7000 ---p 010c2000 103:01 470788                    /usr/lib/jvm/java-11-openjdk-amd64/lib/server/libjvm.so
7fea420b7000-7fea4217e000 r--p 010c1000 103:01 470788                    /usr/lib/jvm/java-11-openjdk-amd64/lib/server/libjvm.so
7fea4217e000-7fea421b7000 rw-p 01188000 103:01 470788                    /usr/lib/jvm/java-11-openjdk-amd64/lib/server/libjvm.so
7fea421b7000-7fea4220a000 rw-p 00000000 00:00 0 
7fea4220a000-7fea42224000 r-xp 00000000 103:01 299924                    /lib/x86_64-linux-gnu/libpthread-2.27.so
7fea42224000-7fea42423000 ---p 0001a000 103:01 299924                    /lib/x86_64-linux-gnu/libpthread-2.27.so
7fea42423000-7fea42424000 r--p 00019000 103:01 299924                    /lib/x86_64-linux-gnu/libpthread-2.27.so
7fea42424000-7fea42425000 rw-p 0001a000 103:01 299924                    /lib/x86_64-linux-gnu/libpthread-2.27.so
7fea42425000-7fea42429000 rw-p 00000000 00:00 0 
7fea42429000-7fea4242c000 r-xp 00000000 103:01 299912                    /lib/x86_64-linux-gnu/libdl-2.27.so
7fea4242c000-7fea4262b000 ---p 00003000 103:01 299912                    /lib/x86_64-linux-gnu/libdl-2.27.so
7fea4262b000-7fea4262c000 r--p 00002000 103:01 299912                    /lib/x86_64-linux-gnu/libdl-2.27.so
7fea4262c000-7fea4262d000 rw-p 00003000 103:01 299912                    /lib/x86_64-linux-gnu/libdl-2.27.so
7fea4262d000-7fea42649000 r-xp 00000000 103:01 299938                    /lib/x86_64-linux-gnu/libz.so.1.2.11
7fea42649000-7fea42848000 ---p 0001c000 103:01 299938                    /lib/x86_64-linux-gnu/libz.so.1.2.11
7fea42848000-7fea42849000 r--p 0001b000 103:01 299938                    /lib/x86_64-linux-gnu/libz.so.1.2.11
7fea42849000-7fea4284a000 rw-p 0001c000 103:01 299938                    /lib/x86_64-linux-gnu/libz.so.1.2.11
7fea4284a000-7fea42a31000 r-xp 00000000 103:01 299909                    /lib/x86_64-linux-gnu/libc-2.27.so
7fea42a31000-7fea42c31000 ---p 001e7000 103:01 299909                    /lib/x86_64-linux-gnu/libc-2.27.so
7fea42c31000-7fea42c35000 r--p 001e7000 103:01 299909                    /lib/x86_64-linux-gnu/libc-2.27.so
7fea42c35000-7fea42c37000 rw-p 001eb000 103:01 299909                    /lib/x86_64-linux-gnu/libc-2.27.so
7fea42c37000-7fea42c3b000 rw-p 00000000 00:00 0 
7fea42c3b000-7fea42c4a000 r-xp 00000000 103:01 470742                    /usr/lib/jvm/java-11-openjdk-amd64/lib/jli/libjli.so
7fea42c4a000-7fea42e4a000 ---p 0000f000 103:01 470742                    /usr/lib/jvm/java-11-openjdk-amd64/lib/jli/libjli.so
7fea42e4a000-7fea42e4b000 r--p 0000f000 103:01 470742                    /usr/lib/jvm/java-11-openjdk-amd64/lib/jli/libjli.so
7fea42e4b000-7fea42e4c000 rw-p 00010000 103:01 470742                    /usr/lib/jvm/java-11-openjdk-amd64/lib/jli/libjli.so
7fea42e4c000-7fea42e73000 r-xp 00000000 103:01 299905                    /lib/x86_64-linux-gnu/ld-2.27.so
7fea42e76000-7fea42f52000 rw-p 00000000 00:00 0 
7fea42f52000-7fea42f56000 ---p 00000000 00:00 0 
7fea42f56000-7fea43055000 rw-p 00000000 00:00 0 
7fea4305b000-7fea43060000 rw-p 00000000 00:00 0 
7fea43060000-7fea43067000 ---p 00000000 00:00 0 
7fea43067000-7fea4306f000 rw-s 00000000 103:01 5767636                   /tmp/hsperfdata_lap11852/22213
7fea4306f000-7fea43070000 ---p 00000000 00:00 0 
7fea43070000-7fea43071000 r--p 00000000 00:00 0 
7fea43071000-7fea43073000 rw-p 00000000 00:00 0 
7fea43073000-7fea43074000 r--p 00027000 103:01 299905                    /lib/x86_64-linux-gnu/ld-2.27.so
7fea43074000-7fea43075000 rw-p 00028000 103:01 299905                    /lib/x86_64-linux-gnu/ld-2.27.so
7fea43075000-7fea43076000 rw-p 00000000 00:00 0 
7ffcb18cb000-7ffcb18ec000 rw-p 00000000 00:00 0                          [stack]
7ffcb195b000-7ffcb195e000 r--p 00000000 00:00 0                          [vvar]
7ffcb195e000-7ffcb1960000 r-xp 00000000 00:00 0                          [vdso]
ffffffffff600000-ffffffffff601000 r-xp 00000000 00:00 0                  [vsyscall]


VM Arguments:
jvm_args: -javaagent:/home/lap11852/Downloads/ideaIC-2018.2.1/idea-IC-182.3911.36/lib/idea_rt.jar=43473:/home/lap11852/Downloads/ideaIC-2018.2.1/idea-IC-182.3911.36/bin -Dfile.encoding=UTF-8 
java_command: server.NettyServer
java_class_path (initial): /home/lap11852/Desktop/LetChat/target/classes:/home/lap11852/.m2/repository/com/google/protobuf/protobuf-java/3.6.1/protobuf-java-3.6.1.jar:/home/lap11852/.m2/repository/io/netty/netty-all/4.1.29.Final/netty-all-4.1.29.Final.jar:/home/lap11852/.m2/repository/org/rocksdb/rocksdbjni/5.14.2/rocksdbjni-5.14.2.jar
Launcher Type: SUN_STANDARD

[Global flags]
     intx CICompilerCount                          = 4                                         {product} {ergonomic}
     uint ConcGCThreads                            = 2                                         {product} {ergonomic}
     uint G1ConcRefinementThreads                  = 8                                         {product} {ergonomic}
   size_t G1HeapRegionSize                         = 1048576                                   {product} {ergonomic}
    uintx GCDrainStackTargetSize                   = 64                                        {product} {ergonomic}
   size_t InitialHeapSize                          = 257949696                                 {product} {ergonomic}
   size_t MarkStackSize                            = 4194304                                   {product} {ergonomic}
   size_t MaxHeapSize                              = 4118806528                                {product} {ergonomic}
   size_t MaxNewSize                               = 2470445056                                {product} {ergonomic}
   size_t MinHeapDeltaBytes                        = 1048576                                   {product} {ergonomic}
    uintx NonNMethodCodeHeapSize                   = 5835340                                {pd product} {ergonomic}
    uintx NonProfiledCodeHeapSize                  = 122911450                              {pd product} {ergonomic}
    uintx ProfiledCodeHeapSize                     = 122911450                              {pd product} {ergonomic}
    uintx ReservedCodeCacheSize                    = 251658240                              {pd product} {ergonomic}
     bool SegmentedCodeCache                       = true                                      {product} {ergonomic}
     bool UseCompressedClassPointers               = true                                 {lp64_product} {ergonomic}
     bool UseCompressedOops                        = true                                 {lp64_product} {ergonomic}
     bool UseG1GC                                  = true                                      {product} {ergonomic}

Logging:
Log output configuration:
 #0: stdout all=warning uptime,level,tags
 #1: stderr all=off uptime,level,tags

Environment Variables:
JAVA_HOME=/usr/lib/jvm/java-11-openjdk-amd64
PATH=/home/lap11852/bin:/home/lap11852/.local/bin:/usr/local/sbin:/usr/local/bin:/usr/sbin:/usr/bin:/sbin:/bin:/usr/games:/usr/local/games:/usr/lib/jvm/java-11-openjdk-amd64:/snap/bin
USERNAME=lap11852
SHELL=/usr/bin/zsh
DISPLAY=:0

Signal Handlers:
SIGSEGV: [libjvm.so+0xe1c4e0], sa_mask[0]=11111111011111111101111111111110, sa_flags=SA_RESTART|SA_SIGINFO
SIGBUS: [libjvm.so+0xe1c4e0], sa_mask[0]=11111111011111111101111111111110, sa_flags=SA_RESTART|SA_SIGINFO
SIGFPE: [libjvm.so+0xe1c4e0], sa_mask[0]=11111111011111111101111111111110, sa_flags=SA_RESTART|SA_SIGINFO
SIGPIPE: [libjvm.so+0xbefca0], sa_mask[0]=11111111011111111101111111111110, sa_flags=SA_RESTART|SA_SIGINFO
SIGXFSZ: [libjvm.so+0xbefca0], sa_mask[0]=11111111011111111101111111111110, sa_flags=SA_RESTART|SA_SIGINFO
SIGILL: [libjvm.so+0xe1c4e0], sa_mask[0]=11111111011111111101111111111110, sa_flags=SA_RESTART|SA_SIGINFO
SIGUSR2: [libjvm.so+0xbefb40], sa_mask[0]=00100000000000000000000000000000, sa_flags=SA_RESTART|SA_SIGINFO
SIGHUP: [libjvm.so+0xbefea0], sa_mask[0]=11111111011111111101111111111110, sa_flags=SA_RESTART|SA_SIGINFO
SIGINT: [libjvm.so+0xbefea0], sa_mask[0]=11111111011111111101111111111110, sa_flags=SA_RESTART|SA_SIGINFO
SIGTERM: [libjvm.so+0xbefea0], sa_mask[0]=11111111011111111101111111111110, sa_flags=SA_RESTART|SA_SIGINFO
SIGQUIT: [libjvm.so+0xbefea0], sa_mask[0]=11111111011111111101111111111110, sa_flags=SA_RESTART|SA_SIGINFO


---------------  S Y S T E M  ---------------

OS:DISTRIB_ID=Ubuntu
DISTRIB_RELEASE=18.04
DISTRIB_CODENAME=bionic
DISTRIB_DESCRIPTION="Ubuntu 18.04.1 LTS"
uname:Linux 4.15.0-33-generic #36-Ubuntu SMP Wed Aug 15 16:00:05 UTC 2018 x86_64
libc:glibc 2.27 NPTL 2.27 
rlimit: STACK 8192k, CORE 0k, NPROC 62592, NOFILE 1048576, AS infinity, DATA infinity, FSIZE infinity
load average:1,39 1,46 1,31

/proc/meminfo:
MemTotal:       16084300 kB
MemFree:         6300400 kB
MemAvailable:   10052608 kB
Buffers:          568904 kB
Cached:          3709944 kB
SwapCached:            0 kB
Active:          6795976 kB
Inactive:        2229924 kB
Active(anon):    4749520 kB
Inactive(anon):   578372 kB
Active(file):    2046456 kB
Inactive(file):  1651552 kB
Unevictable:         180 kB
Mlocked:             180 kB
SwapTotal:      16431100 kB
SwapFree:       16431100 kB
Dirty:             15844 kB
Writeback:           260 kB
AnonPages:       4747384 kB
Mapped:           645728 kB
Shmem:            580844 kB
Slab:             535136 kB
SReclaimable:     394436 kB
SUnreclaim:       140700 kB
KernelStack:       21408 kB
PageTables:        87368 kB
NFS_Unstable:          0 kB
Bounce:                0 kB
WritebackTmp:          0 kB
CommitLimit:    24473248 kB
Committed_AS:   16982872 kB
VmallocTotal:   34359738367 kB
VmallocUsed:           0 kB
VmallocChunk:          0 kB
HardwareCorrupted:     0 kB
AnonHugePages:         0 kB
ShmemHugePages:        0 kB
ShmemPmdMapped:        0 kB
CmaTotal:              0 kB
CmaFree:               0 kB
HugePages_Total:       0
HugePages_Free:        0
HugePages_Rsvd:        0
HugePages_Surp:        0
Hugepagesize:       2048 kB
DirectMap4k:      386004 kB
DirectMap2M:    10803200 kB
DirectMap1G:     6291456 kB


/proc/sys/kernel/threads-max (system-wide limit on the number of threads):
125185


/proc/sys/vm/max_map_count (maximum number of memory map areas a process may have):
65530


/proc/sys/kernel/pid_max (system-wide limit on number of process identifiers):
32768


container (cgroup) information:
container_type: cgroupv1
cpu_cpuset_cpus: 0-7
cpu_memory_nodes: 0
active_processor_count: 8
cpu_quota: -1
cpu_period: 100000
cpu_shares: -1
memory_limit_in_bytes: -1
memory_and_swap_limit_in_bytes: -2
memory_soft_limit_in_bytes: -1
memory_usage_in_bytes: 7631962112
memory_max_usage_in_bytes: 8578347008


CPU:total 8 (initial active 8) (4 cores per cpu, 2 threads per core) family 6 model 142 stepping 10, cmov, cx8, fxsr, mmx, sse, sse2, sse3, ssse3, sse4.1, sse4.2, popcnt, avx, avx2, aes, clmul, erms, 3dnowpref, lzcnt, ht, tsc, tscinvbit, bmi1, bmi2, adx, fma
CPU Model and flags from /proc/cpuinfo:
model name	: Intel(R) Core(TM) i5-8250U CPU @ 1.60GHz
flags		: fpu vme de pse tsc msr pae mce cx8 apic sep mtrr pge mca cmov pat pse36 clflush dts acpi mmx fxsr sse sse2 ss ht tm pbe syscall nx pdpe1gb rdtscp lm constant_tsc art arch_perfmon pebs bts rep_good nopl xtopology nonstop_tsc cpuid aperfmperf tsc_known_freq pni pclmulqdq dtes64 monitor ds_cpl vmx est tm2 ssse3 sdbg fma cx16 xtpr pdcm pcid sse4_1 sse4_2 x2apic movbe popcnt tsc_deadline_timer aes xsave avx f16c rdrand lahf_lm abm 3dnowprefetch cpuid_fault epb invpcid_single pti ssbd ibrs ibpb stibp tpr_shadow vnmi flexpriority ept vpid fsgsbase tsc_adjust bmi1 avx2 smep bmi2 erms invpcid mpx rdseed adx smap clflushopt intel_pt xsaveopt xsavec xgetbv1 xsaves dtherm ida arat pln pts hwp hwp_notify hwp_act_window hwp_epp flush_l1d

Memory: 4k page, physical 16084300k(6300400k free), swap 16431100k(16431100k free)

vm_info: OpenJDK 64-Bit Server VM (11+24-Ubuntu-118.04) for linux-amd64 JRE (11+24-Ubuntu-118.04), built on Jul 27 2018 09:43:54 by "buildd" with gcc 7.3.0

END.
