#
# A fatal error has been detected by the Java Runtime Environment:
#
#  SIGSEGV (0xb) at pc=0x00007ff9c65904a6, pid=22679, tid=22986
#
# JRE version: OpenJDK Runtime Environment (11.0+24) (build 11+24-Ubuntu-118.04)
# Java VM: OpenJDK 64-Bit Server VM (11+24-Ubuntu-118.04, mixed mode, sharing, tiered, compressed oops, g1 gc, linux-amd64)
# Problematic frame:
# C  [librocksdbjni8588545480949860027.so+0x2d44a6]  rocksdb_get_helper(JNIEnv_*, rocksdb::DB*, rocksdb::ReadOptions const&, rocksdb::ColumnFamilyHandle*, _jbyteArray*, int, int)+0x2d6
#
# Core dump will be written. Default location: Core dumps may be processed with "/usr/share/apport/apport %p %s %c %d %P" (or dumping to /home/lap11852/Desktop/LetChat/core.22679)
#
# If you would like to submit a bug report, please visit:
#   http://bugreport.java.com/bugreport/crash.jsp
# The crash happened outside the Java Virtual Machine in native code.
# See problematic frame for where to report the bug.
#

---------------  S U M M A R Y ------------

Command Line: -agentlib:jdwp=transport=dt_socket,address=127.0.0.1:36003,suspend=y,server=n -javaagent:/home/lap11852/Downloads/ideaIC-2018.2.1/idea-IC-182.3911.36/lib/rt/debugger-agent.jar=file:/tmp/capture.props -Dfile.encoding=UTF-8 server.NettyServer

Host: Intel(R) Core(TM) i5-8250U CPU @ 1.60GHz, 8 cores, 15G, Ubuntu 18.04.1 LTS
Time: Tue Sep 11 11:17:31 2018 +07 elapsed time: 87 seconds (0d 0h 1m 27s)

---------------  T H R E A D  ---------------

Current thread (0x00007ff9ac027800):  JavaThread "nioEventLoopGroup-3-2" [_thread_in_native, id=22986, stack(0x00007ff99f9f5000,0x00007ff99faf6000)]

Stack: [0x00007ff99f9f5000,0x00007ff99faf6000],  sp=0x00007ff99faf3750,  free space=1017k
Native frames: (J=compiled Java code, A=aot compiled Java code, j=interpreted, Vv=VM code, C=native code)
C  [librocksdbjni8588545480949860027.so+0x2d44a6]  rocksdb_get_helper(JNIEnv_*, rocksdb::DB*, rocksdb::ReadOptions const&, rocksdb::ColumnFamilyHandle*, _jbyteArray*, int, int)+0x2d6
C  [librocksdbjni8588545480949860027.so+0x2d4684]  Java_org_rocksdb_RocksDB_get__J_3BII+0x54
j  org.rocksdb.RocksDB.get(J[BII)[B+0
j  org.rocksdb.RocksDB.get([B)[B+9
j  Storage.RocksDBStorage.contains(Ljava/lang/String;)Z+12
j  server.ServerHandler.processLogin(Lletchat/proto/LetChatProtos$Request;Lio/netty/channel/ChannelHandlerContext;)V+42
j  server.ServerHandler.channelRead0(Lio/netty/channel/ChannelHandlerContext;Lletchat/proto/LetChatProtos$Request;)V+123
j  server.ServerHandler.channelRead0(Lio/netty/channel/ChannelHandlerContext;Ljava/lang/Object;)V+6
j  io.netty.channel.SimpleChannelInboundHandler.channelRead(Lio/netty/channel/ChannelHandlerContext;Ljava/lang/Object;)V+17
j  io.netty.channel.AbstractChannelHandlerContext.invokeChannelRead(Ljava/lang/Object;)V+16
j  io.netty.channel.AbstractChannelHandlerContext.invokeChannelRead(Lio/netty/channel/AbstractChannelHandlerContext;Ljava/lang/Object;)V+31
j  io.netty.channel.AbstractChannelHandlerContext.fireChannelRead(Ljava/lang/Object;)Lio/netty/channel/ChannelHandlerContext;+5
j  io.netty.handler.codec.MessageToMessageDecoder.channelRead(Lio/netty/channel/ChannelHandlerContext;Ljava/lang/Object;)V+75
j  io.netty.channel.AbstractChannelHandlerContext.invokeChannelRead(Ljava/lang/Object;)V+16
j  io.netty.channel.AbstractChannelHandlerContext.invokeChannelRead(Lio/netty/channel/AbstractChannelHandlerContext;Ljava/lang/Object;)V+31
j  io.netty.channel.AbstractChannelHandlerContext.fireChannelRead(Ljava/lang/Object;)Lio/netty/channel/ChannelHandlerContext;+5
j  io.netty.handler.codec.MessageToMessageDecoder.channelRead(Lio/netty/channel/ChannelHandlerContext;Ljava/lang/Object;)V+75
j  io.netty.channel.AbstractChannelHandlerContext.invokeChannelRead(Ljava/lang/Object;)V+16
j  io.netty.channel.AbstractChannelHandlerContext.invokeChannelRead(Lio/netty/channel/AbstractChannelHandlerContext;Ljava/lang/Object;)V+31
j  io.netty.channel.AbstractChannelHandlerContext.fireChannelRead(Ljava/lang/Object;)Lio/netty/channel/ChannelHandlerContext;+5
j  io.netty.handler.codec.ByteToMessageDecoder.fireChannelRead(Lio/netty/channel/ChannelHandlerContext;Lio/netty/handler/codec/CodecOutputList;I)V+13
j  io.netty.handler.codec.ByteToMessageDecoder.channelRead(Lio/netty/channel/ChannelHandlerContext;Ljava/lang/Object;)V+175
j  io.netty.channel.AbstractChannelHandlerContext.invokeChannelRead(Ljava/lang/Object;)V+16
j  io.netty.channel.AbstractChannelHandlerContext.invokeChannelRead(Lio/netty/channel/AbstractChannelHandlerContext;Ljava/lang/Object;)V+31
j  io.netty.channel.AbstractChannelHandlerContext.fireChannelRead(Ljava/lang/Object;)Lio/netty/channel/ChannelHandlerContext;+5
j  io.netty.channel.DefaultChannelPipeline$HeadContext.channelRead(Lio/netty/channel/ChannelHandlerContext;Ljava/lang/Object;)V+2
j  io.netty.channel.AbstractChannelHandlerContext.invokeChannelRead(Ljava/lang/Object;)V+16
j  io.netty.channel.AbstractChannelHandlerContext.invokeChannelRead(Lio/netty/channel/AbstractChannelHandlerContext;Ljava/lang/Object;)V+31
j  io.netty.channel.DefaultChannelPipeline.fireChannelRead(Ljava/lang/Object;)Lio/netty/channel/ChannelPipeline;+5
j  io.netty.channel.nio.AbstractNioByteChannel$NioByteUnsafe.read()V+159
j  io.netty.channel.nio.NioEventLoop.processSelectedKey(Ljava/nio/channels/SelectionKey;Lio/netty/channel/nio/AbstractNioChannel;)V+119
j  io.netty.channel.nio.NioEventLoop.processSelectedKeysPlain(Ljava/util/Set;)V+54
j  io.netty.channel.nio.NioEventLoop.processSelectedKeys()V+22
j  io.netty.channel.nio.NioEventLoop.run()V+126
j  io.netty.util.concurrent.SingleThreadEventExecutor$5.run()V+44
j  io.netty.util.concurrent.FastThreadLocalRunnable.run()V+4
j  java.lang.Thread.run()V+11 java.base@11
v  ~StubRoutines::call_stub
V  [libjvm.so+0x86e0e9]
V  [libjvm.so+0x86c23d]
V  [libjvm.so+0x9141fc]
V  [libjvm.so+0xdb54a3]
V  [libjvm.so+0xdb5785]
V  [libjvm.so+0xbf9910]

Java frames: (J=compiled Java code, j=interpreted, Vv=VM code)
j  org.rocksdb.RocksDB.get(J[BII)[B+0
j  org.rocksdb.RocksDB.get([B)[B+9
j  Storage.RocksDBStorage.contains(Ljava/lang/String;)Z+12
j  server.ServerHandler.processLogin(Lletchat/proto/LetChatProtos$Request;Lio/netty/channel/ChannelHandlerContext;)V+42
j  server.ServerHandler.channelRead0(Lio/netty/channel/ChannelHandlerContext;Lletchat/proto/LetChatProtos$Request;)V+123
j  server.ServerHandler.channelRead0(Lio/netty/channel/ChannelHandlerContext;Ljava/lang/Object;)V+6
j  io.netty.channel.SimpleChannelInboundHandler.channelRead(Lio/netty/channel/ChannelHandlerContext;Ljava/lang/Object;)V+17
j  io.netty.channel.AbstractChannelHandlerContext.invokeChannelRead(Ljava/lang/Object;)V+16
j  io.netty.channel.AbstractChannelHandlerContext.invokeChannelRead(Lio/netty/channel/AbstractChannelHandlerContext;Ljava/lang/Object;)V+31
j  io.netty.channel.AbstractChannelHandlerContext.fireChannelRead(Ljava/lang/Object;)Lio/netty/channel/ChannelHandlerContext;+5
j  io.netty.handler.codec.MessageToMessageDecoder.channelRead(Lio/netty/channel/ChannelHandlerContext;Ljava/lang/Object;)V+75
j  io.netty.channel.AbstractChannelHandlerContext.invokeChannelRead(Ljava/lang/Object;)V+16
j  io.netty.channel.AbstractChannelHandlerContext.invokeChannelRead(Lio/netty/channel/AbstractChannelHandlerContext;Ljava/lang/Object;)V+31
j  io.netty.channel.AbstractChannelHandlerContext.fireChannelRead(Ljava/lang/Object;)Lio/netty/channel/ChannelHandlerContext;+5
j  io.netty.handler.codec.MessageToMessageDecoder.channelRead(Lio/netty/channel/ChannelHandlerContext;Ljava/lang/Object;)V+75
j  io.netty.channel.AbstractChannelHandlerContext.invokeChannelRead(Ljava/lang/Object;)V+16
j  io.netty.channel.AbstractChannelHandlerContext.invokeChannelRead(Lio/netty/channel/AbstractChannelHandlerContext;Ljava/lang/Object;)V+31
j  io.netty.channel.AbstractChannelHandlerContext.fireChannelRead(Ljava/lang/Object;)Lio/netty/channel/ChannelHandlerContext;+5
j  io.netty.handler.codec.ByteToMessageDecoder.fireChannelRead(Lio/netty/channel/ChannelHandlerContext;Lio/netty/handler/codec/CodecOutputList;I)V+13
j  io.netty.handler.codec.ByteToMessageDecoder.channelRead(Lio/netty/channel/ChannelHandlerContext;Ljava/lang/Object;)V+175
j  io.netty.channel.AbstractChannelHandlerContext.invokeChannelRead(Ljava/lang/Object;)V+16
j  io.netty.channel.AbstractChannelHandlerContext.invokeChannelRead(Lio/netty/channel/AbstractChannelHandlerContext;Ljava/lang/Object;)V+31
j  io.netty.channel.AbstractChannelHandlerContext.fireChannelRead(Ljava/lang/Object;)Lio/netty/channel/ChannelHandlerContext;+5
j  io.netty.channel.DefaultChannelPipeline$HeadContext.channelRead(Lio/netty/channel/ChannelHandlerContext;Ljava/lang/Object;)V+2
j  io.netty.channel.AbstractChannelHandlerContext.invokeChannelRead(Ljava/lang/Object;)V+16
j  io.netty.channel.AbstractChannelHandlerContext.invokeChannelRead(Lio/netty/channel/AbstractChannelHandlerContext;Ljava/lang/Object;)V+31
j  io.netty.channel.DefaultChannelPipeline.fireChannelRead(Ljava/lang/Object;)Lio/netty/channel/ChannelPipeline;+5
j  io.netty.channel.nio.AbstractNioByteChannel$NioByteUnsafe.read()V+159
j  io.netty.channel.nio.NioEventLoop.processSelectedKey(Ljava/nio/channels/SelectionKey;Lio/netty/channel/nio/AbstractNioChannel;)V+119
j  io.netty.channel.nio.NioEventLoop.processSelectedKeysPlain(Ljava/util/Set;)V+54
j  io.netty.channel.nio.NioEventLoop.processSelectedKeys()V+22
j  io.netty.channel.nio.NioEventLoop.run()V+126
j  io.netty.util.concurrent.SingleThreadEventExecutor$5.run()V+44
j  io.netty.util.concurrent.FastThreadLocalRunnable.run()V+4
j  java.lang.Thread.run()V+11 java.base@11
v  ~StubRoutines::call_stub

siginfo: si_signo: 11 (SIGSEGV), si_code: 1 (SEGV_MAPERR), si_addr: 0x00000000000000a8

Register to memory mapping:

RAX=0x0 is NULL
RBX=0x00007ff9ac027b40 points into unknown readable memory
RCX=0x00007ff99faf37b0 is pointing into the stack for thread: 0x00007ff9ac027800
RDX=0x00007ff99faf3840 is pointing into the stack for thread: 0x00007ff9ac027800
RSP=0x00007ff99faf3750 is pointing into the stack for thread: 0x00007ff9ac027800
RBP=0x00007ff99faf3820 is pointing into the stack for thread: 0x00007ff9ac027800
RSI=0x00007ff9a03e9a50 points into unknown readable memory
RDI=0x00007ff99faf37e0 is pointing into the stack for thread: 0x00007ff9ac027800
R8 =0x00007ff99faf3780 is pointing into the stack for thread: 0x00007ff9ac027800
R9 =0x0 is NULL
R10=0x00007ffa049ab2a8 is at code_begin+1640 in an Interpreter codelet
method entry point (kind = native)  [0x00007ffa049aac40, 0x00007ffa049abce0]  4256 bytes
R11=0x0000000000000104 is an unknown value
R12=0x00007ff9b4003220 points into unknown readable memory
R13=0x00007ff9a03e9a50 points into unknown readable memory
R14=0x00007ff99faf37e0 is pointing into the stack for thread: 0x00007ff9ac027800
R15=0x00007ff99faf3780 is pointing into the stack for thread: 0x00007ff9ac027800


Registers:
RAX=0x0000000000000000, RBX=0x00007ff9ac027b40, RCX=0x00007ff99faf37b0, RDX=0x00007ff99faf3840
RSP=0x00007ff99faf3750, RBP=0x00007ff99faf3820, RSI=0x00007ff9a03e9a50, RDI=0x00007ff99faf37e0
R8 =0x00007ff99faf3780, R9 =0x0000000000000000, R10=0x00007ffa049ab2a8, R11=0x0000000000000104
R12=0x00007ff9b4003220, R13=0x00007ff9a03e9a50, R14=0x00007ff99faf37e0, R15=0x00007ff99faf3780
RIP=0x00007ff9c65904a6, EFLAGS=0x0000000000010246, CSGSFS=0x002b000000000033, ERR=0x0000000000000004
  TRAPNO=0x000000000000000e

Top of Stack: (sp=0x00007ff99faf3750)
0x00007ff99faf3750:   00007ff9ac027800 00007ff99faf3840
0x00007ff99faf3760:   00007ff99faf3988 00000000ac026ef8
0x00007ff99faf3770:   00007ff9ac026fc8 00000000000000d8
0x00007ff99faf3780:   00007ffa23613d78 00007ffa24003ed7 

Instructions: (pc=0x00007ff9c65904a6)
0x00007ff9c6590486:   8d 60 ff ff ff 4c 8d 75 c0 48 8b 95 38 ff ff ff
0x00007ff9c6590496:   4c 89 ee 49 89 c8 49 89 cf 4c 89 f7 48 8d 4d 90
0x00007ff9c65904a6:   ff 90 a8 00 00 00 8b 45 c0 48 8b 7d a8 c7 45 c0
0x00007ff9c65904b6:   00 00 00 00 89 45 a0 8b 45 c4 48 85 ff c7 45 c4 


---------------  P R O C E S S  ---------------

Threads class SMR info:
_java_thread_list=0x00007ff9ac028a00, length=15, elements={
0x00007ffa1c016000, 0x00007ffa1c22f000, 0x00007ffa1c231000, 0x00007ffa1c235800,
0x00007ffa1c237800, 0x00007ffa1c23a000, 0x00007ffa1c23c000, 0x00007ffa1c259800,
0x00007ffa1c29b000, 0x00007ffa1c29f000, 0x00007ff9bc001800, 0x00007ffa1c30e000,
0x00007ffa1c597000, 0x00007ff9ac026000, 0x00007ff9ac027800
}

Java Threads: ( => current thread )
  0x00007ffa1c016000 JavaThread "main" [_thread_blocked, id=22682, stack(0x00007ffa25771000,0x00007ffa25872000)]
  0x00007ffa1c22f000 JavaThread "Reference Handler" daemon [_thread_blocked, id=22695, stack(0x00007ff9f45dd000,0x00007ff9f46de000)]
  0x00007ffa1c231000 JavaThread "Finalizer" daemon [_thread_blocked, id=22698, stack(0x00007ff9f44dc000,0x00007ff9f45dd000)]
  0x00007ffa1c235800 JavaThread "Signal Dispatcher" daemon [_thread_blocked, id=22700, stack(0x00007ff9f43db000,0x00007ff9f44dc000)]
  0x00007ffa1c237800 JavaThread "C2 CompilerThread0" daemon [_thread_blocked, id=22701, stack(0x00007ff9f42da000,0x00007ff9f43db000)]
  0x00007ffa1c23a000 JavaThread "C1 CompilerThread0" daemon [_thread_blocked, id=22702, stack(0x00007ff9f41d9000,0x00007ff9f42da000)]
  0x00007ffa1c23c000 JavaThread "Sweeper thread" daemon [_thread_blocked, id=22703, stack(0x00007ff9f40d8000,0x00007ff9f41d9000)]
  0x00007ffa1c259800 JavaThread "Common-Cleaner" daemon [_thread_blocked, id=22707, stack(0x00007ff9c7eff000,0x00007ff9c8000000)]
  0x00007ffa1c29b000 JavaThread "JDWP Transport Listener: dt_socket" daemon [_thread_blocked, id=22710, stack(0x00007ff9c7af7000,0x00007ff9c7bf8000)]
  0x00007ffa1c29f000 JavaThread "JDWP Event Helper Thread" daemon [_thread_blocked, id=22711, stack(0x00007ff9c79f6000,0x00007ff9c7af7000)]
  0x00007ff9bc001800 JavaThread "JDWP Command Reader" daemon [_thread_in_native, id=22712, stack(0x00007ff9c78f5000,0x00007ff9c79f6000)]
  0x00007ffa1c30e000 JavaThread "Service Thread" daemon [_thread_blocked, id=22717, stack(0x00007ff9c7dfe000,0x00007ff9c7eff000)]
  0x00007ffa1c597000 JavaThread "nioEventLoopGroup-2-1" [_thread_in_native, id=22720, stack(0x00007ff9c6cbc000,0x00007ff9c6dbd000)]
  0x00007ff9ac026000 JavaThread "nioEventLoopGroup-3-1" [_thread_in_native, id=22808, stack(0x00007ff9c6bbb000,0x00007ff9c6cbc000)]
=>0x00007ff9ac027800 JavaThread "nioEventLoopGroup-3-2" [_thread_in_native, id=22986, stack(0x00007ff99f9f5000,0x00007ff99faf6000)]

Other Threads:
  0x00007ffa1c22c800 VMThread "VM Thread" [stack: 0x00007ff9f46e0000,0x00007ff9f47e0000] [id=22693]
  0x00007ffa1c30f800 WatcherThread [stack: 0x00007ff9c73cd000,0x00007ff9c74cd000] [id=22718]
  0x00007ffa1c02e000 GCTaskThread "GC Thread#0" [stack: 0x00007ffa20ec0000,0x00007ffa20fc0000] [id=22685]
  0x00007ff9e4012000 GCTaskThread "GC Thread#1" [stack: 0x00007ff99ff00000,0x00007ff9a0000000] [id=22836]
  0x00007ff9e4013800 GCTaskThread "GC Thread#2" [stack: 0x00007ff99fdfe000,0x00007ff99fefe000] [id=22837]
  0x00007ff9e4015000 GCTaskThread "GC Thread#3" [stack: 0x00007ff99fcfc000,0x00007ff99fdfc000] [id=22839]
  0x00007ff9e4016800 GCTaskThread "GC Thread#4" [stack: 0x00007ff99fbfa000,0x00007ff99fcfa000] [id=22840]
  0x00007ff9e4018000 GCTaskThread "GC Thread#5" [stack: 0x00007ff99faf8000,0x00007ff99fbf8000] [id=22841]
  0x00007ffa1c08a800 ConcurrentGCThread "G1 Main Marker" [stack: 0x00007ffa204b8000,0x00007ffa205b8000] [id=22686]
  0x00007ffa1c08c800 ConcurrentGCThread "G1 Conc#0" [stack: 0x00007ffa203b6000,0x00007ffa204b6000] [id=22687]
  0x00007ffa1c188800 ConcurrentGCThread "G1 Refine#0" [stack: 0x00007ff9f50e4000,0x00007ff9f51e4000] [id=22690]
  0x00007ffa1c18a800 ConcurrentGCThread "G1 Young RemSet Sampling" [stack: 0x00007ff9f4fe2000,0x00007ff9f50e2000] [id=22691]

Threads with active compile tasks:

VM state:not at safepoint (normal execution)

VM Mutex/Monitor currently owned by a thread: None

Heap address: 0x000000070a800000, size: 3928 MB, Compressed Oops mode: Zero based, Oop shift amount: 3
Narrow klass base: 0x0000000800000000, Narrow klass shift: 3
Compressed class space size: 1073741824 Address: 0x0000000840000000

Heap:
 garbage-first heap   total 253952K, used 5558K [0x000000070a800000, 0x0000000800000000)
  region size 1024K, 6 young (6144K), 3 survivors (3072K)
 Metaspace       used 8956K, capacity 10270K, committed 10368K, reserved 1058816K
  class space    used 1018K, capacity 1122K, committed 1152K, reserved 1048576K
Heap Regions: E=young(eden), S=young(survivor), O=old, HS=humongous(starts), HC=humongous(continues), CS=collection set, F=free, A=archive, TAMS=top-at-mark-start (previous, next)
|   0|0x000000070a800000, 0x000000070a800000, 0x000000070a900000|  0%| F|  |TAMS 0x000000070a800000, 0x000000070a800000| Untracked 
|   1|0x000000070a900000, 0x000000070a900000, 0x000000070aa00000|  0%| F|  |TAMS 0x000000070a900000, 0x000000070a900000| Untracked 
|   2|0x000000070aa00000, 0x000000070aa00000, 0x000000070ab00000|  0%| F|  |TAMS 0x000000070aa00000, 0x000000070aa00000| Untracked 
|   3|0x000000070ab00000, 0x000000070ab00000, 0x000000070ac00000|  0%| F|  |TAMS 0x000000070ab00000, 0x000000070ab00000| Untracked 
|   4|0x000000070ac00000, 0x000000070ac00000, 0x000000070ad00000|  0%| F|  |TAMS 0x000000070ac00000, 0x000000070ac00000| Untracked 
|   5|0x000000070ad00000, 0x000000070ad00000, 0x000000070ae00000|  0%| F|  |TAMS 0x000000070ad00000, 0x000000070ad00000| Untracked 
|   6|0x000000070ae00000, 0x000000070ae00000, 0x000000070af00000|  0%| F|  |TAMS 0x000000070ae00000, 0x000000070ae00000| Untracked 
|   7|0x000000070af00000, 0x000000070af00000, 0x000000070b000000|  0%| F|  |TAMS 0x000000070af00000, 0x000000070af00000| Untracked 
|   8|0x000000070b000000, 0x000000070b000000, 0x000000070b100000|  0%| F|  |TAMS 0x000000070b000000, 0x000000070b000000| Untracked 
|   9|0x000000070b100000, 0x000000070b100000, 0x000000070b200000|  0%| F|  |TAMS 0x000000070b100000, 0x000000070b100000| Untracked 
|  10|0x000000070b200000, 0x000000070b200000, 0x000000070b300000|  0%| F|  |TAMS 0x000000070b200000, 0x000000070b200000| Untracked 
|  11|0x000000070b300000, 0x000000070b300000, 0x000000070b400000|  0%| F|  |TAMS 0x000000070b300000, 0x000000070b300000| Untracked 
|  12|0x000000070b400000, 0x000000070b400000, 0x000000070b500000|  0%| F|  |TAMS 0x000000070b400000, 0x000000070b400000| Untracked 
|  13|0x000000070b500000, 0x000000070b500000, 0x000000070b600000|  0%| F|  |TAMS 0x000000070b500000, 0x000000070b500000| Untracked 
|  14|0x000000070b600000, 0x000000070b600000, 0x000000070b700000|  0%| F|  |TAMS 0x000000070b600000, 0x000000070b600000| Untracked 
|  15|0x000000070b700000, 0x000000070b700000, 0x000000070b800000|  0%| F|  |TAMS 0x000000070b700000, 0x000000070b700000| Untracked 
|  16|0x000000070b800000, 0x000000070b800000, 0x000000070b900000|  0%| F|  |TAMS 0x000000070b800000, 0x000000070b800000| Untracked 
|  17|0x000000070b900000, 0x000000070b900000, 0x000000070ba00000|  0%| F|  |TAMS 0x000000070b900000, 0x000000070b900000| Untracked 
|  18|0x000000070ba00000, 0x000000070ba00000, 0x000000070bb00000|  0%| F|  |TAMS 0x000000070ba00000, 0x000000070ba00000| Untracked 
|  19|0x000000070bb00000, 0x000000070bb00000, 0x000000070bc00000|  0%| F|  |TAMS 0x000000070bb00000, 0x000000070bb00000| Untracked 
|  20|0x000000070bc00000, 0x000000070bc00000, 0x000000070bd00000|  0%| F|  |TAMS 0x000000070bc00000, 0x000000070bc00000| Untracked 
|  21|0x000000070bd00000, 0x000000070bd00000, 0x000000070be00000|  0%| F|  |TAMS 0x000000070bd00000, 0x000000070bd00000| Untracked 
|  22|0x000000070be00000, 0x000000070be00000, 0x000000070bf00000|  0%| F|  |TAMS 0x000000070be00000, 0x000000070be00000| Untracked 
|  23|0x000000070bf00000, 0x000000070bf00000, 0x000000070c000000|  0%| F|  |TAMS 0x000000070bf00000, 0x000000070bf00000| Untracked 
|  24|0x000000070c000000, 0x000000070c000000, 0x000000070c100000|  0%| F|  |TAMS 0x000000070c000000, 0x000000070c000000| Untracked 
|  25|0x000000070c100000, 0x000000070c100000, 0x000000070c200000|  0%| F|  |TAMS 0x000000070c100000, 0x000000070c100000| Untracked 
|  26|0x000000070c200000, 0x000000070c200000, 0x000000070c300000|  0%| F|  |TAMS 0x000000070c200000, 0x000000070c200000| Untracked 
|  27|0x000000070c300000, 0x000000070c300000, 0x000000070c400000|  0%| F|  |TAMS 0x000000070c300000, 0x000000070c300000| Untracked 
|  28|0x000000070c400000, 0x000000070c400000, 0x000000070c500000|  0%| F|  |TAMS 0x000000070c400000, 0x000000070c400000| Untracked 
|  29|0x000000070c500000, 0x000000070c500000, 0x000000070c600000|  0%| F|  |TAMS 0x000000070c500000, 0x000000070c500000| Untracked 
|  30|0x000000070c600000, 0x000000070c600000, 0x000000070c700000|  0%| F|  |TAMS 0x000000070c600000, 0x000000070c600000| Untracked 
|  31|0x000000070c700000, 0x000000070c700000, 0x000000070c800000|  0%| F|  |TAMS 0x000000070c700000, 0x000000070c700000| Untracked 
|  32|0x000000070c800000, 0x000000070c800000, 0x000000070c900000|  0%| F|  |TAMS 0x000000070c800000, 0x000000070c800000| Untracked 
|  33|0x000000070c900000, 0x000000070c900000, 0x000000070ca00000|  0%| F|  |TAMS 0x000000070c900000, 0x000000070c900000| Untracked 
|  34|0x000000070ca00000, 0x000000070ca00000, 0x000000070cb00000|  0%| F|  |TAMS 0x000000070ca00000, 0x000000070ca00000| Untracked 
|  35|0x000000070cb00000, 0x000000070cb00000, 0x000000070cc00000|  0%| F|  |TAMS 0x000000070cb00000, 0x000000070cb00000| Untracked 
|  36|0x000000070cc00000, 0x000000070cc00000, 0x000000070cd00000|  0%| F|  |TAMS 0x000000070cc00000, 0x000000070cc00000| Untracked 
|  37|0x000000070cd00000, 0x000000070cd00000, 0x000000070ce00000|  0%| F|  |TAMS 0x000000070cd00000, 0x000000070cd00000| Untracked 
|  38|0x000000070ce00000, 0x000000070ce00000, 0x000000070cf00000|  0%| F|  |TAMS 0x000000070ce00000, 0x000000070ce00000| Untracked 
|  39|0x000000070cf00000, 0x000000070cf00000, 0x000000070d000000|  0%| F|  |TAMS 0x000000070cf00000, 0x000000070cf00000| Untracked 
|  40|0x000000070d000000, 0x000000070d000000, 0x000000070d100000|  0%| F|  |TAMS 0x000000070d000000, 0x000000070d000000| Untracked 
|  41|0x000000070d100000, 0x000000070d100000, 0x000000070d200000|  0%| F|  |TAMS 0x000000070d100000, 0x000000070d100000| Untracked 
|  42|0x000000070d200000, 0x000000070d200000, 0x000000070d300000|  0%| F|  |TAMS 0x000000070d200000, 0x000000070d200000| Untracked 
|  43|0x000000070d300000, 0x000000070d300000, 0x000000070d400000|  0%| F|  |TAMS 0x000000070d300000, 0x000000070d300000| Untracked 
|  44|0x000000070d400000, 0x000000070d400000, 0x000000070d500000|  0%| F|  |TAMS 0x000000070d400000, 0x000000070d400000| Untracked 
|  45|0x000000070d500000, 0x000000070d500000, 0x000000070d600000|  0%| F|  |TAMS 0x000000070d500000, 0x000000070d500000| Untracked 
|  46|0x000000070d600000, 0x000000070d600000, 0x000000070d700000|  0%| F|  |TAMS 0x000000070d600000, 0x000000070d600000| Untracked 
|  47|0x000000070d700000, 0x000000070d700000, 0x000000070d800000|  0%| F|  |TAMS 0x000000070d700000, 0x000000070d700000| Untracked 
|  48|0x000000070d800000, 0x000000070d800000, 0x000000070d900000|  0%| F|  |TAMS 0x000000070d800000, 0x000000070d800000| Untracked 
|  49|0x000000070d900000, 0x000000070d900000, 0x000000070da00000|  0%| F|  |TAMS 0x000000070d900000, 0x000000070d900000| Untracked 
|  50|0x000000070da00000, 0x000000070da00000, 0x000000070db00000|  0%| F|  |TAMS 0x000000070da00000, 0x000000070da00000| Untracked 
|  51|0x000000070db00000, 0x000000070db00000, 0x000000070dc00000|  0%| F|  |TAMS 0x000000070db00000, 0x000000070db00000| Untracked 
|  52|0x000000070dc00000, 0x000000070dc00000, 0x000000070dd00000|  0%| F|  |TAMS 0x000000070dc00000, 0x000000070dc00000| Untracked 
|  53|0x000000070dd00000, 0x000000070dd00000, 0x000000070de00000|  0%| F|  |TAMS 0x000000070dd00000, 0x000000070dd00000| Untracked 
|  54|0x000000070de00000, 0x000000070de00000, 0x000000070df00000|  0%| F|  |TAMS 0x000000070de00000, 0x000000070de00000| Untracked 
|  55|0x000000070df00000, 0x000000070df00000, 0x000000070e000000|  0%| F|  |TAMS 0x000000070df00000, 0x000000070df00000| Untracked 
|  56|0x000000070e000000, 0x000000070e000000, 0x000000070e100000|  0%| F|  |TAMS 0x000000070e000000, 0x000000070e000000| Untracked 
|  57|0x000000070e100000, 0x000000070e100000, 0x000000070e200000|  0%| F|  |TAMS 0x000000070e100000, 0x000000070e100000| Untracked 
|  58|0x000000070e200000, 0x000000070e200000, 0x000000070e300000|  0%| F|  |TAMS 0x000000070e200000, 0x000000070e200000| Untracked 
|  59|0x000000070e300000, 0x000000070e300000, 0x000000070e400000|  0%| F|  |TAMS 0x000000070e300000, 0x000000070e300000| Untracked 
|  60|0x000000070e400000, 0x000000070e400000, 0x000000070e500000|  0%| F|  |TAMS 0x000000070e400000, 0x000000070e400000| Untracked 
|  61|0x000000070e500000, 0x000000070e500000, 0x000000070e600000|  0%| F|  |TAMS 0x000000070e500000, 0x000000070e500000| Untracked 
|  62|0x000000070e600000, 0x000000070e600000, 0x000000070e700000|  0%| F|  |TAMS 0x000000070e600000, 0x000000070e600000| Untracked 
|  63|0x000000070e700000, 0x000000070e700000, 0x000000070e800000|  0%| F|  |TAMS 0x000000070e700000, 0x000000070e700000| Untracked 
|  64|0x000000070e800000, 0x000000070e800000, 0x000000070e900000|  0%| F|  |TAMS 0x000000070e800000, 0x000000070e800000| Untracked 
|  65|0x000000070e900000, 0x000000070e900000, 0x000000070ea00000|  0%| F|  |TAMS 0x000000070e900000, 0x000000070e900000| Untracked 
|  66|0x000000070ea00000, 0x000000070ea00000, 0x000000070eb00000|  0%| F|  |TAMS 0x000000070ea00000, 0x000000070ea00000| Untracked 
|  67|0x000000070eb00000, 0x000000070eb00000, 0x000000070ec00000|  0%| F|  |TAMS 0x000000070eb00000, 0x000000070eb00000| Untracked 
|  68|0x000000070ec00000, 0x000000070ec00000, 0x000000070ed00000|  0%| F|  |TAMS 0x000000070ec00000, 0x000000070ec00000| Untracked 
|  69|0x000000070ed00000, 0x000000070ed00000, 0x000000070ee00000|  0%| F|  |TAMS 0x000000070ed00000, 0x000000070ed00000| Untracked 
|  70|0x000000070ee00000, 0x000000070ee00000, 0x000000070ef00000|  0%| F|  |TAMS 0x000000070ee00000, 0x000000070ee00000| Untracked 
|  71|0x000000070ef00000, 0x000000070ef00000, 0x000000070f000000|  0%| F|  |TAMS 0x000000070ef00000, 0x000000070ef00000| Untracked 
|  72|0x000000070f000000, 0x000000070f000000, 0x000000070f100000|  0%| F|  |TAMS 0x000000070f000000, 0x000000070f000000| Untracked 
|  73|0x000000070f100000, 0x000000070f100000, 0x000000070f200000|  0%| F|  |TAMS 0x000000070f100000, 0x000000070f100000| Untracked 
|  74|0x000000070f200000, 0x000000070f200000, 0x000000070f300000|  0%| F|  |TAMS 0x000000070f200000, 0x000000070f200000| Untracked 
|  75|0x000000070f300000, 0x000000070f300000, 0x000000070f400000|  0%| F|  |TAMS 0x000000070f300000, 0x000000070f300000| Untracked 
|  76|0x000000070f400000, 0x000000070f400000, 0x000000070f500000|  0%| F|  |TAMS 0x000000070f400000, 0x000000070f400000| Untracked 
|  77|0x000000070f500000, 0x000000070f500000, 0x000000070f600000|  0%| F|  |TAMS 0x000000070f500000, 0x000000070f500000| Untracked 
|  78|0x000000070f600000, 0x000000070f600000, 0x000000070f700000|  0%| F|  |TAMS 0x000000070f600000, 0x000000070f600000| Untracked 
|  79|0x000000070f700000, 0x000000070f700000, 0x000000070f800000|  0%| F|  |TAMS 0x000000070f700000, 0x000000070f700000| Untracked 
|  80|0x000000070f800000, 0x000000070f800000, 0x000000070f900000|  0%| F|  |TAMS 0x000000070f800000, 0x000000070f800000| Untracked 
|  81|0x000000070f900000, 0x000000070f900000, 0x000000070fa00000|  0%| F|  |TAMS 0x000000070f900000, 0x000000070f900000| Untracked 
|  82|0x000000070fa00000, 0x000000070fa00000, 0x000000070fb00000|  0%| F|  |TAMS 0x000000070fa00000, 0x000000070fa00000| Untracked 
|  83|0x000000070fb00000, 0x000000070fb00000, 0x000000070fc00000|  0%| F|  |TAMS 0x000000070fb00000, 0x000000070fb00000| Untracked 
|  84|0x000000070fc00000, 0x000000070fc00000, 0x000000070fd00000|  0%| F|  |TAMS 0x000000070fc00000, 0x000000070fc00000| Untracked 
|  85|0x000000070fd00000, 0x000000070fd00000, 0x000000070fe00000|  0%| F|  |TAMS 0x000000070fd00000, 0x000000070fd00000| Untracked 
|  86|0x000000070fe00000, 0x000000070fe00000, 0x000000070ff00000|  0%| F|  |TAMS 0x000000070fe00000, 0x000000070fe00000| Untracked 
|  87|0x000000070ff00000, 0x000000070ff00000, 0x0000000710000000|  0%| F|  |TAMS 0x000000070ff00000, 0x000000070ff00000| Untracked 
|  88|0x0000000710000000, 0x0000000710000000, 0x0000000710100000|  0%| F|  |TAMS 0x0000000710000000, 0x0000000710000000| Untracked 
|  89|0x0000000710100000, 0x0000000710100000, 0x0000000710200000|  0%| F|  |TAMS 0x0000000710100000, 0x0000000710100000| Untracked 
|  90|0x0000000710200000, 0x0000000710200000, 0x0000000710300000|  0%| F|  |TAMS 0x0000000710200000, 0x0000000710200000| Untracked 
|  91|0x0000000710300000, 0x0000000710300000, 0x0000000710400000|  0%| F|  |TAMS 0x0000000710300000, 0x0000000710300000| Untracked 
|  92|0x0000000710400000, 0x0000000710400000, 0x0000000710500000|  0%| F|  |TAMS 0x0000000710400000, 0x0000000710400000| Untracked 
|  93|0x0000000710500000, 0x0000000710500000, 0x0000000710600000|  0%| F|  |TAMS 0x0000000710500000, 0x0000000710500000| Untracked 
|  94|0x0000000710600000, 0x0000000710600000, 0x0000000710700000|  0%| F|  |TAMS 0x0000000710600000, 0x0000000710600000| Untracked 
|  95|0x0000000710700000, 0x0000000710700000, 0x0000000710800000|  0%| F|  |TAMS 0x0000000710700000, 0x0000000710700000| Untracked 
|  96|0x0000000710800000, 0x0000000710800000, 0x0000000710900000|  0%| F|  |TAMS 0x0000000710800000, 0x0000000710800000| Untracked 
|  97|0x0000000710900000, 0x0000000710900000, 0x0000000710a00000|  0%| F|  |TAMS 0x0000000710900000, 0x0000000710900000| Untracked 
|  98|0x0000000710a00000, 0x0000000710a00000, 0x0000000710b00000|  0%| F|  |TAMS 0x0000000710a00000, 0x0000000710a00000| Untracked 
|  99|0x0000000710b00000, 0x0000000710b00000, 0x0000000710c00000|  0%| F|  |TAMS 0x0000000710b00000, 0x0000000710b00000| Untracked 
| 100|0x0000000710c00000, 0x0000000710c00000, 0x0000000710d00000|  0%| F|  |TAMS 0x0000000710c00000, 0x0000000710c00000| Untracked 
| 101|0x0000000710d00000, 0x0000000710d00000, 0x0000000710e00000|  0%| F|  |TAMS 0x0000000710d00000, 0x0000000710d00000| Untracked 
| 102|0x0000000710e00000, 0x0000000710e00000, 0x0000000710f00000|  0%| F|  |TAMS 0x0000000710e00000, 0x0000000710e00000| Untracked 
| 103|0x0000000710f00000, 0x0000000710f00000, 0x0000000711000000|  0%| F|  |TAMS 0x0000000710f00000, 0x0000000710f00000| Untracked 
| 104|0x0000000711000000, 0x0000000711000000, 0x0000000711100000|  0%| F|  |TAMS 0x0000000711000000, 0x0000000711000000| Untracked 
| 105|0x0000000711100000, 0x0000000711100000, 0x0000000711200000|  0%| F|  |TAMS 0x0000000711100000, 0x0000000711100000| Untracked 
| 106|0x0000000711200000, 0x0000000711200000, 0x0000000711300000|  0%| F|  |TAMS 0x0000000711200000, 0x0000000711200000| Untracked 
| 107|0x0000000711300000, 0x0000000711300000, 0x0000000711400000|  0%| F|  |TAMS 0x0000000711300000, 0x0000000711300000| Untracked 
| 108|0x0000000711400000, 0x0000000711400000, 0x0000000711500000|  0%| F|  |TAMS 0x0000000711400000, 0x0000000711400000| Untracked 
| 109|0x0000000711500000, 0x0000000711500000, 0x0000000711600000|  0%| F|  |TAMS 0x0000000711500000, 0x0000000711500000| Untracked 
| 110|0x0000000711600000, 0x0000000711600000, 0x0000000711700000|  0%| F|  |TAMS 0x0000000711600000, 0x0000000711600000| Untracked 
| 111|0x0000000711700000, 0x0000000711700000, 0x0000000711800000|  0%| F|  |TAMS 0x0000000711700000, 0x0000000711700000| Untracked 
| 112|0x0000000711800000, 0x0000000711800000, 0x0000000711900000|  0%| F|  |TAMS 0x0000000711800000, 0x0000000711800000| Untracked 
| 113|0x0000000711900000, 0x0000000711900000, 0x0000000711a00000|  0%| F|  |TAMS 0x0000000711900000, 0x0000000711900000| Untracked 
| 114|0x0000000711a00000, 0x0000000711a00000, 0x0000000711b00000|  0%| F|  |TAMS 0x0000000711a00000, 0x0000000711a00000| Untracked 
| 115|0x0000000711b00000, 0x0000000711b00000, 0x0000000711c00000|  0%| F|  |TAMS 0x0000000711b00000, 0x0000000711b00000| Untracked 
| 116|0x0000000711c00000, 0x0000000711c00000, 0x0000000711d00000|  0%| F|  |TAMS 0x0000000711c00000, 0x0000000711c00000| Untracked 
| 117|0x0000000711d00000, 0x0000000711d00000, 0x0000000711e00000|  0%| F|  |TAMS 0x0000000711d00000, 0x0000000711d00000| Untracked 
| 118|0x0000000711e00000, 0x0000000711e00000, 0x0000000711f00000|  0%| F|  |TAMS 0x0000000711e00000, 0x0000000711e00000| Untracked 
| 119|0x0000000711f00000, 0x0000000711f00000, 0x0000000712000000|  0%| F|  |TAMS 0x0000000711f00000, 0x0000000711f00000| Untracked 
| 120|0x0000000712000000, 0x0000000712000000, 0x0000000712100000|  0%| F|  |TAMS 0x0000000712000000, 0x0000000712000000| Untracked 
| 121|0x0000000712100000, 0x0000000712100000, 0x0000000712200000|  0%| F|  |TAMS 0x0000000712100000, 0x0000000712100000| Untracked 
| 122|0x0000000712200000, 0x0000000712200000, 0x0000000712300000|  0%| F|  |TAMS 0x0000000712200000, 0x0000000712200000| Untracked 
| 123|0x0000000712300000, 0x0000000712300000, 0x0000000712400000|  0%| F|  |TAMS 0x0000000712300000, 0x0000000712300000| Untracked 
| 124|0x0000000712400000, 0x0000000712400000, 0x0000000712500000|  0%| F|  |TAMS 0x0000000712400000, 0x0000000712400000| Untracked 
| 125|0x0000000712500000, 0x0000000712500000, 0x0000000712600000|  0%| F|  |TAMS 0x0000000712500000, 0x0000000712500000| Untracked 
| 126|0x0000000712600000, 0x0000000712600000, 0x0000000712700000|  0%| F|  |TAMS 0x0000000712600000, 0x0000000712600000| Untracked 
| 127|0x0000000712700000, 0x0000000712700000, 0x0000000712800000|  0%| F|  |TAMS 0x0000000712700000, 0x0000000712700000| Untracked 
| 128|0x0000000712800000, 0x0000000712800000, 0x0000000712900000|  0%| F|  |TAMS 0x0000000712800000, 0x0000000712800000| Untracked 
| 129|0x0000000712900000, 0x0000000712900000, 0x0000000712a00000|  0%| F|  |TAMS 0x0000000712900000, 0x0000000712900000| Untracked 
| 130|0x0000000712a00000, 0x0000000712a00000, 0x0000000712b00000|  0%| F|  |TAMS 0x0000000712a00000, 0x0000000712a00000| Untracked 
| 131|0x0000000712b00000, 0x0000000712b00000, 0x0000000712c00000|  0%| F|  |TAMS 0x0000000712b00000, 0x0000000712b00000| Untracked 
| 132|0x0000000712c00000, 0x0000000712c00000, 0x0000000712d00000|  0%| F|  |TAMS 0x0000000712c00000, 0x0000000712c00000| Untracked 
| 133|0x0000000712d00000, 0x0000000712d00000, 0x0000000712e00000|  0%| F|  |TAMS 0x0000000712d00000, 0x0000000712d00000| Untracked 
| 134|0x0000000712e00000, 0x0000000712e00000, 0x0000000712f00000|  0%| F|  |TAMS 0x0000000712e00000, 0x0000000712e00000| Untracked 
| 135|0x0000000712f00000, 0x0000000712f00000, 0x0000000713000000|  0%| F|  |TAMS 0x0000000712f00000, 0x0000000712f00000| Untracked 
| 136|0x0000000713000000, 0x0000000713000000, 0x0000000713100000|  0%| F|  |TAMS 0x0000000713000000, 0x0000000713000000| Untracked 
| 137|0x0000000713100000, 0x0000000713100000, 0x0000000713200000|  0%| F|  |TAMS 0x0000000713100000, 0x0000000713100000| Untracked 
| 138|0x0000000713200000, 0x0000000713200000, 0x0000000713300000|  0%| F|  |TAMS 0x0000000713200000, 0x0000000713200000| Untracked 
| 139|0x0000000713300000, 0x0000000713300000, 0x0000000713400000|  0%| F|  |TAMS 0x0000000713300000, 0x0000000713300000| Untracked 
| 140|0x0000000713400000, 0x0000000713400000, 0x0000000713500000|  0%| F|  |TAMS 0x0000000713400000, 0x0000000713400000| Untracked 
| 141|0x0000000713500000, 0x0000000713500000, 0x0000000713600000|  0%| F|  |TAMS 0x0000000713500000, 0x0000000713500000| Untracked 
| 142|0x0000000713600000, 0x0000000713600000, 0x0000000713700000|  0%| F|  |TAMS 0x0000000713600000, 0x0000000713600000| Untracked 
| 143|0x0000000713700000, 0x0000000713700000, 0x0000000713800000|  0%| F|  |TAMS 0x0000000713700000, 0x0000000713700000| Untracked 
| 144|0x0000000713800000, 0x0000000713800000, 0x0000000713900000|  0%| F|  |TAMS 0x0000000713800000, 0x0000000713800000| Untracked 
| 145|0x0000000713900000, 0x0000000713900000, 0x0000000713a00000|  0%| F|  |TAMS 0x0000000713900000, 0x0000000713900000| Untracked 
| 146|0x0000000713a00000, 0x0000000713a00000, 0x0000000713b00000|  0%| F|  |TAMS 0x0000000713a00000, 0x0000000713a00000| Untracked 
| 147|0x0000000713b00000, 0x0000000713b00000, 0x0000000713c00000|  0%| F|  |TAMS 0x0000000713b00000, 0x0000000713b00000| Untracked 
| 148|0x0000000713c00000, 0x0000000713c00000, 0x0000000713d00000|  0%| F|  |TAMS 0x0000000713c00000, 0x0000000713c00000| Untracked 
| 149|0x0000000713d00000, 0x0000000713d00000, 0x0000000713e00000|  0%| F|  |TAMS 0x0000000713d00000, 0x0000000713d00000| Untracked 
| 150|0x0000000713e00000, 0x0000000713e00000, 0x0000000713f00000|  0%| F|  |TAMS 0x0000000713e00000, 0x0000000713e00000| Untracked 
| 151|0x0000000713f00000, 0x0000000713f00000, 0x0000000714000000|  0%| F|  |TAMS 0x0000000713f00000, 0x0000000713f00000| Untracked 
| 152|0x0000000714000000, 0x0000000714000000, 0x0000000714100000|  0%| F|  |TAMS 0x0000000714000000, 0x0000000714000000| Untracked 
| 153|0x0000000714100000, 0x0000000714100000, 0x0000000714200000|  0%| F|  |TAMS 0x0000000714100000, 0x0000000714100000| Untracked 
| 154|0x0000000714200000, 0x0000000714200000, 0x0000000714300000|  0%| F|  |TAMS 0x0000000714200000, 0x0000000714200000| Untracked 
| 155|0x0000000714300000, 0x0000000714300000, 0x0000000714400000|  0%| F|  |TAMS 0x0000000714300000, 0x0000000714300000| Untracked 
| 156|0x0000000714400000, 0x0000000714400000, 0x0000000714500000|  0%| F|  |TAMS 0x0000000714400000, 0x0000000714400000| Untracked 
| 157|0x0000000714500000, 0x0000000714500000, 0x0000000714600000|  0%| F|  |TAMS 0x0000000714500000, 0x0000000714500000| Untracked 
| 158|0x0000000714600000, 0x0000000714600000, 0x0000000714700000|  0%| F|  |TAMS 0x0000000714600000, 0x0000000714600000| Untracked 
| 159|0x0000000714700000, 0x0000000714700000, 0x0000000714800000|  0%| F|  |TAMS 0x0000000714700000, 0x0000000714700000| Untracked 
| 160|0x0000000714800000, 0x0000000714800000, 0x0000000714900000|  0%| F|  |TAMS 0x0000000714800000, 0x0000000714800000| Untracked 
| 161|0x0000000714900000, 0x0000000714900000, 0x0000000714a00000|  0%| F|  |TAMS 0x0000000714900000, 0x0000000714900000| Untracked 
| 162|0x0000000714a00000, 0x0000000714a00000, 0x0000000714b00000|  0%| F|  |TAMS 0x0000000714a00000, 0x0000000714a00000| Untracked 
| 163|0x0000000714b00000, 0x0000000714b00000, 0x0000000714c00000|  0%| F|  |TAMS 0x0000000714b00000, 0x0000000714b00000| Untracked 
| 164|0x0000000714c00000, 0x0000000714c00000, 0x0000000714d00000|  0%| F|  |TAMS 0x0000000714c00000, 0x0000000714c00000| Untracked 
| 165|0x0000000714d00000, 0x0000000714d00000, 0x0000000714e00000|  0%| F|  |TAMS 0x0000000714d00000, 0x0000000714d00000| Untracked 
| 166|0x0000000714e00000, 0x0000000714e00000, 0x0000000714f00000|  0%| F|  |TAMS 0x0000000714e00000, 0x0000000714e00000| Untracked 
| 167|0x0000000714f00000, 0x0000000714f00000, 0x0000000715000000|  0%| F|  |TAMS 0x0000000714f00000, 0x0000000714f00000| Untracked 
| 168|0x0000000715000000, 0x0000000715000000, 0x0000000715100000|  0%| F|  |TAMS 0x0000000715000000, 0x0000000715000000| Untracked 
| 169|0x0000000715100000, 0x0000000715100000, 0x0000000715200000|  0%| F|  |TAMS 0x0000000715100000, 0x0000000715100000| Untracked 
| 170|0x0000000715200000, 0x0000000715200000, 0x0000000715300000|  0%| F|  |TAMS 0x0000000715200000, 0x0000000715200000| Untracked 
| 171|0x0000000715300000, 0x0000000715300000, 0x0000000715400000|  0%| F|  |TAMS 0x0000000715300000, 0x0000000715300000| Untracked 
| 172|0x0000000715400000, 0x0000000715400000, 0x0000000715500000|  0%| F|  |TAMS 0x0000000715400000, 0x0000000715400000| Untracked 
| 173|0x0000000715500000, 0x0000000715500000, 0x0000000715600000|  0%| F|  |TAMS 0x0000000715500000, 0x0000000715500000| Untracked 
| 174|0x0000000715600000, 0x0000000715600000, 0x0000000715700000|  0%| F|  |TAMS 0x0000000715600000, 0x0000000715600000| Untracked 
| 175|0x0000000715700000, 0x0000000715700000, 0x0000000715800000|  0%| F|  |TAMS 0x0000000715700000, 0x0000000715700000| Untracked 
| 176|0x0000000715800000, 0x0000000715800000, 0x0000000715900000|  0%| F|  |TAMS 0x0000000715800000, 0x0000000715800000| Untracked 
| 177|0x0000000715900000, 0x0000000715900000, 0x0000000715a00000|  0%| F|  |TAMS 0x0000000715900000, 0x0000000715900000| Untracked 
| 178|0x0000000715a00000, 0x0000000715a00000, 0x0000000715b00000|  0%| F|  |TAMS 0x0000000715a00000, 0x0000000715a00000| Untracked 
| 179|0x0000000715b00000, 0x0000000715b00000, 0x0000000715c00000|  0%| F|  |TAMS 0x0000000715b00000, 0x0000000715b00000| Untracked 
| 180|0x0000000715c00000, 0x0000000715c00000, 0x0000000715d00000|  0%| F|  |TAMS 0x0000000715c00000, 0x0000000715c00000| Untracked 
| 181|0x0000000715d00000, 0x0000000715d00000, 0x0000000715e00000|  0%| F|  |TAMS 0x0000000715d00000, 0x0000000715d00000| Untracked 
| 182|0x0000000715e00000, 0x0000000715e00000, 0x0000000715f00000|  0%| F|  |TAMS 0x0000000715e00000, 0x0000000715e00000| Untracked 
| 183|0x0000000715f00000, 0x0000000715f00000, 0x0000000716000000|  0%| F|  |TAMS 0x0000000715f00000, 0x0000000715f00000| Untracked 
| 184|0x0000000716000000, 0x0000000716000000, 0x0000000716100000|  0%| F|  |TAMS 0x0000000716000000, 0x0000000716000000| Untracked 
| 185|0x0000000716100000, 0x0000000716100000, 0x0000000716200000|  0%| F|  |TAMS 0x0000000716100000, 0x0000000716100000| Untracked 
| 186|0x0000000716200000, 0x0000000716200000, 0x0000000716300000|  0%| F|  |TAMS 0x0000000716200000, 0x0000000716200000| Untracked 
| 187|0x0000000716300000, 0x0000000716300000, 0x0000000716400000|  0%| F|  |TAMS 0x0000000716300000, 0x0000000716300000| Untracked 
| 188|0x0000000716400000, 0x0000000716400000, 0x0000000716500000|  0%| F|  |TAMS 0x0000000716400000, 0x0000000716400000| Untracked 
| 189|0x0000000716500000, 0x0000000716500000, 0x0000000716600000|  0%| F|  |TAMS 0x0000000716500000, 0x0000000716500000| Untracked 
| 190|0x0000000716600000, 0x0000000716600000, 0x0000000716700000|  0%| F|  |TAMS 0x0000000716600000, 0x0000000716600000| Untracked 
| 191|0x0000000716700000, 0x0000000716700000, 0x0000000716800000|  0%| F|  |TAMS 0x0000000716700000, 0x0000000716700000| Untracked 
| 192|0x0000000716800000, 0x0000000716800000, 0x0000000716900000|  0%| F|  |TAMS 0x0000000716800000, 0x0000000716800000| Untracked 
| 193|0x0000000716900000, 0x0000000716900000, 0x0000000716a00000|  0%| F|  |TAMS 0x0000000716900000, 0x0000000716900000| Untracked 
| 194|0x0000000716a00000, 0x0000000716a00000, 0x0000000716b00000|  0%| F|  |TAMS 0x0000000716a00000, 0x0000000716a00000| Untracked 
| 195|0x0000000716b00000, 0x0000000716b00000, 0x0000000716c00000|  0%| F|  |TAMS 0x0000000716b00000, 0x0000000716b00000| Untracked 
| 196|0x0000000716c00000, 0x0000000716c00000, 0x0000000716d00000|  0%| F|  |TAMS 0x0000000716c00000, 0x0000000716c00000| Untracked 
| 197|0x0000000716d00000, 0x0000000716d00000, 0x0000000716e00000|  0%| F|  |TAMS 0x0000000716d00000, 0x0000000716d00000| Untracked 
| 198|0x0000000716e00000, 0x0000000716e00000, 0x0000000716f00000|  0%| F|  |TAMS 0x0000000716e00000, 0x0000000716e00000| Untracked 
| 199|0x0000000716f00000, 0x0000000716f00000, 0x0000000717000000|  0%| F|  |TAMS 0x0000000716f00000, 0x0000000716f00000| Untracked 
| 200|0x0000000717000000, 0x0000000717000000, 0x0000000717100000|  0%| F|  |TAMS 0x0000000717000000, 0x0000000717000000| Untracked 
| 201|0x0000000717100000, 0x0000000717100000, 0x0000000717200000|  0%| F|  |TAMS 0x0000000717100000, 0x0000000717100000| Untracked 
| 202|0x0000000717200000, 0x0000000717200000, 0x0000000717300000|  0%| F|  |TAMS 0x0000000717200000, 0x0000000717200000| Untracked 
| 203|0x0000000717300000, 0x0000000717300000, 0x0000000717400000|  0%| F|  |TAMS 0x0000000717300000, 0x0000000717300000| Untracked 
| 204|0x0000000717400000, 0x0000000717400000, 0x0000000717500000|  0%| F|  |TAMS 0x0000000717400000, 0x0000000717400000| Untracked 
| 205|0x0000000717500000, 0x0000000717500000, 0x0000000717600000|  0%| F|  |TAMS 0x0000000717500000, 0x0000000717500000| Untracked 
| 206|0x0000000717600000, 0x0000000717600000, 0x0000000717700000|  0%| F|  |TAMS 0x0000000717600000, 0x0000000717600000| Untracked 
| 207|0x0000000717700000, 0x0000000717700000, 0x0000000717800000|  0%| F|  |TAMS 0x0000000717700000, 0x0000000717700000| Untracked 
| 208|0x0000000717800000, 0x0000000717800000, 0x0000000717900000|  0%| F|  |TAMS 0x0000000717800000, 0x0000000717800000| Untracked 
| 209|0x0000000717900000, 0x0000000717900000, 0x0000000717a00000|  0%| F|  |TAMS 0x0000000717900000, 0x0000000717900000| Untracked 
| 210|0x0000000717a00000, 0x0000000717a00000, 0x0000000717b00000|  0%| F|  |TAMS 0x0000000717a00000, 0x0000000717a00000| Untracked 
| 211|0x0000000717b00000, 0x0000000717b00000, 0x0000000717c00000|  0%| F|  |TAMS 0x0000000717b00000, 0x0000000717b00000| Untracked 
| 212|0x0000000717c00000, 0x0000000717c00000, 0x0000000717d00000|  0%| F|  |TAMS 0x0000000717c00000, 0x0000000717c00000| Untracked 
| 213|0x0000000717d00000, 0x0000000717d00000, 0x0000000717e00000|  0%| F|  |TAMS 0x0000000717d00000, 0x0000000717d00000| Untracked 
| 214|0x0000000717e00000, 0x0000000717e00000, 0x0000000717f00000|  0%| F|  |TAMS 0x0000000717e00000, 0x0000000717e00000| Untracked 
| 215|0x0000000717f00000, 0x0000000717f00000, 0x0000000718000000|  0%| F|  |TAMS 0x0000000717f00000, 0x0000000717f00000| Untracked 
| 216|0x0000000718000000, 0x0000000718000000, 0x0000000718100000|  0%| F|  |TAMS 0x0000000718000000, 0x0000000718000000| Untracked 
| 217|0x0000000718100000, 0x0000000718100000, 0x0000000718200000|  0%| F|  |TAMS 0x0000000718100000, 0x0000000718100000| Untracked 
| 218|0x0000000718200000, 0x0000000718200000, 0x0000000718300000|  0%| F|  |TAMS 0x0000000718200000, 0x0000000718200000| Untracked 
| 219|0x0000000718300000, 0x00000007183cea08, 0x0000000718400000| 80%| S|CS|TAMS 0x0000000718300000, 0x0000000718300000| Complete 
| 220|0x0000000718400000, 0x0000000718500000, 0x0000000718500000|100%| S|CS|TAMS 0x0000000718400000, 0x0000000718400000| Complete 
| 221|0x0000000718500000, 0x0000000718600000, 0x0000000718600000|100%| S|CS|TAMS 0x0000000718500000, 0x0000000718500000| Complete 
| 222|0x0000000718600000, 0x0000000718600000, 0x0000000718700000|  0%| F|  |TAMS 0x0000000718600000, 0x0000000718600000| Untracked 
| 223|0x0000000718700000, 0x0000000718700000, 0x0000000718800000|  0%| F|  |TAMS 0x0000000718700000, 0x0000000718700000| Untracked 
| 224|0x0000000718800000, 0x0000000718800000, 0x0000000718900000|  0%| F|  |TAMS 0x0000000718800000, 0x0000000718800000| Untracked 
| 225|0x0000000718900000, 0x0000000718900000, 0x0000000718a00000|  0%| F|  |TAMS 0x0000000718900000, 0x0000000718900000| Untracked 
| 226|0x0000000718a00000, 0x0000000718a00000, 0x0000000718b00000|  0%| F|  |TAMS 0x0000000718a00000, 0x0000000718a00000| Untracked 
| 227|0x0000000718b00000, 0x0000000718b00000, 0x0000000718c00000|  0%| F|  |TAMS 0x0000000718b00000, 0x0000000718b00000| Untracked 
| 228|0x0000000718c00000, 0x0000000718c00000, 0x0000000718d00000|  0%| F|  |TAMS 0x0000000718c00000, 0x0000000718c00000| Untracked 
| 229|0x0000000718d00000, 0x0000000718d00000, 0x0000000718e00000|  0%| F|  |TAMS 0x0000000718d00000, 0x0000000718d00000| Untracked 
| 230|0x0000000718e00000, 0x0000000718e00000, 0x0000000718f00000|  0%| F|  |TAMS 0x0000000718e00000, 0x0000000718e00000| Untracked 
| 231|0x0000000718f00000, 0x0000000718f00000, 0x0000000719000000|  0%| F|  |TAMS 0x0000000718f00000, 0x0000000718f00000| Untracked 
| 232|0x0000000719000000, 0x0000000719000000, 0x0000000719100000|  0%| F|  |TAMS 0x0000000719000000, 0x0000000719000000| Untracked 
| 233|0x0000000719100000, 0x0000000719100000, 0x0000000719200000|  0%| F|  |TAMS 0x0000000719100000, 0x0000000719100000| Untracked 
| 234|0x0000000719200000, 0x0000000719200000, 0x0000000719300000|  0%| F|  |TAMS 0x0000000719200000, 0x0000000719200000| Untracked 
| 235|0x0000000719300000, 0x0000000719300000, 0x0000000719400000|  0%| F|  |TAMS 0x0000000719300000, 0x0000000719300000| Untracked 
| 236|0x0000000719400000, 0x0000000719400000, 0x0000000719500000|  0%| F|  |TAMS 0x0000000719400000, 0x0000000719400000| Untracked 
| 237|0x0000000719500000, 0x0000000719500000, 0x0000000719600000|  0%| F|  |TAMS 0x0000000719500000, 0x0000000719500000| Untracked 
| 238|0x0000000719600000, 0x0000000719600000, 0x0000000719700000|  0%| F|  |TAMS 0x0000000719600000, 0x0000000719600000| Untracked 
| 239|0x0000000719700000, 0x0000000719700000, 0x0000000719800000|  0%| F|  |TAMS 0x0000000719700000, 0x0000000719700000| Untracked 
| 240|0x0000000719800000, 0x0000000719800000, 0x0000000719900000|  0%| F|  |TAMS 0x0000000719800000, 0x0000000719800000| Untracked 
| 241|0x0000000719900000, 0x0000000719900000, 0x0000000719a00000|  0%| F|  |TAMS 0x0000000719900000, 0x0000000719900000| Untracked 
| 242|0x0000000719a00000, 0x0000000719a00000, 0x0000000719b00000|  0%| F|  |TAMS 0x0000000719a00000, 0x0000000719a00000| Untracked 
| 243|0x0000000719b00000, 0x0000000719c00000, 0x0000000719c00000|100%| E|  |TAMS 0x0000000719b00000, 0x0000000719b00000| Complete 
| 244|0x0000000719c00000, 0x0000000719d00000, 0x0000000719d00000|100%| E|CS|TAMS 0x0000000719c00000, 0x0000000719c00000| Complete 
| 245|0x0000000719d00000, 0x0000000719e00000, 0x0000000719e00000|100%| E|CS|TAMS 0x0000000719d00000, 0x0000000719d00000| Complete 
|2902|0x00000007bfe00000, 0x00000007bfe35000, 0x00000007bff00000| 20%|OA|  |TAMS 0x00000007bfe00000, 0x00000007bfe00000| Untracked 
|2903|0x00000007bff00000, 0x00000007bff6a000, 0x00000007c0000000| 41%|CA|  |TAMS 0x00000007bff00000, 0x00000007bff00000| Untracked 

Card table byte_map: [0x00007ff9ff854000,0x00007ffa00000000] _byte_map_base: 0x00007ff9fc000000

Marking Bits (Prev, Next): (CMBitMap*) 0x00007ffa1c07a888, (CMBitMap*) 0x00007ffa1c07a8c0
 Prev Bits: [0x00007ff9fb348000, 0x00007ff9ff0a8000)
 Next Bits: [0x00007ff9f75e8000, 0x00007ff9fb348000)

Polling page: 0x00007ffa2588e000

Metaspace:

Usage:
  Non-class:      8,93 MB capacity,     7,75 MB ( 87%) used,     1,17 MB ( 13%) free+waste,    15,81 KB ( <1%) overhead. 
      Class:      1,10 MB capacity,  1018,33 KB ( 91%) used,    96,48 KB (  9%) free+waste,     7,19 KB ( <1%) overhead. 
       Both:     10,03 MB capacity,     8,75 MB ( 87%) used,     1,26 MB ( 13%) free+waste,    23,00 KB ( <1%) overhead. 

Virtual space:
  Non-class space:       10,00 MB reserved,       9,00 MB ( 90%) committed 
      Class space:        1,00 GB reserved,       1,12 MB ( <1%) committed 
             Both:        1,01 GB reserved,      10,12 MB ( <1%) committed 

Chunk freelists:
   Non-Class:  4,00 KB
       Class:  3,75 KB
        Both:  7,75 KB

CodeHeap 'non-profiled nmethods': size=120032Kb used=271Kb max_used=282Kb free=119760Kb
 bounds [0x00007ffa0c45e000, 0x00007ffa0c6ce000, 0x00007ffa13996000]
CodeHeap 'profiled nmethods': size=120028Kb used=1690Kb max_used=1760Kb free=118337Kb
 bounds [0x00007ffa04f27000, 0x00007ffa05197000, 0x00007ffa0c45e000]
CodeHeap 'non-nmethods': size=5700Kb used=1171Kb max_used=1186Kb free=4528Kb
 bounds [0x00007ffa04996000, 0x00007ffa04c06000, 0x00007ffa04f27000]
 total_blobs=1540 nmethods=891 adapters=343
 compilation: enabled
              stopped_count=0, restarted_count=0
 full_count=0

Compilation events (10 events):
Event: 41,358 Thread 0x00007ffa1c23a000  939       3       io.netty.util.internal.ObjectUtil::checkNotNull (15 bytes)
Event: 41,358 Thread 0x00007ffa1c23a000 nmethod 939 0x00007ffa04f44690 code [0x00007ffa04f44860, 0x00007ffa04f44ac8]
Event: 41,359 Thread 0x00007ffa1c23a000  940       3       java.util.concurrent.atomic.AtomicBoolean::get (13 bytes)
Event: 41,359 Thread 0x00007ffa1c23a000 nmethod 940 0x00007ffa04f44290 code [0x00007ffa04f44440, 0x00007ffa04f44610]
Event: 45,363 Thread 0x00007ffa1c23a000  941       3       jdk.internal.misc.SharedSecrets::getJavaLangAccess (4 bytes)
Event: 45,363 Thread 0x00007ffa1c23a000 nmethod 941 0x00007ffa04f43f10 code [0x00007ffa04f440c0, 0x00007ffa04f44210]
Event: 48,849 Thread 0x00007ffa1c23a000  942       3       io.netty.channel.SingleThreadEventLoop::hasTasks (25 bytes)
Event: 48,849 Thread 0x00007ffa1c23a000 nmethod 942 0x00007ffa04f50f10 code [0x00007ffa04f510e0, 0x00007ffa04f51418]
Event: 48,849 Thread 0x00007ffa1c23a000  943       3       io.netty.util.concurrent.SingleThreadEventExecutor::hasTasks (39 bytes)
Event: 48,850 Thread 0x00007ffa1c23a000 nmethod 943 0x00007ffa04f46a90 code [0x00007ffa04f46c60, 0x00007ffa04f46f28]

GC Heap History (2 events):
Event: 18,580 GC heap before
{Heap before GC invocations=0 (full 0):
 garbage-first heap   total 253952K, used 24188K [0x000000070a800000, 0x0000000800000000)
  region size 1024K, 24 young (24576K), 0 survivors (0K)
 Metaspace       used 8310K, capacity 9694K, committed 9856K, reserved 1058816K
  class space    used 939K, capacity 1058K, committed 1152K, reserved 1048576K
}
Event: 18,595 GC heap after
{Heap after GC invocations=1 (full 0):
 garbage-first heap   total 253952K, used 3510K [0x000000070a800000, 0x0000000800000000)
  region size 1024K, 3 young (3072K), 3 survivors (3072K)
 Metaspace       used 8310K, capacity 9694K, committed 9856K, reserved 1058816K
  class space    used 939K, capacity 1058K, committed 1152K, reserved 1048576K
}

Deoptimization events (10 events):
Event: 0,706 Thread 0x00007ffa1c016000 Uncommon trap: reason=class_check action=maybe_recompile pc=0x00007ffa0c49276c method=java.util.HashMap.getNode(ILjava/lang/Object;)Ljava/util/HashMap$Node; @ 59 c2
Event: 13,471 Thread 0x00007ffa1c597000 Uncommon trap: reason=bimorphic_or_optimized_type_check action=maybe_recompile pc=0x00007ffa0c494e2c method=java.util.HashMap.getNode(ILjava/lang/Object;)Ljava/util/HashMap$Node; @ 59 c2
Event: 13,471 Thread 0x00007ffa1c597000 Uncommon trap: reason=bimorphic_or_optimized_type_check action=maybe_recompile pc=0x00007ffa0c494e2c method=java.util.HashMap.getNode(ILjava/lang/Object;)Ljava/util/HashMap$Node; @ 59 c2
Event: 13,471 Thread 0x00007ffa1c597000 Uncommon trap: reason=bimorphic_or_optimized_type_check action=maybe_recompile pc=0x00007ffa0c494e2c method=java.util.HashMap.getNode(ILjava/lang/Object;)Ljava/util/HashMap$Node; @ 59 c2
Event: 13,472 Thread 0x00007ffa1c597000 Uncommon trap: reason=bimorphic_or_optimized_type_check action=maybe_recompile pc=0x00007ffa0c494e2c method=java.util.HashMap.getNode(ILjava/lang/Object;)Ljava/util/HashMap$Node; @ 59 c2
Event: 13,594 Thread 0x00007ff9ac026000 Uncommon trap: reason=unstable_if action=reinterpret pc=0x00007ffa0c483b84 method=java.lang.StringLatin1.indexOf([BI[BII)I @ 91 c2
Event: 13,608 Thread 0x00007ff9ac026000 Uncommon trap: reason=unstable_if action=reinterpret pc=0x00007ffa0c48e838 method=java.lang.String.startsWith(Ljava/lang/String;I)Z @ 1 c2
Event: 13,619 Thread 0x00007ff9ac026000 Uncommon trap: reason=bimorphic_or_optimized_type_check action=maybe_recompile pc=0x00007ffa0c493aac method=java.util.HashMap.getNode(ILjava/lang/Object;)Ljava/util/HashMap$Node; @ 59 c2
Event: 13,621 Thread 0x00007ff9ac026000 Uncommon trap: reason=class_check action=maybe_recompile pc=0x00007ffa0c4822c4 method=java.util.HashMap.putVal(ILjava/lang/Object;Ljava/lang/Object;ZZ)Ljava/lang/Object; @ 253 c2
Event: 13,621 Thread 0x00007ff9ac026000 Uncommon trap: reason=class_check action=maybe_recompile pc=0x00007ffa0c4822c4 method=java.util.HashMap.putVal(ILjava/lang/Object;Ljava/lang/Object;ZZ)Ljava/lang/Object; @ 253 c2

Classes redefined (0 events):
No events

Internal exceptions (5 events):
Event: 0,289 Thread 0x00007ffa1c016000 Exception <a 'java/lang/NoClassDefFoundError'{0x0000000719a1c258}: org/slf4j/LoggerFactory> (0x0000000719a1c258) thrown at [/build/openjdk-11-NtPrSn/openjdk-11-11~24/src/hotspot/share/classfile/systemDictionary.cpp, line 220]
Event: 0,294 Thread 0x00007ffa1c016000 Exception <a 'java/lang/NoClassDefFoundError'{0x0000000719a2d648}: org/apache/log4j/Priority> (0x0000000719a2d648) thrown at [/build/openjdk-11-NtPrSn/openjdk-11-11~24/src/hotspot/share/classfile/systemDictionary.cpp, line 220]
Event: 0,296 Thread 0x00007ffa1c016000 Exception <a 'java/lang/NoClassDefFoundError'{0x0000000719a36c80}: org/apache/logging/log4j/spi/ExtendedLoggerWrapper> (0x0000000719a36c80) thrown at [/build/openjdk-11-NtPrSn/openjdk-11-11~24/src/hotspot/share/classfile/systemDictionary.cpp, line 220]
Event: 0,461 Thread 0x00007ffa1c016000 Exception <a 'java/lang/NoSuchMethodError'{0x00000007196140e8}: java.lang.invoke.DirectMethodHandle$Holder.invokeSpecialIFC(Ljava/lang/Object;Ljava/lang/Object;I)I> (0x00000007196140e8) thrown at [/build/openjdk-11-NtPrSn/openjdk-11-11~24/src/hotspot/shar
Event: 0,491 Thread 0x00007ffa1c016000 Exception <a 'java/lang/NoSuchMethodError'{0x00000007196b4698}: java.lang.invoke.DirectMethodHandle$Holder.invokeStaticInit(Ljava/lang/Object;Ljava/lang/Object;Ljava/lang/Object;)Ljava/lang/Object;> (0x00000007196b4698) thrown at [/build/openjdk-11-NtPrSn

Events (10 events):
Event: 87,179 Executing VM operation: SetFramePop
Event: 87,179 Executing VM operation: SetFramePop done
Event: 87,179 Executing VM operation: GetFrameLocation
Event: 87,179 Executing VM operation: GetFrameLocation done
Event: 87,179 Executing VM operation: GetCurrentLocation
Event: 87,179 Executing VM operation: GetCurrentLocation done
Event: 87,179 Executing VM operation: ChangeSingleStep
Event: 87,179 Executing VM operation: ChangeSingleStep done
Event: 87,179 Executing VM operation: ChangeSingleStep
Event: 87,179 Executing VM operation: ChangeSingleStep done


Dynamic libraries:
70a800000-719e00000 rw-p 00000000 00:00 0 
719e00000-7bfe00000 ---p 00000000 00:00 0 
7bfe00000-7bfe35000 rw-p 01129000 103:01 466468                          /usr/lib/jvm/java-11-openjdk-amd64/lib/server/classes.jsa
7bfe35000-7bff00000 rw-p 00000000 00:00 0 
7bff00000-7bff6a000 rw-p 010bf000 103:01 466468                          /usr/lib/jvm/java-11-openjdk-amd64/lib/server/classes.jsa
7bff6a000-7c0000000 rw-p 00000000 00:00 0 
7c0000000-800000000 ---p 00000000 00:00 0 
800000000-800002000 rwxp 00001000 103:01 466468                          /usr/lib/jvm/java-11-openjdk-amd64/lib/server/classes.jsa
800002000-8010be000 rw-p 00003000 103:01 466468                          /usr/lib/jvm/java-11-openjdk-amd64/lib/server/classes.jsa
840000000-840120000 rw-p 00000000 00:00 0 
840120000-880000000 ---p 00000000 00:00 0 
55837694f000-558376950000 r-xp 00000000 103:01 222475                    /usr/lib/jvm/java-11-openjdk-amd64/bin/java
558376b50000-558376b51000 r--p 00001000 103:01 222475                    /usr/lib/jvm/java-11-openjdk-amd64/bin/java
558376b51000-558376b52000 rw-p 00002000 103:01 222475                    /usr/lib/jvm/java-11-openjdk-amd64/bin/java
55837737e000-55837739f000 rw-p 00000000 00:00 0                          [heap]
7ff97c000000-7ff97c021000 rw-p 00000000 00:00 0 
7ff97c021000-7ff980000000 ---p 00000000 00:00 0 
7ff980000000-7ff980021000 rw-p 00000000 00:00 0 
7ff980021000-7ff984000000 ---p 00000000 00:00 0 
7ff984000000-7ff984021000 rw-p 00000000 00:00 0 
7ff984021000-7ff988000000 ---p 00000000 00:00 0 
7ff9887f9000-7ff9887fa000 ---p 00000000 00:00 0 
7ff9887fa000-7ff988ffa000 rw-p 00000000 00:00 0 
7ff988ffa000-7ff988ffb000 ---p 00000000 00:00 0 
7ff988ffb000-7ff9897fb000 rw-p 00000000 00:00 0 
7ff9897fb000-7ff9897fc000 ---p 00000000 00:00 0 
7ff9897fc000-7ff989ffc000 rw-p 00000000 00:00 0 
7ff989ffc000-7ff989ffd000 ---p 00000000 00:00 0 
7ff989ffd000-7ff98a7fd000 rw-p 00000000 00:00 0 
7ff98c000000-7ff98c021000 rw-p 00000000 00:00 0 
7ff98c021000-7ff990000000 ---p 00000000 00:00 0 
7ff990000000-7ff990021000 rw-p 00000000 00:00 0 
7ff990021000-7ff994000000 ---p 00000000 00:00 0 
7ff994000000-7ff994021000 rw-p 00000000 00:00 0 
7ff994021000-7ff998000000 ---p 00000000 00:00 0 
7ff998000000-7ff998021000 rw-p 00000000 00:00 0 
7ff998021000-7ff99c000000 ---p 00000000 00:00 0 
7ff99e9f4000-7ff99f9f5000 rw-p 00000000 00:00 0 
7ff99f9f5000-7ff99f9f9000 ---p 00000000 00:00 0 
7ff99f9f9000-7ff99faf6000 rw-p 00000000 00:00 0 
7ff99faf6000-7ff99faf7000 ---p 00000000 00:00 0 
7ff99faf7000-7ff99fbf8000 rw-p 00000000 00:00 0 
7ff99fbf8000-7ff99fbf9000 ---p 00000000 00:00 0 
7ff99fbf9000-7ff99fcfa000 rw-p 00000000 00:00 0 
7ff99fcfa000-7ff99fcfb000 ---p 00000000 00:00 0 
7ff99fcfb000-7ff99fdfc000 rw-p 00000000 00:00 0 
7ff99fdfc000-7ff99fdfd000 ---p 00000000 00:00 0 
7ff99fdfd000-7ff99fefe000 rw-p 00000000 00:00 0 
7ff99fefe000-7ff99feff000 ---p 00000000 00:00 0 
7ff99feff000-7ff9a0000000 rw-p 00000000 00:00 0 
7ff9a0000000-7ff9a046d000 rw-p 00000000 00:00 0 
7ff9a046d000-7ff9a4000000 ---p 00000000 00:00 0 
7ff9a4000000-7ff9a4021000 rw-p 00000000 00:00 0 
7ff9a4021000-7ff9a8000000 ---p 00000000 00:00 0 
7ff9a8000000-7ff9a8021000 rw-p 00000000 00:00 0 
7ff9a8021000-7ff9ac000000 ---p 00000000 00:00 0 
7ff9ac000000-7ff9ac02d000 rw-p 00000000 00:00 0 
7ff9ac02d000-7ff9b0000000 ---p 00000000 00:00 0 
7ff9b0000000-7ff9b002b000 rw-p 00000000 00:00 0 
7ff9b002b000-7ff9b4000000 ---p 00000000 00:00 0 
7ff9b4000000-7ff9b4021000 rw-p 00000000 00:00 0 
7ff9b4021000-7ff9b8000000 ---p 00000000 00:00 0 
7ff9b8000000-7ff9b8055000 rw-p 00000000 00:00 0 
7ff9b8055000-7ff9bc000000 ---p 00000000 00:00 0 
7ff9bc000000-7ff9bc030000 rw-p 00000000 00:00 0 
7ff9bc030000-7ff9c0000000 ---p 00000000 00:00 0 
7ff9c0000000-7ff9c0021000 rw-p 00000000 00:00 0 
7ff9c0021000-7ff9c4000000 ---p 00000000 00:00 0 
7ff9c40b9000-7ff9c41b9000 rw-p 00000000 00:00 0 
7ff9c41b9000-7ff9c42b9000 ---p 00000000 00:00 0 
7ff9c42b9000-7ff9c52ba000 rw-p 00000000 00:00 0 
7ff9c52ba000-7ff9c52bb000 ---p 00000000 00:00 0 
7ff9c52bb000-7ff9c5abb000 rw-p 00000000 00:00 0 
7ff9c5abb000-7ff9c5abc000 ---p 00000000 00:00 0 
7ff9c5abc000-7ff9c62bc000 rw-p 00000000 00:00 0 
7ff9c62bc000-7ff9c6997000 r-xp 00000000 103:01 5767705                   /tmp/librocksdbjni8588545480949860027.so
7ff9c6997000-7ff9c6b97000 ---p 006db000 103:01 5767705                   /tmp/librocksdbjni8588545480949860027.so
7ff9c6b97000-7ff9c6bb3000 rw-p 006db000 103:01 5767705                   /tmp/librocksdbjni8588545480949860027.so
7ff9c6bb3000-7ff9c6bbb000 rw-p 00000000 00:00 0 
7ff9c6bbb000-7ff9c6bbf000 ---p 00000000 00:00 0 
7ff9c6bbf000-7ff9c6cbc000 rw-p 00000000 00:00 0 
7ff9c6cbc000-7ff9c6cc0000 ---p 00000000 00:00 0 
7ff9c6cc0000-7ff9c6dbd000 rw-p 00000000 00:00 0 
7ff9c6dbd000-7ff9c6dbf000 r-xp 00000000 103:01 470750                    /usr/lib/jvm/java-11-openjdk-amd64/lib/libextnet.so
7ff9c6dbf000-7ff9c6fbe000 ---p 00002000 103:01 470750                    /usr/lib/jvm/java-11-openjdk-amd64/lib/libextnet.so
7ff9c6fbe000-7ff9c6fbf000 r--p 00001000 103:01 470750                    /usr/lib/jvm/java-11-openjdk-amd64/lib/libextnet.so
7ff9c6fbf000-7ff9c6fc0000 rw-p 00002000 103:01 470750                    /usr/lib/jvm/java-11-openjdk-amd64/lib/libextnet.so
7ff9c6fc0000-7ff9c6fc5000 r-xp 00000000 103:01 470772                    /usr/lib/jvm/java-11-openjdk-amd64/lib/libmanagement_ext.so
7ff9c6fc5000-7ff9c71c4000 ---p 00005000 103:01 470772                    /usr/lib/jvm/java-11-openjdk-amd64/lib/libmanagement_ext.so
7ff9c71c4000-7ff9c71c5000 r--p 00004000 103:01 470772                    /usr/lib/jvm/java-11-openjdk-amd64/lib/libmanagement_ext.so
7ff9c71c5000-7ff9c71c6000 rw-p 00005000 103:01 470772                    /usr/lib/jvm/java-11-openjdk-amd64/lib/libmanagement_ext.so
7ff9c71c6000-7ff9c71ca000 r-xp 00000000 103:01 470769                    /usr/lib/jvm/java-11-openjdk-amd64/lib/libmanagement.so
7ff9c71ca000-7ff9c73c9000 ---p 00004000 103:01 470769                    /usr/lib/jvm/java-11-openjdk-amd64/lib/libmanagement.so
7ff9c73c9000-7ff9c73ca000 r--p 00003000 103:01 470769                    /usr/lib/jvm/java-11-openjdk-amd64/lib/libmanagement.so
7ff9c73ca000-7ff9c73cb000 rw-p 00004000 103:01 470769                    /usr/lib/jvm/java-11-openjdk-amd64/lib/libmanagement.so
7ff9c73cb000-7ff9c73cc000 ---p 00000000 00:00 0 
7ff9c73cc000-7ff9c74cd000 rw-p 00000000 00:00 0 
7ff9c74cd000-7ff9c74e3000 r-xp 00000000 103:01 470774                    /usr/lib/jvm/java-11-openjdk-amd64/lib/libnet.so
7ff9c74e3000-7ff9c76e2000 ---p 00016000 103:01 470774                    /usr/lib/jvm/java-11-openjdk-amd64/lib/libnet.so
7ff9c76e2000-7ff9c76e3000 r--p 00015000 103:01 470774                    /usr/lib/jvm/java-11-openjdk-amd64/lib/libnet.so
7ff9c76e3000-7ff9c76e4000 rw-p 00016000 103:01 470774                    /usr/lib/jvm/java-11-openjdk-amd64/lib/libnet.so
7ff9c76e4000-7ff9c76f4000 r-xp 00000000 103:01 470775                    /usr/lib/jvm/java-11-openjdk-amd64/lib/libnio.so
7ff9c76f4000-7ff9c78f3000 ---p 00010000 103:01 470775                    /usr/lib/jvm/java-11-openjdk-amd64/lib/libnio.so
7ff9c78f3000-7ff9c78f4000 r--p 0000f000 103:01 470775                    /usr/lib/jvm/java-11-openjdk-amd64/lib/libnio.so
7ff9c78f4000-7ff9c78f5000 rw-p 00010000 103:01 470775                    /usr/lib/jvm/java-11-openjdk-amd64/lib/libnio.so
7ff9c78f5000-7ff9c78f9000 ---p 00000000 00:00 0 
7ff9c78f9000-7ff9c79f6000 rw-p 00000000 00:00 0 
7ff9c79f6000-7ff9c79fa000 ---p 00000000 00:00 0 
7ff9c79fa000-7ff9c7af7000 rw-p 00000000 00:00 0 
7ff9c7af7000-7ff9c7afb000 ---p 00000000 00:00 0 
7ff9c7afb000-7ff9c7bf8000 rw-p 00000000 00:00 0 
7ff9c7bf8000-7ff9c7bfc000 r-xp 00000000 103:01 470749                    /usr/lib/jvm/java-11-openjdk-amd64/lib/libdt_socket.so
7ff9c7bfc000-7ff9c7dfc000 ---p 00004000 103:01 470749                    /usr/lib/jvm/java-11-openjdk-amd64/lib/libdt_socket.so
7ff9c7dfc000-7ff9c7dfd000 r--p 00004000 103:01 470749                    /usr/lib/jvm/java-11-openjdk-amd64/lib/libdt_socket.so
7ff9c7dfd000-7ff9c7dfe000 rw-p 00005000 103:01 470749                    /usr/lib/jvm/java-11-openjdk-amd64/lib/libdt_socket.so
7ff9c7dfe000-7ff9c7e02000 ---p 00000000 00:00 0 
7ff9c7e02000-7ff9c7eff000 rw-p 00000000 00:00 0 
7ff9c7eff000-7ff9c7f03000 ---p 00000000 00:00 0 
7ff9c7f03000-7ff9c8000000 rw-p 00000000 00:00 0 
7ff9c8000000-7ff9c8407000 rw-p 00000000 00:00 0 
7ff9c8407000-7ff9cc000000 ---p 00000000 00:00 0 
7ff9cc000000-7ff9cc021000 rw-p 00000000 00:00 0 
7ff9cc021000-7ff9d0000000 ---p 00000000 00:00 0 
7ff9d0000000-7ff9d0021000 rw-p 00000000 00:00 0 
7ff9d0021000-7ff9d4000000 ---p 00000000 00:00 0 
7ff9d4000000-7ff9d4266000 rw-p 00000000 00:00 0 
7ff9d4266000-7ff9d8000000 ---p 00000000 00:00 0 
7ff9d8000000-7ff9d8021000 rw-p 00000000 00:00 0 
7ff9d8021000-7ff9dc000000 ---p 00000000 00:00 0 
7ff9dc000000-7ff9dc021000 rw-p 00000000 00:00 0 
7ff9dc021000-7ff9e0000000 ---p 00000000 00:00 0 
7ff9e0000000-7ff9e0021000 rw-p 00000000 00:00 0 
7ff9e0021000-7ff9e4000000 ---p 00000000 00:00 0 
7ff9e4000000-7ff9e4044000 rw-p 00000000 00:00 0 
7ff9e4044000-7ff9e8000000 ---p 00000000 00:00 0 
7ff9e8000000-7ff9e8021000 rw-p 00000000 00:00 0 
7ff9e8021000-7ff9ec000000 ---p 00000000 00:00 0 
7ff9ec000000-7ff9ec021000 rw-p 00000000 00:00 0 
7ff9ec021000-7ff9f0000000 ---p 00000000 00:00 0 
7ff9f0000000-7ff9f0021000 rw-p 00000000 00:00 0 
7ff9f0021000-7ff9f4000000 ---p 00000000 00:00 0 
7ff9f40d8000-7ff9f40dc000 ---p 00000000 00:00 0 
7ff9f40dc000-7ff9f41d9000 rw-p 00000000 00:00 0 
7ff9f41d9000-7ff9f41dd000 ---p 00000000 00:00 0 
7ff9f41dd000-7ff9f42da000 rw-p 00000000 00:00 0 
7ff9f42da000-7ff9f42de000 ---p 00000000 00:00 0 
7ff9f42de000-7ff9f43db000 rw-p 00000000 00:00 0 
7ff9f43db000-7ff9f43df000 ---p 00000000 00:00 0 
7ff9f43df000-7ff9f44dc000 rw-p 00000000 00:00 0 
7ff9f44dc000-7ff9f44e0000 ---p 00000000 00:00 0 
7ff9f44e0000-7ff9f45dd000 rw-p 00000000 00:00 0 
7ff9f45dd000-7ff9f45e1000 ---p 00000000 00:00 0 
7ff9f45e1000-7ff9f46de000 rw-p 00000000 00:00 0 
7ff9f46de000-7ff9f46df000 ---p 00000000 00:00 0 
7ff9f46df000-7ff9f4fe0000 rw-p 00000000 00:00 0 
7ff9f4fe0000-7ff9f4fe1000 ---p 00000000 00:00 0 
7ff9f4fe1000-7ff9f50e2000 rw-p 00000000 00:00 0 
7ff9f50e2000-7ff9f50e3000 ---p 00000000 00:00 0 
7ff9f50e3000-7ff9f79c0000 rw-p 00000000 00:00 0 
7ff9f79c0000-7ff9fa340000 ---p 00000000 00:00 0 
7ff9fa340000-7ff9fa348000 rw-p 00000000 00:00 0 
7ff9fa348000-7ff9fb348000 ---p 00000000 00:00 0 
7ff9fb348000-7ff9fb720000 rw-p 00000000 00:00 0 
7ff9fb720000-7ff9fe0a0000 ---p 00000000 00:00 0 
7ff9fe0a0000-7ff9fe0a8000 rw-p 00000000 00:00 0 
7ff9fe0a8000-7ff9ff0a8000 ---p 00000000 00:00 0 
7ff9ff0a8000-7ff9ff123000 rw-p 00000000 00:00 0 
7ff9ff123000-7ff9ff653000 ---p 00000000 00:00 0 
7ff9ff653000-7ff9ff654000 rw-p 00000000 00:00 0 
7ff9ff654000-7ff9ff854000 ---p 00000000 00:00 0 
7ff9ff854000-7ff9ff8cf000 rw-p 00000000 00:00 0 
7ff9ff8cf000-7ff9ffdff000 ---p 00000000 00:00 0 
7ff9ffdff000-7ff9ffe00000 rw-p 00000000 00:00 0 
7ff9ffe00000-7ffa00000000 ---p 00000000 00:00 0 
7ffa00000000-7ffa00021000 rw-p 00000000 00:00 0 
7ffa00021000-7ffa04000000 ---p 00000000 00:00 0 
7ffa040e9000-7ffa04265000 rw-p 00000000 00:00 0 
7ffa04265000-7ffa04795000 ---p 00000000 00:00 0 
7ffa04795000-7ffa04796000 rw-p 00000000 00:00 0 
7ffa04796000-7ffa04996000 ---p 00000000 00:00 0 
7ffa04996000-7ffa04c06000 rwxp 00000000 00:00 0 
7ffa04c06000-7ffa04f27000 ---p 00000000 00:00 0 
7ffa04f27000-7ffa05197000 rwxp 00000000 00:00 0 
7ffa05197000-7ffa0c45e000 ---p 00000000 00:00 0 
7ffa0c45e000-7ffa0c6ce000 rwxp 00000000 00:00 0 
7ffa0c6ce000-7ffa13996000 ---p 00000000 00:00 0 
7ffa13996000-7ffa1c000000 r--s 00000000 103:01 470784                    /usr/lib/jvm/java-11-openjdk-amd64/lib/modules
7ffa1c000000-7ffa1c5a0000 rw-p 00000000 00:00 0 
7ffa1c5a0000-7ffa20000000 ---p 00000000 00:00 0 
7ffa200aa000-7ffa200b1000 r--s 00000000 103:01 245011                    /usr/lib/x86_64-linux-gnu/gconv/gconv-modules.cache
7ffa200b1000-7ffa203b4000 rw-p 00000000 00:00 0 
7ffa203b4000-7ffa203b5000 ---p 00000000 00:00 0 
7ffa203b5000-7ffa204b6000 rw-p 00000000 00:00 0 
7ffa204b6000-7ffa204b7000 ---p 00000000 00:00 0 
7ffa204b7000-7ffa20ebe000 rw-p 00000000 00:00 0 
7ffa20ebe000-7ffa20ebf000 ---p 00000000 00:00 0 
7ffa20ebf000-7ffa20fc5000 rw-p 00000000 00:00 0 
7ffa20fc5000-7ffa210ab000 ---p 00000000 00:00 0 
7ffa210ab000-7ffa210b0000 rw-p 00000000 00:00 0 
7ffa210b0000-7ffa21196000 ---p 00000000 00:00 0 
7ffa21196000-7ffa2119b000 r-xp 00000000 103:01 470765                    /usr/lib/jvm/java-11-openjdk-amd64/lib/libjimage.so
7ffa2119b000-7ffa2139a000 ---p 00005000 103:01 470765                    /usr/lib/jvm/java-11-openjdk-amd64/lib/libjimage.so
7ffa2139a000-7ffa2139b000 r--p 00004000 103:01 470765                    /usr/lib/jvm/java-11-openjdk-amd64/lib/libjimage.so
7ffa2139b000-7ffa2139c000 rw-p 00005000 103:01 470765                    /usr/lib/jvm/java-11-openjdk-amd64/lib/libjimage.so
7ffa2139c000-7ffa213a3000 r-xp 00000000 103:01 470783                    /usr/lib/jvm/java-11-openjdk-amd64/lib/libzip.so
7ffa213a3000-7ffa215a2000 ---p 00007000 103:01 470783                    /usr/lib/jvm/java-11-openjdk-amd64/lib/libzip.so
7ffa215a2000-7ffa215a3000 r--p 00006000 103:01 470783                    /usr/lib/jvm/java-11-openjdk-amd64/lib/libzip.so
7ffa215a3000-7ffa215a4000 rw-p 00007000 103:01 470783                    /usr/lib/jvm/java-11-openjdk-amd64/lib/libzip.so
7ffa215a4000-7ffa215af000 r-xp 00000000 103:01 299919                    /lib/x86_64-linux-gnu/libnss_files-2.27.so
7ffa215af000-7ffa217ae000 ---p 0000b000 103:01 299919                    /lib/x86_64-linux-gnu/libnss_files-2.27.so
7ffa217ae000-7ffa217af000 r--p 0000a000 103:01 299919                    /lib/x86_64-linux-gnu/libnss_files-2.27.so
7ffa217af000-7ffa217b0000 rw-p 0000b000 103:01 299919                    /lib/x86_64-linux-gnu/libnss_files-2.27.so
7ffa217b0000-7ffa217b6000 rw-p 00000000 00:00 0 
7ffa217b6000-7ffa217cd000 r-xp 00000000 103:01 299916                    /lib/x86_64-linux-gnu/libnsl-2.27.so
7ffa217cd000-7ffa219cc000 ---p 00017000 103:01 299916                    /lib/x86_64-linux-gnu/libnsl-2.27.so
7ffa219cc000-7ffa219cd000 r--p 00016000 103:01 299916                    /lib/x86_64-linux-gnu/libnsl-2.27.so
7ffa219cd000-7ffa219ce000 rw-p 00017000 103:01 299916                    /lib/x86_64-linux-gnu/libnsl-2.27.so
7ffa219ce000-7ffa219d0000 rw-p 00000000 00:00 0 
7ffa219d0000-7ffa219db000 r-xp 00000000 103:01 299921                    /lib/x86_64-linux-gnu/libnss_nis-2.27.so
7ffa219db000-7ffa21bda000 ---p 0000b000 103:01 299921                    /lib/x86_64-linux-gnu/libnss_nis-2.27.so
7ffa21bda000-7ffa21bdb000 r--p 0000a000 103:01 299921                    /lib/x86_64-linux-gnu/libnss_nis-2.27.so
7ffa21bdb000-7ffa21bdc000 rw-p 0000b000 103:01 299921                    /lib/x86_64-linux-gnu/libnss_nis-2.27.so
7ffa21bdc000-7ffa21be4000 r-xp 00000000 103:01 299917                    /lib/x86_64-linux-gnu/libnss_compat-2.27.so
7ffa21be4000-7ffa21de4000 ---p 00008000 103:01 299917                    /lib/x86_64-linux-gnu/libnss_compat-2.27.so
7ffa21de4000-7ffa21de5000 r--p 00008000 103:01 299917                    /lib/x86_64-linux-gnu/libnss_compat-2.27.so
7ffa21de5000-7ffa21de6000 rw-p 00009000 103:01 299917                    /lib/x86_64-linux-gnu/libnss_compat-2.27.so
7ffa21de6000-7ffa22246000 r--p 00000000 103:01 200546                    /usr/lib/locale/locale-archive
7ffa22246000-7ffa22250000 r-xp 00000000 103:01 470753                    /usr/lib/jvm/java-11-openjdk-amd64/lib/libinstrument.so
7ffa22250000-7ffa2244f000 ---p 0000a000 103:01 470753                    /usr/lib/jvm/java-11-openjdk-amd64/lib/libinstrument.so
7ffa2244f000-7ffa22450000 r--p 00009000 103:01 470753                    /usr/lib/jvm/java-11-openjdk-amd64/lib/libinstrument.so
7ffa22450000-7ffa22451000 rw-p 0000a000 103:01 470753                    /usr/lib/jvm/java-11-openjdk-amd64/lib/libinstrument.so
7ffa22451000-7ffa2248c000 r-xp 00000000 103:01 470764                    /usr/lib/jvm/java-11-openjdk-amd64/lib/libjdwp.so
7ffa2248c000-7ffa2268b000 ---p 0003b000 103:01 470764                    /usr/lib/jvm/java-11-openjdk-amd64/lib/libjdwp.so
7ffa2268b000-7ffa2268c000 r--p 0003a000 103:01 470764                    /usr/lib/jvm/java-11-openjdk-amd64/lib/libjdwp.so
7ffa2268c000-7ffa2268d000 rw-p 0003b000 103:01 470764                    /usr/lib/jvm/java-11-openjdk-amd64/lib/libjdwp.so
7ffa2268d000-7ffa226b8000 r-xp 00000000 103:01 470761                    /usr/lib/jvm/java-11-openjdk-amd64/lib/libjava.so
7ffa226b8000-7ffa228b7000 ---p 0002b000 103:01 470761                    /usr/lib/jvm/java-11-openjdk-amd64/lib/libjava.so
7ffa228b7000-7ffa228b8000 r--p 0002a000 103:01 470761                    /usr/lib/jvm/java-11-openjdk-amd64/lib/libjava.so
7ffa228b8000-7ffa228ba000 rw-p 0002b000 103:01 470761                    /usr/lib/jvm/java-11-openjdk-amd64/lib/libjava.so
7ffa228ba000-7ffa228c7000 r-xp 00000000 103:01 470782                    /usr/lib/jvm/java-11-openjdk-amd64/lib/libverify.so
7ffa228c7000-7ffa22ac6000 ---p 0000d000 103:01 470782                    /usr/lib/jvm/java-11-openjdk-amd64/lib/libverify.so
7ffa22ac6000-7ffa22ac8000 r--p 0000c000 103:01 470782                    /usr/lib/jvm/java-11-openjdk-amd64/lib/libverify.so
7ffa22ac8000-7ffa22ac9000 rw-p 0000e000 103:01 470782                    /usr/lib/jvm/java-11-openjdk-amd64/lib/libverify.so
7ffa22ac9000-7ffa22ad0000 r-xp 00000000 103:01 299926                    /lib/x86_64-linux-gnu/librt-2.27.so
7ffa22ad0000-7ffa22ccf000 ---p 00007000 103:01 299926                    /lib/x86_64-linux-gnu/librt-2.27.so
7ffa22ccf000-7ffa22cd0000 r--p 00006000 103:01 299926                    /lib/x86_64-linux-gnu/librt-2.27.so
7ffa22cd0000-7ffa22cd1000 rw-p 00007000 103:01 299926                    /lib/x86_64-linux-gnu/librt-2.27.so
7ffa22cd1000-7ffa22ce8000 r-xp 00000000 103:01 299962                    /lib/x86_64-linux-gnu/libgcc_s.so.1
7ffa22ce8000-7ffa22ee7000 ---p 00017000 103:01 299962                    /lib/x86_64-linux-gnu/libgcc_s.so.1
7ffa22ee7000-7ffa22ee8000 r--p 00016000 103:01 299962                    /lib/x86_64-linux-gnu/libgcc_s.so.1
7ffa22ee8000-7ffa22ee9000 rw-p 00017000 103:01 299962                    /lib/x86_64-linux-gnu/libgcc_s.so.1
7ffa22ee9000-7ffa23086000 r-xp 00000000 103:01 299913                    /lib/x86_64-linux-gnu/libm-2.27.so
7ffa23086000-7ffa23285000 ---p 0019d000 103:01 299913                    /lib/x86_64-linux-gnu/libm-2.27.so
7ffa23285000-7ffa23286000 r--p 0019c000 103:01 299913                    /lib/x86_64-linux-gnu/libm-2.27.so
7ffa23286000-7ffa23287000 rw-p 0019d000 103:01 299913                    /lib/x86_64-linux-gnu/libm-2.27.so
7ffa23287000-7ffa23405000 r-xp 00000000 103:01 204775                    /usr/lib/x86_64-linux-gnu/libstdc++.so.6.0.25
7ffa23405000-7ffa23605000 ---p 0017e000 103:01 204775                    /usr/lib/x86_64-linux-gnu/libstdc++.so.6.0.25
7ffa23605000-7ffa2360f000 r--p 0017e000 103:01 204775                    /usr/lib/x86_64-linux-gnu/libstdc++.so.6.0.25
7ffa2360f000-7ffa23611000 rw-p 00188000 103:01 204775                    /usr/lib/x86_64-linux-gnu/libstdc++.so.6.0.25
7ffa23611000-7ffa23615000 rw-p 00000000 00:00 0 
7ffa23615000-7ffa246d7000 r-xp 00000000 103:01 470788                    /usr/lib/jvm/java-11-openjdk-amd64/lib/server/libjvm.so
7ffa246d7000-7ffa248d6000 ---p 010c2000 103:01 470788                    /usr/lib/jvm/java-11-openjdk-amd64/lib/server/libjvm.so
7ffa248d6000-7ffa2499d000 r--p 010c1000 103:01 470788                    /usr/lib/jvm/java-11-openjdk-amd64/lib/server/libjvm.so
7ffa2499d000-7ffa249d6000 rw-p 01188000 103:01 470788                    /usr/lib/jvm/java-11-openjdk-amd64/lib/server/libjvm.so
7ffa249d6000-7ffa24a29000 rw-p 00000000 00:00 0 
7ffa24a29000-7ffa24a43000 r-xp 00000000 103:01 299924                    /lib/x86_64-linux-gnu/libpthread-2.27.so
7ffa24a43000-7ffa24c42000 ---p 0001a000 103:01 299924                    /lib/x86_64-linux-gnu/libpthread-2.27.so
7ffa24c42000-7ffa24c43000 r--p 00019000 103:01 299924                    /lib/x86_64-linux-gnu/libpthread-2.27.so
7ffa24c43000-7ffa24c44000 rw-p 0001a000 103:01 299924                    /lib/x86_64-linux-gnu/libpthread-2.27.so
7ffa24c44000-7ffa24c48000 rw-p 00000000 00:00 0 
7ffa24c48000-7ffa24c4b000 r-xp 00000000 103:01 299912                    /lib/x86_64-linux-gnu/libdl-2.27.so
7ffa24c4b000-7ffa24e4a000 ---p 00003000 103:01 299912                    /lib/x86_64-linux-gnu/libdl-2.27.so
7ffa24e4a000-7ffa24e4b000 r--p 00002000 103:01 299912                    /lib/x86_64-linux-gnu/libdl-2.27.so
7ffa24e4b000-7ffa24e4c000 rw-p 00003000 103:01 299912                    /lib/x86_64-linux-gnu/libdl-2.27.so
7ffa24e4c000-7ffa24e68000 r-xp 00000000 103:01 299938                    /lib/x86_64-linux-gnu/libz.so.1.2.11
7ffa24e68000-7ffa25067000 ---p 0001c000 103:01 299938                    /lib/x86_64-linux-gnu/libz.so.1.2.11
7ffa25067000-7ffa25068000 r--p 0001b000 103:01 299938                    /lib/x86_64-linux-gnu/libz.so.1.2.11
7ffa25068000-7ffa25069000 rw-p 0001c000 103:01 299938                    /lib/x86_64-linux-gnu/libz.so.1.2.11
7ffa25069000-7ffa25250000 r-xp 00000000 103:01 299909                    /lib/x86_64-linux-gnu/libc-2.27.so
7ffa25250000-7ffa25450000 ---p 001e7000 103:01 299909                    /lib/x86_64-linux-gnu/libc-2.27.so
7ffa25450000-7ffa25454000 r--p 001e7000 103:01 299909                    /lib/x86_64-linux-gnu/libc-2.27.so
7ffa25454000-7ffa25456000 rw-p 001eb000 103:01 299909                    /lib/x86_64-linux-gnu/libc-2.27.so
7ffa25456000-7ffa2545a000 rw-p 00000000 00:00 0 
7ffa2545a000-7ffa25469000 r-xp 00000000 103:01 470742                    /usr/lib/jvm/java-11-openjdk-amd64/lib/jli/libjli.so
7ffa25469000-7ffa25669000 ---p 0000f000 103:01 470742                    /usr/lib/jvm/java-11-openjdk-amd64/lib/jli/libjli.so
7ffa25669000-7ffa2566a000 r--p 0000f000 103:01 470742                    /usr/lib/jvm/java-11-openjdk-amd64/lib/jli/libjli.so
7ffa2566a000-7ffa2566b000 rw-p 00010000 103:01 470742                    /usr/lib/jvm/java-11-openjdk-amd64/lib/jli/libjli.so
7ffa2566b000-7ffa25692000 r-xp 00000000 103:01 299905                    /lib/x86_64-linux-gnu/ld-2.27.so
7ffa25695000-7ffa25771000 rw-p 00000000 00:00 0 
7ffa25771000-7ffa25775000 ---p 00000000 00:00 0 
7ffa25775000-7ffa25874000 rw-p 00000000 00:00 0 
7ffa25878000-7ffa2587d000 rw-p 00000000 00:00 0 
7ffa2587d000-7ffa25884000 ---p 00000000 00:00 0 
7ffa25884000-7ffa25886000 r--s 00001000 103:01 57020                     /home/lap11852/Downloads/ideaIC-2018.2.1/idea-IC-182.3911.36/lib/rt/debugger-agent-storage.jar
7ffa25886000-7ffa2588e000 rw-s 00000000 103:01 5767715                   /tmp/hsperfdata_lap11852/22679
7ffa2588e000-7ffa2588f000 ---p 00000000 00:00 0 
7ffa2588f000-7ffa25890000 r--p 00000000 00:00 0 
7ffa25890000-7ffa25892000 rw-p 00000000 00:00 0 
7ffa25892000-7ffa25893000 r--p 00027000 103:01 299905                    /lib/x86_64-linux-gnu/ld-2.27.so
7ffa25893000-7ffa25894000 rw-p 00028000 103:01 299905                    /lib/x86_64-linux-gnu/ld-2.27.so
7ffa25894000-7ffa25895000 rw-p 00000000 00:00 0 
7ffcb7aec000-7ffcb7b0d000 rw-p 00000000 00:00 0                          [stack]
7ffcb7b4e000-7ffcb7b51000 r--p 00000000 00:00 0                          [vvar]
7ffcb7b51000-7ffcb7b53000 r-xp 00000000 00:00 0                          [vdso]
ffffffffff600000-ffffffffff601000 r-xp 00000000 00:00 0                  [vsyscall]


VM Arguments:
jvm_args: -agentlib:jdwp=transport=dt_socket,address=127.0.0.1:36003,suspend=y,server=n -javaagent:/home/lap11852/Downloads/ideaIC-2018.2.1/idea-IC-182.3911.36/lib/rt/debugger-agent.jar=file:/tmp/capture.props -Dfile.encoding=UTF-8 
java_command: server.NettyServer
java_class_path (initial): /home/lap11852/Desktop/LetChat/target/classes:/home/lap11852/.m2/repository/com/google/protobuf/protobuf-java/3.6.1/protobuf-java-3.6.1.jar:/home/lap11852/.m2/repository/io/netty/netty-all/4.1.29.Final/netty-all-4.1.29.Final.jar:/home/lap11852/.m2/repository/org/rocksdb/rocksdbjni/5.14.2/rocksdbjni-5.14.2.jar:/home/lap11852/Downloads/ideaIC-2018.2.1/idea-IC-182.3911.36/lib/idea_rt.jar
Launcher Type: SUN_STANDARD

[Global flags]
     intx CICompilerCount                          = 4                                         {product} {ergonomic}
     uint ConcGCThreads                            = 2                                         {product} {ergonomic}
     uint G1ConcRefinementThreads                  = 8                                         {product} {ergonomic}
   size_t G1HeapRegionSize                         = 1048576                                   {product} {ergonomic}
    uintx GCDrainStackTargetSize                   = 64                                        {product} {ergonomic}
   size_t InitialHeapSize                          = 257949696                                 {product} {ergonomic}
   size_t MarkStackSize                            = 4194304                                   {product} {ergonomic}
   size_t MaxHeapSize                              = 4118806528                                {product} {ergonomic}
   size_t MaxNewSize                               = 2470445056                                {product} {ergonomic}
   size_t MinHeapDeltaBytes                        = 1048576                                   {product} {ergonomic}
    uintx NonNMethodCodeHeapSize                   = 5835340                                {pd product} {ergonomic}
    uintx NonProfiledCodeHeapSize                  = 122911450                              {pd product} {ergonomic}
    uintx ProfiledCodeHeapSize                     = 122911450                              {pd product} {ergonomic}
    uintx ReservedCodeCacheSize                    = 251658240                              {pd product} {ergonomic}
     bool SegmentedCodeCache                       = true                                      {product} {ergonomic}
     bool UseCompressedClassPointers               = true                                 {lp64_product} {ergonomic}
     bool UseCompressedOops                        = true                                 {lp64_product} {ergonomic}
     bool UseG1GC                                  = true                                      {product} {ergonomic}

Logging:
Log output configuration:
 #0: stdout all=warning uptime,level,tags
 #1: stderr all=off uptime,level,tags

Environment Variables:
JAVA_HOME=/usr/lib/jvm/java-11-openjdk-amd64
PATH=/home/lap11852/bin:/home/lap11852/.local/bin:/usr/local/sbin:/usr/local/bin:/usr/sbin:/usr/bin:/sbin:/bin:/usr/games:/usr/local/games:/usr/lib/jvm/java-11-openjdk-amd64:/snap/bin
USERNAME=lap11852
SHELL=/usr/bin/zsh
DISPLAY=:0

Signal Handlers:
SIGSEGV: [libjvm.so+0xe1c4e0], sa_mask[0]=11111111011111111101111111111110, sa_flags=SA_RESTART|SA_SIGINFO
SIGBUS: [libjvm.so+0xe1c4e0], sa_mask[0]=11111111011111111101111111111110, sa_flags=SA_RESTART|SA_SIGINFO
SIGFPE: [libjvm.so+0xe1c4e0], sa_mask[0]=11111111011111111101111111111110, sa_flags=SA_RESTART|SA_SIGINFO
SIGPIPE: [libjvm.so+0xbefca0], sa_mask[0]=11111111011111111101111111111110, sa_flags=SA_RESTART|SA_SIGINFO
SIGXFSZ: [libjvm.so+0xbefca0], sa_mask[0]=11111111011111111101111111111110, sa_flags=SA_RESTART|SA_SIGINFO
SIGILL: [libjvm.so+0xe1c4e0], sa_mask[0]=11111111011111111101111111111110, sa_flags=SA_RESTART|SA_SIGINFO
SIGUSR2: [libjvm.so+0xbefb40], sa_mask[0]=00100000000000000000000000000000, sa_flags=SA_RESTART|SA_SIGINFO
SIGHUP: [libjvm.so+0xbefea0], sa_mask[0]=11111111011111111101111111111110, sa_flags=SA_RESTART|SA_SIGINFO
SIGINT: [libjvm.so+0xbefea0], sa_mask[0]=11111111011111111101111111111110, sa_flags=SA_RESTART|SA_SIGINFO
SIGTERM: [libjvm.so+0xbefea0], sa_mask[0]=11111111011111111101111111111110, sa_flags=SA_RESTART|SA_SIGINFO
SIGQUIT: [libjvm.so+0xbefea0], sa_mask[0]=11111111011111111101111111111110, sa_flags=SA_RESTART|SA_SIGINFO


---------------  S Y S T E M  ---------------

OS:DISTRIB_ID=Ubuntu
DISTRIB_RELEASE=18.04
DISTRIB_CODENAME=bionic
DISTRIB_DESCRIPTION="Ubuntu 18.04.1 LTS"
uname:Linux 4.15.0-33-generic #36-Ubuntu SMP Wed Aug 15 16:00:05 UTC 2018 x86_64
libc:glibc 2.27 NPTL 2.27 
rlimit: STACK 8192k, CORE 0k, NPROC 62592, NOFILE 1048576, AS infinity, DATA infinity, FSIZE infinity
load average:1,48 1,53 1,36

/proc/meminfo:
MemTotal:       16084300 kB
MemFree:         6246232 kB
MemAvailable:   10006116 kB
Buffers:          569144 kB
Cached:          3717480 kB
SwapCached:            0 kB
Active:          6842064 kB
Inactive:        2235960 kB
Active(anon):    4793908 kB
Inactive(anon):   578648 kB
Active(file):    2048156 kB
Inactive(file):  1657312 kB
Unevictable:         180 kB
Mlocked:             180 kB
SwapTotal:      16431100 kB
SwapFree:       16431100 kB
Dirty:              7632 kB
Writeback:             0 kB
AnonPages:       4791776 kB
Mapped:           648736 kB
Shmem:            581160 kB
Slab:             535412 kB
SReclaimable:     394652 kB
SUnreclaim:       140760 kB
KernelStack:       21648 kB
PageTables:        87484 kB
NFS_Unstable:          0 kB
Bounce:                0 kB
WritebackTmp:          0 kB
CommitLimit:    24473248 kB
Committed_AS:   16995612 kB
VmallocTotal:   34359738367 kB
VmallocUsed:           0 kB
VmallocChunk:          0 kB
HardwareCorrupted:     0 kB
AnonHugePages:         0 kB
ShmemHugePages:        0 kB
ShmemPmdMapped:        0 kB
CmaTotal:              0 kB
CmaFree:               0 kB
HugePages_Total:       0
HugePages_Free:        0
HugePages_Rsvd:        0
HugePages_Surp:        0
Hugepagesize:       2048 kB
DirectMap4k:      386004 kB
DirectMap2M:    10803200 kB
DirectMap1G:     6291456 kB


/proc/sys/kernel/threads-max (system-wide limit on the number of threads):
125185


/proc/sys/vm/max_map_count (maximum number of memory map areas a process may have):
65530


/proc/sys/kernel/pid_max (system-wide limit on number of process identifiers):
32768


container (cgroup) information:
container_type: cgroupv1
cpu_cpuset_cpus: 0-7
cpu_memory_nodes: 0
active_processor_count: 8
cpu_quota: -1
cpu_period: 100000
cpu_shares: -1
memory_limit_in_bytes: -1
memory_and_swap_limit_in_bytes: -2
memory_soft_limit_in_bytes: -1
memory_usage_in_bytes: 7685476352
memory_max_usage_in_bytes: 8578347008


CPU:total 8 (initial active 8) (4 cores per cpu, 2 threads per core) family 6 model 142 stepping 10, cmov, cx8, fxsr, mmx, sse, sse2, sse3, ssse3, sse4.1, sse4.2, popcnt, avx, avx2, aes, clmul, erms, 3dnowpref, lzcnt, ht, tsc, tscinvbit, bmi1, bmi2, adx, fma
CPU Model and flags from /proc/cpuinfo:
model name	: Intel(R) Core(TM) i5-8250U CPU @ 1.60GHz
flags		: fpu vme de pse tsc msr pae mce cx8 apic sep mtrr pge mca cmov pat pse36 clflush dts acpi mmx fxsr sse sse2 ss ht tm pbe syscall nx pdpe1gb rdtscp lm constant_tsc art arch_perfmon pebs bts rep_good nopl xtopology nonstop_tsc cpuid aperfmperf tsc_known_freq pni pclmulqdq dtes64 monitor ds_cpl vmx est tm2 ssse3 sdbg fma cx16 xtpr pdcm pcid sse4_1 sse4_2 x2apic movbe popcnt tsc_deadline_timer aes xsave avx f16c rdrand lahf_lm abm 3dnowprefetch cpuid_fault epb invpcid_single pti ssbd ibrs ibpb stibp tpr_shadow vnmi flexpriority ept vpid fsgsbase tsc_adjust bmi1 avx2 smep bmi2 erms invpcid mpx rdseed adx smap clflushopt intel_pt xsaveopt xsavec xgetbv1 xsaves dtherm ida arat pln pts hwp hwp_notify hwp_act_window hwp_epp flush_l1d

Memory: 4k page, physical 16084300k(6246232k free), swap 16431100k(16431100k free)

vm_info: OpenJDK 64-Bit Server VM (11+24-Ubuntu-118.04) for linux-amd64 JRE (11+24-Ubuntu-118.04), built on Jul 27 2018 09:43:54 by "buildd" with gcc 7.3.0

END.
