#
# A fatal error has been detected by the Java Runtime Environment:
#
#  SIGSEGV (0xb) at pc=0x00007f12439d54a6, pid=1105, tid=1863
#
# JRE version: OpenJDK Runtime Environment (11.0+24) (build 11+24-Ubuntu-118.04)
# Java VM: OpenJDK 64-Bit Server VM (11+24-Ubuntu-118.04, mixed mode, sharing, tiered, compressed oops, g1 gc, linux-amd64)
# Problematic frame:
# C  [librocksdbjni1919931700194643747.so+0x2d44a6]  rocksdb_get_helper(JNIEnv_*, rocksdb::DB*, rocksdb::ReadOptions const&, rocksdb::ColumnFamilyHandle*, _jbyteArray*, int, int)+0x2d6
#
# Core dump will be written. Default location: Core dumps may be processed with "/usr/share/apport/apport %p %s %c %d %P" (or dumping to /home/lap11852/Desktop/LetChat/core.1105)
#
# If you would like to submit a bug report, please visit:
#   http://bugreport.java.com/bugreport/crash.jsp
# The crash happened outside the Java Virtual Machine in native code.
# See problematic frame for where to report the bug.
#

---------------  S U M M A R Y ------------

Command Line: -javaagent:/home/lap11852/Downloads/ideaIC-2018.2.1/idea-IC-182.3911.36/lib/idea_rt.jar=45857:/home/lap11852/Downloads/ideaIC-2018.2.1/idea-IC-182.3911.36/bin -Dfile.encoding=UTF-8 server.NettyServer

Host: Intel(R) Core(TM) i5-8250U CPU @ 1.60GHz, 8 cores, 15G, Ubuntu 18.04.1 LTS
Time: Mon Sep 10 15:53:52 2018 +07 elapsed time: 278 seconds (0d 0h 4m 38s)

---------------  T H R E A D  ---------------

Current thread (0x00007f1248011800):  JavaThread "nioEventLoopGroup-3-4" [_thread_in_native, id=1863, stack(0x00007f12405fc000,0x00007f12406fd000)]

Stack: [0x00007f12405fc000,0x00007f12406fd000],  sp=0x00007f12406fa720,  free space=1017k
Native frames: (J=compiled Java code, A=aot compiled Java code, j=interpreted, Vv=VM code, C=native code)
C  [librocksdbjni1919931700194643747.so+0x2d44a6]  rocksdb_get_helper(JNIEnv_*, rocksdb::DB*, rocksdb::ReadOptions const&, rocksdb::ColumnFamilyHandle*, _jbyteArray*, int, int)+0x2d6
C  [librocksdbjni1919931700194643747.so+0x2d4684]  Java_org_rocksdb_RocksDB_get__J_3BII+0x54
j  org.rocksdb.RocksDB.get(J[BII)[B+0
j  org.rocksdb.RocksDB.get([B)[B+9
j  Storage.RocksDBStorage.get(Ljava/lang/String;)Ljava/lang/String;+12
j  server.ServerHandler.processLogin(Lletchat/proto/LetChatProtos$Request;Lio/netty/channel/ChannelHandlerContext;)V+35
j  server.ServerHandler.channelRead0(Lio/netty/channel/ChannelHandlerContext;Lletchat/proto/LetChatProtos$Request;)V+123
j  server.ServerHandler.channelRead0(Lio/netty/channel/ChannelHandlerContext;Ljava/lang/Object;)V+6
j  io.netty.channel.SimpleChannelInboundHandler.channelRead(Lio/netty/channel/ChannelHandlerContext;Ljava/lang/Object;)V+17
j  io.netty.channel.AbstractChannelHandlerContext.invokeChannelRead(Ljava/lang/Object;)V+16
j  io.netty.channel.AbstractChannelHandlerContext.invokeChannelRead(Lio/netty/channel/AbstractChannelHandlerContext;Ljava/lang/Object;)V+31
j  io.netty.channel.AbstractChannelHandlerContext.fireChannelRead(Ljava/lang/Object;)Lio/netty/channel/ChannelHandlerContext;+5
j  io.netty.handler.codec.MessageToMessageDecoder.channelRead(Lio/netty/channel/ChannelHandlerContext;Ljava/lang/Object;)V+75
j  io.netty.channel.AbstractChannelHandlerContext.invokeChannelRead(Ljava/lang/Object;)V+16
j  io.netty.channel.AbstractChannelHandlerContext.invokeChannelRead(Lio/netty/channel/AbstractChannelHandlerContext;Ljava/lang/Object;)V+31
j  io.netty.channel.AbstractChannelHandlerContext.fireChannelRead(Ljava/lang/Object;)Lio/netty/channel/ChannelHandlerContext;+5
j  io.netty.handler.codec.MessageToMessageDecoder.channelRead(Lio/netty/channel/ChannelHandlerContext;Ljava/lang/Object;)V+75
j  io.netty.channel.AbstractChannelHandlerContext.invokeChannelRead(Ljava/lang/Object;)V+16
j  io.netty.channel.AbstractChannelHandlerContext.invokeChannelRead(Lio/netty/channel/AbstractChannelHandlerContext;Ljava/lang/Object;)V+31
j  io.netty.channel.AbstractChannelHandlerContext.fireChannelRead(Ljava/lang/Object;)Lio/netty/channel/ChannelHandlerContext;+5
j  io.netty.handler.codec.ByteToMessageDecoder.fireChannelRead(Lio/netty/channel/ChannelHandlerContext;Lio/netty/handler/codec/CodecOutputList;I)V+13
j  io.netty.handler.codec.ByteToMessageDecoder.channelRead(Lio/netty/channel/ChannelHandlerContext;Ljava/lang/Object;)V+175
j  io.netty.channel.AbstractChannelHandlerContext.invokeChannelRead(Ljava/lang/Object;)V+16
j  io.netty.channel.AbstractChannelHandlerContext.invokeChannelRead(Lio/netty/channel/AbstractChannelHandlerContext;Ljava/lang/Object;)V+31
j  io.netty.channel.AbstractChannelHandlerContext.fireChannelRead(Ljava/lang/Object;)Lio/netty/channel/ChannelHandlerContext;+5
j  io.netty.channel.DefaultChannelPipeline$HeadContext.channelRead(Lio/netty/channel/ChannelHandlerContext;Ljava/lang/Object;)V+2
j  io.netty.channel.AbstractChannelHandlerContext.invokeChannelRead(Ljava/lang/Object;)V+16
j  io.netty.channel.AbstractChannelHandlerContext.invokeChannelRead(Lio/netty/channel/AbstractChannelHandlerContext;Ljava/lang/Object;)V+31
j  io.netty.channel.DefaultChannelPipeline.fireChannelRead(Ljava/lang/Object;)Lio/netty/channel/ChannelPipeline;+5
j  io.netty.channel.nio.AbstractNioByteChannel$NioByteUnsafe.read()V+159
j  io.netty.channel.nio.NioEventLoop.processSelectedKey(Ljava/nio/channels/SelectionKey;Lio/netty/channel/nio/AbstractNioChannel;)V+119
J 963 c1 io.netty.channel.nio.NioEventLoop.processSelectedKeysPlain(Ljava/util/Set;)V (127 bytes) @ 0x00007f12990e236c [0x00007f12990e1c00+0x000000000000076c]
J 921 c1 io.netty.channel.nio.NioEventLoop.processSelectedKeys()V (26 bytes) @ 0x00007f12990ca564 [0x00007f12990ca380+0x00000000000001e4]
j  io.netty.channel.nio.NioEventLoop.run()V+126
j  io.netty.util.concurrent.SingleThreadEventExecutor$5.run()V+44
j  io.netty.util.concurrent.FastThreadLocalRunnable.run()V+4
j  java.lang.Thread.run()V+11 java.base@11
v  ~StubRoutines::call_stub
V  [libjvm.so+0x86e0e9]
V  [libjvm.so+0x86c23d]
V  [libjvm.so+0x9141fc]
V  [libjvm.so+0xdb54a3]
V  [libjvm.so+0xdb5785]
V  [libjvm.so+0xbf9910]

Java frames: (J=compiled Java code, j=interpreted, Vv=VM code)
j  org.rocksdb.RocksDB.get(J[BII)[B+0
j  org.rocksdb.RocksDB.get([B)[B+9
j  Storage.RocksDBStorage.get(Ljava/lang/String;)Ljava/lang/String;+12
j  server.ServerHandler.processLogin(Lletchat/proto/LetChatProtos$Request;Lio/netty/channel/ChannelHandlerContext;)V+35
j  server.ServerHandler.channelRead0(Lio/netty/channel/ChannelHandlerContext;Lletchat/proto/LetChatProtos$Request;)V+123
j  server.ServerHandler.channelRead0(Lio/netty/channel/ChannelHandlerContext;Ljava/lang/Object;)V+6
j  io.netty.channel.SimpleChannelInboundHandler.channelRead(Lio/netty/channel/ChannelHandlerContext;Ljava/lang/Object;)V+17
j  io.netty.channel.AbstractChannelHandlerContext.invokeChannelRead(Ljava/lang/Object;)V+16
j  io.netty.channel.AbstractChannelHandlerContext.invokeChannelRead(Lio/netty/channel/AbstractChannelHandlerContext;Ljava/lang/Object;)V+31
j  io.netty.channel.AbstractChannelHandlerContext.fireChannelRead(Ljava/lang/Object;)Lio/netty/channel/ChannelHandlerContext;+5
j  io.netty.handler.codec.MessageToMessageDecoder.channelRead(Lio/netty/channel/ChannelHandlerContext;Ljava/lang/Object;)V+75
j  io.netty.channel.AbstractChannelHandlerContext.invokeChannelRead(Ljava/lang/Object;)V+16
j  io.netty.channel.AbstractChannelHandlerContext.invokeChannelRead(Lio/netty/channel/AbstractChannelHandlerContext;Ljava/lang/Object;)V+31
j  io.netty.channel.AbstractChannelHandlerContext.fireChannelRead(Ljava/lang/Object;)Lio/netty/channel/ChannelHandlerContext;+5
j  io.netty.handler.codec.MessageToMessageDecoder.channelRead(Lio/netty/channel/ChannelHandlerContext;Ljava/lang/Object;)V+75
j  io.netty.channel.AbstractChannelHandlerContext.invokeChannelRead(Ljava/lang/Object;)V+16
j  io.netty.channel.AbstractChannelHandlerContext.invokeChannelRead(Lio/netty/channel/AbstractChannelHandlerContext;Ljava/lang/Object;)V+31
j  io.netty.channel.AbstractChannelHandlerContext.fireChannelRead(Ljava/lang/Object;)Lio/netty/channel/ChannelHandlerContext;+5
j  io.netty.handler.codec.ByteToMessageDecoder.fireChannelRead(Lio/netty/channel/ChannelHandlerContext;Lio/netty/handler/codec/CodecOutputList;I)V+13
j  io.netty.handler.codec.ByteToMessageDecoder.channelRead(Lio/netty/channel/ChannelHandlerContext;Ljava/lang/Object;)V+175
j  io.netty.channel.AbstractChannelHandlerContext.invokeChannelRead(Ljava/lang/Object;)V+16
j  io.netty.channel.AbstractChannelHandlerContext.invokeChannelRead(Lio/netty/channel/AbstractChannelHandlerContext;Ljava/lang/Object;)V+31
j  io.netty.channel.AbstractChannelHandlerContext.fireChannelRead(Ljava/lang/Object;)Lio/netty/channel/ChannelHandlerContext;+5
j  io.netty.channel.DefaultChannelPipeline$HeadContext.channelRead(Lio/netty/channel/ChannelHandlerContext;Ljava/lang/Object;)V+2
j  io.netty.channel.AbstractChannelHandlerContext.invokeChannelRead(Ljava/lang/Object;)V+16
j  io.netty.channel.AbstractChannelHandlerContext.invokeChannelRead(Lio/netty/channel/AbstractChannelHandlerContext;Ljava/lang/Object;)V+31
j  io.netty.channel.DefaultChannelPipeline.fireChannelRead(Ljava/lang/Object;)Lio/netty/channel/ChannelPipeline;+5
j  io.netty.channel.nio.AbstractNioByteChannel$NioByteUnsafe.read()V+159
j  io.netty.channel.nio.NioEventLoop.processSelectedKey(Ljava/nio/channels/SelectionKey;Lio/netty/channel/nio/AbstractNioChannel;)V+119
J 963 c1 io.netty.channel.nio.NioEventLoop.processSelectedKeysPlain(Ljava/util/Set;)V (127 bytes) @ 0x00007f12990e236c [0x00007f12990e1c00+0x000000000000076c]
J 921 c1 io.netty.channel.nio.NioEventLoop.processSelectedKeys()V (26 bytes) @ 0x00007f12990ca564 [0x00007f12990ca380+0x00000000000001e4]
j  io.netty.channel.nio.NioEventLoop.run()V+126
j  io.netty.util.concurrent.SingleThreadEventExecutor$5.run()V+44
j  io.netty.util.concurrent.FastThreadLocalRunnable.run()V+4
j  java.lang.Thread.run()V+11 java.base@11
v  ~StubRoutines::call_stub

siginfo: si_signo: 11 (SIGSEGV), si_code: 128 (SI_KERNEL), si_addr: 0x0000000000000000

Register to memory mapping:

RAX=0x00007f12584c2d90 points into unknown readable memory
RBX=0x00007f1248011b40 points into unknown readable memory
RCX=0x00007f12406fa780 is pointing into the stack for thread: 0x00007f1248011800
RDX=0x00007f12406fa810 is pointing into the stack for thread: 0x00007f1248011800
RSP=0x00007f12406fa720 is pointing into the stack for thread: 0x00007f1248011800
RBP=0x00007f12406fa7f0 is pointing into the stack for thread: 0x00007f1248011800
RSI=0x00007f1258158280 points into unknown readable memory
RDI=0x00007f12406fa7b0 is pointing into the stack for thread: 0x00007f1248011800
R8 =0x00007f12406fa750 is pointing into the stack for thread: 0x00007f1248011800
R9 =0x0 is NULL
R10=0x00007f12280008d0 points into unknown readable memory
R11=0x0 is NULL
R12=0x00007f1228000f60 points into unknown readable memory
R13=0x00007f1258158280 points into unknown readable memory
R14=0x00007f12406fa7b0 is pointing into the stack for thread: 0x00007f1248011800
R15=0x00007f12406fa750 is pointing into the stack for thread: 0x00007f1248011800


Registers:
RAX=0x00007f12584c2d90, RBX=0x00007f1248011b40, RCX=0x00007f12406fa780, RDX=0x00007f12406fa810
RSP=0x00007f12406fa720, RBP=0x00007f12406fa7f0, RSI=0x00007f1258158280, RDI=0x00007f12406fa7b0
R8 =0x00007f12406fa750, R9 =0x0000000000000000, R10=0x00007f12280008d0, R11=0x0000000000000000
R12=0x00007f1228000f60, R13=0x00007f1258158280, R14=0x00007f12406fa7b0, R15=0x00007f12406fa750
RIP=0x00007f12439d54a6, EFLAGS=0x0000000000010246, CSGSFS=0x002b000000000033, ERR=0x0000000000000000
  TRAPNO=0x000000000000000d

Top of Stack: (sp=0x00007f12406fa720)
0x00007f12406fa720:   000000000000000a 00007f12406fa810
0x00007f12406fa730:   00007f12406fa960 00000000008a4c1c
0x00007f12406fa740:   00007f12406fa7c0 000000080029fc60
0x00007f12406fa750:   00007f12b859dd78 00000007bfe22c38 

Instructions: (pc=0x00007f12439d54a6)
0x00007f12439d5486:   8d 60 ff ff ff 4c 8d 75 c0 48 8b 95 38 ff ff ff
0x00007f12439d5496:   4c 89 ee 49 89 c8 49 89 cf 4c 89 f7 48 8d 4d 90
0x00007f12439d54a6:   ff 90 a8 00 00 00 8b 45 c0 48 8b 7d a8 c7 45 c0
0x00007f12439d54b6:   00 00 00 00 89 45 a0 8b 45 c4 48 85 ff c7 45 c4 


---------------  P R O C E S S  ---------------

Threads class SMR info:
_java_thread_list=0x00007f12480169a0, length=17, elements={
0x00007f12b0013000, 0x00007f12b022a800, 0x00007f12b022c800, 0x00007f12b0233000,
0x00007f12b0235000, 0x00007f12b0237000, 0x00007f12b0239000, 0x00007f12b024e800,
0x00007f12b035e800, 0x00007f12b0368800, 0x00007f12b0537000, 0x00007f1248008800,
0x00007f124800e000, 0x00007f1248010000, 0x00007f1248011800, 0x00007f1248013800,
0x00007f1248015000
}

Java Threads: ( => current thread )
  0x00007f12b0013000 JavaThread "main" [_thread_blocked, id=1107, stack(0x00007f12ba6fb000,0x00007f12ba7fc000)]
  0x00007f12b022a800 JavaThread "Reference Handler" daemon [_thread_blocked, id=1124, stack(0x00007f128c43f000,0x00007f128c540000)]
  0x00007f12b022c800 JavaThread "Finalizer" daemon [_thread_blocked, id=1127, stack(0x00007f128c33e000,0x00007f128c43f000)]
  0x00007f12b0233000 JavaThread "Signal Dispatcher" daemon [_thread_blocked, id=1132, stack(0x00007f128c23d000,0x00007f128c33e000)]
  0x00007f12b0235000 JavaThread "C2 CompilerThread0" daemon [_thread_blocked, id=1138, stack(0x00007f128c13c000,0x00007f128c23d000)]
  0x00007f12b0237000 JavaThread "C1 CompilerThread0" daemon [_thread_blocked, id=1139, stack(0x00007f128c03b000,0x00007f128c13c000)]
  0x00007f12b0239000 JavaThread "Sweeper thread" daemon [_thread_blocked, id=1140, stack(0x00007f128529f000,0x00007f12853a0000)]
  0x00007f12b024e800 JavaThread "Common-Cleaner" daemon [_thread_blocked, id=1142, stack(0x00007f128519e000,0x00007f128529f000)]
  0x00007f12b035e800 JavaThread "Monitor Ctrl-Break" daemon [_thread_in_native, id=1148, stack(0x00007f1284b74000,0x00007f1284c75000)]
  0x00007f12b0368800 JavaThread "Service Thread" daemon [_thread_blocked, id=1149, stack(0x00007f1284a73000,0x00007f1284b74000)]
  0x00007f12b0537000 JavaThread "nioEventLoopGroup-2-1" [_thread_in_native, id=1162, stack(0x00007f1284262000,0x00007f1284363000)]
  0x00007f1248008800 JavaThread "nioEventLoopGroup-3-1" [_thread_in_native, id=1327, stack(0x00007f1284c75000,0x00007f1284d76000)]
  0x00007f124800e000 JavaThread "nioEventLoopGroup-3-2" [_thread_in_native, id=1475, stack(0x00007f1284161000,0x00007f1284262000)]
  0x00007f1248010000 JavaThread "nioEventLoopGroup-3-3" [_thread_in_native, id=1629, stack(0x00007f1284060000,0x00007f1284161000)]
=>0x00007f1248011800 JavaThread "nioEventLoopGroup-3-4" [_thread_in_native, id=1863, stack(0x00007f12405fc000,0x00007f12406fd000)]
  0x00007f1248013800 JavaThread "nioEventLoopGroup-3-5" [_thread_in_native, id=1937, stack(0x00007f12404fb000,0x00007f12405fc000)]
  0x00007f1248015000 JavaThread "nioEventLoopGroup-3-6" [_thread_in_native, id=2000, stack(0x00007f12403fa000,0x00007f12404fb000)]

Other Threads:
  0x00007f12b0227800 VMThread "VM Thread" [stack: 0x00007f129808c000,0x00007f129818c000] [id=1122]
  0x00007f12b036a800 WatcherThread [stack: 0x00007f1284973000,0x00007f1284a73000] [id=1150]
  0x00007f12b0029800 GCTaskThread "GC Thread#0" [stack: 0x00007f12b64e6000,0x00007f12b65e6000] [id=1113]
  0x00007f12b0086000 ConcurrentGCThread "G1 Main Marker" [stack: 0x00007f12b43da000,0x00007f12b44da000] [id=1114]
  0x00007f12b0088000 ConcurrentGCThread "G1 Conc#0" [stack: 0x00007f12b42d8000,0x00007f12b43d8000] [id=1115]
  0x00007f12b0184000 ConcurrentGCThread "G1 Refine#0" [stack: 0x00007f1298290000,0x00007f1298390000] [id=1118]
  0x00007f12b0185800 ConcurrentGCThread "G1 Young RemSet Sampling" [stack: 0x00007f129818e000,0x00007f129828e000] [id=1119]

Threads with active compile tasks:

VM state:not at safepoint (normal execution)

VM Mutex/Monitor currently owned by a thread: None

Heap address: 0x000000070a800000, size: 3928 MB, Compressed Oops mode: Zero based, Oop shift amount: 3
Narrow klass base: 0x0000000800000000, Narrow klass shift: 3
Compressed class space size: 1073741824 Address: 0x0000000840000000

Heap:
 garbage-first heap   total 253952K, used 19068K [0x000000070a800000, 0x0000000800000000)
  region size 1024K, 20 young (20480K), 0 survivors (0K)
 Metaspace       used 7897K, capacity 9203K, committed 9344K, reserved 1056768K
  class space    used 922K, capacity 1026K, committed 1152K, reserved 1048576K
Heap Regions: E=young(eden), S=young(survivor), O=old, HS=humongous(starts), HC=humongous(continues), CS=collection set, F=free, A=archive, TAMS=top-at-mark-start (previous, next)
|   0|0x000000070a800000, 0x000000070a800000, 0x000000070a900000|  0%| F|  |TAMS 0x000000070a800000, 0x000000070a800000| Untracked 
|   1|0x000000070a900000, 0x000000070a900000, 0x000000070aa00000|  0%| F|  |TAMS 0x000000070a900000, 0x000000070a900000| Untracked 
|   2|0x000000070aa00000, 0x000000070aa00000, 0x000000070ab00000|  0%| F|  |TAMS 0x000000070aa00000, 0x000000070aa00000| Untracked 
|   3|0x000000070ab00000, 0x000000070ab00000, 0x000000070ac00000|  0%| F|  |TAMS 0x000000070ab00000, 0x000000070ab00000| Untracked 
|   4|0x000000070ac00000, 0x000000070ac00000, 0x000000070ad00000|  0%| F|  |TAMS 0x000000070ac00000, 0x000000070ac00000| Untracked 
|   5|0x000000070ad00000, 0x000000070ad00000, 0x000000070ae00000|  0%| F|  |TAMS 0x000000070ad00000, 0x000000070ad00000| Untracked 
|   6|0x000000070ae00000, 0x000000070ae00000, 0x000000070af00000|  0%| F|  |TAMS 0x000000070ae00000, 0x000000070ae00000| Untracked 
|   7|0x000000070af00000, 0x000000070af00000, 0x000000070b000000|  0%| F|  |TAMS 0x000000070af00000, 0x000000070af00000| Untracked 
|   8|0x000000070b000000, 0x000000070b000000, 0x000000070b100000|  0%| F|  |TAMS 0x000000070b000000, 0x000000070b000000| Untracked 
|   9|0x000000070b100000, 0x000000070b100000, 0x000000070b200000|  0%| F|  |TAMS 0x000000070b100000, 0x000000070b100000| Untracked 
|  10|0x000000070b200000, 0x000000070b200000, 0x000000070b300000|  0%| F|  |TAMS 0x000000070b200000, 0x000000070b200000| Untracked 
|  11|0x000000070b300000, 0x000000070b300000, 0x000000070b400000|  0%| F|  |TAMS 0x000000070b300000, 0x000000070b300000| Untracked 
|  12|0x000000070b400000, 0x000000070b400000, 0x000000070b500000|  0%| F|  |TAMS 0x000000070b400000, 0x000000070b400000| Untracked 
|  13|0x000000070b500000, 0x000000070b500000, 0x000000070b600000|  0%| F|  |TAMS 0x000000070b500000, 0x000000070b500000| Untracked 
|  14|0x000000070b600000, 0x000000070b600000, 0x000000070b700000|  0%| F|  |TAMS 0x000000070b600000, 0x000000070b600000| Untracked 
|  15|0x000000070b700000, 0x000000070b700000, 0x000000070b800000|  0%| F|  |TAMS 0x000000070b700000, 0x000000070b700000| Untracked 
|  16|0x000000070b800000, 0x000000070b800000, 0x000000070b900000|  0%| F|  |TAMS 0x000000070b800000, 0x000000070b800000| Untracked 
|  17|0x000000070b900000, 0x000000070b900000, 0x000000070ba00000|  0%| F|  |TAMS 0x000000070b900000, 0x000000070b900000| Untracked 
|  18|0x000000070ba00000, 0x000000070ba00000, 0x000000070bb00000|  0%| F|  |TAMS 0x000000070ba00000, 0x000000070ba00000| Untracked 
|  19|0x000000070bb00000, 0x000000070bb00000, 0x000000070bc00000|  0%| F|  |TAMS 0x000000070bb00000, 0x000000070bb00000| Untracked 
|  20|0x000000070bc00000, 0x000000070bc00000, 0x000000070bd00000|  0%| F|  |TAMS 0x000000070bc00000, 0x000000070bc00000| Untracked 
|  21|0x000000070bd00000, 0x000000070bd00000, 0x000000070be00000|  0%| F|  |TAMS 0x000000070bd00000, 0x000000070bd00000| Untracked 
|  22|0x000000070be00000, 0x000000070be00000, 0x000000070bf00000|  0%| F|  |TAMS 0x000000070be00000, 0x000000070be00000| Untracked 
|  23|0x000000070bf00000, 0x000000070bf00000, 0x000000070c000000|  0%| F|  |TAMS 0x000000070bf00000, 0x000000070bf00000| Untracked 
|  24|0x000000070c000000, 0x000000070c000000, 0x000000070c100000|  0%| F|  |TAMS 0x000000070c000000, 0x000000070c000000| Untracked 
|  25|0x000000070c100000, 0x000000070c100000, 0x000000070c200000|  0%| F|  |TAMS 0x000000070c100000, 0x000000070c100000| Untracked 
|  26|0x000000070c200000, 0x000000070c200000, 0x000000070c300000|  0%| F|  |TAMS 0x000000070c200000, 0x000000070c200000| Untracked 
|  27|0x000000070c300000, 0x000000070c300000, 0x000000070c400000|  0%| F|  |TAMS 0x000000070c300000, 0x000000070c300000| Untracked 
|  28|0x000000070c400000, 0x000000070c400000, 0x000000070c500000|  0%| F|  |TAMS 0x000000070c400000, 0x000000070c400000| Untracked 
|  29|0x000000070c500000, 0x000000070c500000, 0x000000070c600000|  0%| F|  |TAMS 0x000000070c500000, 0x000000070c500000| Untracked 
|  30|0x000000070c600000, 0x000000070c600000, 0x000000070c700000|  0%| F|  |TAMS 0x000000070c600000, 0x000000070c600000| Untracked 
|  31|0x000000070c700000, 0x000000070c700000, 0x000000070c800000|  0%| F|  |TAMS 0x000000070c700000, 0x000000070c700000| Untracked 
|  32|0x000000070c800000, 0x000000070c800000, 0x000000070c900000|  0%| F|  |TAMS 0x000000070c800000, 0x000000070c800000| Untracked 
|  33|0x000000070c900000, 0x000000070c900000, 0x000000070ca00000|  0%| F|  |TAMS 0x000000070c900000, 0x000000070c900000| Untracked 
|  34|0x000000070ca00000, 0x000000070ca00000, 0x000000070cb00000|  0%| F|  |TAMS 0x000000070ca00000, 0x000000070ca00000| Untracked 
|  35|0x000000070cb00000, 0x000000070cb00000, 0x000000070cc00000|  0%| F|  |TAMS 0x000000070cb00000, 0x000000070cb00000| Untracked 
|  36|0x000000070cc00000, 0x000000070cc00000, 0x000000070cd00000|  0%| F|  |TAMS 0x000000070cc00000, 0x000000070cc00000| Untracked 
|  37|0x000000070cd00000, 0x000000070cd00000, 0x000000070ce00000|  0%| F|  |TAMS 0x000000070cd00000, 0x000000070cd00000| Untracked 
|  38|0x000000070ce00000, 0x000000070ce00000, 0x000000070cf00000|  0%| F|  |TAMS 0x000000070ce00000, 0x000000070ce00000| Untracked 
|  39|0x000000070cf00000, 0x000000070cf00000, 0x000000070d000000|  0%| F|  |TAMS 0x000000070cf00000, 0x000000070cf00000| Untracked 
|  40|0x000000070d000000, 0x000000070d000000, 0x000000070d100000|  0%| F|  |TAMS 0x000000070d000000, 0x000000070d000000| Untracked 
|  41|0x000000070d100000, 0x000000070d100000, 0x000000070d200000|  0%| F|  |TAMS 0x000000070d100000, 0x000000070d100000| Untracked 
|  42|0x000000070d200000, 0x000000070d200000, 0x000000070d300000|  0%| F|  |TAMS 0x000000070d200000, 0x000000070d200000| Untracked 
|  43|0x000000070d300000, 0x000000070d300000, 0x000000070d400000|  0%| F|  |TAMS 0x000000070d300000, 0x000000070d300000| Untracked 
|  44|0x000000070d400000, 0x000000070d400000, 0x000000070d500000|  0%| F|  |TAMS 0x000000070d400000, 0x000000070d400000| Untracked 
|  45|0x000000070d500000, 0x000000070d500000, 0x000000070d600000|  0%| F|  |TAMS 0x000000070d500000, 0x000000070d500000| Untracked 
|  46|0x000000070d600000, 0x000000070d600000, 0x000000070d700000|  0%| F|  |TAMS 0x000000070d600000, 0x000000070d600000| Untracked 
|  47|0x000000070d700000, 0x000000070d700000, 0x000000070d800000|  0%| F|  |TAMS 0x000000070d700000, 0x000000070d700000| Untracked 
|  48|0x000000070d800000, 0x000000070d800000, 0x000000070d900000|  0%| F|  |TAMS 0x000000070d800000, 0x000000070d800000| Untracked 
|  49|0x000000070d900000, 0x000000070d900000, 0x000000070da00000|  0%| F|  |TAMS 0x000000070d900000, 0x000000070d900000| Untracked 
|  50|0x000000070da00000, 0x000000070da00000, 0x000000070db00000|  0%| F|  |TAMS 0x000000070da00000, 0x000000070da00000| Untracked 
|  51|0x000000070db00000, 0x000000070db00000, 0x000000070dc00000|  0%| F|  |TAMS 0x000000070db00000, 0x000000070db00000| Untracked 
|  52|0x000000070dc00000, 0x000000070dc00000, 0x000000070dd00000|  0%| F|  |TAMS 0x000000070dc00000, 0x000000070dc00000| Untracked 
|  53|0x000000070dd00000, 0x000000070dd00000, 0x000000070de00000|  0%| F|  |TAMS 0x000000070dd00000, 0x000000070dd00000| Untracked 
|  54|0x000000070de00000, 0x000000070de00000, 0x000000070df00000|  0%| F|  |TAMS 0x000000070de00000, 0x000000070de00000| Untracked 
|  55|0x000000070df00000, 0x000000070df00000, 0x000000070e000000|  0%| F|  |TAMS 0x000000070df00000, 0x000000070df00000| Untracked 
|  56|0x000000070e000000, 0x000000070e000000, 0x000000070e100000|  0%| F|  |TAMS 0x000000070e000000, 0x000000070e000000| Untracked 
|  57|0x000000070e100000, 0x000000070e100000, 0x000000070e200000|  0%| F|  |TAMS 0x000000070e100000, 0x000000070e100000| Untracked 
|  58|0x000000070e200000, 0x000000070e200000, 0x000000070e300000|  0%| F|  |TAMS 0x000000070e200000, 0x000000070e200000| Untracked 
|  59|0x000000070e300000, 0x000000070e300000, 0x000000070e400000|  0%| F|  |TAMS 0x000000070e300000, 0x000000070e300000| Untracked 
|  60|0x000000070e400000, 0x000000070e400000, 0x000000070e500000|  0%| F|  |TAMS 0x000000070e400000, 0x000000070e400000| Untracked 
|  61|0x000000070e500000, 0x000000070e500000, 0x000000070e600000|  0%| F|  |TAMS 0x000000070e500000, 0x000000070e500000| Untracked 
|  62|0x000000070e600000, 0x000000070e600000, 0x000000070e700000|  0%| F|  |TAMS 0x000000070e600000, 0x000000070e600000| Untracked 
|  63|0x000000070e700000, 0x000000070e700000, 0x000000070e800000|  0%| F|  |TAMS 0x000000070e700000, 0x000000070e700000| Untracked 
|  64|0x000000070e800000, 0x000000070e800000, 0x000000070e900000|  0%| F|  |TAMS 0x000000070e800000, 0x000000070e800000| Untracked 
|  65|0x000000070e900000, 0x000000070e900000, 0x000000070ea00000|  0%| F|  |TAMS 0x000000070e900000, 0x000000070e900000| Untracked 
|  66|0x000000070ea00000, 0x000000070ea00000, 0x000000070eb00000|  0%| F|  |TAMS 0x000000070ea00000, 0x000000070ea00000| Untracked 
|  67|0x000000070eb00000, 0x000000070eb00000, 0x000000070ec00000|  0%| F|  |TAMS 0x000000070eb00000, 0x000000070eb00000| Untracked 
|  68|0x000000070ec00000, 0x000000070ec00000, 0x000000070ed00000|  0%| F|  |TAMS 0x000000070ec00000, 0x000000070ec00000| Untracked 
|  69|0x000000070ed00000, 0x000000070ed00000, 0x000000070ee00000|  0%| F|  |TAMS 0x000000070ed00000, 0x000000070ed00000| Untracked 
|  70|0x000000070ee00000, 0x000000070ee00000, 0x000000070ef00000|  0%| F|  |TAMS 0x000000070ee00000, 0x000000070ee00000| Untracked 
|  71|0x000000070ef00000, 0x000000070ef00000, 0x000000070f000000|  0%| F|  |TAMS 0x000000070ef00000, 0x000000070ef00000| Untracked 
|  72|0x000000070f000000, 0x000000070f000000, 0x000000070f100000|  0%| F|  |TAMS 0x000000070f000000, 0x000000070f000000| Untracked 
|  73|0x000000070f100000, 0x000000070f100000, 0x000000070f200000|  0%| F|  |TAMS 0x000000070f100000, 0x000000070f100000| Untracked 
|  74|0x000000070f200000, 0x000000070f200000, 0x000000070f300000|  0%| F|  |TAMS 0x000000070f200000, 0x000000070f200000| Untracked 
|  75|0x000000070f300000, 0x000000070f300000, 0x000000070f400000|  0%| F|  |TAMS 0x000000070f300000, 0x000000070f300000| Untracked 
|  76|0x000000070f400000, 0x000000070f400000, 0x000000070f500000|  0%| F|  |TAMS 0x000000070f400000, 0x000000070f400000| Untracked 
|  77|0x000000070f500000, 0x000000070f500000, 0x000000070f600000|  0%| F|  |TAMS 0x000000070f500000, 0x000000070f500000| Untracked 
|  78|0x000000070f600000, 0x000000070f600000, 0x000000070f700000|  0%| F|  |TAMS 0x000000070f600000, 0x000000070f600000| Untracked 
|  79|0x000000070f700000, 0x000000070f700000, 0x000000070f800000|  0%| F|  |TAMS 0x000000070f700000, 0x000000070f700000| Untracked 
|  80|0x000000070f800000, 0x000000070f800000, 0x000000070f900000|  0%| F|  |TAMS 0x000000070f800000, 0x000000070f800000| Untracked 
|  81|0x000000070f900000, 0x000000070f900000, 0x000000070fa00000|  0%| F|  |TAMS 0x000000070f900000, 0x000000070f900000| Untracked 
|  82|0x000000070fa00000, 0x000000070fa00000, 0x000000070fb00000|  0%| F|  |TAMS 0x000000070fa00000, 0x000000070fa00000| Untracked 
|  83|0x000000070fb00000, 0x000000070fb00000, 0x000000070fc00000|  0%| F|  |TAMS 0x000000070fb00000, 0x000000070fb00000| Untracked 
|  84|0x000000070fc00000, 0x000000070fc00000, 0x000000070fd00000|  0%| F|  |TAMS 0x000000070fc00000, 0x000000070fc00000| Untracked 
|  85|0x000000070fd00000, 0x000000070fd00000, 0x000000070fe00000|  0%| F|  |TAMS 0x000000070fd00000, 0x000000070fd00000| Untracked 
|  86|0x000000070fe00000, 0x000000070fe00000, 0x000000070ff00000|  0%| F|  |TAMS 0x000000070fe00000, 0x000000070fe00000| Untracked 
|  87|0x000000070ff00000, 0x000000070ff00000, 0x0000000710000000|  0%| F|  |TAMS 0x000000070ff00000, 0x000000070ff00000| Untracked 
|  88|0x0000000710000000, 0x0000000710000000, 0x0000000710100000|  0%| F|  |TAMS 0x0000000710000000, 0x0000000710000000| Untracked 
|  89|0x0000000710100000, 0x0000000710100000, 0x0000000710200000|  0%| F|  |TAMS 0x0000000710100000, 0x0000000710100000| Untracked 
|  90|0x0000000710200000, 0x0000000710200000, 0x0000000710300000|  0%| F|  |TAMS 0x0000000710200000, 0x0000000710200000| Untracked 
|  91|0x0000000710300000, 0x0000000710300000, 0x0000000710400000|  0%| F|  |TAMS 0x0000000710300000, 0x0000000710300000| Untracked 
|  92|0x0000000710400000, 0x0000000710400000, 0x0000000710500000|  0%| F|  |TAMS 0x0000000710400000, 0x0000000710400000| Untracked 
|  93|0x0000000710500000, 0x0000000710500000, 0x0000000710600000|  0%| F|  |TAMS 0x0000000710500000, 0x0000000710500000| Untracked 
|  94|0x0000000710600000, 0x0000000710600000, 0x0000000710700000|  0%| F|  |TAMS 0x0000000710600000, 0x0000000710600000| Untracked 
|  95|0x0000000710700000, 0x0000000710700000, 0x0000000710800000|  0%| F|  |TAMS 0x0000000710700000, 0x0000000710700000| Untracked 
|  96|0x0000000710800000, 0x0000000710800000, 0x0000000710900000|  0%| F|  |TAMS 0x0000000710800000, 0x0000000710800000| Untracked 
|  97|0x0000000710900000, 0x0000000710900000, 0x0000000710a00000|  0%| F|  |TAMS 0x0000000710900000, 0x0000000710900000| Untracked 
|  98|0x0000000710a00000, 0x0000000710a00000, 0x0000000710b00000|  0%| F|  |TAMS 0x0000000710a00000, 0x0000000710a00000| Untracked 
|  99|0x0000000710b00000, 0x0000000710b00000, 0x0000000710c00000|  0%| F|  |TAMS 0x0000000710b00000, 0x0000000710b00000| Untracked 
| 100|0x0000000710c00000, 0x0000000710c00000, 0x0000000710d00000|  0%| F|  |TAMS 0x0000000710c00000, 0x0000000710c00000| Untracked 
| 101|0x0000000710d00000, 0x0000000710d00000, 0x0000000710e00000|  0%| F|  |TAMS 0x0000000710d00000, 0x0000000710d00000| Untracked 
| 102|0x0000000710e00000, 0x0000000710e00000, 0x0000000710f00000|  0%| F|  |TAMS 0x0000000710e00000, 0x0000000710e00000| Untracked 
| 103|0x0000000710f00000, 0x0000000710f00000, 0x0000000711000000|  0%| F|  |TAMS 0x0000000710f00000, 0x0000000710f00000| Untracked 
| 104|0x0000000711000000, 0x0000000711000000, 0x0000000711100000|  0%| F|  |TAMS 0x0000000711000000, 0x0000000711000000| Untracked 
| 105|0x0000000711100000, 0x0000000711100000, 0x0000000711200000|  0%| F|  |TAMS 0x0000000711100000, 0x0000000711100000| Untracked 
| 106|0x0000000711200000, 0x0000000711200000, 0x0000000711300000|  0%| F|  |TAMS 0x0000000711200000, 0x0000000711200000| Untracked 
| 107|0x0000000711300000, 0x0000000711300000, 0x0000000711400000|  0%| F|  |TAMS 0x0000000711300000, 0x0000000711300000| Untracked 
| 108|0x0000000711400000, 0x0000000711400000, 0x0000000711500000|  0%| F|  |TAMS 0x0000000711400000, 0x0000000711400000| Untracked 
| 109|0x0000000711500000, 0x0000000711500000, 0x0000000711600000|  0%| F|  |TAMS 0x0000000711500000, 0x0000000711500000| Untracked 
| 110|0x0000000711600000, 0x0000000711600000, 0x0000000711700000|  0%| F|  |TAMS 0x0000000711600000, 0x0000000711600000| Untracked 
| 111|0x0000000711700000, 0x0000000711700000, 0x0000000711800000|  0%| F|  |TAMS 0x0000000711700000, 0x0000000711700000| Untracked 
| 112|0x0000000711800000, 0x0000000711800000, 0x0000000711900000|  0%| F|  |TAMS 0x0000000711800000, 0x0000000711800000| Untracked 
| 113|0x0000000711900000, 0x0000000711900000, 0x0000000711a00000|  0%| F|  |TAMS 0x0000000711900000, 0x0000000711900000| Untracked 
| 114|0x0000000711a00000, 0x0000000711a00000, 0x0000000711b00000|  0%| F|  |TAMS 0x0000000711a00000, 0x0000000711a00000| Untracked 
| 115|0x0000000711b00000, 0x0000000711b00000, 0x0000000711c00000|  0%| F|  |TAMS 0x0000000711b00000, 0x0000000711b00000| Untracked 
| 116|0x0000000711c00000, 0x0000000711c00000, 0x0000000711d00000|  0%| F|  |TAMS 0x0000000711c00000, 0x0000000711c00000| Untracked 
| 117|0x0000000711d00000, 0x0000000711d00000, 0x0000000711e00000|  0%| F|  |TAMS 0x0000000711d00000, 0x0000000711d00000| Untracked 
| 118|0x0000000711e00000, 0x0000000711e00000, 0x0000000711f00000|  0%| F|  |TAMS 0x0000000711e00000, 0x0000000711e00000| Untracked 
| 119|0x0000000711f00000, 0x0000000711f00000, 0x0000000712000000|  0%| F|  |TAMS 0x0000000711f00000, 0x0000000711f00000| Untracked 
| 120|0x0000000712000000, 0x0000000712000000, 0x0000000712100000|  0%| F|  |TAMS 0x0000000712000000, 0x0000000712000000| Untracked 
| 121|0x0000000712100000, 0x0000000712100000, 0x0000000712200000|  0%| F|  |TAMS 0x0000000712100000, 0x0000000712100000| Untracked 
| 122|0x0000000712200000, 0x0000000712200000, 0x0000000712300000|  0%| F|  |TAMS 0x0000000712200000, 0x0000000712200000| Untracked 
| 123|0x0000000712300000, 0x0000000712300000, 0x0000000712400000|  0%| F|  |TAMS 0x0000000712300000, 0x0000000712300000| Untracked 
| 124|0x0000000712400000, 0x0000000712400000, 0x0000000712500000|  0%| F|  |TAMS 0x0000000712400000, 0x0000000712400000| Untracked 
| 125|0x0000000712500000, 0x0000000712500000, 0x0000000712600000|  0%| F|  |TAMS 0x0000000712500000, 0x0000000712500000| Untracked 
| 126|0x0000000712600000, 0x0000000712600000, 0x0000000712700000|  0%| F|  |TAMS 0x0000000712600000, 0x0000000712600000| Untracked 
| 127|0x0000000712700000, 0x0000000712700000, 0x0000000712800000|  0%| F|  |TAMS 0x0000000712700000, 0x0000000712700000| Untracked 
| 128|0x0000000712800000, 0x0000000712800000, 0x0000000712900000|  0%| F|  |TAMS 0x0000000712800000, 0x0000000712800000| Untracked 
| 129|0x0000000712900000, 0x0000000712900000, 0x0000000712a00000|  0%| F|  |TAMS 0x0000000712900000, 0x0000000712900000| Untracked 
| 130|0x0000000712a00000, 0x0000000712a00000, 0x0000000712b00000|  0%| F|  |TAMS 0x0000000712a00000, 0x0000000712a00000| Untracked 
| 131|0x0000000712b00000, 0x0000000712b00000, 0x0000000712c00000|  0%| F|  |TAMS 0x0000000712b00000, 0x0000000712b00000| Untracked 
| 132|0x0000000712c00000, 0x0000000712c00000, 0x0000000712d00000|  0%| F|  |TAMS 0x0000000712c00000, 0x0000000712c00000| Untracked 
| 133|0x0000000712d00000, 0x0000000712d00000, 0x0000000712e00000|  0%| F|  |TAMS 0x0000000712d00000, 0x0000000712d00000| Untracked 
| 134|0x0000000712e00000, 0x0000000712e00000, 0x0000000712f00000|  0%| F|  |TAMS 0x0000000712e00000, 0x0000000712e00000| Untracked 
| 135|0x0000000712f00000, 0x0000000712f00000, 0x0000000713000000|  0%| F|  |TAMS 0x0000000712f00000, 0x0000000712f00000| Untracked 
| 136|0x0000000713000000, 0x0000000713000000, 0x0000000713100000|  0%| F|  |TAMS 0x0000000713000000, 0x0000000713000000| Untracked 
| 137|0x0000000713100000, 0x0000000713100000, 0x0000000713200000|  0%| F|  |TAMS 0x0000000713100000, 0x0000000713100000| Untracked 
| 138|0x0000000713200000, 0x0000000713200000, 0x0000000713300000|  0%| F|  |TAMS 0x0000000713200000, 0x0000000713200000| Untracked 
| 139|0x0000000713300000, 0x0000000713300000, 0x0000000713400000|  0%| F|  |TAMS 0x0000000713300000, 0x0000000713300000| Untracked 
| 140|0x0000000713400000, 0x0000000713400000, 0x0000000713500000|  0%| F|  |TAMS 0x0000000713400000, 0x0000000713400000| Untracked 
| 141|0x0000000713500000, 0x0000000713500000, 0x0000000713600000|  0%| F|  |TAMS 0x0000000713500000, 0x0000000713500000| Untracked 
| 142|0x0000000713600000, 0x0000000713600000, 0x0000000713700000|  0%| F|  |TAMS 0x0000000713600000, 0x0000000713600000| Untracked 
| 143|0x0000000713700000, 0x0000000713700000, 0x0000000713800000|  0%| F|  |TAMS 0x0000000713700000, 0x0000000713700000| Untracked 
| 144|0x0000000713800000, 0x0000000713800000, 0x0000000713900000|  0%| F|  |TAMS 0x0000000713800000, 0x0000000713800000| Untracked 
| 145|0x0000000713900000, 0x0000000713900000, 0x0000000713a00000|  0%| F|  |TAMS 0x0000000713900000, 0x0000000713900000| Untracked 
| 146|0x0000000713a00000, 0x0000000713a00000, 0x0000000713b00000|  0%| F|  |TAMS 0x0000000713a00000, 0x0000000713a00000| Untracked 
| 147|0x0000000713b00000, 0x0000000713b00000, 0x0000000713c00000|  0%| F|  |TAMS 0x0000000713b00000, 0x0000000713b00000| Untracked 
| 148|0x0000000713c00000, 0x0000000713c00000, 0x0000000713d00000|  0%| F|  |TAMS 0x0000000713c00000, 0x0000000713c00000| Untracked 
| 149|0x0000000713d00000, 0x0000000713d00000, 0x0000000713e00000|  0%| F|  |TAMS 0x0000000713d00000, 0x0000000713d00000| Untracked 
| 150|0x0000000713e00000, 0x0000000713e00000, 0x0000000713f00000|  0%| F|  |TAMS 0x0000000713e00000, 0x0000000713e00000| Untracked 
| 151|0x0000000713f00000, 0x0000000713f00000, 0x0000000714000000|  0%| F|  |TAMS 0x0000000713f00000, 0x0000000713f00000| Untracked 
| 152|0x0000000714000000, 0x0000000714000000, 0x0000000714100000|  0%| F|  |TAMS 0x0000000714000000, 0x0000000714000000| Untracked 
| 153|0x0000000714100000, 0x0000000714100000, 0x0000000714200000|  0%| F|  |TAMS 0x0000000714100000, 0x0000000714100000| Untracked 
| 154|0x0000000714200000, 0x0000000714200000, 0x0000000714300000|  0%| F|  |TAMS 0x0000000714200000, 0x0000000714200000| Untracked 
| 155|0x0000000714300000, 0x0000000714300000, 0x0000000714400000|  0%| F|  |TAMS 0x0000000714300000, 0x0000000714300000| Untracked 
| 156|0x0000000714400000, 0x0000000714400000, 0x0000000714500000|  0%| F|  |TAMS 0x0000000714400000, 0x0000000714400000| Untracked 
| 157|0x0000000714500000, 0x0000000714500000, 0x0000000714600000|  0%| F|  |TAMS 0x0000000714500000, 0x0000000714500000| Untracked 
| 158|0x0000000714600000, 0x0000000714600000, 0x0000000714700000|  0%| F|  |TAMS 0x0000000714600000, 0x0000000714600000| Untracked 
| 159|0x0000000714700000, 0x0000000714700000, 0x0000000714800000|  0%| F|  |TAMS 0x0000000714700000, 0x0000000714700000| Untracked 
| 160|0x0000000714800000, 0x0000000714800000, 0x0000000714900000|  0%| F|  |TAMS 0x0000000714800000, 0x0000000714800000| Untracked 
| 161|0x0000000714900000, 0x0000000714900000, 0x0000000714a00000|  0%| F|  |TAMS 0x0000000714900000, 0x0000000714900000| Untracked 
| 162|0x0000000714a00000, 0x0000000714a00000, 0x0000000714b00000|  0%| F|  |TAMS 0x0000000714a00000, 0x0000000714a00000| Untracked 
| 163|0x0000000714b00000, 0x0000000714b00000, 0x0000000714c00000|  0%| F|  |TAMS 0x0000000714b00000, 0x0000000714b00000| Untracked 
| 164|0x0000000714c00000, 0x0000000714c00000, 0x0000000714d00000|  0%| F|  |TAMS 0x0000000714c00000, 0x0000000714c00000| Untracked 
| 165|0x0000000714d00000, 0x0000000714d00000, 0x0000000714e00000|  0%| F|  |TAMS 0x0000000714d00000, 0x0000000714d00000| Untracked 
| 166|0x0000000714e00000, 0x0000000714e00000, 0x0000000714f00000|  0%| F|  |TAMS 0x0000000714e00000, 0x0000000714e00000| Untracked 
| 167|0x0000000714f00000, 0x0000000714f00000, 0x0000000715000000|  0%| F|  |TAMS 0x0000000714f00000, 0x0000000714f00000| Untracked 
| 168|0x0000000715000000, 0x0000000715000000, 0x0000000715100000|  0%| F|  |TAMS 0x0000000715000000, 0x0000000715000000| Untracked 
| 169|0x0000000715100000, 0x0000000715100000, 0x0000000715200000|  0%| F|  |TAMS 0x0000000715100000, 0x0000000715100000| Untracked 
| 170|0x0000000715200000, 0x0000000715200000, 0x0000000715300000|  0%| F|  |TAMS 0x0000000715200000, 0x0000000715200000| Untracked 
| 171|0x0000000715300000, 0x0000000715300000, 0x0000000715400000|  0%| F|  |TAMS 0x0000000715300000, 0x0000000715300000| Untracked 
| 172|0x0000000715400000, 0x0000000715400000, 0x0000000715500000|  0%| F|  |TAMS 0x0000000715400000, 0x0000000715400000| Untracked 
| 173|0x0000000715500000, 0x0000000715500000, 0x0000000715600000|  0%| F|  |TAMS 0x0000000715500000, 0x0000000715500000| Untracked 
| 174|0x0000000715600000, 0x0000000715600000, 0x0000000715700000|  0%| F|  |TAMS 0x0000000715600000, 0x0000000715600000| Untracked 
| 175|0x0000000715700000, 0x0000000715700000, 0x0000000715800000|  0%| F|  |TAMS 0x0000000715700000, 0x0000000715700000| Untracked 
| 176|0x0000000715800000, 0x0000000715800000, 0x0000000715900000|  0%| F|  |TAMS 0x0000000715800000, 0x0000000715800000| Untracked 
| 177|0x0000000715900000, 0x0000000715900000, 0x0000000715a00000|  0%| F|  |TAMS 0x0000000715900000, 0x0000000715900000| Untracked 
| 178|0x0000000715a00000, 0x0000000715a00000, 0x0000000715b00000|  0%| F|  |TAMS 0x0000000715a00000, 0x0000000715a00000| Untracked 
| 179|0x0000000715b00000, 0x0000000715b00000, 0x0000000715c00000|  0%| F|  |TAMS 0x0000000715b00000, 0x0000000715b00000| Untracked 
| 180|0x0000000715c00000, 0x0000000715c00000, 0x0000000715d00000|  0%| F|  |TAMS 0x0000000715c00000, 0x0000000715c00000| Untracked 
| 181|0x0000000715d00000, 0x0000000715d00000, 0x0000000715e00000|  0%| F|  |TAMS 0x0000000715d00000, 0x0000000715d00000| Untracked 
| 182|0x0000000715e00000, 0x0000000715e00000, 0x0000000715f00000|  0%| F|  |TAMS 0x0000000715e00000, 0x0000000715e00000| Untracked 
| 183|0x0000000715f00000, 0x0000000715f00000, 0x0000000716000000|  0%| F|  |TAMS 0x0000000715f00000, 0x0000000715f00000| Untracked 
| 184|0x0000000716000000, 0x0000000716000000, 0x0000000716100000|  0%| F|  |TAMS 0x0000000716000000, 0x0000000716000000| Untracked 
| 185|0x0000000716100000, 0x0000000716100000, 0x0000000716200000|  0%| F|  |TAMS 0x0000000716100000, 0x0000000716100000| Untracked 
| 186|0x0000000716200000, 0x0000000716200000, 0x0000000716300000|  0%| F|  |TAMS 0x0000000716200000, 0x0000000716200000| Untracked 
| 187|0x0000000716300000, 0x0000000716300000, 0x0000000716400000|  0%| F|  |TAMS 0x0000000716300000, 0x0000000716300000| Untracked 
| 188|0x0000000716400000, 0x0000000716400000, 0x0000000716500000|  0%| F|  |TAMS 0x0000000716400000, 0x0000000716400000| Untracked 
| 189|0x0000000716500000, 0x0000000716500000, 0x0000000716600000|  0%| F|  |TAMS 0x0000000716500000, 0x0000000716500000| Untracked 
| 190|0x0000000716600000, 0x0000000716600000, 0x0000000716700000|  0%| F|  |TAMS 0x0000000716600000, 0x0000000716600000| Untracked 
| 191|0x0000000716700000, 0x0000000716700000, 0x0000000716800000|  0%| F|  |TAMS 0x0000000716700000, 0x0000000716700000| Untracked 
| 192|0x0000000716800000, 0x0000000716800000, 0x0000000716900000|  0%| F|  |TAMS 0x0000000716800000, 0x0000000716800000| Untracked 
| 193|0x0000000716900000, 0x0000000716900000, 0x0000000716a00000|  0%| F|  |TAMS 0x0000000716900000, 0x0000000716900000| Untracked 
| 194|0x0000000716a00000, 0x0000000716a00000, 0x0000000716b00000|  0%| F|  |TAMS 0x0000000716a00000, 0x0000000716a00000| Untracked 
| 195|0x0000000716b00000, 0x0000000716b00000, 0x0000000716c00000|  0%| F|  |TAMS 0x0000000716b00000, 0x0000000716b00000| Untracked 
| 196|0x0000000716c00000, 0x0000000716c00000, 0x0000000716d00000|  0%| F|  |TAMS 0x0000000716c00000, 0x0000000716c00000| Untracked 
| 197|0x0000000716d00000, 0x0000000716d00000, 0x0000000716e00000|  0%| F|  |TAMS 0x0000000716d00000, 0x0000000716d00000| Untracked 
| 198|0x0000000716e00000, 0x0000000716e00000, 0x0000000716f00000|  0%| F|  |TAMS 0x0000000716e00000, 0x0000000716e00000| Untracked 
| 199|0x0000000716f00000, 0x0000000716f00000, 0x0000000717000000|  0%| F|  |TAMS 0x0000000716f00000, 0x0000000716f00000| Untracked 
| 200|0x0000000717000000, 0x0000000717000000, 0x0000000717100000|  0%| F|  |TAMS 0x0000000717000000, 0x0000000717000000| Untracked 
| 201|0x0000000717100000, 0x0000000717100000, 0x0000000717200000|  0%| F|  |TAMS 0x0000000717100000, 0x0000000717100000| Untracked 
| 202|0x0000000717200000, 0x0000000717200000, 0x0000000717300000|  0%| F|  |TAMS 0x0000000717200000, 0x0000000717200000| Untracked 
| 203|0x0000000717300000, 0x0000000717300000, 0x0000000717400000|  0%| F|  |TAMS 0x0000000717300000, 0x0000000717300000| Untracked 
| 204|0x0000000717400000, 0x0000000717400000, 0x0000000717500000|  0%| F|  |TAMS 0x0000000717400000, 0x0000000717400000| Untracked 
| 205|0x0000000717500000, 0x0000000717500000, 0x0000000717600000|  0%| F|  |TAMS 0x0000000717500000, 0x0000000717500000| Untracked 
| 206|0x0000000717600000, 0x0000000717600000, 0x0000000717700000|  0%| F|  |TAMS 0x0000000717600000, 0x0000000717600000| Untracked 
| 207|0x0000000717700000, 0x0000000717700000, 0x0000000717800000|  0%| F|  |TAMS 0x0000000717700000, 0x0000000717700000| Untracked 
| 208|0x0000000717800000, 0x0000000717800000, 0x0000000717900000|  0%| F|  |TAMS 0x0000000717800000, 0x0000000717800000| Untracked 
| 209|0x0000000717900000, 0x0000000717900000, 0x0000000717a00000|  0%| F|  |TAMS 0x0000000717900000, 0x0000000717900000| Untracked 
| 210|0x0000000717a00000, 0x0000000717a00000, 0x0000000717b00000|  0%| F|  |TAMS 0x0000000717a00000, 0x0000000717a00000| Untracked 
| 211|0x0000000717b00000, 0x0000000717b00000, 0x0000000717c00000|  0%| F|  |TAMS 0x0000000717b00000, 0x0000000717b00000| Untracked 
| 212|0x0000000717c00000, 0x0000000717c00000, 0x0000000717d00000|  0%| F|  |TAMS 0x0000000717c00000, 0x0000000717c00000| Untracked 
| 213|0x0000000717d00000, 0x0000000717d00000, 0x0000000717e00000|  0%| F|  |TAMS 0x0000000717d00000, 0x0000000717d00000| Untracked 
| 214|0x0000000717e00000, 0x0000000717e00000, 0x0000000717f00000|  0%| F|  |TAMS 0x0000000717e00000, 0x0000000717e00000| Untracked 
| 215|0x0000000717f00000, 0x0000000717f00000, 0x0000000718000000|  0%| F|  |TAMS 0x0000000717f00000, 0x0000000717f00000| Untracked 
| 216|0x0000000718000000, 0x0000000718000000, 0x0000000718100000|  0%| F|  |TAMS 0x0000000718000000, 0x0000000718000000| Untracked 
| 217|0x0000000718100000, 0x0000000718100000, 0x0000000718200000|  0%| F|  |TAMS 0x0000000718100000, 0x0000000718100000| Untracked 
| 218|0x0000000718200000, 0x0000000718200000, 0x0000000718300000|  0%| F|  |TAMS 0x0000000718200000, 0x0000000718200000| Untracked 
| 219|0x0000000718300000, 0x0000000718300000, 0x0000000718400000|  0%| F|  |TAMS 0x0000000718300000, 0x0000000718300000| Untracked 
| 220|0x0000000718400000, 0x0000000718400000, 0x0000000718500000|  0%| F|  |TAMS 0x0000000718400000, 0x0000000718400000| Untracked 
| 221|0x0000000718500000, 0x0000000718500000, 0x0000000718600000|  0%| F|  |TAMS 0x0000000718500000, 0x0000000718500000| Untracked 
| 222|0x0000000718600000, 0x0000000718600000, 0x0000000718700000|  0%| F|  |TAMS 0x0000000718600000, 0x0000000718600000| Untracked 
| 223|0x0000000718700000, 0x0000000718700000, 0x0000000718800000|  0%| F|  |TAMS 0x0000000718700000, 0x0000000718700000| Untracked 
| 224|0x0000000718800000, 0x0000000718800000, 0x0000000718900000|  0%| F|  |TAMS 0x0000000718800000, 0x0000000718800000| Untracked 
| 225|0x0000000718900000, 0x0000000718900000, 0x0000000718a00000|  0%| F|  |TAMS 0x0000000718900000, 0x0000000718900000| Untracked 
| 226|0x0000000718a00000, 0x0000000718a7b640, 0x0000000718b00000| 48%| E|  |TAMS 0x0000000718a00000, 0x0000000718a00000| Complete 
| 227|0x0000000718b00000, 0x0000000718c00000, 0x0000000718c00000|100%| E|CS|TAMS 0x0000000718b00000, 0x0000000718b00000| Complete 
| 228|0x0000000718c00000, 0x0000000718d00000, 0x0000000718d00000|100%| E|CS|TAMS 0x0000000718c00000, 0x0000000718c00000| Complete 
| 229|0x0000000718d00000, 0x0000000718e00000, 0x0000000718e00000|100%| E|CS|TAMS 0x0000000718d00000, 0x0000000718d00000| Complete 
| 230|0x0000000718e00000, 0x0000000718f00000, 0x0000000718f00000|100%| E|CS|TAMS 0x0000000718e00000, 0x0000000718e00000| Complete 
| 231|0x0000000718f00000, 0x0000000719000000, 0x0000000719000000|100%| E|CS|TAMS 0x0000000718f00000, 0x0000000718f00000| Complete 
| 232|0x0000000719000000, 0x0000000719100000, 0x0000000719100000|100%| E|CS|TAMS 0x0000000719000000, 0x0000000719000000| Complete 
| 233|0x0000000719100000, 0x0000000719200000, 0x0000000719200000|100%| E|CS|TAMS 0x0000000719100000, 0x0000000719100000| Complete 
| 234|0x0000000719200000, 0x0000000719300000, 0x0000000719300000|100%| E|CS|TAMS 0x0000000719200000, 0x0000000719200000| Complete 
| 235|0x0000000719300000, 0x0000000719400000, 0x0000000719400000|100%| E|CS|TAMS 0x0000000719300000, 0x0000000719300000| Complete 
| 236|0x0000000719400000, 0x0000000719500000, 0x0000000719500000|100%| E|CS|TAMS 0x0000000719400000, 0x0000000719400000| Complete 
| 237|0x0000000719500000, 0x0000000719600000, 0x0000000719600000|100%| E|CS|TAMS 0x0000000719500000, 0x0000000719500000| Complete 
| 238|0x0000000719600000, 0x0000000719700000, 0x0000000719700000|100%| E|  |TAMS 0x0000000719600000, 0x0000000719600000| Complete 
| 239|0x0000000719700000, 0x0000000719800000, 0x0000000719800000|100%| E|CS|TAMS 0x0000000719700000, 0x0000000719700000| Complete 
| 240|0x0000000719800000, 0x0000000719900000, 0x0000000719900000|100%| E|CS|TAMS 0x0000000719800000, 0x0000000719800000| Complete 
| 241|0x0000000719900000, 0x0000000719a00000, 0x0000000719a00000|100%| E|CS|TAMS 0x0000000719900000, 0x0000000719900000| Complete 
| 242|0x0000000719a00000, 0x0000000719b00000, 0x0000000719b00000|100%| E|CS|TAMS 0x0000000719a00000, 0x0000000719a00000| Complete 
| 243|0x0000000719b00000, 0x0000000719c00000, 0x0000000719c00000|100%| E|CS|TAMS 0x0000000719b00000, 0x0000000719b00000| Complete 
| 244|0x0000000719c00000, 0x0000000719d00000, 0x0000000719d00000|100%| E|CS|TAMS 0x0000000719c00000, 0x0000000719c00000| Complete 
| 245|0x0000000719d00000, 0x0000000719e00000, 0x0000000719e00000|100%| E|CS|TAMS 0x0000000719d00000, 0x0000000719d00000| Complete 
|2902|0x00000007bfe00000, 0x00000007bfe35000, 0x00000007bff00000| 20%|OA|  |TAMS 0x00000007bfe00000, 0x00000007bfe00000| Untracked 
|2903|0x00000007bff00000, 0x00000007bff6a000, 0x00000007c0000000| 41%|CA|  |TAMS 0x00000007bff00000, 0x00000007bff00000| Untracked 

Card table byte_map: [0x00007f12b4d84000,0x00007f12b5530000] _byte_map_base: 0x00007f12b1530000

Marking Bits (Prev, Next): (CMBitMap*) 0x00007f12b0075c48, (CMBitMap*) 0x00007f12b0075c80
 Prev Bits: [0x00007f12902a0000, 0x00007f1294000000)
 Next Bits: [0x00007f128c540000, 0x00007f12902a0000)

Polling page: 0x00007f12ba818000

Metaspace:

Usage:
  Non-class:      7,99 MB capacity,     6,81 MB ( 85%) used,     1,16 MB ( 15%) free+waste,    14,19 KB ( <1%) overhead. 
      Class:      1,00 MB capacity,   922,27 KB ( 90%) used,    96,73 KB (  9%) free+waste,     7,00 KB ( <1%) overhead. 
       Both:      8,99 MB capacity,     7,71 MB ( 86%) used,     1,25 MB ( 14%) free+waste,    21,19 KB ( <1%) overhead. 

Virtual space:
  Non-class space:        8,00 MB reserved,       8,00 MB (100%) committed 
      Class space:        1,00 GB reserved,       1,12 MB ( <1%) committed 
             Both:        1,01 GB reserved,       9,12 MB ( <1%) committed 

Chunk freelists:
   Non-Class:  1,88 KB
       Class:  3,75 KB
        Both:  5,62 KB

CodeHeap 'non-profiled nmethods': size=120032Kb used=273Kb max_used=273Kb free=119758Kb
 bounds [0x00007f12a045e000, 0x00007f12a06ce000, 0x00007f12a7996000]
CodeHeap 'profiled nmethods': size=120028Kb used=1812Kb max_used=1837Kb free=118215Kb
 bounds [0x00007f1298f27000, 0x00007f1299197000, 0x00007f12a045e000]
CodeHeap 'non-nmethods': size=5700Kb used=1104Kb max_used=1119Kb free=4595Kb
 bounds [0x00007f1298996000, 0x00007f1298c06000, 0x00007f1298f27000]
 total_blobs=1579 nmethods=974 adapters=337
 compilation: enabled
              stopped_count=0, restarted_count=0
 full_count=0

Compilation events (10 events):
Event: 272,307 Thread 0x00007f12b0237000  984       3       java.util.concurrent.atomic.AtomicIntegerFieldUpdater$AtomicIntegerFieldUpdaterImpl::accessCheck (17 bytes)
Event: 272,307 Thread 0x00007f12b0237000 nmethod 984 0x00007f12990f1990 code [0x00007f12990f1b60, 0x00007f12990f1d88]
Event: 272,307 Thread 0x00007f12b0237000  985       1       io.netty.channel.AbstractChannelHandlerContext::name (5 bytes)
Event: 272,307 Thread 0x00007f12b0237000 nmethod 985 0x00007f12a04a1f90 code [0x00007f12a04a2140, 0x00007f12a04a2270]
Event: 278,742 Thread 0x00007f12b0235000  986       4       java.lang.Integer::numberOfLeadingZeros (78 bytes)
Event: 278,743 Thread 0x00007f12b0235000 nmethod 986 0x00007f12a04a2310 code [0x00007f12a04a24a0, 0x00007f12a04a2538]
Event: 278,743 Thread 0x00007f12b0237000  987       3       io.netty.util.internal.MathUtil::safeFindNextPositivePowerOfTwo (24 bytes)
Event: 278,744 Thread 0x00007f12b0237000 nmethod 987 0x00007f12990f1e90 code [0x00007f12990f2060, 0x00007f12990f2288]
Event: 278,744 Thread 0x00007f12b0237000  988       3       io.netty.util.internal.MathUtil::findNextPositivePowerOfTwo (38 bytes)
Event: 278,744 Thread 0x00007f12b0237000 nmethod 988 0x00007f12990f2310 code [0x00007f12990f24c0, 0x00007f12990f2648]

GC Heap History (0 events):
No events

Deoptimization events (6 events):
Event: 4,912 Thread 0x00007f1248008800 Uncommon trap: reason=unstable_if action=reinterpret pc=0x00007f12a04818c8 method=java.lang.StringLatin1.indexOf([BI[BII)I @ 91 c2
Event: 4,916 Thread 0x00007f1248008800 Uncommon trap: reason=unstable_if action=reinterpret pc=0x00007f12a048a77c method=java.lang.String.startsWith(Ljava/lang/String;I)Z @ 1 c2
Event: 4,922 Thread 0x00007f1248008800 Uncommon trap: reason=class_check action=maybe_recompile pc=0x00007f12a046c3d4 method=java.util.HashMap.putVal(ILjava/lang/Object;Ljava/lang/Object;ZZ)Ljava/lang/Object; @ 253 c2
Event: 4,922 Thread 0x00007f1248008800 Uncommon trap: reason=class_check action=maybe_recompile pc=0x00007f12a046c3d4 method=java.util.HashMap.putVal(ILjava/lang/Object;Ljava/lang/Object;ZZ)Ljava/lang/Object; @ 253 c2
Event: 4,922 Thread 0x00007f1248008800 Uncommon trap: reason=class_check action=maybe_recompile pc=0x00007f12a046c3d4 method=java.util.HashMap.putVal(ILjava/lang/Object;Ljava/lang/Object;ZZ)Ljava/lang/Object; @ 253 c2
Event: 4,922 Thread 0x00007f1248008800 Uncommon trap: reason=class_check action=maybe_recompile pc=0x00007f12a046c3d4 method=java.util.HashMap.putVal(ILjava/lang/Object;Ljava/lang/Object;ZZ)Ljava/lang/Object; @ 253 c2

Classes redefined (0 events):
No events

Internal exceptions (5 events):
Event: 0,176 Thread 0x00007f12b0013000 Exception <a 'java/lang/NoClassDefFoundError'{0x0000000719b46ba8}: org/slf4j/LoggerFactory> (0x0000000719b46ba8) thrown at [/build/openjdk-11-NtPrSn/openjdk-11-11~24/src/hotspot/share/classfile/systemDictionary.cpp, line 220]
Event: 0,177 Thread 0x00007f12b0013000 Exception <a 'java/lang/NoClassDefFoundError'{0x0000000719b54db0}: org/apache/log4j/Priority> (0x0000000719b54db0) thrown at [/build/openjdk-11-NtPrSn/openjdk-11-11~24/src/hotspot/share/classfile/systemDictionary.cpp, line 220]
Event: 0,178 Thread 0x00007f12b0013000 Exception <a 'java/lang/NoClassDefFoundError'{0x0000000719b5cde8}: org/apache/logging/log4j/spi/ExtendedLoggerWrapper> (0x0000000719b5cde8) thrown at [/build/openjdk-11-NtPrSn/openjdk-11-11~24/src/hotspot/share/classfile/systemDictionary.cpp, line 220]
Event: 0,261 Thread 0x00007f12b0013000 Exception <a 'java/lang/NoSuchMethodError'{0x00000007199df840}: java.lang.invoke.DirectMethodHandle$Holder.invokeSpecialIFC(Ljava/lang/Object;Ljava/lang/Object;I)I> (0x00000007199df840) thrown at [/build/openjdk-11-NtPrSn/openjdk-11-11~24/src/hotspot/shar
Event: 0,276 Thread 0x00007f12b0013000 Exception <a 'java/lang/NoSuchMethodError'{0x0000000719843620}: java.lang.invoke.DirectMethodHandle$Holder.invokeStaticInit(Ljava/lang/Object;Ljava/lang/Object;Ljava/lang/Object;)Ljava/lang/Object;> (0x0000000719843620) thrown at [/build/openjdk-11-NtPrSn

Events (10 events):
Event: 278,744 Thread 0x00007f12b0239000 flushing nmethod 0x00007f1298f2de90
Event: 278,744 Thread 0x00007f12b0239000 flushing nmethod 0x00007f1298f2e310
Event: 278,744 Thread 0x00007f12b0239000 flushing nmethod 0x00007f1298f2e710
Event: 278,744 Thread 0x00007f12b0239000 flushing nmethod 0x00007f1298f3d390
Event: 278,744 Thread 0x00007f12b0239000 flushing nmethod 0x00007f1298f41790
Event: 278,744 Thread 0x00007f12b0239000 flushing nmethod 0x00007f1298f41e90
Event: 278,744 Thread 0x00007f12b0239000 flushing nmethod 0x00007f1298f42a90
Event: 278,744 Thread 0x00007f12b0239000 flushing nmethod 0x00007f1298f56390
Event: 278,744 Thread 0x00007f12b0239000 flushing nmethod 0x00007f1298f56810
Event: 278,744 Thread 0x00007f12b0239000 flushing nmethod 0x00007f1298f59290


Dynamic libraries:
70a800000-719e00000 rw-p 00000000 00:00 0 
719e00000-7bfe00000 ---p 00000000 00:00 0 
7bfe00000-7bfe35000 rw-p 01129000 103:01 466468                          /usr/lib/jvm/java-11-openjdk-amd64/lib/server/classes.jsa
7bfe35000-7bff00000 rw-p 00000000 00:00 0 
7bff00000-7bff6a000 rw-p 010bf000 103:01 466468                          /usr/lib/jvm/java-11-openjdk-amd64/lib/server/classes.jsa
7bff6a000-7c0000000 rw-p 00000000 00:00 0 
7c0000000-800000000 ---p 00000000 00:00 0 
800000000-800002000 rwxp 00001000 103:01 466468                          /usr/lib/jvm/java-11-openjdk-amd64/lib/server/classes.jsa
800002000-8003c1000 rw-p 00003000 103:01 466468                          /usr/lib/jvm/java-11-openjdk-amd64/lib/server/classes.jsa
8003c1000-800aa3000 r--p 003c2000 103:01 466468                          /usr/lib/jvm/java-11-openjdk-amd64/lib/server/classes.jsa
800aa3000-800aa4000 rw-p 00aa4000 103:01 466468                          /usr/lib/jvm/java-11-openjdk-amd64/lib/server/classes.jsa
800aa4000-8010be000 r--p 00aa5000 103:01 466468                          /usr/lib/jvm/java-11-openjdk-amd64/lib/server/classes.jsa
840000000-840120000 rw-p 00000000 00:00 0 
840120000-880000000 ---p 00000000 00:00 0 
56403571b000-56403571c000 r-xp 00000000 103:01 222475                    /usr/lib/jvm/java-11-openjdk-amd64/bin/java
56403591c000-56403591d000 r--p 00001000 103:01 222475                    /usr/lib/jvm/java-11-openjdk-amd64/bin/java
56403591d000-56403591e000 rw-p 00002000 103:01 222475                    /usr/lib/jvm/java-11-openjdk-amd64/bin/java
56403712a000-56403714b000 rw-p 00000000 00:00 0                          [heap]
7f121c000000-7f121c021000 rw-p 00000000 00:00 0 
7f121c021000-7f1220000000 ---p 00000000 00:00 0 
7f12217fb000-7f12217fc000 ---p 00000000 00:00 0 
7f12217fc000-7f1221ffc000 rw-p 00000000 00:00 0 
7f1221ffc000-7f1221ffd000 ---p 00000000 00:00 0 
7f1221ffd000-7f12227fd000 rw-p 00000000 00:00 0 
7f12227fd000-7f12227fe000 ---p 00000000 00:00 0 
7f12227fe000-7f1222ffe000 rw-p 00000000 00:00 0 
7f1222ffe000-7f1222fff000 ---p 00000000 00:00 0 
7f1222fff000-7f12237ff000 rw-p 00000000 00:00 0 
7f1224000000-7f1224021000 rw-p 00000000 00:00 0 
7f1224021000-7f1228000000 ---p 00000000 00:00 0 
7f1228000000-7f1228021000 rw-p 00000000 00:00 0 
7f1228021000-7f122c000000 ---p 00000000 00:00 0 
7f122c000000-7f122c021000 rw-p 00000000 00:00 0 
7f122c021000-7f1230000000 ---p 00000000 00:00 0 
7f1231ffe000-7f1234000000 rw-p 00000000 00:00 0 
7f1234000000-7f1234021000 rw-p 00000000 00:00 0 
7f1234021000-7f1238000000 ---p 00000000 00:00 0 
7f1238000000-7f1238021000 rw-p 00000000 00:00 0 
7f1238021000-7f123c000000 ---p 00000000 00:00 0 
7f123c000000-7f123c021000 rw-p 00000000 00:00 0 
7f123c021000-7f1240000000 ---p 00000000 00:00 0 
7f12403fa000-7f12403fe000 ---p 00000000 00:00 0 
7f12403fe000-7f12404fb000 rw-p 00000000 00:00 0 
7f12404fb000-7f12404ff000 ---p 00000000 00:00 0 
7f12404ff000-7f12405fc000 rw-p 00000000 00:00 0 
7f12405fc000-7f1240600000 ---p 00000000 00:00 0 
7f1240600000-7f12426ff000 rw-p 00000000 00:00 0 
7f12426ff000-7f1242700000 ---p 00000000 00:00 0 
7f1242700000-7f1242f00000 rw-p 00000000 00:00 0 
7f1242f00000-7f1242f01000 ---p 00000000 00:00 0 
7f1242f01000-7f1243701000 rw-p 00000000 00:00 0 
7f1243701000-7f1243ddc000 r-xp 00000000 103:01 5767642                   /tmp/librocksdbjni1919931700194643747.so
7f1243ddc000-7f1243fdc000 ---p 006db000 103:01 5767642                   /tmp/librocksdbjni1919931700194643747.so
7f1243fdc000-7f1243ff8000 rw-p 006db000 103:01 5767642                   /tmp/librocksdbjni1919931700194643747.so
7f1243ff8000-7f1244000000 rw-p 00000000 00:00 0 
7f1244000000-7f1244021000 rw-p 00000000 00:00 0 
7f1244021000-7f1248000000 ---p 00000000 00:00 0 
7f1248000000-7f1248021000 rw-p 00000000 00:00 0 
7f1248021000-7f124c000000 ---p 00000000 00:00 0 
7f124c000000-7f124c021000 rw-p 00000000 00:00 0 
7f124c021000-7f1250000000 ---p 00000000 00:00 0 
7f1250000000-7f1250021000 rw-p 00000000 00:00 0 
7f1250021000-7f1254000000 ---p 00000000 00:00 0 
7f1254000000-7f1254021000 rw-p 00000000 00:00 0 
7f1254021000-7f1258000000 ---p 00000000 00:00 0 
7f1258000000-7f1258516000 rw-p 00000000 00:00 0 
7f1258516000-7f125c000000 ---p 00000000 00:00 0 
7f125c000000-7f125c3c5000 rw-p 00000000 00:00 0 
7f125c3c5000-7f1260000000 ---p 00000000 00:00 0 
7f1260000000-7f1260021000 rw-p 00000000 00:00 0 
7f1260021000-7f1264000000 ---p 00000000 00:00 0 
7f1264000000-7f1264021000 rw-p 00000000 00:00 0 
7f1264021000-7f1268000000 ---p 00000000 00:00 0 
7f1268000000-7f1268211000 rw-p 00000000 00:00 0 
7f1268211000-7f126c000000 ---p 00000000 00:00 0 
7f126c000000-7f126c021000 rw-p 00000000 00:00 0 
7f126c021000-7f1270000000 ---p 00000000 00:00 0 
7f1270000000-7f1270021000 rw-p 00000000 00:00 0 
7f1270021000-7f1274000000 ---p 00000000 00:00 0 
7f1274000000-7f1274021000 rw-p 00000000 00:00 0 
7f1274021000-7f1278000000 ---p 00000000 00:00 0 
7f1278000000-7f1278069000 rw-p 00000000 00:00 0 
7f1278069000-7f127c000000 ---p 00000000 00:00 0 
7f127c000000-7f127c021000 rw-p 00000000 00:00 0 
7f127c021000-7f1280000000 ---p 00000000 00:00 0 
7f1280000000-7f1280021000 rw-p 00000000 00:00 0 
7f1280021000-7f1284000000 ---p 00000000 00:00 0 
7f1284060000-7f1284064000 ---p 00000000 00:00 0 
7f1284064000-7f1284161000 rw-p 00000000 00:00 0 
7f1284161000-7f1284165000 ---p 00000000 00:00 0 
7f1284165000-7f1284262000 rw-p 00000000 00:00 0 
7f1284262000-7f1284266000 ---p 00000000 00:00 0 
7f1284266000-7f1284363000 rw-p 00000000 00:00 0 
7f1284363000-7f1284368000 r-xp 00000000 103:01 470772                    /usr/lib/jvm/java-11-openjdk-amd64/lib/libmanagement_ext.so
7f1284368000-7f1284567000 ---p 00005000 103:01 470772                    /usr/lib/jvm/java-11-openjdk-amd64/lib/libmanagement_ext.so
7f1284567000-7f1284568000 r--p 00004000 103:01 470772                    /usr/lib/jvm/java-11-openjdk-amd64/lib/libmanagement_ext.so
7f1284568000-7f1284569000 rw-p 00005000 103:01 470772                    /usr/lib/jvm/java-11-openjdk-amd64/lib/libmanagement_ext.so
7f1284569000-7f128456d000 r-xp 00000000 103:01 470769                    /usr/lib/jvm/java-11-openjdk-amd64/lib/libmanagement.so
7f128456d000-7f128476c000 ---p 00004000 103:01 470769                    /usr/lib/jvm/java-11-openjdk-amd64/lib/libmanagement.so
7f128476c000-7f128476d000 r--p 00003000 103:01 470769                    /usr/lib/jvm/java-11-openjdk-amd64/lib/libmanagement.so
7f128476d000-7f128476e000 rw-p 00004000 103:01 470769                    /usr/lib/jvm/java-11-openjdk-amd64/lib/libmanagement.so
7f128476e000-7f1284770000 r-xp 00000000 103:01 470750                    /usr/lib/jvm/java-11-openjdk-amd64/lib/libextnet.so
7f1284770000-7f128496f000 ---p 00002000 103:01 470750                    /usr/lib/jvm/java-11-openjdk-amd64/lib/libextnet.so
7f128496f000-7f1284970000 r--p 00001000 103:01 470750                    /usr/lib/jvm/java-11-openjdk-amd64/lib/libextnet.so
7f1284970000-7f1284971000 rw-p 00002000 103:01 470750                    /usr/lib/jvm/java-11-openjdk-amd64/lib/libextnet.so
7f1284971000-7f1284972000 ---p 00000000 00:00 0 
7f1284972000-7f1284a73000 rw-p 00000000 00:00 0 
7f1284a73000-7f1284a77000 ---p 00000000 00:00 0 
7f1284a77000-7f1284b74000 rw-p 00000000 00:00 0 
7f1284b74000-7f1284b78000 ---p 00000000 00:00 0 
7f1284b78000-7f1284c75000 rw-p 00000000 00:00 0 
7f1284c75000-7f1284c79000 ---p 00000000 00:00 0 
7f1284c79000-7f1284d76000 rw-p 00000000 00:00 0 
7f1284d76000-7f1284d8c000 r-xp 00000000 103:01 470774                    /usr/lib/jvm/java-11-openjdk-amd64/lib/libnet.so
7f1284d8c000-7f1284f8b000 ---p 00016000 103:01 470774                    /usr/lib/jvm/java-11-openjdk-amd64/lib/libnet.so
7f1284f8b000-7f1284f8c000 r--p 00015000 103:01 470774                    /usr/lib/jvm/java-11-openjdk-amd64/lib/libnet.so
7f1284f8c000-7f1284f8d000 rw-p 00016000 103:01 470774                    /usr/lib/jvm/java-11-openjdk-amd64/lib/libnet.so
7f1284f8d000-7f1284f9d000 r-xp 00000000 103:01 470775                    /usr/lib/jvm/java-11-openjdk-amd64/lib/libnio.so
7f1284f9d000-7f128519c000 ---p 00010000 103:01 470775                    /usr/lib/jvm/java-11-openjdk-amd64/lib/libnio.so
7f128519c000-7f128519d000 r--p 0000f000 103:01 470775                    /usr/lib/jvm/java-11-openjdk-amd64/lib/libnio.so
7f128519d000-7f128519e000 rw-p 00010000 103:01 470775                    /usr/lib/jvm/java-11-openjdk-amd64/lib/libnio.so
7f128519e000-7f12851a2000 ---p 00000000 00:00 0 
7f12851a2000-7f128529f000 rw-p 00000000 00:00 0 
7f128529f000-7f12852a3000 ---p 00000000 00:00 0 
7f12852a3000-7f12853a0000 rw-p 00000000 00:00 0 
7f12853a0000-7f1285800000 r--p 00000000 103:01 200546                    /usr/lib/locale/locale-archive
7f1285800000-7f1288000000 rw-p 00000000 00:00 0 
7f1288000000-7f1288021000 rw-p 00000000 00:00 0 
7f1288021000-7f128c000000 ---p 00000000 00:00 0 
7f128c03b000-7f128c03f000 ---p 00000000 00:00 0 
7f128c03f000-7f128c13c000 rw-p 00000000 00:00 0 
7f128c13c000-7f128c140000 ---p 00000000 00:00 0 
7f128c140000-7f128c23d000 rw-p 00000000 00:00 0 
7f128c23d000-7f128c241000 ---p 00000000 00:00 0 
7f128c241000-7f128c33e000 rw-p 00000000 00:00 0 
7f128c33e000-7f128c342000 ---p 00000000 00:00 0 
7f128c342000-7f128c43f000 rw-p 00000000 00:00 0 
7f128c43f000-7f128c443000 ---p 00000000 00:00 0 
7f128c443000-7f128c918000 rw-p 00000000 00:00 0 
7f128c918000-7f128f298000 ---p 00000000 00:00 0 
7f128f298000-7f128f2a0000 rw-p 00000000 00:00 0 
7f128f2a0000-7f12902a0000 ---p 00000000 00:00 0 
7f12902a0000-7f1290678000 rw-p 00000000 00:00 0 
7f1290678000-7f1292ff8000 ---p 00000000 00:00 0 
7f1292ff8000-7f1293000000 rw-p 00000000 00:00 0 
7f1293000000-7f1294000000 ---p 00000000 00:00 0 
7f1294000000-7f1294021000 rw-p 00000000 00:00 0 
7f1294021000-7f1298000000 ---p 00000000 00:00 0 
7f129808a000-7f129808b000 ---p 00000000 00:00 0 
7f129808b000-7f129818c000 rw-p 00000000 00:00 0 
7f129818c000-7f129818d000 ---p 00000000 00:00 0 
7f129818d000-7f129828e000 rw-p 00000000 00:00 0 
7f129828e000-7f129828f000 ---p 00000000 00:00 0 
7f129828f000-7f1298996000 rw-p 00000000 00:00 0 
7f1298996000-7f1298c06000 rwxp 00000000 00:00 0 
7f1298c06000-7f1298f27000 ---p 00000000 00:00 0 
7f1298f27000-7f1299197000 rwxp 00000000 00:00 0 
7f1299197000-7f12a045e000 ---p 00000000 00:00 0 
7f12a045e000-7f12a06ce000 rwxp 00000000 00:00 0 
7f12a06ce000-7f12a7996000 ---p 00000000 00:00 0 
7f12a7996000-7f12b0000000 r--s 00000000 103:01 470784                    /usr/lib/jvm/java-11-openjdk-amd64/lib/modules
7f12b0000000-7f12b053c000 rw-p 00000000 00:00 0 
7f12b053c000-7f12b4000000 ---p 00000000 00:00 0 
7f12b40d4000-7f12b42d6000 rw-p 00000000 00:00 0 
7f12b42d6000-7f12b42d7000 ---p 00000000 00:00 0 
7f12b42d7000-7f12b43d8000 rw-p 00000000 00:00 0 
7f12b43d8000-7f12b43d9000 ---p 00000000 00:00 0 
7f12b43d9000-7f12b4653000 rw-p 00000000 00:00 0 
7f12b4653000-7f12b4b83000 ---p 00000000 00:00 0 
7f12b4b83000-7f12b4b84000 rw-p 00000000 00:00 0 
7f12b4b84000-7f12b4d84000 ---p 00000000 00:00 0 
7f12b4d84000-7f12b4dff000 rw-p 00000000 00:00 0 
7f12b4dff000-7f12b532f000 ---p 00000000 00:00 0 
7f12b532f000-7f12b5330000 rw-p 00000000 00:00 0 
7f12b5330000-7f12b5530000 ---p 00000000 00:00 0 
7f12b5530000-7f12b55ab000 rw-p 00000000 00:00 0 
7f12b55ab000-7f12b5adb000 ---p 00000000 00:00 0 
7f12b5adb000-7f12b5adc000 rw-p 00000000 00:00 0 
7f12b5adc000-7f12b5cdc000 ---p 00000000 00:00 0 
7f12b5cdc000-7f12b64e4000 rw-p 00000000 00:00 0 
7f12b64e4000-7f12b64e5000 ---p 00000000 00:00 0 
7f12b64e5000-7f12b65eb000 rw-p 00000000 00:00 0 
7f12b65eb000-7f12b66d1000 ---p 00000000 00:00 0 
7f12b66d1000-7f12b66d6000 rw-p 00000000 00:00 0 
7f12b66d6000-7f12b67bc000 ---p 00000000 00:00 0 
7f12b67bc000-7f12b67c1000 r-xp 00000000 103:01 470765                    /usr/lib/jvm/java-11-openjdk-amd64/lib/libjimage.so
7f12b67c1000-7f12b69c0000 ---p 00005000 103:01 470765                    /usr/lib/jvm/java-11-openjdk-amd64/lib/libjimage.so
7f12b69c0000-7f12b69c1000 r--p 00004000 103:01 470765                    /usr/lib/jvm/java-11-openjdk-amd64/lib/libjimage.so
7f12b69c1000-7f12b69c2000 rw-p 00005000 103:01 470765                    /usr/lib/jvm/java-11-openjdk-amd64/lib/libjimage.so
7f12b69c2000-7f12b69c9000 r-xp 00000000 103:01 470783                    /usr/lib/jvm/java-11-openjdk-amd64/lib/libzip.so
7f12b69c9000-7f12b6bc8000 ---p 00007000 103:01 470783                    /usr/lib/jvm/java-11-openjdk-amd64/lib/libzip.so
7f12b6bc8000-7f12b6bc9000 r--p 00006000 103:01 470783                    /usr/lib/jvm/java-11-openjdk-amd64/lib/libzip.so
7f12b6bc9000-7f12b6bca000 rw-p 00007000 103:01 470783                    /usr/lib/jvm/java-11-openjdk-amd64/lib/libzip.so
7f12b6bca000-7f12b6bd5000 r-xp 00000000 103:01 299919                    /lib/x86_64-linux-gnu/libnss_files-2.27.so
7f12b6bd5000-7f12b6dd4000 ---p 0000b000 103:01 299919                    /lib/x86_64-linux-gnu/libnss_files-2.27.so
7f12b6dd4000-7f12b6dd5000 r--p 0000a000 103:01 299919                    /lib/x86_64-linux-gnu/libnss_files-2.27.so
7f12b6dd5000-7f12b6dd6000 rw-p 0000b000 103:01 299919                    /lib/x86_64-linux-gnu/libnss_files-2.27.so
7f12b6dd6000-7f12b6ddc000 rw-p 00000000 00:00 0 
7f12b6ddc000-7f12b6df3000 r-xp 00000000 103:01 299916                    /lib/x86_64-linux-gnu/libnsl-2.27.so
7f12b6df3000-7f12b6ff2000 ---p 00017000 103:01 299916                    /lib/x86_64-linux-gnu/libnsl-2.27.so
7f12b6ff2000-7f12b6ff3000 r--p 00016000 103:01 299916                    /lib/x86_64-linux-gnu/libnsl-2.27.so
7f12b6ff3000-7f12b6ff4000 rw-p 00017000 103:01 299916                    /lib/x86_64-linux-gnu/libnsl-2.27.so
7f12b6ff4000-7f12b6ff6000 rw-p 00000000 00:00 0 
7f12b6ff6000-7f12b7001000 r-xp 00000000 103:01 299921                    /lib/x86_64-linux-gnu/libnss_nis-2.27.so
7f12b7001000-7f12b7200000 ---p 0000b000 103:01 299921                    /lib/x86_64-linux-gnu/libnss_nis-2.27.so
7f12b7200000-7f12b7201000 r--p 0000a000 103:01 299921                    /lib/x86_64-linux-gnu/libnss_nis-2.27.so
7f12b7201000-7f12b7202000 rw-p 0000b000 103:01 299921                    /lib/x86_64-linux-gnu/libnss_nis-2.27.so
7f12b7202000-7f12b720a000 r-xp 00000000 103:01 299917                    /lib/x86_64-linux-gnu/libnss_compat-2.27.so
7f12b720a000-7f12b740a000 ---p 00008000 103:01 299917                    /lib/x86_64-linux-gnu/libnss_compat-2.27.so
7f12b740a000-7f12b740b000 r--p 00008000 103:01 299917                    /lib/x86_64-linux-gnu/libnss_compat-2.27.so
7f12b740b000-7f12b740c000 rw-p 00009000 103:01 299917                    /lib/x86_64-linux-gnu/libnss_compat-2.27.so
7f12b740c000-7f12b7416000 r-xp 00000000 103:01 470753                    /usr/lib/jvm/java-11-openjdk-amd64/lib/libinstrument.so
7f12b7416000-7f12b7615000 ---p 0000a000 103:01 470753                    /usr/lib/jvm/java-11-openjdk-amd64/lib/libinstrument.so
7f12b7615000-7f12b7616000 r--p 00009000 103:01 470753                    /usr/lib/jvm/java-11-openjdk-amd64/lib/libinstrument.so
7f12b7616000-7f12b7617000 rw-p 0000a000 103:01 470753                    /usr/lib/jvm/java-11-openjdk-amd64/lib/libinstrument.so
7f12b7617000-7f12b7642000 r-xp 00000000 103:01 470761                    /usr/lib/jvm/java-11-openjdk-amd64/lib/libjava.so
7f12b7642000-7f12b7841000 ---p 0002b000 103:01 470761                    /usr/lib/jvm/java-11-openjdk-amd64/lib/libjava.so
7f12b7841000-7f12b7842000 r--p 0002a000 103:01 470761                    /usr/lib/jvm/java-11-openjdk-amd64/lib/libjava.so
7f12b7842000-7f12b7844000 rw-p 0002b000 103:01 470761                    /usr/lib/jvm/java-11-openjdk-amd64/lib/libjava.so
7f12b7844000-7f12b7851000 r-xp 00000000 103:01 470782                    /usr/lib/jvm/java-11-openjdk-amd64/lib/libverify.so
7f12b7851000-7f12b7a50000 ---p 0000d000 103:01 470782                    /usr/lib/jvm/java-11-openjdk-amd64/lib/libverify.so
7f12b7a50000-7f12b7a52000 r--p 0000c000 103:01 470782                    /usr/lib/jvm/java-11-openjdk-amd64/lib/libverify.so
7f12b7a52000-7f12b7a53000 rw-p 0000e000 103:01 470782                    /usr/lib/jvm/java-11-openjdk-amd64/lib/libverify.so
7f12b7a53000-7f12b7a5a000 r-xp 00000000 103:01 299926                    /lib/x86_64-linux-gnu/librt-2.27.so
7f12b7a5a000-7f12b7c59000 ---p 00007000 103:01 299926                    /lib/x86_64-linux-gnu/librt-2.27.so
7f12b7c59000-7f12b7c5a000 r--p 00006000 103:01 299926                    /lib/x86_64-linux-gnu/librt-2.27.so
7f12b7c5a000-7f12b7c5b000 rw-p 00007000 103:01 299926                    /lib/x86_64-linux-gnu/librt-2.27.so
7f12b7c5b000-7f12b7c72000 r-xp 00000000 103:01 299962                    /lib/x86_64-linux-gnu/libgcc_s.so.1
7f12b7c72000-7f12b7e71000 ---p 00017000 103:01 299962                    /lib/x86_64-linux-gnu/libgcc_s.so.1
7f12b7e71000-7f12b7e72000 r--p 00016000 103:01 299962                    /lib/x86_64-linux-gnu/libgcc_s.so.1
7f12b7e72000-7f12b7e73000 rw-p 00017000 103:01 299962                    /lib/x86_64-linux-gnu/libgcc_s.so.1
7f12b7e73000-7f12b8010000 r-xp 00000000 103:01 299913                    /lib/x86_64-linux-gnu/libm-2.27.so
7f12b8010000-7f12b820f000 ---p 0019d000 103:01 299913                    /lib/x86_64-linux-gnu/libm-2.27.so
7f12b820f000-7f12b8210000 r--p 0019c000 103:01 299913                    /lib/x86_64-linux-gnu/libm-2.27.so
7f12b8210000-7f12b8211000 rw-p 0019d000 103:01 299913                    /lib/x86_64-linux-gnu/libm-2.27.so
7f12b8211000-7f12b838f000 r-xp 00000000 103:01 204775                    /usr/lib/x86_64-linux-gnu/libstdc++.so.6.0.25
7f12b838f000-7f12b858f000 ---p 0017e000 103:01 204775                    /usr/lib/x86_64-linux-gnu/libstdc++.so.6.0.25
7f12b858f000-7f12b8599000 r--p 0017e000 103:01 204775                    /usr/lib/x86_64-linux-gnu/libstdc++.so.6.0.25
7f12b8599000-7f12b859b000 rw-p 00188000 103:01 204775                    /usr/lib/x86_64-linux-gnu/libstdc++.so.6.0.25
7f12b859b000-7f12b859f000 rw-p 00000000 00:00 0 
7f12b859f000-7f12b9661000 r-xp 00000000 103:01 470788                    /usr/lib/jvm/java-11-openjdk-amd64/lib/server/libjvm.so
7f12b9661000-7f12b9860000 ---p 010c2000 103:01 470788                    /usr/lib/jvm/java-11-openjdk-amd64/lib/server/libjvm.so
7f12b9860000-7f12b9927000 r--p 010c1000 103:01 470788                    /usr/lib/jvm/java-11-openjdk-amd64/lib/server/libjvm.so
7f12b9927000-7f12b9960000 rw-p 01188000 103:01 470788                    /usr/lib/jvm/java-11-openjdk-amd64/lib/server/libjvm.so
7f12b9960000-7f12b99b3000 rw-p 00000000 00:00 0 
7f12b99b3000-7f12b99cd000 r-xp 00000000 103:01 299924                    /lib/x86_64-linux-gnu/libpthread-2.27.so
7f12b99cd000-7f12b9bcc000 ---p 0001a000 103:01 299924                    /lib/x86_64-linux-gnu/libpthread-2.27.so
7f12b9bcc000-7f12b9bcd000 r--p 00019000 103:01 299924                    /lib/x86_64-linux-gnu/libpthread-2.27.so
7f12b9bcd000-7f12b9bce000 rw-p 0001a000 103:01 299924                    /lib/x86_64-linux-gnu/libpthread-2.27.so
7f12b9bce000-7f12b9bd2000 rw-p 00000000 00:00 0 
7f12b9bd2000-7f12b9bd5000 r-xp 00000000 103:01 299912                    /lib/x86_64-linux-gnu/libdl-2.27.so
7f12b9bd5000-7f12b9dd4000 ---p 00003000 103:01 299912                    /lib/x86_64-linux-gnu/libdl-2.27.so
7f12b9dd4000-7f12b9dd5000 r--p 00002000 103:01 299912                    /lib/x86_64-linux-gnu/libdl-2.27.so
7f12b9dd5000-7f12b9dd6000 rw-p 00003000 103:01 299912                    /lib/x86_64-linux-gnu/libdl-2.27.so
7f12b9dd6000-7f12b9df2000 r-xp 00000000 103:01 299938                    /lib/x86_64-linux-gnu/libz.so.1.2.11
7f12b9df2000-7f12b9ff1000 ---p 0001c000 103:01 299938                    /lib/x86_64-linux-gnu/libz.so.1.2.11
7f12b9ff1000-7f12b9ff2000 r--p 0001b000 103:01 299938                    /lib/x86_64-linux-gnu/libz.so.1.2.11
7f12b9ff2000-7f12b9ff3000 rw-p 0001c000 103:01 299938                    /lib/x86_64-linux-gnu/libz.so.1.2.11
7f12b9ff3000-7f12ba1da000 r-xp 00000000 103:01 299909                    /lib/x86_64-linux-gnu/libc-2.27.so
7f12ba1da000-7f12ba3da000 ---p 001e7000 103:01 299909                    /lib/x86_64-linux-gnu/libc-2.27.so
7f12ba3da000-7f12ba3de000 r--p 001e7000 103:01 299909                    /lib/x86_64-linux-gnu/libc-2.27.so
7f12ba3de000-7f12ba3e0000 rw-p 001eb000 103:01 299909                    /lib/x86_64-linux-gnu/libc-2.27.so
7f12ba3e0000-7f12ba3e4000 rw-p 00000000 00:00 0 
7f12ba3e4000-7f12ba3f3000 r-xp 00000000 103:01 470742                    /usr/lib/jvm/java-11-openjdk-amd64/lib/jli/libjli.so
7f12ba3f3000-7f12ba5f3000 ---p 0000f000 103:01 470742                    /usr/lib/jvm/java-11-openjdk-amd64/lib/jli/libjli.so
7f12ba5f3000-7f12ba5f4000 r--p 0000f000 103:01 470742                    /usr/lib/jvm/java-11-openjdk-amd64/lib/jli/libjli.so
7f12ba5f4000-7f12ba5f5000 rw-p 00010000 103:01 470742                    /usr/lib/jvm/java-11-openjdk-amd64/lib/jli/libjli.so
7f12ba5f5000-7f12ba61c000 r-xp 00000000 103:01 299905                    /lib/x86_64-linux-gnu/ld-2.27.so
7f12ba61f000-7f12ba6fb000 rw-p 00000000 00:00 0 
7f12ba6fb000-7f12ba6ff000 ---p 00000000 00:00 0 
7f12ba6ff000-7f12ba7fe000 rw-p 00000000 00:00 0 
7f12ba804000-7f12ba809000 rw-p 00000000 00:00 0 
7f12ba809000-7f12ba810000 ---p 00000000 00:00 0 
7f12ba810000-7f12ba818000 rw-s 00000000 103:01 5767636                   /tmp/hsperfdata_lap11852/1105
7f12ba818000-7f12ba819000 ---p 00000000 00:00 0 
7f12ba819000-7f12ba81a000 r--p 00000000 00:00 0 
7f12ba81a000-7f12ba81c000 rw-p 00000000 00:00 0 
7f12ba81c000-7f12ba81d000 r--p 00027000 103:01 299905                    /lib/x86_64-linux-gnu/ld-2.27.so
7f12ba81d000-7f12ba81e000 rw-p 00028000 103:01 299905                    /lib/x86_64-linux-gnu/ld-2.27.so
7f12ba81e000-7f12ba81f000 rw-p 00000000 00:00 0 
7ffdf8da2000-7ffdf8dc3000 rw-p 00000000 00:00 0                          [stack]
7ffdf8df4000-7ffdf8df7000 r--p 00000000 00:00 0                          [vvar]
7ffdf8df7000-7ffdf8df9000 r-xp 00000000 00:00 0                          [vdso]
ffffffffff600000-ffffffffff601000 r-xp 00000000 00:00 0                  [vsyscall]


VM Arguments:
jvm_args: -javaagent:/home/lap11852/Downloads/ideaIC-2018.2.1/idea-IC-182.3911.36/lib/idea_rt.jar=45857:/home/lap11852/Downloads/ideaIC-2018.2.1/idea-IC-182.3911.36/bin -Dfile.encoding=UTF-8 
java_command: server.NettyServer
java_class_path (initial): /home/lap11852/Desktop/LetChat/target/classes:/home/lap11852/.m2/repository/com/google/protobuf/protobuf-java/3.6.1/protobuf-java-3.6.1.jar:/home/lap11852/.m2/repository/io/netty/netty-all/4.1.29.Final/netty-all-4.1.29.Final.jar:/home/lap11852/.m2/repository/org/rocksdb/rocksdbjni/5.14.2/rocksdbjni-5.14.2.jar
Launcher Type: SUN_STANDARD

[Global flags]
     intx CICompilerCount                          = 4                                         {product} {ergonomic}
     uint ConcGCThreads                            = 2                                         {product} {ergonomic}
     uint G1ConcRefinementThreads                  = 8                                         {product} {ergonomic}
   size_t G1HeapRegionSize                         = 1048576                                   {product} {ergonomic}
    uintx GCDrainStackTargetSize                   = 64                                        {product} {ergonomic}
   size_t InitialHeapSize                          = 257949696                                 {product} {ergonomic}
   size_t MarkStackSize                            = 4194304                                   {product} {ergonomic}
   size_t MaxHeapSize                              = 4118806528                                {product} {ergonomic}
   size_t MaxNewSize                               = 2470445056                                {product} {ergonomic}
   size_t MinHeapDeltaBytes                        = 1048576                                   {product} {ergonomic}
    uintx NonNMethodCodeHeapSize                   = 5835340                                {pd product} {ergonomic}
    uintx NonProfiledCodeHeapSize                  = 122911450                              {pd product} {ergonomic}
    uintx ProfiledCodeHeapSize                     = 122911450                              {pd product} {ergonomic}
    uintx ReservedCodeCacheSize                    = 251658240                              {pd product} {ergonomic}
     bool SegmentedCodeCache                       = true                                      {product} {ergonomic}
     bool UseCompressedClassPointers               = true                                 {lp64_product} {ergonomic}
     bool UseCompressedOops                        = true                                 {lp64_product} {ergonomic}
     bool UseG1GC                                  = true                                      {product} {ergonomic}

Logging:
Log output configuration:
 #0: stdout all=warning uptime,level,tags
 #1: stderr all=off uptime,level,tags

Environment Variables:
JAVA_HOME=/usr/lib/jvm/java-11-openjdk-amd64
PATH=/home/lap11852/bin:/home/lap11852/.local/bin:/usr/local/sbin:/usr/local/bin:/usr/sbin:/usr/bin:/sbin:/bin:/usr/games:/usr/local/games:/usr/lib/jvm/java-11-openjdk-amd64:/snap/bin
USERNAME=lap11852
SHELL=/usr/bin/zsh
DISPLAY=:0

Signal Handlers:
SIGSEGV: [libjvm.so+0xe1c4e0], sa_mask[0]=11111111011111111101111111111110, sa_flags=SA_RESTART|SA_SIGINFO
SIGBUS: [libjvm.so+0xe1c4e0], sa_mask[0]=11111111011111111101111111111110, sa_flags=SA_RESTART|SA_SIGINFO
SIGFPE: [libjvm.so+0xe1c4e0], sa_mask[0]=11111111011111111101111111111110, sa_flags=SA_RESTART|SA_SIGINFO
SIGPIPE: [libjvm.so+0xbefca0], sa_mask[0]=11111111011111111101111111111110, sa_flags=SA_RESTART|SA_SIGINFO
SIGXFSZ: [libjvm.so+0xbefca0], sa_mask[0]=11111111011111111101111111111110, sa_flags=SA_RESTART|SA_SIGINFO
SIGILL: [libjvm.so+0xe1c4e0], sa_mask[0]=11111111011111111101111111111110, sa_flags=SA_RESTART|SA_SIGINFO
SIGUSR2: [libjvm.so+0xbefb40], sa_mask[0]=00100000000000000000000000000000, sa_flags=SA_RESTART|SA_SIGINFO
SIGHUP: [libjvm.so+0xbefea0], sa_mask[0]=11111111011111111101111111111110, sa_flags=SA_RESTART|SA_SIGINFO
SIGINT: [libjvm.so+0xbefea0], sa_mask[0]=11111111011111111101111111111110, sa_flags=SA_RESTART|SA_SIGINFO
SIGTERM: [libjvm.so+0xbefea0], sa_mask[0]=11111111011111111101111111111110, sa_flags=SA_RESTART|SA_SIGINFO
SIGQUIT: [libjvm.so+0xbefea0], sa_mask[0]=11111111011111111101111111111110, sa_flags=SA_RESTART|SA_SIGINFO


---------------  S Y S T E M  ---------------

OS:DISTRIB_ID=Ubuntu
DISTRIB_RELEASE=18.04
DISTRIB_CODENAME=bionic
DISTRIB_DESCRIPTION="Ubuntu 18.04.1 LTS"
uname:Linux 4.15.0-33-generic #36-Ubuntu SMP Wed Aug 15 16:00:05 UTC 2018 x86_64
libc:glibc 2.27 NPTL 2.27 
rlimit: STACK 8192k, CORE 0k, NPROC 62592, NOFILE 1048576, AS infinity, DATA infinity, FSIZE infinity
load average:4,28 2,61 1,81

/proc/meminfo:
MemTotal:       16084300 kB
MemFree:         8364160 kB
MemAvailable:   10981908 kB
Buffers:          225960 kB
Cached:          2989620 kB
SwapCached:            0 kB
Active:          5299072 kB
Inactive:        1927692 kB
Active(anon):    4013656 kB
Inactive(anon):   418728 kB
Active(file):    1285416 kB
Inactive(file):  1508964 kB
Unevictable:         180 kB
Mlocked:             180 kB
SwapTotal:      16431100 kB
SwapFree:       16431100 kB
Dirty:              1024 kB
Writeback:             0 kB
AnonPages:       4011540 kB
Mapped:           563924 kB
Shmem:            421204 kB
Slab:             292640 kB
SReclaimable:     158272 kB
SUnreclaim:       134368 kB
KernelStack:       19988 kB
PageTables:        76036 kB
NFS_Unstable:          0 kB
Bounce:                0 kB
WritebackTmp:          0 kB
CommitLimit:    24473248 kB
Committed_AS:   14523572 kB
VmallocTotal:   34359738367 kB
VmallocUsed:           0 kB
VmallocChunk:          0 kB
HardwareCorrupted:     0 kB
AnonHugePages:         0 kB
ShmemHugePages:        0 kB
ShmemPmdMapped:        0 kB
CmaTotal:              0 kB
CmaFree:               0 kB
HugePages_Total:       0
HugePages_Free:        0
HugePages_Rsvd:        0
HugePages_Surp:        0
Hugepagesize:       2048 kB
DirectMap4k:      340948 kB
DirectMap2M:     8751104 kB
DirectMap1G:     8388608 kB


/proc/sys/kernel/threads-max (system-wide limit on the number of threads):
125185


/proc/sys/vm/max_map_count (maximum number of memory map areas a process may have):
65530


/proc/sys/kernel/pid_max (system-wide limit on number of process identifiers):
32768


container (cgroup) information:
container_type: cgroupv1
cpu_cpuset_cpus: 0-7
cpu_memory_nodes: 0
active_processor_count: 8
cpu_quota: -1
cpu_period: 100000
cpu_shares: -1
memory_limit_in_bytes: -1
memory_and_swap_limit_in_bytes: -2
memory_soft_limit_in_bytes: -1
memory_usage_in_bytes: 6298329088
memory_max_usage_in_bytes: 7602511872


CPU:total 8 (initial active 8) (4 cores per cpu, 2 threads per core) family 6 model 142 stepping 10, cmov, cx8, fxsr, mmx, sse, sse2, sse3, ssse3, sse4.1, sse4.2, popcnt, avx, avx2, aes, clmul, erms, 3dnowpref, lzcnt, ht, tsc, tscinvbit, bmi1, bmi2, adx, fma
CPU Model and flags from /proc/cpuinfo:
model name	: Intel(R) Core(TM) i5-8250U CPU @ 1.60GHz
flags		: fpu vme de pse tsc msr pae mce cx8 apic sep mtrr pge mca cmov pat pse36 clflush dts acpi mmx fxsr sse sse2 ss ht tm pbe syscall nx pdpe1gb rdtscp lm constant_tsc art arch_perfmon pebs bts rep_good nopl xtopology nonstop_tsc cpuid aperfmperf tsc_known_freq pni pclmulqdq dtes64 monitor ds_cpl vmx est tm2 ssse3 sdbg fma cx16 xtpr pdcm pcid sse4_1 sse4_2 x2apic movbe popcnt tsc_deadline_timer aes xsave avx f16c rdrand lahf_lm abm 3dnowprefetch cpuid_fault epb invpcid_single pti ssbd ibrs ibpb stibp tpr_shadow vnmi flexpriority ept vpid fsgsbase tsc_adjust bmi1 avx2 smep bmi2 erms invpcid mpx rdseed adx smap clflushopt intel_pt xsaveopt xsavec xgetbv1 xsaves dtherm ida arat pln pts hwp hwp_notify hwp_act_window hwp_epp flush_l1d

Memory: 4k page, physical 16084300k(8364160k free), swap 16431100k(16431100k free)

vm_info: OpenJDK 64-Bit Server VM (11+24-Ubuntu-118.04) for linux-amd64 JRE (11+24-Ubuntu-118.04), built on Jul 27 2018 09:43:54 by "buildd" with gcc 7.3.0

END.
