#
# A fatal error has been detected by the Java Runtime Environment:
#
#  SIGSEGV (0xb) at pc=0x00007f28b4d9c4a6, pid=23395, tid=23626
#
# JRE version: OpenJDK Runtime Environment (11.0+24) (build 11+24-Ubuntu-118.04)
# Java VM: OpenJDK 64-Bit Server VM (11+24-Ubuntu-118.04, mixed mode, sharing, tiered, compressed oops, g1 gc, linux-amd64)
# Problematic frame:
# C  [librocksdbjni795126916453426508.so+0x2d44a6]  rocksdb_get_helper(JNIEnv_*, rocksdb::DB*, rocksdb::ReadOptions const&, rocksdb::ColumnFamilyHandle*, _jbyteArray*, int, int)+0x2d6
#
# Core dump will be written. Default location: Core dumps may be processed with "/usr/share/apport/apport %p %s %c %d %P" (or dumping to /home/lap11852/Desktop/LetChat/core.23395)
#
# If you would like to submit a bug report, please visit:
#   http://bugreport.java.com/bugreport/crash.jsp
# The crash happened outside the Java Virtual Machine in native code.
# See problematic frame for where to report the bug.
#

---------------  S U M M A R Y ------------

Command Line: -agentlib:jdwp=transport=dt_socket,address=127.0.0.1:41825,suspend=y,server=n -javaagent:/home/lap11852/Downloads/ideaIC-2018.2.1/idea-IC-182.3911.36/lib/rt/debugger-agent.jar=file:/tmp/capture.props -Dfile.encoding=UTF-8 server.NettyServer

Host: Intel(R) Core(TM) i5-8250U CPU @ 1.60GHz, 8 cores, 15G, Ubuntu 18.04.1 LTS
Time: Tue Sep 11 11:21:39 2018 +07 elapsed time: 66 seconds (0d 0h 1m 6s)

---------------  T H R E A D  ---------------

Current thread (0x00007f287000f800):  JavaThread "nioEventLoopGroup-3-2" [_thread_in_native, id=23626, stack(0x00007f286a1f3000,0x00007f286a2f4000)]

Stack: [0x00007f286a1f3000,0x00007f286a2f4000],  sp=0x00007f286a2f1750,  free space=1017k
Native frames: (J=compiled Java code, A=aot compiled Java code, j=interpreted, Vv=VM code, C=native code)
C  [librocksdbjni795126916453426508.so+0x2d44a6]  rocksdb_get_helper(JNIEnv_*, rocksdb::DB*, rocksdb::ReadOptions const&, rocksdb::ColumnFamilyHandle*, _jbyteArray*, int, int)+0x2d6
C  [librocksdbjni795126916453426508.so+0x2d4684]  Java_org_rocksdb_RocksDB_get__J_3BII+0x54
j  org.rocksdb.RocksDB.get(J[BII)[B+0
j  org.rocksdb.RocksDB.get([B)[B+9
j  Storage.RocksDBStorage.contains(Ljava/lang/String;)Z+12
j  server.ServerHandler.processLogin(Lletchat/proto/LetChatProtos$Request;Lio/netty/channel/ChannelHandlerContext;)V+69
j  server.ServerHandler.channelRead0(Lio/netty/channel/ChannelHandlerContext;Lletchat/proto/LetChatProtos$Request;)V+123
j  server.ServerHandler.channelRead0(Lio/netty/channel/ChannelHandlerContext;Ljava/lang/Object;)V+6
j  io.netty.channel.SimpleChannelInboundHandler.channelRead(Lio/netty/channel/ChannelHandlerContext;Ljava/lang/Object;)V+17
j  io.netty.channel.AbstractChannelHandlerContext.invokeChannelRead(Ljava/lang/Object;)V+16
j  io.netty.channel.AbstractChannelHandlerContext.invokeChannelRead(Lio/netty/channel/AbstractChannelHandlerContext;Ljava/lang/Object;)V+31
j  io.netty.channel.AbstractChannelHandlerContext.fireChannelRead(Ljava/lang/Object;)Lio/netty/channel/ChannelHandlerContext;+5
j  io.netty.handler.codec.MessageToMessageDecoder.channelRead(Lio/netty/channel/ChannelHandlerContext;Ljava/lang/Object;)V+75
j  io.netty.channel.AbstractChannelHandlerContext.invokeChannelRead(Ljava/lang/Object;)V+16
j  io.netty.channel.AbstractChannelHandlerContext.invokeChannelRead(Lio/netty/channel/AbstractChannelHandlerContext;Ljava/lang/Object;)V+31
j  io.netty.channel.AbstractChannelHandlerContext.fireChannelRead(Ljava/lang/Object;)Lio/netty/channel/ChannelHandlerContext;+5
j  io.netty.handler.codec.MessageToMessageDecoder.channelRead(Lio/netty/channel/ChannelHandlerContext;Ljava/lang/Object;)V+75
j  io.netty.channel.AbstractChannelHandlerContext.invokeChannelRead(Ljava/lang/Object;)V+16
j  io.netty.channel.AbstractChannelHandlerContext.invokeChannelRead(Lio/netty/channel/AbstractChannelHandlerContext;Ljava/lang/Object;)V+31
j  io.netty.channel.AbstractChannelHandlerContext.fireChannelRead(Ljava/lang/Object;)Lio/netty/channel/ChannelHandlerContext;+5
j  io.netty.handler.codec.ByteToMessageDecoder.fireChannelRead(Lio/netty/channel/ChannelHandlerContext;Lio/netty/handler/codec/CodecOutputList;I)V+13
j  io.netty.handler.codec.ByteToMessageDecoder.channelRead(Lio/netty/channel/ChannelHandlerContext;Ljava/lang/Object;)V+175
j  io.netty.channel.AbstractChannelHandlerContext.invokeChannelRead(Ljava/lang/Object;)V+16
j  io.netty.channel.AbstractChannelHandlerContext.invokeChannelRead(Lio/netty/channel/AbstractChannelHandlerContext;Ljava/lang/Object;)V+31
j  io.netty.channel.AbstractChannelHandlerContext.fireChannelRead(Ljava/lang/Object;)Lio/netty/channel/ChannelHandlerContext;+5
j  io.netty.channel.DefaultChannelPipeline$HeadContext.channelRead(Lio/netty/channel/ChannelHandlerContext;Ljava/lang/Object;)V+2
j  io.netty.channel.AbstractChannelHandlerContext.invokeChannelRead(Ljava/lang/Object;)V+16
j  io.netty.channel.AbstractChannelHandlerContext.invokeChannelRead(Lio/netty/channel/AbstractChannelHandlerContext;Ljava/lang/Object;)V+31
j  io.netty.channel.DefaultChannelPipeline.fireChannelRead(Ljava/lang/Object;)Lio/netty/channel/ChannelPipeline;+5
j  io.netty.channel.nio.AbstractNioByteChannel$NioByteUnsafe.read()V+159
j  io.netty.channel.nio.NioEventLoop.processSelectedKey(Ljava/nio/channels/SelectionKey;Lio/netty/channel/nio/AbstractNioChannel;)V+119
j  io.netty.channel.nio.NioEventLoop.processSelectedKeysPlain(Ljava/util/Set;)V+54
j  io.netty.channel.nio.NioEventLoop.processSelectedKeys()V+22
j  io.netty.channel.nio.NioEventLoop.run()V+126
j  io.netty.util.concurrent.SingleThreadEventExecutor$5.run()V+44
j  io.netty.util.concurrent.FastThreadLocalRunnable.run()V+4
j  java.lang.Thread.run()V+11 java.base@11
v  ~StubRoutines::call_stub
V  [libjvm.so+0x86e0e9]
V  [libjvm.so+0x86c23d]
V  [libjvm.so+0x9141fc]
V  [libjvm.so+0xdb54a3]
V  [libjvm.so+0xdb5785]
V  [libjvm.so+0xbf9910]

Java frames: (J=compiled Java code, j=interpreted, Vv=VM code)
j  org.rocksdb.RocksDB.get(J[BII)[B+0
j  org.rocksdb.RocksDB.get([B)[B+9
j  Storage.RocksDBStorage.contains(Ljava/lang/String;)Z+12
j  server.ServerHandler.processLogin(Lletchat/proto/LetChatProtos$Request;Lio/netty/channel/ChannelHandlerContext;)V+69
j  server.ServerHandler.channelRead0(Lio/netty/channel/ChannelHandlerContext;Lletchat/proto/LetChatProtos$Request;)V+123
j  server.ServerHandler.channelRead0(Lio/netty/channel/ChannelHandlerContext;Ljava/lang/Object;)V+6
j  io.netty.channel.SimpleChannelInboundHandler.channelRead(Lio/netty/channel/ChannelHandlerContext;Ljava/lang/Object;)V+17
j  io.netty.channel.AbstractChannelHandlerContext.invokeChannelRead(Ljava/lang/Object;)V+16
j  io.netty.channel.AbstractChannelHandlerContext.invokeChannelRead(Lio/netty/channel/AbstractChannelHandlerContext;Ljava/lang/Object;)V+31
j  io.netty.channel.AbstractChannelHandlerContext.fireChannelRead(Ljava/lang/Object;)Lio/netty/channel/ChannelHandlerContext;+5
j  io.netty.handler.codec.MessageToMessageDecoder.channelRead(Lio/netty/channel/ChannelHandlerContext;Ljava/lang/Object;)V+75
j  io.netty.channel.AbstractChannelHandlerContext.invokeChannelRead(Ljava/lang/Object;)V+16
j  io.netty.channel.AbstractChannelHandlerContext.invokeChannelRead(Lio/netty/channel/AbstractChannelHandlerContext;Ljava/lang/Object;)V+31
j  io.netty.channel.AbstractChannelHandlerContext.fireChannelRead(Ljava/lang/Object;)Lio/netty/channel/ChannelHandlerContext;+5
j  io.netty.handler.codec.MessageToMessageDecoder.channelRead(Lio/netty/channel/ChannelHandlerContext;Ljava/lang/Object;)V+75
j  io.netty.channel.AbstractChannelHandlerContext.invokeChannelRead(Ljava/lang/Object;)V+16
j  io.netty.channel.AbstractChannelHandlerContext.invokeChannelRead(Lio/netty/channel/AbstractChannelHandlerContext;Ljava/lang/Object;)V+31
j  io.netty.channel.AbstractChannelHandlerContext.fireChannelRead(Ljava/lang/Object;)Lio/netty/channel/ChannelHandlerContext;+5
j  io.netty.handler.codec.ByteToMessageDecoder.fireChannelRead(Lio/netty/channel/ChannelHandlerContext;Lio/netty/handler/codec/CodecOutputList;I)V+13
j  io.netty.handler.codec.ByteToMessageDecoder.channelRead(Lio/netty/channel/ChannelHandlerContext;Ljava/lang/Object;)V+175
j  io.netty.channel.AbstractChannelHandlerContext.invokeChannelRead(Ljava/lang/Object;)V+16
j  io.netty.channel.AbstractChannelHandlerContext.invokeChannelRead(Lio/netty/channel/AbstractChannelHandlerContext;Ljava/lang/Object;)V+31
j  io.netty.channel.AbstractChannelHandlerContext.fireChannelRead(Ljava/lang/Object;)Lio/netty/channel/ChannelHandlerContext;+5
j  io.netty.channel.DefaultChannelPipeline$HeadContext.channelRead(Lio/netty/channel/ChannelHandlerContext;Ljava/lang/Object;)V+2
j  io.netty.channel.AbstractChannelHandlerContext.invokeChannelRead(Ljava/lang/Object;)V+16
j  io.netty.channel.AbstractChannelHandlerContext.invokeChannelRead(Lio/netty/channel/AbstractChannelHandlerContext;Ljava/lang/Object;)V+31
j  io.netty.channel.DefaultChannelPipeline.fireChannelRead(Ljava/lang/Object;)Lio/netty/channel/ChannelPipeline;+5
j  io.netty.channel.nio.AbstractNioByteChannel$NioByteUnsafe.read()V+159
j  io.netty.channel.nio.NioEventLoop.processSelectedKey(Ljava/nio/channels/SelectionKey;Lio/netty/channel/nio/AbstractNioChannel;)V+119
j  io.netty.channel.nio.NioEventLoop.processSelectedKeysPlain(Ljava/util/Set;)V+54
j  io.netty.channel.nio.NioEventLoop.processSelectedKeys()V+22
j  io.netty.channel.nio.NioEventLoop.run()V+126
j  io.netty.util.concurrent.SingleThreadEventExecutor$5.run()V+44
j  io.netty.util.concurrent.FastThreadLocalRunnable.run()V+4
j  java.lang.Thread.run()V+11 java.base@11
v  ~StubRoutines::call_stub

siginfo: si_signo: 11 (SIGSEGV), si_code: 1 (SEGV_MAPERR), si_addr: 0x00000000000000a8

Register to memory mapping:

RAX=0x0 is NULL
RBX=0x00007f287000fb40 points into unknown readable memory
RCX=0x00007f286a2f17b0 is pointing into the stack for thread: 0x00007f287000f800
RDX=0x00007f286a2f1840 is pointing into the stack for thread: 0x00007f287000f800
RSP=0x00007f286a2f1750 is pointing into the stack for thread: 0x00007f287000f800
RBP=0x00007f286a2f1820 is pointing into the stack for thread: 0x00007f287000f800
RSI=0x00007f28880ab550 points into unknown readable memory
RDI=0x00007f286a2f17e0 is pointing into the stack for thread: 0x00007f287000f800
R8 =0x00007f286a2f1780 is pointing into the stack for thread: 0x00007f287000f800
R9 =0x0 is NULL
R10=0x00007f28cc1712a8 is at code_begin+1640 in an Interpreter codelet
method entry point (kind = native)  [0x00007f28cc170c40, 0x00007f28cc171ce0]  4256 bytes
R11=0x0000000000000104 is an unknown value
R12=0x00007f2874004be0 points into unknown readable memory
R13=0x00007f28880ab550 points into unknown readable memory
R14=0x00007f286a2f17e0 is pointing into the stack for thread: 0x00007f287000f800
R15=0x00007f286a2f1780 is pointing into the stack for thread: 0x00007f287000f800


Registers:
RAX=0x0000000000000000, RBX=0x00007f287000fb40, RCX=0x00007f286a2f17b0, RDX=0x00007f286a2f1840
RSP=0x00007f286a2f1750, RBP=0x00007f286a2f1820, RSI=0x00007f28880ab550, RDI=0x00007f286a2f17e0
R8 =0x00007f286a2f1780, R9 =0x0000000000000000, R10=0x00007f28cc1712a8, R11=0x0000000000000104
R12=0x00007f2874004be0, R13=0x00007f28880ab550, R14=0x00007f286a2f17e0, R15=0x00007f286a2f1780
RIP=0x00007f28b4d9c4a6, EFLAGS=0x0000000000010246, CSGSFS=0x002b000000000033, ERR=0x0000000000000004
  TRAPNO=0x000000000000000e

Top of Stack: (sp=0x00007f286a2f1750)
0x00007f286a2f1750:   00007f287000f800 00007f286a2f1840
0x00007f286a2f1760:   00007f286a2f1988 0000000070010568
0x00007f286a2f1770:   00007f2870010638 00000000000000d8
0x00007f286a2f1780:   00007f28e9c93d78 00007f28ea683ed7 

Instructions: (pc=0x00007f28b4d9c4a6)
0x00007f28b4d9c486:   8d 60 ff ff ff 4c 8d 75 c0 48 8b 95 38 ff ff ff
0x00007f28b4d9c496:   4c 89 ee 49 89 c8 49 89 cf 4c 89 f7 48 8d 4d 90
0x00007f28b4d9c4a6:   ff 90 a8 00 00 00 8b 45 c0 48 8b 7d a8 c7 45 c0
0x00007f28b4d9c4b6:   00 00 00 00 89 45 a0 8b 45 c4 48 85 ff c7 45 c4 


---------------  P R O C E S S  ---------------

Threads class SMR info:
_java_thread_list=0x00007f28700111a0, length=15, elements={
0x00007f28e4016000, 0x00007f28e422f000, 0x00007f28e4231000, 0x00007f28e4235800,
0x00007f28e4237800, 0x00007f28e4239800, 0x00007f28e423b800, 0x00007f28e4249000,
0x00007f28e429a800, 0x00007f28e429e800, 0x00007f287c001800, 0x00007f28e430a000,
0x00007f28e44d8800, 0x00007f287000e000, 0x00007f287000f800
}

Java Threads: ( => current thread )
  0x00007f28e4016000 JavaThread "main" [_thread_blocked, id=23401, stack(0x00007f28ebdf1000,0x00007f28ebef2000)]
  0x00007f28e422f000 JavaThread "Reference Handler" daemon [_thread_blocked, id=23411, stack(0x00007f28c8867000,0x00007f28c8968000)]
  0x00007f28e4231000 JavaThread "Finalizer" daemon [_thread_blocked, id=23413, stack(0x00007f28c8766000,0x00007f28c8867000)]
  0x00007f28e4235800 JavaThread "Signal Dispatcher" daemon [_thread_blocked, id=23414, stack(0x00007f28c8665000,0x00007f28c8766000)]
  0x00007f28e4237800 JavaThread "C2 CompilerThread0" daemon [_thread_blocked, id=23416, stack(0x00007f28c8564000,0x00007f28c8665000)]
  0x00007f28e4239800 JavaThread "C1 CompilerThread0" daemon [_thread_blocked, id=23417, stack(0x00007f28c8463000,0x00007f28c8564000)]
  0x00007f28e423b800 JavaThread "Sweeper thread" daemon [_thread_blocked, id=23419, stack(0x00007f28c8362000,0x00007f28c8463000)]
  0x00007f28e4249000 JavaThread "Common-Cleaner" daemon [_thread_blocked, id=23424, stack(0x00007f28c8261000,0x00007f28c8362000)]
  0x00007f28e429a800 JavaThread "JDWP Transport Listener: dt_socket" daemon [_thread_blocked, id=23429, stack(0x00007f28c805f000,0x00007f28c8160000)]
  0x00007f28e429e800 JavaThread "JDWP Event Helper Thread" daemon [_thread_blocked, id=23432, stack(0x00007f28bc239000,0x00007f28bc33a000)]
  0x00007f287c001800 JavaThread "JDWP Command Reader" daemon [_thread_in_native, id=23433, stack(0x00007f28bc138000,0x00007f28bc239000)]
  0x00007f28e430a000 JavaThread "Service Thread" daemon [_thread_blocked, id=23435, stack(0x00007f28bc037000,0x00007f28bc138000)]
  0x00007f28e44d8800 JavaThread "nioEventLoopGroup-2-1" [_thread_in_native, id=23439, stack(0x00007f28b53c7000,0x00007f28b54c8000)]
  0x00007f287000e000 JavaThread "nioEventLoopGroup-3-1" [_thread_in_native, id=23515, stack(0x00007f28c8160000,0x00007f28c8261000)]
=>0x00007f287000f800 JavaThread "nioEventLoopGroup-3-2" [_thread_in_native, id=23626, stack(0x00007f286a1f3000,0x00007f286a2f4000)]

Other Threads:
  0x00007f28e422c800 VMThread "VM Thread" [stack: 0x00007f28c896a000,0x00007f28c8a6a000] [id=23409]
  0x00007f28e4310000 WatcherThread [stack: 0x00007f28b5ad8000,0x00007f28b5bd8000] [id=23436]
  0x00007f28e402e000 GCTaskThread "GC Thread#0" [stack: 0x00007f28cbe86000,0x00007f28cbf86000] [id=23402]
  0x00007f28a801a000 GCTaskThread "GC Thread#1" [stack: 0x00007f286a6fe000,0x00007f286a7fe000] [id=23542]
  0x00007f28a801b800 GCTaskThread "GC Thread#2" [stack: 0x00007f286a5fc000,0x00007f286a6fc000] [id=23543]
  0x00007f28a801d000 GCTaskThread "GC Thread#3" [stack: 0x00007f286a4fa000,0x00007f286a5fa000] [id=23544]
  0x00007f28a801e800 GCTaskThread "GC Thread#4" [stack: 0x00007f286a3f8000,0x00007f286a4f8000] [id=23545]
  0x00007f28a8020800 GCTaskThread "GC Thread#5" [stack: 0x00007f286a2f6000,0x00007f286a3f6000] [id=23546]
  0x00007f28e408a800 ConcurrentGCThread "G1 Main Marker" [stack: 0x00007f28c9d7a000,0x00007f28c9e7a000] [id=23404]
  0x00007f28e408c800 ConcurrentGCThread "G1 Conc#0" [stack: 0x00007f28c9c78000,0x00007f28c9d78000] [id=23405]
  0x00007f28e4188800 ConcurrentGCThread "G1 Refine#0" [stack: 0x00007f28c936e000,0x00007f28c946e000] [id=23406]
  0x00007f28e418a800 ConcurrentGCThread "G1 Young RemSet Sampling" [stack: 0x00007f28c926c000,0x00007f28c936c000] [id=23407]

Threads with active compile tasks:

VM state:not at safepoint (normal execution)

VM Mutex/Monitor currently owned by a thread: None

Heap address: 0x000000070a800000, size: 3928 MB, Compressed Oops mode: Zero based, Oop shift amount: 3
Narrow klass base: 0x0000000800000000, Narrow klass shift: 3
Compressed class space size: 1073741824 Address: 0x0000000840000000

Heap:
 garbage-first heap   total 253952K, used 5572K [0x000000070a800000, 0x0000000800000000)
  region size 1024K, 6 young (6144K), 3 survivors (3072K)
 Metaspace       used 8972K, capacity 10212K, committed 10368K, reserved 1058816K
  class space    used 1022K, capacity 1124K, committed 1152K, reserved 1048576K
Heap Regions: E=young(eden), S=young(survivor), O=old, HS=humongous(starts), HC=humongous(continues), CS=collection set, F=free, A=archive, TAMS=top-at-mark-start (previous, next)
|   0|0x000000070a800000, 0x000000070a800000, 0x000000070a900000|  0%| F|  |TAMS 0x000000070a800000, 0x000000070a800000| Untracked 
|   1|0x000000070a900000, 0x000000070a900000, 0x000000070aa00000|  0%| F|  |TAMS 0x000000070a900000, 0x000000070a900000| Untracked 
|   2|0x000000070aa00000, 0x000000070aa00000, 0x000000070ab00000|  0%| F|  |TAMS 0x000000070aa00000, 0x000000070aa00000| Untracked 
|   3|0x000000070ab00000, 0x000000070ab00000, 0x000000070ac00000|  0%| F|  |TAMS 0x000000070ab00000, 0x000000070ab00000| Untracked 
|   4|0x000000070ac00000, 0x000000070ac00000, 0x000000070ad00000|  0%| F|  |TAMS 0x000000070ac00000, 0x000000070ac00000| Untracked 
|   5|0x000000070ad00000, 0x000000070ad00000, 0x000000070ae00000|  0%| F|  |TAMS 0x000000070ad00000, 0x000000070ad00000| Untracked 
|   6|0x000000070ae00000, 0x000000070ae00000, 0x000000070af00000|  0%| F|  |TAMS 0x000000070ae00000, 0x000000070ae00000| Untracked 
|   7|0x000000070af00000, 0x000000070af00000, 0x000000070b000000|  0%| F|  |TAMS 0x000000070af00000, 0x000000070af00000| Untracked 
|   8|0x000000070b000000, 0x000000070b000000, 0x000000070b100000|  0%| F|  |TAMS 0x000000070b000000, 0x000000070b000000| Untracked 
|   9|0x000000070b100000, 0x000000070b100000, 0x000000070b200000|  0%| F|  |TAMS 0x000000070b100000, 0x000000070b100000| Untracked 
|  10|0x000000070b200000, 0x000000070b200000, 0x000000070b300000|  0%| F|  |TAMS 0x000000070b200000, 0x000000070b200000| Untracked 
|  11|0x000000070b300000, 0x000000070b300000, 0x000000070b400000|  0%| F|  |TAMS 0x000000070b300000, 0x000000070b300000| Untracked 
|  12|0x000000070b400000, 0x000000070b400000, 0x000000070b500000|  0%| F|  |TAMS 0x000000070b400000, 0x000000070b400000| Untracked 
|  13|0x000000070b500000, 0x000000070b500000, 0x000000070b600000|  0%| F|  |TAMS 0x000000070b500000, 0x000000070b500000| Untracked 
|  14|0x000000070b600000, 0x000000070b600000, 0x000000070b700000|  0%| F|  |TAMS 0x000000070b600000, 0x000000070b600000| Untracked 
|  15|0x000000070b700000, 0x000000070b700000, 0x000000070b800000|  0%| F|  |TAMS 0x000000070b700000, 0x000000070b700000| Untracked 
|  16|0x000000070b800000, 0x000000070b800000, 0x000000070b900000|  0%| F|  |TAMS 0x000000070b800000, 0x000000070b800000| Untracked 
|  17|0x000000070b900000, 0x000000070b900000, 0x000000070ba00000|  0%| F|  |TAMS 0x000000070b900000, 0x000000070b900000| Untracked 
|  18|0x000000070ba00000, 0x000000070ba00000, 0x000000070bb00000|  0%| F|  |TAMS 0x000000070ba00000, 0x000000070ba00000| Untracked 
|  19|0x000000070bb00000, 0x000000070bb00000, 0x000000070bc00000|  0%| F|  |TAMS 0x000000070bb00000, 0x000000070bb00000| Untracked 
|  20|0x000000070bc00000, 0x000000070bc00000, 0x000000070bd00000|  0%| F|  |TAMS 0x000000070bc00000, 0x000000070bc00000| Untracked 
|  21|0x000000070bd00000, 0x000000070bd00000, 0x000000070be00000|  0%| F|  |TAMS 0x000000070bd00000, 0x000000070bd00000| Untracked 
|  22|0x000000070be00000, 0x000000070be00000, 0x000000070bf00000|  0%| F|  |TAMS 0x000000070be00000, 0x000000070be00000| Untracked 
|  23|0x000000070bf00000, 0x000000070bf00000, 0x000000070c000000|  0%| F|  |TAMS 0x000000070bf00000, 0x000000070bf00000| Untracked 
|  24|0x000000070c000000, 0x000000070c000000, 0x000000070c100000|  0%| F|  |TAMS 0x000000070c000000, 0x000000070c000000| Untracked 
|  25|0x000000070c100000, 0x000000070c100000, 0x000000070c200000|  0%| F|  |TAMS 0x000000070c100000, 0x000000070c100000| Untracked 
|  26|0x000000070c200000, 0x000000070c200000, 0x000000070c300000|  0%| F|  |TAMS 0x000000070c200000, 0x000000070c200000| Untracked 
|  27|0x000000070c300000, 0x000000070c300000, 0x000000070c400000|  0%| F|  |TAMS 0x000000070c300000, 0x000000070c300000| Untracked 
|  28|0x000000070c400000, 0x000000070c400000, 0x000000070c500000|  0%| F|  |TAMS 0x000000070c400000, 0x000000070c400000| Untracked 
|  29|0x000000070c500000, 0x000000070c500000, 0x000000070c600000|  0%| F|  |TAMS 0x000000070c500000, 0x000000070c500000| Untracked 
|  30|0x000000070c600000, 0x000000070c600000, 0x000000070c700000|  0%| F|  |TAMS 0x000000070c600000, 0x000000070c600000| Untracked 
|  31|0x000000070c700000, 0x000000070c700000, 0x000000070c800000|  0%| F|  |TAMS 0x000000070c700000, 0x000000070c700000| Untracked 
|  32|0x000000070c800000, 0x000000070c800000, 0x000000070c900000|  0%| F|  |TAMS 0x000000070c800000, 0x000000070c800000| Untracked 
|  33|0x000000070c900000, 0x000000070c900000, 0x000000070ca00000|  0%| F|  |TAMS 0x000000070c900000, 0x000000070c900000| Untracked 
|  34|0x000000070ca00000, 0x000000070ca00000, 0x000000070cb00000|  0%| F|  |TAMS 0x000000070ca00000, 0x000000070ca00000| Untracked 
|  35|0x000000070cb00000, 0x000000070cb00000, 0x000000070cc00000|  0%| F|  |TAMS 0x000000070cb00000, 0x000000070cb00000| Untracked 
|  36|0x000000070cc00000, 0x000000070cc00000, 0x000000070cd00000|  0%| F|  |TAMS 0x000000070cc00000, 0x000000070cc00000| Untracked 
|  37|0x000000070cd00000, 0x000000070cd00000, 0x000000070ce00000|  0%| F|  |TAMS 0x000000070cd00000, 0x000000070cd00000| Untracked 
|  38|0x000000070ce00000, 0x000000070ce00000, 0x000000070cf00000|  0%| F|  |TAMS 0x000000070ce00000, 0x000000070ce00000| Untracked 
|  39|0x000000070cf00000, 0x000000070cf00000, 0x000000070d000000|  0%| F|  |TAMS 0x000000070cf00000, 0x000000070cf00000| Untracked 
|  40|0x000000070d000000, 0x000000070d000000, 0x000000070d100000|  0%| F|  |TAMS 0x000000070d000000, 0x000000070d000000| Untracked 
|  41|0x000000070d100000, 0x000000070d100000, 0x000000070d200000|  0%| F|  |TAMS 0x000000070d100000, 0x000000070d100000| Untracked 
|  42|0x000000070d200000, 0x000000070d200000, 0x000000070d300000|  0%| F|  |TAMS 0x000000070d200000, 0x000000070d200000| Untracked 
|  43|0x000000070d300000, 0x000000070d300000, 0x000000070d400000|  0%| F|  |TAMS 0x000000070d300000, 0x000000070d300000| Untracked 
|  44|0x000000070d400000, 0x000000070d400000, 0x000000070d500000|  0%| F|  |TAMS 0x000000070d400000, 0x000000070d400000| Untracked 
|  45|0x000000070d500000, 0x000000070d500000, 0x000000070d600000|  0%| F|  |TAMS 0x000000070d500000, 0x000000070d500000| Untracked 
|  46|0x000000070d600000, 0x000000070d600000, 0x000000070d700000|  0%| F|  |TAMS 0x000000070d600000, 0x000000070d600000| Untracked 
|  47|0x000000070d700000, 0x000000070d700000, 0x000000070d800000|  0%| F|  |TAMS 0x000000070d700000, 0x000000070d700000| Untracked 
|  48|0x000000070d800000, 0x000000070d800000, 0x000000070d900000|  0%| F|  |TAMS 0x000000070d800000, 0x000000070d800000| Untracked 
|  49|0x000000070d900000, 0x000000070d900000, 0x000000070da00000|  0%| F|  |TAMS 0x000000070d900000, 0x000000070d900000| Untracked 
|  50|0x000000070da00000, 0x000000070da00000, 0x000000070db00000|  0%| F|  |TAMS 0x000000070da00000, 0x000000070da00000| Untracked 
|  51|0x000000070db00000, 0x000000070db00000, 0x000000070dc00000|  0%| F|  |TAMS 0x000000070db00000, 0x000000070db00000| Untracked 
|  52|0x000000070dc00000, 0x000000070dc00000, 0x000000070dd00000|  0%| F|  |TAMS 0x000000070dc00000, 0x000000070dc00000| Untracked 
|  53|0x000000070dd00000, 0x000000070dd00000, 0x000000070de00000|  0%| F|  |TAMS 0x000000070dd00000, 0x000000070dd00000| Untracked 
|  54|0x000000070de00000, 0x000000070de00000, 0x000000070df00000|  0%| F|  |TAMS 0x000000070de00000, 0x000000070de00000| Untracked 
|  55|0x000000070df00000, 0x000000070df00000, 0x000000070e000000|  0%| F|  |TAMS 0x000000070df00000, 0x000000070df00000| Untracked 
|  56|0x000000070e000000, 0x000000070e000000, 0x000000070e100000|  0%| F|  |TAMS 0x000000070e000000, 0x000000070e000000| Untracked 
|  57|0x000000070e100000, 0x000000070e100000, 0x000000070e200000|  0%| F|  |TAMS 0x000000070e100000, 0x000000070e100000| Untracked 
|  58|0x000000070e200000, 0x000000070e200000, 0x000000070e300000|  0%| F|  |TAMS 0x000000070e200000, 0x000000070e200000| Untracked 
|  59|0x000000070e300000, 0x000000070e300000, 0x000000070e400000|  0%| F|  |TAMS 0x000000070e300000, 0x000000070e300000| Untracked 
|  60|0x000000070e400000, 0x000000070e400000, 0x000000070e500000|  0%| F|  |TAMS 0x000000070e400000, 0x000000070e400000| Untracked 
|  61|0x000000070e500000, 0x000000070e500000, 0x000000070e600000|  0%| F|  |TAMS 0x000000070e500000, 0x000000070e500000| Untracked 
|  62|0x000000070e600000, 0x000000070e600000, 0x000000070e700000|  0%| F|  |TAMS 0x000000070e600000, 0x000000070e600000| Untracked 
|  63|0x000000070e700000, 0x000000070e700000, 0x000000070e800000|  0%| F|  |TAMS 0x000000070e700000, 0x000000070e700000| Untracked 
|  64|0x000000070e800000, 0x000000070e800000, 0x000000070e900000|  0%| F|  |TAMS 0x000000070e800000, 0x000000070e800000| Untracked 
|  65|0x000000070e900000, 0x000000070e900000, 0x000000070ea00000|  0%| F|  |TAMS 0x000000070e900000, 0x000000070e900000| Untracked 
|  66|0x000000070ea00000, 0x000000070ea00000, 0x000000070eb00000|  0%| F|  |TAMS 0x000000070ea00000, 0x000000070ea00000| Untracked 
|  67|0x000000070eb00000, 0x000000070eb00000, 0x000000070ec00000|  0%| F|  |TAMS 0x000000070eb00000, 0x000000070eb00000| Untracked 
|  68|0x000000070ec00000, 0x000000070ec00000, 0x000000070ed00000|  0%| F|  |TAMS 0x000000070ec00000, 0x000000070ec00000| Untracked 
|  69|0x000000070ed00000, 0x000000070ed00000, 0x000000070ee00000|  0%| F|  |TAMS 0x000000070ed00000, 0x000000070ed00000| Untracked 
|  70|0x000000070ee00000, 0x000000070ee00000, 0x000000070ef00000|  0%| F|  |TAMS 0x000000070ee00000, 0x000000070ee00000| Untracked 
|  71|0x000000070ef00000, 0x000000070ef00000, 0x000000070f000000|  0%| F|  |TAMS 0x000000070ef00000, 0x000000070ef00000| Untracked 
|  72|0x000000070f000000, 0x000000070f000000, 0x000000070f100000|  0%| F|  |TAMS 0x000000070f000000, 0x000000070f000000| Untracked 
|  73|0x000000070f100000, 0x000000070f100000, 0x000000070f200000|  0%| F|  |TAMS 0x000000070f100000, 0x000000070f100000| Untracked 
|  74|0x000000070f200000, 0x000000070f200000, 0x000000070f300000|  0%| F|  |TAMS 0x000000070f200000, 0x000000070f200000| Untracked 
|  75|0x000000070f300000, 0x000000070f300000, 0x000000070f400000|  0%| F|  |TAMS 0x000000070f300000, 0x000000070f300000| Untracked 
|  76|0x000000070f400000, 0x000000070f400000, 0x000000070f500000|  0%| F|  |TAMS 0x000000070f400000, 0x000000070f400000| Untracked 
|  77|0x000000070f500000, 0x000000070f500000, 0x000000070f600000|  0%| F|  |TAMS 0x000000070f500000, 0x000000070f500000| Untracked 
|  78|0x000000070f600000, 0x000000070f600000, 0x000000070f700000|  0%| F|  |TAMS 0x000000070f600000, 0x000000070f600000| Untracked 
|  79|0x000000070f700000, 0x000000070f700000, 0x000000070f800000|  0%| F|  |TAMS 0x000000070f700000, 0x000000070f700000| Untracked 
|  80|0x000000070f800000, 0x000000070f800000, 0x000000070f900000|  0%| F|  |TAMS 0x000000070f800000, 0x000000070f800000| Untracked 
|  81|0x000000070f900000, 0x000000070f900000, 0x000000070fa00000|  0%| F|  |TAMS 0x000000070f900000, 0x000000070f900000| Untracked 
|  82|0x000000070fa00000, 0x000000070fa00000, 0x000000070fb00000|  0%| F|  |TAMS 0x000000070fa00000, 0x000000070fa00000| Untracked 
|  83|0x000000070fb00000, 0x000000070fb00000, 0x000000070fc00000|  0%| F|  |TAMS 0x000000070fb00000, 0x000000070fb00000| Untracked 
|  84|0x000000070fc00000, 0x000000070fc00000, 0x000000070fd00000|  0%| F|  |TAMS 0x000000070fc00000, 0x000000070fc00000| Untracked 
|  85|0x000000070fd00000, 0x000000070fd00000, 0x000000070fe00000|  0%| F|  |TAMS 0x000000070fd00000, 0x000000070fd00000| Untracked 
|  86|0x000000070fe00000, 0x000000070fe00000, 0x000000070ff00000|  0%| F|  |TAMS 0x000000070fe00000, 0x000000070fe00000| Untracked 
|  87|0x000000070ff00000, 0x000000070ff00000, 0x0000000710000000|  0%| F|  |TAMS 0x000000070ff00000, 0x000000070ff00000| Untracked 
|  88|0x0000000710000000, 0x0000000710000000, 0x0000000710100000|  0%| F|  |TAMS 0x0000000710000000, 0x0000000710000000| Untracked 
|  89|0x0000000710100000, 0x0000000710100000, 0x0000000710200000|  0%| F|  |TAMS 0x0000000710100000, 0x0000000710100000| Untracked 
|  90|0x0000000710200000, 0x0000000710200000, 0x0000000710300000|  0%| F|  |TAMS 0x0000000710200000, 0x0000000710200000| Untracked 
|  91|0x0000000710300000, 0x0000000710300000, 0x0000000710400000|  0%| F|  |TAMS 0x0000000710300000, 0x0000000710300000| Untracked 
|  92|0x0000000710400000, 0x0000000710400000, 0x0000000710500000|  0%| F|  |TAMS 0x0000000710400000, 0x0000000710400000| Untracked 
|  93|0x0000000710500000, 0x0000000710500000, 0x0000000710600000|  0%| F|  |TAMS 0x0000000710500000, 0x0000000710500000| Untracked 
|  94|0x0000000710600000, 0x0000000710600000, 0x0000000710700000|  0%| F|  |TAMS 0x0000000710600000, 0x0000000710600000| Untracked 
|  95|0x0000000710700000, 0x0000000710700000, 0x0000000710800000|  0%| F|  |TAMS 0x0000000710700000, 0x0000000710700000| Untracked 
|  96|0x0000000710800000, 0x0000000710800000, 0x0000000710900000|  0%| F|  |TAMS 0x0000000710800000, 0x0000000710800000| Untracked 
|  97|0x0000000710900000, 0x0000000710900000, 0x0000000710a00000|  0%| F|  |TAMS 0x0000000710900000, 0x0000000710900000| Untracked 
|  98|0x0000000710a00000, 0x0000000710a00000, 0x0000000710b00000|  0%| F|  |TAMS 0x0000000710a00000, 0x0000000710a00000| Untracked 
|  99|0x0000000710b00000, 0x0000000710b00000, 0x0000000710c00000|  0%| F|  |TAMS 0x0000000710b00000, 0x0000000710b00000| Untracked 
| 100|0x0000000710c00000, 0x0000000710c00000, 0x0000000710d00000|  0%| F|  |TAMS 0x0000000710c00000, 0x0000000710c00000| Untracked 
| 101|0x0000000710d00000, 0x0000000710d00000, 0x0000000710e00000|  0%| F|  |TAMS 0x0000000710d00000, 0x0000000710d00000| Untracked 
| 102|0x0000000710e00000, 0x0000000710e00000, 0x0000000710f00000|  0%| F|  |TAMS 0x0000000710e00000, 0x0000000710e00000| Untracked 
| 103|0x0000000710f00000, 0x0000000710f00000, 0x0000000711000000|  0%| F|  |TAMS 0x0000000710f00000, 0x0000000710f00000| Untracked 
| 104|0x0000000711000000, 0x0000000711000000, 0x0000000711100000|  0%| F|  |TAMS 0x0000000711000000, 0x0000000711000000| Untracked 
| 105|0x0000000711100000, 0x0000000711100000, 0x0000000711200000|  0%| F|  |TAMS 0x0000000711100000, 0x0000000711100000| Untracked 
| 106|0x0000000711200000, 0x0000000711200000, 0x0000000711300000|  0%| F|  |TAMS 0x0000000711200000, 0x0000000711200000| Untracked 
| 107|0x0000000711300000, 0x0000000711300000, 0x0000000711400000|  0%| F|  |TAMS 0x0000000711300000, 0x0000000711300000| Untracked 
| 108|0x0000000711400000, 0x0000000711400000, 0x0000000711500000|  0%| F|  |TAMS 0x0000000711400000, 0x0000000711400000| Untracked 
| 109|0x0000000711500000, 0x0000000711500000, 0x0000000711600000|  0%| F|  |TAMS 0x0000000711500000, 0x0000000711500000| Untracked 
| 110|0x0000000711600000, 0x0000000711600000, 0x0000000711700000|  0%| F|  |TAMS 0x0000000711600000, 0x0000000711600000| Untracked 
| 111|0x0000000711700000, 0x0000000711700000, 0x0000000711800000|  0%| F|  |TAMS 0x0000000711700000, 0x0000000711700000| Untracked 
| 112|0x0000000711800000, 0x0000000711800000, 0x0000000711900000|  0%| F|  |TAMS 0x0000000711800000, 0x0000000711800000| Untracked 
| 113|0x0000000711900000, 0x0000000711900000, 0x0000000711a00000|  0%| F|  |TAMS 0x0000000711900000, 0x0000000711900000| Untracked 
| 114|0x0000000711a00000, 0x0000000711a00000, 0x0000000711b00000|  0%| F|  |TAMS 0x0000000711a00000, 0x0000000711a00000| Untracked 
| 115|0x0000000711b00000, 0x0000000711b00000, 0x0000000711c00000|  0%| F|  |TAMS 0x0000000711b00000, 0x0000000711b00000| Untracked 
| 116|0x0000000711c00000, 0x0000000711c00000, 0x0000000711d00000|  0%| F|  |TAMS 0x0000000711c00000, 0x0000000711c00000| Untracked 
| 117|0x0000000711d00000, 0x0000000711d00000, 0x0000000711e00000|  0%| F|  |TAMS 0x0000000711d00000, 0x0000000711d00000| Untracked 
| 118|0x0000000711e00000, 0x0000000711e00000, 0x0000000711f00000|  0%| F|  |TAMS 0x0000000711e00000, 0x0000000711e00000| Untracked 
| 119|0x0000000711f00000, 0x0000000711f00000, 0x0000000712000000|  0%| F|  |TAMS 0x0000000711f00000, 0x0000000711f00000| Untracked 
| 120|0x0000000712000000, 0x0000000712000000, 0x0000000712100000|  0%| F|  |TAMS 0x0000000712000000, 0x0000000712000000| Untracked 
| 121|0x0000000712100000, 0x0000000712100000, 0x0000000712200000|  0%| F|  |TAMS 0x0000000712100000, 0x0000000712100000| Untracked 
| 122|0x0000000712200000, 0x0000000712200000, 0x0000000712300000|  0%| F|  |TAMS 0x0000000712200000, 0x0000000712200000| Untracked 
| 123|0x0000000712300000, 0x0000000712300000, 0x0000000712400000|  0%| F|  |TAMS 0x0000000712300000, 0x0000000712300000| Untracked 
| 124|0x0000000712400000, 0x0000000712400000, 0x0000000712500000|  0%| F|  |TAMS 0x0000000712400000, 0x0000000712400000| Untracked 
| 125|0x0000000712500000, 0x0000000712500000, 0x0000000712600000|  0%| F|  |TAMS 0x0000000712500000, 0x0000000712500000| Untracked 
| 126|0x0000000712600000, 0x0000000712600000, 0x0000000712700000|  0%| F|  |TAMS 0x0000000712600000, 0x0000000712600000| Untracked 
| 127|0x0000000712700000, 0x0000000712700000, 0x0000000712800000|  0%| F|  |TAMS 0x0000000712700000, 0x0000000712700000| Untracked 
| 128|0x0000000712800000, 0x0000000712800000, 0x0000000712900000|  0%| F|  |TAMS 0x0000000712800000, 0x0000000712800000| Untracked 
| 129|0x0000000712900000, 0x0000000712900000, 0x0000000712a00000|  0%| F|  |TAMS 0x0000000712900000, 0x0000000712900000| Untracked 
| 130|0x0000000712a00000, 0x0000000712a00000, 0x0000000712b00000|  0%| F|  |TAMS 0x0000000712a00000, 0x0000000712a00000| Untracked 
| 131|0x0000000712b00000, 0x0000000712b00000, 0x0000000712c00000|  0%| F|  |TAMS 0x0000000712b00000, 0x0000000712b00000| Untracked 
| 132|0x0000000712c00000, 0x0000000712c00000, 0x0000000712d00000|  0%| F|  |TAMS 0x0000000712c00000, 0x0000000712c00000| Untracked 
| 133|0x0000000712d00000, 0x0000000712d00000, 0x0000000712e00000|  0%| F|  |TAMS 0x0000000712d00000, 0x0000000712d00000| Untracked 
| 134|0x0000000712e00000, 0x0000000712e00000, 0x0000000712f00000|  0%| F|  |TAMS 0x0000000712e00000, 0x0000000712e00000| Untracked 
| 135|0x0000000712f00000, 0x0000000712f00000, 0x0000000713000000|  0%| F|  |TAMS 0x0000000712f00000, 0x0000000712f00000| Untracked 
| 136|0x0000000713000000, 0x0000000713000000, 0x0000000713100000|  0%| F|  |TAMS 0x0000000713000000, 0x0000000713000000| Untracked 
| 137|0x0000000713100000, 0x0000000713100000, 0x0000000713200000|  0%| F|  |TAMS 0x0000000713100000, 0x0000000713100000| Untracked 
| 138|0x0000000713200000, 0x0000000713200000, 0x0000000713300000|  0%| F|  |TAMS 0x0000000713200000, 0x0000000713200000| Untracked 
| 139|0x0000000713300000, 0x0000000713300000, 0x0000000713400000|  0%| F|  |TAMS 0x0000000713300000, 0x0000000713300000| Untracked 
| 140|0x0000000713400000, 0x0000000713400000, 0x0000000713500000|  0%| F|  |TAMS 0x0000000713400000, 0x0000000713400000| Untracked 
| 141|0x0000000713500000, 0x0000000713500000, 0x0000000713600000|  0%| F|  |TAMS 0x0000000713500000, 0x0000000713500000| Untracked 
| 142|0x0000000713600000, 0x0000000713600000, 0x0000000713700000|  0%| F|  |TAMS 0x0000000713600000, 0x0000000713600000| Untracked 
| 143|0x0000000713700000, 0x0000000713700000, 0x0000000713800000|  0%| F|  |TAMS 0x0000000713700000, 0x0000000713700000| Untracked 
| 144|0x0000000713800000, 0x0000000713800000, 0x0000000713900000|  0%| F|  |TAMS 0x0000000713800000, 0x0000000713800000| Untracked 
| 145|0x0000000713900000, 0x0000000713900000, 0x0000000713a00000|  0%| F|  |TAMS 0x0000000713900000, 0x0000000713900000| Untracked 
| 146|0x0000000713a00000, 0x0000000713a00000, 0x0000000713b00000|  0%| F|  |TAMS 0x0000000713a00000, 0x0000000713a00000| Untracked 
| 147|0x0000000713b00000, 0x0000000713b00000, 0x0000000713c00000|  0%| F|  |TAMS 0x0000000713b00000, 0x0000000713b00000| Untracked 
| 148|0x0000000713c00000, 0x0000000713c00000, 0x0000000713d00000|  0%| F|  |TAMS 0x0000000713c00000, 0x0000000713c00000| Untracked 
| 149|0x0000000713d00000, 0x0000000713d00000, 0x0000000713e00000|  0%| F|  |TAMS 0x0000000713d00000, 0x0000000713d00000| Untracked 
| 150|0x0000000713e00000, 0x0000000713e00000, 0x0000000713f00000|  0%| F|  |TAMS 0x0000000713e00000, 0x0000000713e00000| Untracked 
| 151|0x0000000713f00000, 0x0000000713f00000, 0x0000000714000000|  0%| F|  |TAMS 0x0000000713f00000, 0x0000000713f00000| Untracked 
| 152|0x0000000714000000, 0x0000000714000000, 0x0000000714100000|  0%| F|  |TAMS 0x0000000714000000, 0x0000000714000000| Untracked 
| 153|0x0000000714100000, 0x0000000714100000, 0x0000000714200000|  0%| F|  |TAMS 0x0000000714100000, 0x0000000714100000| Untracked 
| 154|0x0000000714200000, 0x0000000714200000, 0x0000000714300000|  0%| F|  |TAMS 0x0000000714200000, 0x0000000714200000| Untracked 
| 155|0x0000000714300000, 0x0000000714300000, 0x0000000714400000|  0%| F|  |TAMS 0x0000000714300000, 0x0000000714300000| Untracked 
| 156|0x0000000714400000, 0x0000000714400000, 0x0000000714500000|  0%| F|  |TAMS 0x0000000714400000, 0x0000000714400000| Untracked 
| 157|0x0000000714500000, 0x0000000714500000, 0x0000000714600000|  0%| F|  |TAMS 0x0000000714500000, 0x0000000714500000| Untracked 
| 158|0x0000000714600000, 0x0000000714600000, 0x0000000714700000|  0%| F|  |TAMS 0x0000000714600000, 0x0000000714600000| Untracked 
| 159|0x0000000714700000, 0x0000000714700000, 0x0000000714800000|  0%| F|  |TAMS 0x0000000714700000, 0x0000000714700000| Untracked 
| 160|0x0000000714800000, 0x0000000714800000, 0x0000000714900000|  0%| F|  |TAMS 0x0000000714800000, 0x0000000714800000| Untracked 
| 161|0x0000000714900000, 0x0000000714900000, 0x0000000714a00000|  0%| F|  |TAMS 0x0000000714900000, 0x0000000714900000| Untracked 
| 162|0x0000000714a00000, 0x0000000714a00000, 0x0000000714b00000|  0%| F|  |TAMS 0x0000000714a00000, 0x0000000714a00000| Untracked 
| 163|0x0000000714b00000, 0x0000000714b00000, 0x0000000714c00000|  0%| F|  |TAMS 0x0000000714b00000, 0x0000000714b00000| Untracked 
| 164|0x0000000714c00000, 0x0000000714c00000, 0x0000000714d00000|  0%| F|  |TAMS 0x0000000714c00000, 0x0000000714c00000| Untracked 
| 165|0x0000000714d00000, 0x0000000714d00000, 0x0000000714e00000|  0%| F|  |TAMS 0x0000000714d00000, 0x0000000714d00000| Untracked 
| 166|0x0000000714e00000, 0x0000000714e00000, 0x0000000714f00000|  0%| F|  |TAMS 0x0000000714e00000, 0x0000000714e00000| Untracked 
| 167|0x0000000714f00000, 0x0000000714f00000, 0x0000000715000000|  0%| F|  |TAMS 0x0000000714f00000, 0x0000000714f00000| Untracked 
| 168|0x0000000715000000, 0x0000000715000000, 0x0000000715100000|  0%| F|  |TAMS 0x0000000715000000, 0x0000000715000000| Untracked 
| 169|0x0000000715100000, 0x0000000715100000, 0x0000000715200000|  0%| F|  |TAMS 0x0000000715100000, 0x0000000715100000| Untracked 
| 170|0x0000000715200000, 0x0000000715200000, 0x0000000715300000|  0%| F|  |TAMS 0x0000000715200000, 0x0000000715200000| Untracked 
| 171|0x0000000715300000, 0x0000000715300000, 0x0000000715400000|  0%| F|  |TAMS 0x0000000715300000, 0x0000000715300000| Untracked 
| 172|0x0000000715400000, 0x0000000715400000, 0x0000000715500000|  0%| F|  |TAMS 0x0000000715400000, 0x0000000715400000| Untracked 
| 173|0x0000000715500000, 0x0000000715500000, 0x0000000715600000|  0%| F|  |TAMS 0x0000000715500000, 0x0000000715500000| Untracked 
| 174|0x0000000715600000, 0x0000000715600000, 0x0000000715700000|  0%| F|  |TAMS 0x0000000715600000, 0x0000000715600000| Untracked 
| 175|0x0000000715700000, 0x0000000715700000, 0x0000000715800000|  0%| F|  |TAMS 0x0000000715700000, 0x0000000715700000| Untracked 
| 176|0x0000000715800000, 0x0000000715800000, 0x0000000715900000|  0%| F|  |TAMS 0x0000000715800000, 0x0000000715800000| Untracked 
| 177|0x0000000715900000, 0x0000000715900000, 0x0000000715a00000|  0%| F|  |TAMS 0x0000000715900000, 0x0000000715900000| Untracked 
| 178|0x0000000715a00000, 0x0000000715a00000, 0x0000000715b00000|  0%| F|  |TAMS 0x0000000715a00000, 0x0000000715a00000| Untracked 
| 179|0x0000000715b00000, 0x0000000715b00000, 0x0000000715c00000|  0%| F|  |TAMS 0x0000000715b00000, 0x0000000715b00000| Untracked 
| 180|0x0000000715c00000, 0x0000000715c00000, 0x0000000715d00000|  0%| F|  |TAMS 0x0000000715c00000, 0x0000000715c00000| Untracked 
| 181|0x0000000715d00000, 0x0000000715d00000, 0x0000000715e00000|  0%| F|  |TAMS 0x0000000715d00000, 0x0000000715d00000| Untracked 
| 182|0x0000000715e00000, 0x0000000715e00000, 0x0000000715f00000|  0%| F|  |TAMS 0x0000000715e00000, 0x0000000715e00000| Untracked 
| 183|0x0000000715f00000, 0x0000000715f00000, 0x0000000716000000|  0%| F|  |TAMS 0x0000000715f00000, 0x0000000715f00000| Untracked 
| 184|0x0000000716000000, 0x0000000716000000, 0x0000000716100000|  0%| F|  |TAMS 0x0000000716000000, 0x0000000716000000| Untracked 
| 185|0x0000000716100000, 0x0000000716100000, 0x0000000716200000|  0%| F|  |TAMS 0x0000000716100000, 0x0000000716100000| Untracked 
| 186|0x0000000716200000, 0x0000000716200000, 0x0000000716300000|  0%| F|  |TAMS 0x0000000716200000, 0x0000000716200000| Untracked 
| 187|0x0000000716300000, 0x0000000716300000, 0x0000000716400000|  0%| F|  |TAMS 0x0000000716300000, 0x0000000716300000| Untracked 
| 188|0x0000000716400000, 0x0000000716400000, 0x0000000716500000|  0%| F|  |TAMS 0x0000000716400000, 0x0000000716400000| Untracked 
| 189|0x0000000716500000, 0x0000000716500000, 0x0000000716600000|  0%| F|  |TAMS 0x0000000716500000, 0x0000000716500000| Untracked 
| 190|0x0000000716600000, 0x0000000716600000, 0x0000000716700000|  0%| F|  |TAMS 0x0000000716600000, 0x0000000716600000| Untracked 
| 191|0x0000000716700000, 0x0000000716700000, 0x0000000716800000|  0%| F|  |TAMS 0x0000000716700000, 0x0000000716700000| Untracked 
| 192|0x0000000716800000, 0x0000000716800000, 0x0000000716900000|  0%| F|  |TAMS 0x0000000716800000, 0x0000000716800000| Untracked 
| 193|0x0000000716900000, 0x0000000716900000, 0x0000000716a00000|  0%| F|  |TAMS 0x0000000716900000, 0x0000000716900000| Untracked 
| 194|0x0000000716a00000, 0x0000000716a00000, 0x0000000716b00000|  0%| F|  |TAMS 0x0000000716a00000, 0x0000000716a00000| Untracked 
| 195|0x0000000716b00000, 0x0000000716b00000, 0x0000000716c00000|  0%| F|  |TAMS 0x0000000716b00000, 0x0000000716b00000| Untracked 
| 196|0x0000000716c00000, 0x0000000716c00000, 0x0000000716d00000|  0%| F|  |TAMS 0x0000000716c00000, 0x0000000716c00000| Untracked 
| 197|0x0000000716d00000, 0x0000000716d00000, 0x0000000716e00000|  0%| F|  |TAMS 0x0000000716d00000, 0x0000000716d00000| Untracked 
| 198|0x0000000716e00000, 0x0000000716e00000, 0x0000000716f00000|  0%| F|  |TAMS 0x0000000716e00000, 0x0000000716e00000| Untracked 
| 199|0x0000000716f00000, 0x0000000716f00000, 0x0000000717000000|  0%| F|  |TAMS 0x0000000716f00000, 0x0000000716f00000| Untracked 
| 200|0x0000000717000000, 0x0000000717000000, 0x0000000717100000|  0%| F|  |TAMS 0x0000000717000000, 0x0000000717000000| Untracked 
| 201|0x0000000717100000, 0x0000000717100000, 0x0000000717200000|  0%| F|  |TAMS 0x0000000717100000, 0x0000000717100000| Untracked 
| 202|0x0000000717200000, 0x0000000717200000, 0x0000000717300000|  0%| F|  |TAMS 0x0000000717200000, 0x0000000717200000| Untracked 
| 203|0x0000000717300000, 0x0000000717300000, 0x0000000717400000|  0%| F|  |TAMS 0x0000000717300000, 0x0000000717300000| Untracked 
| 204|0x0000000717400000, 0x0000000717400000, 0x0000000717500000|  0%| F|  |TAMS 0x0000000717400000, 0x0000000717400000| Untracked 
| 205|0x0000000717500000, 0x0000000717500000, 0x0000000717600000|  0%| F|  |TAMS 0x0000000717500000, 0x0000000717500000| Untracked 
| 206|0x0000000717600000, 0x0000000717600000, 0x0000000717700000|  0%| F|  |TAMS 0x0000000717600000, 0x0000000717600000| Untracked 
| 207|0x0000000717700000, 0x0000000717700000, 0x0000000717800000|  0%| F|  |TAMS 0x0000000717700000, 0x0000000717700000| Untracked 
| 208|0x0000000717800000, 0x0000000717800000, 0x0000000717900000|  0%| F|  |TAMS 0x0000000717800000, 0x0000000717800000| Untracked 
| 209|0x0000000717900000, 0x0000000717900000, 0x0000000717a00000|  0%| F|  |TAMS 0x0000000717900000, 0x0000000717900000| Untracked 
| 210|0x0000000717a00000, 0x0000000717a00000, 0x0000000717b00000|  0%| F|  |TAMS 0x0000000717a00000, 0x0000000717a00000| Untracked 
| 211|0x0000000717b00000, 0x0000000717b00000, 0x0000000717c00000|  0%| F|  |TAMS 0x0000000717b00000, 0x0000000717b00000| Untracked 
| 212|0x0000000717c00000, 0x0000000717c00000, 0x0000000717d00000|  0%| F|  |TAMS 0x0000000717c00000, 0x0000000717c00000| Untracked 
| 213|0x0000000717d00000, 0x0000000717d00000, 0x0000000717e00000|  0%| F|  |TAMS 0x0000000717d00000, 0x0000000717d00000| Untracked 
| 214|0x0000000717e00000, 0x0000000717e00000, 0x0000000717f00000|  0%| F|  |TAMS 0x0000000717e00000, 0x0000000717e00000| Untracked 
| 215|0x0000000717f00000, 0x0000000717f00000, 0x0000000718000000|  0%| F|  |TAMS 0x0000000717f00000, 0x0000000717f00000| Untracked 
| 216|0x0000000718000000, 0x0000000718000000, 0x0000000718100000|  0%| F|  |TAMS 0x0000000718000000, 0x0000000718000000| Untracked 
| 217|0x0000000718100000, 0x0000000718100000, 0x0000000718200000|  0%| F|  |TAMS 0x0000000718100000, 0x0000000718100000| Untracked 
| 218|0x0000000718200000, 0x0000000718200000, 0x0000000718300000|  0%| F|  |TAMS 0x0000000718200000, 0x0000000718200000| Untracked 
| 219|0x0000000718300000, 0x00000007183d22e8, 0x0000000718400000| 82%| S|CS|TAMS 0x0000000718300000, 0x0000000718300000| Complete 
| 220|0x0000000718400000, 0x0000000718500000, 0x0000000718500000|100%| S|CS|TAMS 0x0000000718400000, 0x0000000718400000| Complete 
| 221|0x0000000718500000, 0x0000000718600000, 0x0000000718600000|100%| S|CS|TAMS 0x0000000718500000, 0x0000000718500000| Complete 
| 222|0x0000000718600000, 0x0000000718600000, 0x0000000718700000|  0%| F|  |TAMS 0x0000000718600000, 0x0000000718600000| Untracked 
| 223|0x0000000718700000, 0x0000000718700000, 0x0000000718800000|  0%| F|  |TAMS 0x0000000718700000, 0x0000000718700000| Untracked 
| 224|0x0000000718800000, 0x0000000718800000, 0x0000000718900000|  0%| F|  |TAMS 0x0000000718800000, 0x0000000718800000| Untracked 
| 225|0x0000000718900000, 0x0000000718900000, 0x0000000718a00000|  0%| F|  |TAMS 0x0000000718900000, 0x0000000718900000| Untracked 
| 226|0x0000000718a00000, 0x0000000718a00000, 0x0000000718b00000|  0%| F|  |TAMS 0x0000000718a00000, 0x0000000718a00000| Untracked 
| 227|0x0000000718b00000, 0x0000000718b00000, 0x0000000718c00000|  0%| F|  |TAMS 0x0000000718b00000, 0x0000000718b00000| Untracked 
| 228|0x0000000718c00000, 0x0000000718c00000, 0x0000000718d00000|  0%| F|  |TAMS 0x0000000718c00000, 0x0000000718c00000| Untracked 
| 229|0x0000000718d00000, 0x0000000718d00000, 0x0000000718e00000|  0%| F|  |TAMS 0x0000000718d00000, 0x0000000718d00000| Untracked 
| 230|0x0000000718e00000, 0x0000000718e00000, 0x0000000718f00000|  0%| F|  |TAMS 0x0000000718e00000, 0x0000000718e00000| Untracked 
| 231|0x0000000718f00000, 0x0000000718f00000, 0x0000000719000000|  0%| F|  |TAMS 0x0000000718f00000, 0x0000000718f00000| Untracked 
| 232|0x0000000719000000, 0x0000000719000000, 0x0000000719100000|  0%| F|  |TAMS 0x0000000719000000, 0x0000000719000000| Untracked 
| 233|0x0000000719100000, 0x0000000719100000, 0x0000000719200000|  0%| F|  |TAMS 0x0000000719100000, 0x0000000719100000| Untracked 
| 234|0x0000000719200000, 0x0000000719200000, 0x0000000719300000|  0%| F|  |TAMS 0x0000000719200000, 0x0000000719200000| Untracked 
| 235|0x0000000719300000, 0x0000000719300000, 0x0000000719400000|  0%| F|  |TAMS 0x0000000719300000, 0x0000000719300000| Untracked 
| 236|0x0000000719400000, 0x0000000719400000, 0x0000000719500000|  0%| F|  |TAMS 0x0000000719400000, 0x0000000719400000| Untracked 
| 237|0x0000000719500000, 0x0000000719500000, 0x0000000719600000|  0%| F|  |TAMS 0x0000000719500000, 0x0000000719500000| Untracked 
| 238|0x0000000719600000, 0x0000000719600000, 0x0000000719700000|  0%| F|  |TAMS 0x0000000719600000, 0x0000000719600000| Untracked 
| 239|0x0000000719700000, 0x0000000719700000, 0x0000000719800000|  0%| F|  |TAMS 0x0000000719700000, 0x0000000719700000| Untracked 
| 240|0x0000000719800000, 0x0000000719800000, 0x0000000719900000|  0%| F|  |TAMS 0x0000000719800000, 0x0000000719800000| Untracked 
| 241|0x0000000719900000, 0x0000000719900000, 0x0000000719a00000|  0%| F|  |TAMS 0x0000000719900000, 0x0000000719900000| Untracked 
| 242|0x0000000719a00000, 0x0000000719a00000, 0x0000000719b00000|  0%| F|  |TAMS 0x0000000719a00000, 0x0000000719a00000| Untracked 
| 243|0x0000000719b00000, 0x0000000719c00000, 0x0000000719c00000|100%| E|  |TAMS 0x0000000719b00000, 0x0000000719b00000| Complete 
| 244|0x0000000719c00000, 0x0000000719d00000, 0x0000000719d00000|100%| E|CS|TAMS 0x0000000719c00000, 0x0000000719c00000| Complete 
| 245|0x0000000719d00000, 0x0000000719e00000, 0x0000000719e00000|100%| E|CS|TAMS 0x0000000719d00000, 0x0000000719d00000| Complete 
|2902|0x00000007bfe00000, 0x00000007bfe35000, 0x00000007bff00000| 20%|OA|  |TAMS 0x00000007bfe00000, 0x00000007bfe00000| Untracked 
|2903|0x00000007bff00000, 0x00000007bff6a000, 0x00000007c0000000| 41%|CA|  |TAMS 0x00000007bff00000, 0x00000007bff00000| Untracked 

Card table byte_map: [0x00007f28ca724000,0x00007f28caed0000] _byte_map_base: 0x00007f28c6ed0000

Marking Bits (Prev, Next): (CMBitMap*) 0x00007f28e407a888, (CMBitMap*) 0x00007f28e407a8c0
 Prev Bits: [0x00007f28c02a0000, 0x00007f28c4000000)
 Next Bits: [0x00007f28bc540000, 0x00007f28c02a0000)

Polling page: 0x00007f28ebf0e000

Metaspace:

Usage:
  Non-class:      8,88 MB capacity,     7,76 MB ( 87%) used,     1,10 MB ( 12%) free+waste,    16,00 KB ( <1%) overhead. 
      Class:      1,10 MB capacity,  1022,42 KB ( 91%) used,    94,27 KB (  8%) free+waste,     7,31 KB ( <1%) overhead. 
       Both:      9,97 MB capacity,     8,76 MB ( 88%) used,     1,19 MB ( 12%) free+waste,    23,31 KB ( <1%) overhead. 

Virtual space:
  Non-class space:       10,00 MB reserved,       9,00 MB ( 90%) committed 
      Class space:        1,00 GB reserved,       1,12 MB ( <1%) committed 
             Both:        1,01 GB reserved,      10,12 MB ( <1%) committed 

Chunk freelists:
   Non-Class:  12,50 KB
       Class:  3,50 KB
        Both:  16,00 KB

CodeHeap 'non-profiled nmethods': size=120032Kb used=260Kb max_used=277Kb free=119771Kb
 bounds [0x00007f28d3c24000, 0x00007f28d3e94000, 0x00007f28db15c000]
CodeHeap 'profiled nmethods': size=120028Kb used=1513Kb max_used=1697Kb free=118514Kb
 bounds [0x00007f28cc6ed000, 0x00007f28cc95d000, 0x00007f28d3c24000]
CodeHeap 'non-nmethods': size=5700Kb used=1173Kb max_used=1184Kb free=4526Kb
 bounds [0x00007f28cc15c000, 0x00007f28cc3cc000, 0x00007f28cc6ed000]
 total_blobs=1498 nmethods=813 adapters=344
 compilation: enabled
              stopped_count=0, restarted_count=0
 full_count=0

Compilation events (10 events):
Event: 52,283 Thread 0x00007f28e4239800  898       3       io.netty.util.concurrent.SingleThreadEventExecutor::hasTasks (39 bytes)
Event: 52,283 Thread 0x00007f28e4239800 nmethod 898 0x00007f28cc6f3810 code [0x00007f28cc6f39e0, 0x00007f28cc6f3ca8]
Event: 52,300 Thread 0x00007f28e4239800  899       3       java.nio.MappedByteBuffer::<init> (15 bytes)
Event: 52,301 Thread 0x00007f28e4239800 nmethod 899 0x00007f28cc702790 code [0x00007f28cc702960, 0x00007f28cc702be8]
Event: 52,301 Thread 0x00007f28e4239800  900       3       java.nio.ByteBuffer::<init> (12 bytes)
Event: 52,301 Thread 0x00007f28e4239800 nmethod 900 0x00007f28cc6ffe10 code [0x00007f28cc6fffc0, 0x00007f28cc7001a8]
Event: 52,326 Thread 0x00007f28e4239800  901       3       java.util.Collections$UnmodifiableCollection::size (10 bytes)
Event: 52,326 Thread 0x00007f28e4239800 nmethod 901 0x00007f28cc702290 code [0x00007f28cc702460, 0x00007f28cc7026c8]
Event: 52,326 Thread 0x00007f28e4239800  902       3       com.google.protobuf.ByteString$LiteralByteString::size (6 bytes)
Event: 52,326 Thread 0x00007f28e4239800 nmethod 902 0x00007f28cc6fb310 code [0x00007f28cc6fb4c0, 0x00007f28cc6fb650]

GC Heap History (2 events):
Event: 8,309 GC heap before
{Heap before GC invocations=0 (full 0):
 garbage-first heap   total 253952K, used 24188K [0x000000070a800000, 0x0000000800000000)
  region size 1024K, 24 young (24576K), 0 survivors (0K)
 Metaspace       used 8282K, capacity 9694K, committed 10112K, reserved 1058816K
  class space    used 939K, capacity 1058K, committed 1152K, reserved 1048576K
}
Event: 8,317 GC heap after
{Heap after GC invocations=1 (full 0):
 garbage-first heap   total 253952K, used 3524K [0x000000070a800000, 0x0000000800000000)
  region size 1024K, 3 young (3072K), 3 survivors (3072K)
 Metaspace       used 8282K, capacity 9694K, committed 10112K, reserved 1058816K
  class space    used 939K, capacity 1058K, committed 1152K, reserved 1048576K
}

Deoptimization events (10 events):
Event: 3,426 Thread 0x00007f28e44d8800 Uncommon trap: reason=bimorphic_or_optimized_type_check action=maybe_recompile pc=0x00007f28d3c59aac method=java.util.HashMap.getNode(ILjava/lang/Object;)Ljava/util/HashMap$Node; @ 59 c2
Event: 3,427 Thread 0x00007f28e44d8800 Uncommon trap: reason=bimorphic_or_optimized_type_check action=maybe_recompile pc=0x00007f28d3c59aac method=java.util.HashMap.getNode(ILjava/lang/Object;)Ljava/util/HashMap$Node; @ 59 c2
Event: 3,504 Thread 0x00007f287000e000 Uncommon trap: reason=unstable_if action=reinterpret pc=0x00007f28d3c4c308 method=java.lang.StringLatin1.indexOf([BI[BII)I @ 91 c2
Event: 3,511 Thread 0x00007f287000e000 Uncommon trap: reason=unstable_if action=reinterpret pc=0x00007f28d3c52c38 method=java.lang.String.startsWith(Ljava/lang/String;I)Z @ 1 c2
Event: 3,516 Thread 0x00007f287000e000 Uncommon trap: reason=bimorphic_or_optimized_type_check action=maybe_recompile pc=0x00007f28d3c58254 method=java.util.HashMap.getNode(ILjava/lang/Object;)Ljava/util/HashMap$Node; @ 126 c2
Event: 3,517 Thread 0x00007f287000e000 Uncommon trap: reason=bimorphic_or_optimized_type_check action=maybe_recompile pc=0x00007f28d3c58254 method=java.util.HashMap.getNode(ILjava/lang/Object;)Ljava/util/HashMap$Node; @ 126 c2
Event: 3,518 Thread 0x00007f287000e000 Uncommon trap: reason=class_check action=maybe_recompile pc=0x00007f28d3c31bb4 method=java.util.HashMap.putVal(ILjava/lang/Object;Ljava/lang/Object;ZZ)Ljava/lang/Object; @ 253 c2
Event: 3,518 Thread 0x00007f287000e000 Uncommon trap: reason=class_check action=maybe_recompile pc=0x00007f28d3c31bb4 method=java.util.HashMap.putVal(ILjava/lang/Object;Ljava/lang/Object;ZZ)Ljava/lang/Object; @ 253 c2
Event: 3,518 Thread 0x00007f287000e000 Uncommon trap: reason=class_check action=maybe_recompile pc=0x00007f28d3c31bb4 method=java.util.HashMap.putVal(ILjava/lang/Object;Ljava/lang/Object;ZZ)Ljava/lang/Object; @ 253 c2
Event: 3,518 Thread 0x00007f287000e000 Uncommon trap: reason=class_check action=maybe_recompile pc=0x00007f28d3c31bb4 method=java.util.HashMap.putVal(ILjava/lang/Object;Ljava/lang/Object;ZZ)Ljava/lang/Object; @ 253 c2

Classes redefined (0 events):
No events

Internal exceptions (5 events):
Event: 0,186 Thread 0x00007f28e4016000 Exception <a 'java/lang/NoClassDefFoundError'{0x0000000719a2a600}: org/slf4j/LoggerFactory> (0x0000000719a2a600) thrown at [/build/openjdk-11-NtPrSn/openjdk-11-11~24/src/hotspot/share/classfile/systemDictionary.cpp, line 220]
Event: 0,187 Thread 0x00007f28e4016000 Exception <a 'java/lang/NoClassDefFoundError'{0x0000000719a3b9f0}: org/apache/log4j/Priority> (0x0000000719a3b9f0) thrown at [/build/openjdk-11-NtPrSn/openjdk-11-11~24/src/hotspot/share/classfile/systemDictionary.cpp, line 220]
Event: 0,188 Thread 0x00007f28e4016000 Exception <a 'java/lang/NoClassDefFoundError'{0x0000000719a45028}: org/apache/logging/log4j/spi/ExtendedLoggerWrapper> (0x0000000719a45028) thrown at [/build/openjdk-11-NtPrSn/openjdk-11-11~24/src/hotspot/share/classfile/systemDictionary.cpp, line 220]
Event: 0,346 Thread 0x00007f28e4016000 Exception <a 'java/lang/NoSuchMethodError'{0x00000007196223e0}: java.lang.invoke.DirectMethodHandle$Holder.invokeSpecialIFC(Ljava/lang/Object;Ljava/lang/Object;I)I> (0x00000007196223e0) thrown at [/build/openjdk-11-NtPrSn/openjdk-11-11~24/src/hotspot/shar
Event: 0,372 Thread 0x00007f28e4016000 Exception <a 'java/lang/NoSuchMethodError'{0x00000007196c3288}: java.lang.invoke.DirectMethodHandle$Holder.invokeStaticInit(Ljava/lang/Object;Ljava/lang/Object;Ljava/lang/Object;)Ljava/lang/Object;> (0x00000007196c3288) thrown at [/build/openjdk-11-NtPrSn

Events (10 events):
Event: 66,495 Executing VM operation: SetFramePop
Event: 66,495 Executing VM operation: SetFramePop done
Event: 66,495 Executing VM operation: GetFrameLocation
Event: 66,495 Executing VM operation: GetFrameLocation done
Event: 66,495 Executing VM operation: GetCurrentLocation
Event: 66,495 Executing VM operation: GetCurrentLocation done
Event: 66,495 Executing VM operation: ChangeSingleStep
Event: 66,495 Executing VM operation: ChangeSingleStep done
Event: 66,495 Executing VM operation: ChangeSingleStep
Event: 66,495 Executing VM operation: ChangeSingleStep done


Dynamic libraries:
70a800000-719e00000 rw-p 00000000 00:00 0 
719e00000-7bfe00000 ---p 00000000 00:00 0 
7bfe00000-7bfe35000 rw-p 01129000 103:01 466468                          /usr/lib/jvm/java-11-openjdk-amd64/lib/server/classes.jsa
7bfe35000-7bff00000 rw-p 00000000 00:00 0 
7bff00000-7bff6a000 rw-p 010bf000 103:01 466468                          /usr/lib/jvm/java-11-openjdk-amd64/lib/server/classes.jsa
7bff6a000-7c0000000 rw-p 00000000 00:00 0 
7c0000000-800000000 ---p 00000000 00:00 0 
800000000-800002000 rwxp 00001000 103:01 466468                          /usr/lib/jvm/java-11-openjdk-amd64/lib/server/classes.jsa
800002000-8010be000 rw-p 00003000 103:01 466468                          /usr/lib/jvm/java-11-openjdk-amd64/lib/server/classes.jsa
840000000-840120000 rw-p 00000000 00:00 0 
840120000-880000000 ---p 00000000 00:00 0 
561bcb3a8000-561bcb3a9000 r-xp 00000000 103:01 222475                    /usr/lib/jvm/java-11-openjdk-amd64/bin/java
561bcb5a9000-561bcb5aa000 r--p 00001000 103:01 222475                    /usr/lib/jvm/java-11-openjdk-amd64/bin/java
561bcb5aa000-561bcb5ab000 rw-p 00002000 103:01 222475                    /usr/lib/jvm/java-11-openjdk-amd64/bin/java
561bcbaed000-561bcbb0e000 rw-p 00000000 00:00 0                          [heap]
7f283c000000-7f283c021000 rw-p 00000000 00:00 0 
7f283c021000-7f2840000000 ---p 00000000 00:00 0 
7f2844000000-7f2844021000 rw-p 00000000 00:00 0 
7f2844021000-7f2848000000 ---p 00000000 00:00 0 
7f2848000000-7f2848021000 rw-p 00000000 00:00 0 
7f2848021000-7f284c000000 ---p 00000000 00:00 0 
7f284c000000-7f284c021000 rw-p 00000000 00:00 0 
7f284c021000-7f2850000000 ---p 00000000 00:00 0 
7f2850000000-7f2850021000 rw-p 00000000 00:00 0 
7f2850021000-7f2854000000 ---p 00000000 00:00 0 
7f28567fd000-7f28567fe000 ---p 00000000 00:00 0 
7f28567fe000-7f2856ffe000 rw-p 00000000 00:00 0 
7f2858000000-7f2858021000 rw-p 00000000 00:00 0 
7f2858021000-7f285c000000 ---p 00000000 00:00 0 
7f285c7f9000-7f285c7fa000 ---p 00000000 00:00 0 
7f285c7fa000-7f285cffa000 rw-p 00000000 00:00 0 
7f285cffa000-7f285cffb000 ---p 00000000 00:00 0 
7f285cffb000-7f285d7fb000 rw-p 00000000 00:00 0 
7f285d7fb000-7f285d7fc000 ---p 00000000 00:00 0 
7f285d7fc000-7f285dffc000 rw-p 00000000 00:00 0 
7f2860000000-7f2860021000 rw-p 00000000 00:00 0 
7f2860021000-7f2864000000 ---p 00000000 00:00 0 
7f2864000000-7f2864021000 rw-p 00000000 00:00 0 
7f2864021000-7f2868000000 ---p 00000000 00:00 0 
7f28691f2000-7f286a1f3000 rw-p 00000000 00:00 0 
7f286a1f3000-7f286a1f7000 ---p 00000000 00:00 0 
7f286a1f7000-7f286a2f4000 rw-p 00000000 00:00 0 
7f286a2f4000-7f286a2f5000 ---p 00000000 00:00 0 
7f286a2f5000-7f286a3f6000 rw-p 00000000 00:00 0 
7f286a3f6000-7f286a3f7000 ---p 00000000 00:00 0 
7f286a3f7000-7f286a4f8000 rw-p 00000000 00:00 0 
7f286a4f8000-7f286a4f9000 ---p 00000000 00:00 0 
7f286a4f9000-7f286a5fa000 rw-p 00000000 00:00 0 
7f286a5fa000-7f286a5fb000 ---p 00000000 00:00 0 
7f286a5fb000-7f286a6fc000 rw-p 00000000 00:00 0 
7f286a6fc000-7f286a6fd000 ---p 00000000 00:00 0 
7f286a6fd000-7f286b7ff000 rw-p 00000000 00:00 0 
7f286b7ff000-7f286b800000 ---p 00000000 00:00 0 
7f286b800000-7f286c000000 rw-p 00000000 00:00 0 
7f286c000000-7f286c021000 rw-p 00000000 00:00 0 
7f286c021000-7f2870000000 ---p 00000000 00:00 0 
7f2870000000-7f2870021000 rw-p 00000000 00:00 0 
7f2870021000-7f2874000000 ---p 00000000 00:00 0 
7f2874000000-7f2874021000 rw-p 00000000 00:00 0 
7f2874021000-7f2878000000 ---p 00000000 00:00 0 
7f2878000000-7f2878021000 rw-p 00000000 00:00 0 
7f2878021000-7f287c000000 ---p 00000000 00:00 0 
7f287c000000-7f287c038000 rw-p 00000000 00:00 0 
7f287c038000-7f2880000000 ---p 00000000 00:00 0 
7f2880000000-7f2880030000 rw-p 00000000 00:00 0 
7f2880030000-7f2884000000 ---p 00000000 00:00 0 
7f2884000000-7f2884021000 rw-p 00000000 00:00 0 
7f2884021000-7f2888000000 ---p 00000000 00:00 0 
7f2888000000-7f28884a1000 rw-p 00000000 00:00 0 
7f28884a1000-7f288c000000 ---p 00000000 00:00 0 
7f288c000000-7f288c3ab000 rw-p 00000000 00:00 0 
7f288c3ab000-7f2890000000 ---p 00000000 00:00 0 
7f2890000000-7f2890021000 rw-p 00000000 00:00 0 
7f2890021000-7f2894000000 ---p 00000000 00:00 0 
7f2894000000-7f2894021000 rw-p 00000000 00:00 0 
7f2894021000-7f2898000000 ---p 00000000 00:00 0 
7f2898000000-7f2898277000 rw-p 00000000 00:00 0 
7f2898277000-7f289c000000 ---p 00000000 00:00 0 
7f289c000000-7f289c021000 rw-p 00000000 00:00 0 
7f289c021000-7f28a0000000 ---p 00000000 00:00 0 
7f28a0000000-7f28a0021000 rw-p 00000000 00:00 0 
7f28a0021000-7f28a4000000 ---p 00000000 00:00 0 
7f28a4000000-7f28a4021000 rw-p 00000000 00:00 0 
7f28a4021000-7f28a8000000 ---p 00000000 00:00 0 
7f28a8000000-7f28a804c000 rw-p 00000000 00:00 0 
7f28a804c000-7f28ac000000 ---p 00000000 00:00 0 
7f28ac000000-7f28ac021000 rw-p 00000000 00:00 0 
7f28ac021000-7f28b0000000 ---p 00000000 00:00 0 
7f28b0000000-7f28b0021000 rw-p 00000000 00:00 0 
7f28b0021000-7f28b4000000 ---p 00000000 00:00 0 
7f28b40c7000-7f28b41c7000 rw-p 00000000 00:00 0 
7f28b41c7000-7f28b42c7000 ---p 00000000 00:00 0 
7f28b42c7000-7f28b42c8000 ---p 00000000 00:00 0 
7f28b42c8000-7f28b4ac8000 rw-p 00000000 00:00 0 
7f28b4ac8000-7f28b51a3000 r-xp 00000000 103:01 5767638                   /tmp/librocksdbjni795126916453426508.so
7f28b51a3000-7f28b53a3000 ---p 006db000 103:01 5767638                   /tmp/librocksdbjni795126916453426508.so
7f28b53a3000-7f28b53bf000 rw-p 006db000 103:01 5767638                   /tmp/librocksdbjni795126916453426508.so
7f28b53bf000-7f28b53c7000 rw-p 00000000 00:00 0 
7f28b53c7000-7f28b53cb000 ---p 00000000 00:00 0 
7f28b53cb000-7f28b54c8000 rw-p 00000000 00:00 0 
7f28b54c8000-7f28b54ca000 r-xp 00000000 103:01 470750                    /usr/lib/jvm/java-11-openjdk-amd64/lib/libextnet.so
7f28b54ca000-7f28b56c9000 ---p 00002000 103:01 470750                    /usr/lib/jvm/java-11-openjdk-amd64/lib/libextnet.so
7f28b56c9000-7f28b56ca000 r--p 00001000 103:01 470750                    /usr/lib/jvm/java-11-openjdk-amd64/lib/libextnet.so
7f28b56ca000-7f28b56cb000 rw-p 00002000 103:01 470750                    /usr/lib/jvm/java-11-openjdk-amd64/lib/libextnet.so
7f28b56cb000-7f28b56d0000 r-xp 00000000 103:01 470772                    /usr/lib/jvm/java-11-openjdk-amd64/lib/libmanagement_ext.so
7f28b56d0000-7f28b58cf000 ---p 00005000 103:01 470772                    /usr/lib/jvm/java-11-openjdk-amd64/lib/libmanagement_ext.so
7f28b58cf000-7f28b58d0000 r--p 00004000 103:01 470772                    /usr/lib/jvm/java-11-openjdk-amd64/lib/libmanagement_ext.so
7f28b58d0000-7f28b58d1000 rw-p 00005000 103:01 470772                    /usr/lib/jvm/java-11-openjdk-amd64/lib/libmanagement_ext.so
7f28b58d1000-7f28b58d5000 r-xp 00000000 103:01 470769                    /usr/lib/jvm/java-11-openjdk-amd64/lib/libmanagement.so
7f28b58d5000-7f28b5ad4000 ---p 00004000 103:01 470769                    /usr/lib/jvm/java-11-openjdk-amd64/lib/libmanagement.so
7f28b5ad4000-7f28b5ad5000 r--p 00003000 103:01 470769                    /usr/lib/jvm/java-11-openjdk-amd64/lib/libmanagement.so
7f28b5ad5000-7f28b5ad6000 rw-p 00004000 103:01 470769                    /usr/lib/jvm/java-11-openjdk-amd64/lib/libmanagement.so
7f28b5ad6000-7f28b5ad7000 ---p 00000000 00:00 0 
7f28b5ad7000-7f28b5bd8000 rw-p 00000000 00:00 0 
7f28b5bd8000-7f28b5bee000 r-xp 00000000 103:01 470774                    /usr/lib/jvm/java-11-openjdk-amd64/lib/libnet.so
7f28b5bee000-7f28b5ded000 ---p 00016000 103:01 470774                    /usr/lib/jvm/java-11-openjdk-amd64/lib/libnet.so
7f28b5ded000-7f28b5dee000 r--p 00015000 103:01 470774                    /usr/lib/jvm/java-11-openjdk-amd64/lib/libnet.so
7f28b5dee000-7f28b5def000 rw-p 00016000 103:01 470774                    /usr/lib/jvm/java-11-openjdk-amd64/lib/libnet.so
7f28b5def000-7f28b5dff000 r-xp 00000000 103:01 470775                    /usr/lib/jvm/java-11-openjdk-amd64/lib/libnio.so
7f28b5dff000-7f28b5ffe000 ---p 00010000 103:01 470775                    /usr/lib/jvm/java-11-openjdk-amd64/lib/libnio.so
7f28b5ffe000-7f28b5fff000 r--p 0000f000 103:01 470775                    /usr/lib/jvm/java-11-openjdk-amd64/lib/libnio.so
7f28b5fff000-7f28b6000000 rw-p 00010000 103:01 470775                    /usr/lib/jvm/java-11-openjdk-amd64/lib/libnio.so
7f28b6000000-7f28b8000000 rw-p 00000000 00:00 0 
7f28b8000000-7f28b8021000 rw-p 00000000 00:00 0 
7f28b8021000-7f28bc000000 ---p 00000000 00:00 0 
7f28bc037000-7f28bc03b000 ---p 00000000 00:00 0 
7f28bc03b000-7f28bc138000 rw-p 00000000 00:00 0 
7f28bc138000-7f28bc13c000 ---p 00000000 00:00 0 
7f28bc13c000-7f28bc239000 rw-p 00000000 00:00 0 
7f28bc239000-7f28bc23d000 ---p 00000000 00:00 0 
7f28bc23d000-7f28bc33a000 rw-p 00000000 00:00 0 
7f28bc33a000-7f28bc33e000 r-xp 00000000 103:01 470749                    /usr/lib/jvm/java-11-openjdk-amd64/lib/libdt_socket.so
7f28bc33e000-7f28bc53e000 ---p 00004000 103:01 470749                    /usr/lib/jvm/java-11-openjdk-amd64/lib/libdt_socket.so
7f28bc53e000-7f28bc53f000 r--p 00004000 103:01 470749                    /usr/lib/jvm/java-11-openjdk-amd64/lib/libdt_socket.so
7f28bc53f000-7f28bc540000 rw-p 00005000 103:01 470749                    /usr/lib/jvm/java-11-openjdk-amd64/lib/libdt_socket.so
7f28bc540000-7f28bc918000 rw-p 00000000 00:00 0 
7f28bc918000-7f28bf298000 ---p 00000000 00:00 0 
7f28bf298000-7f28bf2a0000 rw-p 00000000 00:00 0 
7f28bf2a0000-7f28c02a0000 ---p 00000000 00:00 0 
7f28c02a0000-7f28c0678000 rw-p 00000000 00:00 0 
7f28c0678000-7f28c2ff8000 ---p 00000000 00:00 0 
7f28c2ff8000-7f28c3000000 rw-p 00000000 00:00 0 
7f28c3000000-7f28c4000000 ---p 00000000 00:00 0 
7f28c4000000-7f28c4021000 rw-p 00000000 00:00 0 
7f28c4021000-7f28c8000000 ---p 00000000 00:00 0 
7f28c805f000-7f28c8063000 ---p 00000000 00:00 0 
7f28c8063000-7f28c8160000 rw-p 00000000 00:00 0 
7f28c8160000-7f28c8164000 ---p 00000000 00:00 0 
7f28c8164000-7f28c8261000 rw-p 00000000 00:00 0 
7f28c8261000-7f28c8265000 ---p 00000000 00:00 0 
7f28c8265000-7f28c8362000 rw-p 00000000 00:00 0 
7f28c8362000-7f28c8366000 ---p 00000000 00:00 0 
7f28c8366000-7f28c8463000 rw-p 00000000 00:00 0 
7f28c8463000-7f28c8467000 ---p 00000000 00:00 0 
7f28c8467000-7f28c8564000 rw-p 00000000 00:00 0 
7f28c8564000-7f28c8568000 ---p 00000000 00:00 0 
7f28c8568000-7f28c8665000 rw-p 00000000 00:00 0 
7f28c8665000-7f28c8669000 ---p 00000000 00:00 0 
7f28c8669000-7f28c8766000 rw-p 00000000 00:00 0 
7f28c8766000-7f28c876a000 ---p 00000000 00:00 0 
7f28c876a000-7f28c8867000 rw-p 00000000 00:00 0 
7f28c8867000-7f28c886b000 ---p 00000000 00:00 0 
7f28c886b000-7f28c8968000 rw-p 00000000 00:00 0 
7f28c8968000-7f28c8969000 ---p 00000000 00:00 0 
7f28c8969000-7f28c926a000 rw-p 00000000 00:00 0 
7f28c926a000-7f28c926b000 ---p 00000000 00:00 0 
7f28c926b000-7f28c936c000 rw-p 00000000 00:00 0 
7f28c936c000-7f28c936d000 ---p 00000000 00:00 0 
7f28c936d000-7f28c9c76000 rw-p 00000000 00:00 0 
7f28c9c76000-7f28c9c77000 ---p 00000000 00:00 0 
7f28c9c77000-7f28c9d78000 rw-p 00000000 00:00 0 
7f28c9d78000-7f28c9d79000 ---p 00000000 00:00 0 
7f28c9d79000-7f28c9ff3000 rw-p 00000000 00:00 0 
7f28c9ff3000-7f28ca523000 ---p 00000000 00:00 0 
7f28ca523000-7f28ca524000 rw-p 00000000 00:00 0 
7f28ca524000-7f28ca724000 ---p 00000000 00:00 0 
7f28ca724000-7f28ca79f000 rw-p 00000000 00:00 0 
7f28ca79f000-7f28caccf000 ---p 00000000 00:00 0 
7f28caccf000-7f28cacd0000 rw-p 00000000 00:00 0 
7f28cacd0000-7f28caed0000 ---p 00000000 00:00 0 
7f28caed0000-7f28caf4b000 rw-p 00000000 00:00 0 
7f28caf4b000-7f28cb47b000 ---p 00000000 00:00 0 
7f28cb47b000-7f28cb47c000 rw-p 00000000 00:00 0 
7f28cb47c000-7f28cb67c000 ---p 00000000 00:00 0 
7f28cb67c000-7f28cbe84000 rw-p 00000000 00:00 0 
7f28cbe84000-7f28cbe85000 ---p 00000000 00:00 0 
7f28cbe85000-7f28cbf8b000 rw-p 00000000 00:00 0 
7f28cbf8b000-7f28cc071000 ---p 00000000 00:00 0 
7f28cc071000-7f28cc076000 rw-p 00000000 00:00 0 
7f28cc076000-7f28cc15c000 ---p 00000000 00:00 0 
7f28cc15c000-7f28cc3cc000 rwxp 00000000 00:00 0 
7f28cc3cc000-7f28cc6ed000 ---p 00000000 00:00 0 
7f28cc6ed000-7f28cc95d000 rwxp 00000000 00:00 0 
7f28cc95d000-7f28d3c24000 ---p 00000000 00:00 0 
7f28d3c24000-7f28d3e94000 rwxp 00000000 00:00 0 
7f28d3e94000-7f28db15c000 ---p 00000000 00:00 0 
7f28db15c000-7f28e37c6000 r--s 00000000 103:01 470784                    /usr/lib/jvm/java-11-openjdk-amd64/lib/modules
7f28e37c6000-7f28e37cb000 r-xp 00000000 103:01 470765                    /usr/lib/jvm/java-11-openjdk-amd64/lib/libjimage.so
7f28e37cb000-7f28e39ca000 ---p 00005000 103:01 470765                    /usr/lib/jvm/java-11-openjdk-amd64/lib/libjimage.so
7f28e39ca000-7f28e39cb000 r--p 00004000 103:01 470765                    /usr/lib/jvm/java-11-openjdk-amd64/lib/libjimage.so
7f28e39cb000-7f28e39cc000 rw-p 00005000 103:01 470765                    /usr/lib/jvm/java-11-openjdk-amd64/lib/libjimage.so
7f28e39cc000-7f28e39d3000 r-xp 00000000 103:01 470783                    /usr/lib/jvm/java-11-openjdk-amd64/lib/libzip.so
7f28e39d3000-7f28e3bd2000 ---p 00007000 103:01 470783                    /usr/lib/jvm/java-11-openjdk-amd64/lib/libzip.so
7f28e3bd2000-7f28e3bd3000 r--p 00006000 103:01 470783                    /usr/lib/jvm/java-11-openjdk-amd64/lib/libzip.so
7f28e3bd3000-7f28e3bd4000 rw-p 00007000 103:01 470783                    /usr/lib/jvm/java-11-openjdk-amd64/lib/libzip.so
7f28e3bd4000-7f28e3bdf000 r-xp 00000000 103:01 299919                    /lib/x86_64-linux-gnu/libnss_files-2.27.so
7f28e3bdf000-7f28e3dde000 ---p 0000b000 103:01 299919                    /lib/x86_64-linux-gnu/libnss_files-2.27.so
7f28e3dde000-7f28e3ddf000 r--p 0000a000 103:01 299919                    /lib/x86_64-linux-gnu/libnss_files-2.27.so
7f28e3ddf000-7f28e3de0000 rw-p 0000b000 103:01 299919                    /lib/x86_64-linux-gnu/libnss_files-2.27.so
7f28e3de0000-7f28e3de6000 rw-p 00000000 00:00 0 
7f28e3de6000-7f28e3dfd000 r-xp 00000000 103:01 299916                    /lib/x86_64-linux-gnu/libnsl-2.27.so
7f28e3dfd000-7f28e3ffc000 ---p 00017000 103:01 299916                    /lib/x86_64-linux-gnu/libnsl-2.27.so
7f28e3ffc000-7f28e3ffd000 r--p 00016000 103:01 299916                    /lib/x86_64-linux-gnu/libnsl-2.27.so
7f28e3ffd000-7f28e3ffe000 rw-p 00017000 103:01 299916                    /lib/x86_64-linux-gnu/libnsl-2.27.so
7f28e3ffe000-7f28e4000000 rw-p 00000000 00:00 0 
7f28e4000000-7f28e45a7000 rw-p 00000000 00:00 0 
7f28e45a7000-7f28e8000000 ---p 00000000 00:00 0 
7f28e8049000-7f28e8050000 r--s 00000000 103:01 245011                    /usr/lib/x86_64-linux-gnu/gconv/gconv-modules.cache
7f28e8050000-7f28e805b000 r-xp 00000000 103:01 299921                    /lib/x86_64-linux-gnu/libnss_nis-2.27.so
7f28e805b000-7f28e825a000 ---p 0000b000 103:01 299921                    /lib/x86_64-linux-gnu/libnss_nis-2.27.so
7f28e825a000-7f28e825b000 r--p 0000a000 103:01 299921                    /lib/x86_64-linux-gnu/libnss_nis-2.27.so
7f28e825b000-7f28e825c000 rw-p 0000b000 103:01 299921                    /lib/x86_64-linux-gnu/libnss_nis-2.27.so
7f28e825c000-7f28e8264000 r-xp 00000000 103:01 299917                    /lib/x86_64-linux-gnu/libnss_compat-2.27.so
7f28e8264000-7f28e8464000 ---p 00008000 103:01 299917                    /lib/x86_64-linux-gnu/libnss_compat-2.27.so
7f28e8464000-7f28e8465000 r--p 00008000 103:01 299917                    /lib/x86_64-linux-gnu/libnss_compat-2.27.so
7f28e8465000-7f28e8466000 rw-p 00009000 103:01 299917                    /lib/x86_64-linux-gnu/libnss_compat-2.27.so
7f28e8466000-7f28e88c6000 r--p 00000000 103:01 200546                    /usr/lib/locale/locale-archive
7f28e88c6000-7f28e88d0000 r-xp 00000000 103:01 470753                    /usr/lib/jvm/java-11-openjdk-amd64/lib/libinstrument.so
7f28e88d0000-7f28e8acf000 ---p 0000a000 103:01 470753                    /usr/lib/jvm/java-11-openjdk-amd64/lib/libinstrument.so
7f28e8acf000-7f28e8ad0000 r--p 00009000 103:01 470753                    /usr/lib/jvm/java-11-openjdk-amd64/lib/libinstrument.so
7f28e8ad0000-7f28e8ad1000 rw-p 0000a000 103:01 470753                    /usr/lib/jvm/java-11-openjdk-amd64/lib/libinstrument.so
7f28e8ad1000-7f28e8b0c000 r-xp 00000000 103:01 470764                    /usr/lib/jvm/java-11-openjdk-amd64/lib/libjdwp.so
7f28e8b0c000-7f28e8d0b000 ---p 0003b000 103:01 470764                    /usr/lib/jvm/java-11-openjdk-amd64/lib/libjdwp.so
7f28e8d0b000-7f28e8d0c000 r--p 0003a000 103:01 470764                    /usr/lib/jvm/java-11-openjdk-amd64/lib/libjdwp.so
7f28e8d0c000-7f28e8d0d000 rw-p 0003b000 103:01 470764                    /usr/lib/jvm/java-11-openjdk-amd64/lib/libjdwp.so
7f28e8d0d000-7f28e8d38000 r-xp 00000000 103:01 470761                    /usr/lib/jvm/java-11-openjdk-amd64/lib/libjava.so
7f28e8d38000-7f28e8f37000 ---p 0002b000 103:01 470761                    /usr/lib/jvm/java-11-openjdk-amd64/lib/libjava.so
7f28e8f37000-7f28e8f38000 r--p 0002a000 103:01 470761                    /usr/lib/jvm/java-11-openjdk-amd64/lib/libjava.so
7f28e8f38000-7f28e8f3a000 rw-p 0002b000 103:01 470761                    /usr/lib/jvm/java-11-openjdk-amd64/lib/libjava.so
7f28e8f3a000-7f28e8f47000 r-xp 00000000 103:01 470782                    /usr/lib/jvm/java-11-openjdk-amd64/lib/libverify.so
7f28e8f47000-7f28e9146000 ---p 0000d000 103:01 470782                    /usr/lib/jvm/java-11-openjdk-amd64/lib/libverify.so
7f28e9146000-7f28e9148000 r--p 0000c000 103:01 470782                    /usr/lib/jvm/java-11-openjdk-amd64/lib/libverify.so
7f28e9148000-7f28e9149000 rw-p 0000e000 103:01 470782                    /usr/lib/jvm/java-11-openjdk-amd64/lib/libverify.so
7f28e9149000-7f28e9150000 r-xp 00000000 103:01 299926                    /lib/x86_64-linux-gnu/librt-2.27.so
7f28e9150000-7f28e934f000 ---p 00007000 103:01 299926                    /lib/x86_64-linux-gnu/librt-2.27.so
7f28e934f000-7f28e9350000 r--p 00006000 103:01 299926                    /lib/x86_64-linux-gnu/librt-2.27.so
7f28e9350000-7f28e9351000 rw-p 00007000 103:01 299926                    /lib/x86_64-linux-gnu/librt-2.27.so
7f28e9351000-7f28e9368000 r-xp 00000000 103:01 299962                    /lib/x86_64-linux-gnu/libgcc_s.so.1
7f28e9368000-7f28e9567000 ---p 00017000 103:01 299962                    /lib/x86_64-linux-gnu/libgcc_s.so.1
7f28e9567000-7f28e9568000 r--p 00016000 103:01 299962                    /lib/x86_64-linux-gnu/libgcc_s.so.1
7f28e9568000-7f28e9569000 rw-p 00017000 103:01 299962                    /lib/x86_64-linux-gnu/libgcc_s.so.1
7f28e9569000-7f28e9706000 r-xp 00000000 103:01 299913                    /lib/x86_64-linux-gnu/libm-2.27.so
7f28e9706000-7f28e9905000 ---p 0019d000 103:01 299913                    /lib/x86_64-linux-gnu/libm-2.27.so
7f28e9905000-7f28e9906000 r--p 0019c000 103:01 299913                    /lib/x86_64-linux-gnu/libm-2.27.so
7f28e9906000-7f28e9907000 rw-p 0019d000 103:01 299913                    /lib/x86_64-linux-gnu/libm-2.27.so
7f28e9907000-7f28e9a85000 r-xp 00000000 103:01 204775                    /usr/lib/x86_64-linux-gnu/libstdc++.so.6.0.25
7f28e9a85000-7f28e9c85000 ---p 0017e000 103:01 204775                    /usr/lib/x86_64-linux-gnu/libstdc++.so.6.0.25
7f28e9c85000-7f28e9c8f000 r--p 0017e000 103:01 204775                    /usr/lib/x86_64-linux-gnu/libstdc++.so.6.0.25
7f28e9c8f000-7f28e9c91000 rw-p 00188000 103:01 204775                    /usr/lib/x86_64-linux-gnu/libstdc++.so.6.0.25
7f28e9c91000-7f28e9c95000 rw-p 00000000 00:00 0 
7f28e9c95000-7f28ead57000 r-xp 00000000 103:01 470788                    /usr/lib/jvm/java-11-openjdk-amd64/lib/server/libjvm.so
7f28ead57000-7f28eaf56000 ---p 010c2000 103:01 470788                    /usr/lib/jvm/java-11-openjdk-amd64/lib/server/libjvm.so
7f28eaf56000-7f28eb01d000 r--p 010c1000 103:01 470788                    /usr/lib/jvm/java-11-openjdk-amd64/lib/server/libjvm.so
7f28eb01d000-7f28eb056000 rw-p 01188000 103:01 470788                    /usr/lib/jvm/java-11-openjdk-amd64/lib/server/libjvm.so
7f28eb056000-7f28eb0a9000 rw-p 00000000 00:00 0 
7f28eb0a9000-7f28eb0c3000 r-xp 00000000 103:01 299924                    /lib/x86_64-linux-gnu/libpthread-2.27.so
7f28eb0c3000-7f28eb2c2000 ---p 0001a000 103:01 299924                    /lib/x86_64-linux-gnu/libpthread-2.27.so
7f28eb2c2000-7f28eb2c3000 r--p 00019000 103:01 299924                    /lib/x86_64-linux-gnu/libpthread-2.27.so
7f28eb2c3000-7f28eb2c4000 rw-p 0001a000 103:01 299924                    /lib/x86_64-linux-gnu/libpthread-2.27.so
7f28eb2c4000-7f28eb2c8000 rw-p 00000000 00:00 0 
7f28eb2c8000-7f28eb2cb000 r-xp 00000000 103:01 299912                    /lib/x86_64-linux-gnu/libdl-2.27.so
7f28eb2cb000-7f28eb4ca000 ---p 00003000 103:01 299912                    /lib/x86_64-linux-gnu/libdl-2.27.so
7f28eb4ca000-7f28eb4cb000 r--p 00002000 103:01 299912                    /lib/x86_64-linux-gnu/libdl-2.27.so
7f28eb4cb000-7f28eb4cc000 rw-p 00003000 103:01 299912                    /lib/x86_64-linux-gnu/libdl-2.27.so
7f28eb4cc000-7f28eb4e8000 r-xp 00000000 103:01 299938                    /lib/x86_64-linux-gnu/libz.so.1.2.11
7f28eb4e8000-7f28eb6e7000 ---p 0001c000 103:01 299938                    /lib/x86_64-linux-gnu/libz.so.1.2.11
7f28eb6e7000-7f28eb6e8000 r--p 0001b000 103:01 299938                    /lib/x86_64-linux-gnu/libz.so.1.2.11
7f28eb6e8000-7f28eb6e9000 rw-p 0001c000 103:01 299938                    /lib/x86_64-linux-gnu/libz.so.1.2.11
7f28eb6e9000-7f28eb8d0000 r-xp 00000000 103:01 299909                    /lib/x86_64-linux-gnu/libc-2.27.so
7f28eb8d0000-7f28ebad0000 ---p 001e7000 103:01 299909                    /lib/x86_64-linux-gnu/libc-2.27.so
7f28ebad0000-7f28ebad4000 r--p 001e7000 103:01 299909                    /lib/x86_64-linux-gnu/libc-2.27.so
7f28ebad4000-7f28ebad6000 rw-p 001eb000 103:01 299909                    /lib/x86_64-linux-gnu/libc-2.27.so
7f28ebad6000-7f28ebada000 rw-p 00000000 00:00 0 
7f28ebada000-7f28ebae9000 r-xp 00000000 103:01 470742                    /usr/lib/jvm/java-11-openjdk-amd64/lib/jli/libjli.so
7f28ebae9000-7f28ebce9000 ---p 0000f000 103:01 470742                    /usr/lib/jvm/java-11-openjdk-amd64/lib/jli/libjli.so
7f28ebce9000-7f28ebcea000 r--p 0000f000 103:01 470742                    /usr/lib/jvm/java-11-openjdk-amd64/lib/jli/libjli.so
7f28ebcea000-7f28ebceb000 rw-p 00010000 103:01 470742                    /usr/lib/jvm/java-11-openjdk-amd64/lib/jli/libjli.so
7f28ebceb000-7f28ebd12000 r-xp 00000000 103:01 299905                    /lib/x86_64-linux-gnu/ld-2.27.so
7f28ebd15000-7f28ebdf1000 rw-p 00000000 00:00 0 
7f28ebdf1000-7f28ebdf5000 ---p 00000000 00:00 0 
7f28ebdf5000-7f28ebef4000 rw-p 00000000 00:00 0 
7f28ebef8000-7f28ebefd000 rw-p 00000000 00:00 0 
7f28ebefd000-7f28ebf04000 ---p 00000000 00:00 0 
7f28ebf04000-7f28ebf06000 r--s 00001000 103:01 57020                     /home/lap11852/Downloads/ideaIC-2018.2.1/idea-IC-182.3911.36/lib/rt/debugger-agent-storage.jar
7f28ebf06000-7f28ebf0e000 rw-s 00000000 103:01 5767717                   /tmp/hsperfdata_lap11852/23395
7f28ebf0e000-7f28ebf0f000 ---p 00000000 00:00 0 
7f28ebf0f000-7f28ebf10000 r--p 00000000 00:00 0 
7f28ebf10000-7f28ebf12000 rw-p 00000000 00:00 0 
7f28ebf12000-7f28ebf13000 r--p 00027000 103:01 299905                    /lib/x86_64-linux-gnu/ld-2.27.so
7f28ebf13000-7f28ebf14000 rw-p 00028000 103:01 299905                    /lib/x86_64-linux-gnu/ld-2.27.so
7f28ebf14000-7f28ebf15000 rw-p 00000000 00:00 0 
7ffd73f49000-7ffd73f6a000 rw-p 00000000 00:00 0                          [stack]
7ffd73fa2000-7ffd73fa5000 r--p 00000000 00:00 0                          [vvar]
7ffd73fa5000-7ffd73fa7000 r-xp 00000000 00:00 0                          [vdso]
ffffffffff600000-ffffffffff601000 r-xp 00000000 00:00 0                  [vsyscall]


VM Arguments:
jvm_args: -agentlib:jdwp=transport=dt_socket,address=127.0.0.1:41825,suspend=y,server=n -javaagent:/home/lap11852/Downloads/ideaIC-2018.2.1/idea-IC-182.3911.36/lib/rt/debugger-agent.jar=file:/tmp/capture.props -Dfile.encoding=UTF-8 
java_command: server.NettyServer
java_class_path (initial): /home/lap11852/Desktop/LetChat/target/classes:/home/lap11852/.m2/repository/com/google/protobuf/protobuf-java/3.6.1/protobuf-java-3.6.1.jar:/home/lap11852/.m2/repository/io/netty/netty-all/4.1.29.Final/netty-all-4.1.29.Final.jar:/home/lap11852/.m2/repository/org/rocksdb/rocksdbjni/5.14.2/rocksdbjni-5.14.2.jar:/home/lap11852/Downloads/ideaIC-2018.2.1/idea-IC-182.3911.36/lib/idea_rt.jar
Launcher Type: SUN_STANDARD

[Global flags]
     intx CICompilerCount                          = 4                                         {product} {ergonomic}
     uint ConcGCThreads                            = 2                                         {product} {ergonomic}
     uint G1ConcRefinementThreads                  = 8                                         {product} {ergonomic}
   size_t G1HeapRegionSize                         = 1048576                                   {product} {ergonomic}
    uintx GCDrainStackTargetSize                   = 64                                        {product} {ergonomic}
   size_t InitialHeapSize                          = 257949696                                 {product} {ergonomic}
   size_t MarkStackSize                            = 4194304                                   {product} {ergonomic}
   size_t MaxHeapSize                              = 4118806528                                {product} {ergonomic}
   size_t MaxNewSize                               = 2470445056                                {product} {ergonomic}
   size_t MinHeapDeltaBytes                        = 1048576                                   {product} {ergonomic}
    uintx NonNMethodCodeHeapSize                   = 5835340                                {pd product} {ergonomic}
    uintx NonProfiledCodeHeapSize                  = 122911450                              {pd product} {ergonomic}
    uintx ProfiledCodeHeapSize                     = 122911450                              {pd product} {ergonomic}
    uintx ReservedCodeCacheSize                    = 251658240                              {pd product} {ergonomic}
     bool SegmentedCodeCache                       = true                                      {product} {ergonomic}
     bool UseCompressedClassPointers               = true                                 {lp64_product} {ergonomic}
     bool UseCompressedOops                        = true                                 {lp64_product} {ergonomic}
     bool UseG1GC                                  = true                                      {product} {ergonomic}

Logging:
Log output configuration:
 #0: stdout all=warning uptime,level,tags
 #1: stderr all=off uptime,level,tags

Environment Variables:
JAVA_HOME=/usr/lib/jvm/java-11-openjdk-amd64
PATH=/home/lap11852/bin:/home/lap11852/.local/bin:/usr/local/sbin:/usr/local/bin:/usr/sbin:/usr/bin:/sbin:/bin:/usr/games:/usr/local/games:/usr/lib/jvm/java-11-openjdk-amd64:/snap/bin
USERNAME=lap11852
SHELL=/usr/bin/zsh
DISPLAY=:0

Signal Handlers:
SIGSEGV: [libjvm.so+0xe1c4e0], sa_mask[0]=11111111011111111101111111111110, sa_flags=SA_RESTART|SA_SIGINFO
SIGBUS: [libjvm.so+0xe1c4e0], sa_mask[0]=11111111011111111101111111111110, sa_flags=SA_RESTART|SA_SIGINFO
SIGFPE: [libjvm.so+0xe1c4e0], sa_mask[0]=11111111011111111101111111111110, sa_flags=SA_RESTART|SA_SIGINFO
SIGPIPE: [libjvm.so+0xbefca0], sa_mask[0]=11111111011111111101111111111110, sa_flags=SA_RESTART|SA_SIGINFO
SIGXFSZ: [libjvm.so+0xbefca0], sa_mask[0]=11111111011111111101111111111110, sa_flags=SA_RESTART|SA_SIGINFO
SIGILL: [libjvm.so+0xe1c4e0], sa_mask[0]=11111111011111111101111111111110, sa_flags=SA_RESTART|SA_SIGINFO
SIGUSR2: [libjvm.so+0xbefb40], sa_mask[0]=00100000000000000000000000000000, sa_flags=SA_RESTART|SA_SIGINFO
SIGHUP: [libjvm.so+0xbefea0], sa_mask[0]=11111111011111111101111111111110, sa_flags=SA_RESTART|SA_SIGINFO
SIGINT: [libjvm.so+0xbefea0], sa_mask[0]=11111111011111111101111111111110, sa_flags=SA_RESTART|SA_SIGINFO
SIGTERM: [libjvm.so+0xbefea0], sa_mask[0]=11111111011111111101111111111110, sa_flags=SA_RESTART|SA_SIGINFO
SIGQUIT: [libjvm.so+0xbefea0], sa_mask[0]=11111111011111111101111111111110, sa_flags=SA_RESTART|SA_SIGINFO


---------------  S Y S T E M  ---------------

OS:DISTRIB_ID=Ubuntu
DISTRIB_RELEASE=18.04
DISTRIB_CODENAME=bionic
DISTRIB_DESCRIPTION="Ubuntu 18.04.1 LTS"
uname:Linux 4.15.0-33-generic #36-Ubuntu SMP Wed Aug 15 16:00:05 UTC 2018 x86_64
libc:glibc 2.27 NPTL 2.27 
rlimit: STACK 8192k, CORE 0k, NPROC 62592, NOFILE 1048576, AS infinity, DATA infinity, FSIZE infinity
load average:1,26 1,46 1,37

/proc/meminfo:
MemTotal:       16084300 kB
MemFree:         6292600 kB
MemAvailable:   10068276 kB
Buffers:          569468 kB
Cached:          3715416 kB
SwapCached:            0 kB
Active:          6798712 kB
Inactive:        2231576 kB
Active(anon):    4747648 kB
Inactive(anon):   561668 kB
Active(file):    2051064 kB
Inactive(file):  1669908 kB
Unevictable:         180 kB
Mlocked:             180 kB
SwapTotal:      16431100 kB
SwapFree:       16431100 kB
Dirty:                36 kB
Writeback:             0 kB
AnonPages:       4745528 kB
Mapped:           630284 kB
Shmem:            563916 kB
Slab:             535940 kB
SReclaimable:     394940 kB
SUnreclaim:       141000 kB
KernelStack:       21904 kB
PageTables:        88216 kB
NFS_Unstable:          0 kB
Bounce:                0 kB
WritebackTmp:          0 kB
CommitLimit:    24473248 kB
Committed_AS:   17098248 kB
VmallocTotal:   34359738367 kB
VmallocUsed:           0 kB
VmallocChunk:          0 kB
HardwareCorrupted:     0 kB
AnonHugePages:         0 kB
ShmemHugePages:        0 kB
ShmemPmdMapped:        0 kB
CmaTotal:              0 kB
CmaFree:               0 kB
HugePages_Total:       0
HugePages_Free:        0
HugePages_Rsvd:        0
HugePages_Surp:        0
Hugepagesize:       2048 kB
DirectMap4k:      386004 kB
DirectMap2M:    10803200 kB
DirectMap1G:     6291456 kB


/proc/sys/kernel/threads-max (system-wide limit on the number of threads):
125185


/proc/sys/vm/max_map_count (maximum number of memory map areas a process may have):
65530


/proc/sys/kernel/pid_max (system-wide limit on number of process identifiers):
32768


container (cgroup) information:
container_type: cgroupv1
cpu_cpuset_cpus: 0-7
cpu_memory_nodes: 0
active_processor_count: 8
cpu_quota: -1
cpu_period: 100000
cpu_shares: -1
memory_limit_in_bytes: -1
memory_and_swap_limit_in_bytes: -2
memory_soft_limit_in_bytes: -1
memory_usage_in_bytes: 7636631552
memory_max_usage_in_bytes: 8578347008


CPU:total 8 (initial active 8) (4 cores per cpu, 2 threads per core) family 6 model 142 stepping 10, cmov, cx8, fxsr, mmx, sse, sse2, sse3, ssse3, sse4.1, sse4.2, popcnt, avx, avx2, aes, clmul, erms, 3dnowpref, lzcnt, ht, tsc, tscinvbit, bmi1, bmi2, adx, fma
CPU Model and flags from /proc/cpuinfo:
model name	: Intel(R) Core(TM) i5-8250U CPU @ 1.60GHz
flags		: fpu vme de pse tsc msr pae mce cx8 apic sep mtrr pge mca cmov pat pse36 clflush dts acpi mmx fxsr sse sse2 ss ht tm pbe syscall nx pdpe1gb rdtscp lm constant_tsc art arch_perfmon pebs bts rep_good nopl xtopology nonstop_tsc cpuid aperfmperf tsc_known_freq pni pclmulqdq dtes64 monitor ds_cpl vmx est tm2 ssse3 sdbg fma cx16 xtpr pdcm pcid sse4_1 sse4_2 x2apic movbe popcnt tsc_deadline_timer aes xsave avx f16c rdrand lahf_lm abm 3dnowprefetch cpuid_fault epb invpcid_single pti ssbd ibrs ibpb stibp tpr_shadow vnmi flexpriority ept vpid fsgsbase tsc_adjust bmi1 avx2 smep bmi2 erms invpcid mpx rdseed adx smap clflushopt intel_pt xsaveopt xsavec xgetbv1 xsaves dtherm ida arat pln pts hwp hwp_notify hwp_act_window hwp_epp flush_l1d

Memory: 4k page, physical 16084300k(6292600k free), swap 16431100k(16431100k free)

vm_info: OpenJDK 64-Bit Server VM (11+24-Ubuntu-118.04) for linux-amd64 JRE (11+24-Ubuntu-118.04), built on Jul 27 2018 09:43:54 by "buildd" with gcc 7.3.0

END.
